[35m[1mScanning dependencies of target geometry_msgs_generate_messages_nodejs[0m
[35m[1mScanning dependencies of target _robot_srvs_generate_messages_check_deps_StopRobot[0m
[35m[1mScanning dependencies of target _robot_srvs_generate_messages_check_deps_Connect[0m
[35m[1mScanning dependencies of target std_msgs_generate_messages_nodejs[0m
[35m[1mScanning dependencies of target _robot_srvs_generate_messages_check_deps_SetSpeed[0m
[35m[1mScanning dependencies of target _robot_srvs_generate_messages_check_deps_ClearRobotController[0m
[35m[1mScanning dependencies of target _robot_srvs_generate_messages_check_deps_MovePoseQuaternion[0m
[35m[1mScanning dependencies of target _robot_srvs_generate_messages_check_deps_AddRobotController[0m
[  0%] Built target geometry_msgs_generate_messages_nodejs
[35m[1mScanning dependencies of target robot_msgs_generate_messages_nodejs[0m
[  0%] Built target std_msgs_generate_messages_nodejs
[35m[1mScanning dependencies of target _robot_srvs_generate_messages_check_deps_MoveHome[0m
[  0%] Built target robot_msgs_generate_messages_nodejs
[  0%] Built target _robot_srvs_generate_messages_check_deps_StopRobot
[  0%] Built target _robot_srvs_generate_messages_check_deps_MovePoseQuaternion
[  0%] Built target _robot_srvs_generate_messages_check_deps_ClearRobotController
[  0%] Built target _robot_srvs_generate_messages_check_deps_SetSpeed
[35m[1mScanning dependencies of target _robot_srvs_generate_messages_check_deps_ClearTool[0m
[  0%] Built target _robot_srvs_generate_messages_check_deps_Connect
[35m[1mScanning dependencies of target _robot_srvs_generate_messages_check_deps_CloseGripper[0m
[  0%] Built target _robot_srvs_generate_messages_check_deps_AddRobotController
[35m[1mScanning dependencies of target _robot_srvs_generate_messages_check_deps_DetachTool[0m
[35m[1mScanning dependencies of target _robot_srvs_generate_messages_check_deps_MoveConfiguration[0m
[35m[1mScanning dependencies of target _robot_srvs_generate_messages_check_deps_GetRobotControllerNameTag[0m
[35m[1mScanning dependencies of target _robot_srvs_generate_messages_check_deps_MoveJoints[0m
[35m[1mScanning dependencies of target _robot_srvs_generate_messages_check_deps_OpenGripper[0m
[  0%] Built target _robot_srvs_generate_messages_check_deps_MoveHome
[  0%] Built target _robot_srvs_generate_messages_check_deps_CloseGripper
[35m[1mScanning dependencies of target _robot_srvs_generate_messages_check_deps_MovePose[0m
[35m[1mScanning dependencies of target _robot_srvs_generate_messages_check_deps_SetTool[0m
[  0%] Built target _robot_srvs_generate_messages_check_deps_DetachTool
[  0%] Built target _robot_srvs_generate_messages_check_deps_MoveConfiguration
[  0%] Built target _robot_srvs_generate_messages_check_deps_GetRobotControllerNameTag
[  0%] Built target _robot_srvs_generate_messages_check_deps_ClearTool
[35m[1mScanning dependencies of target _robot_srvs_generate_messages_check_deps_ReadPose[0m
[  0%] Built target _robot_srvs_generate_messages_check_deps_MoveJoints
[35m[1mScanning dependencies of target _robot_srvs_generate_messages_check_deps_MoveTrajectory[0m
[35m[1mScanning dependencies of target _robot_srvs_generate_messages_check_deps_SetAcceleration[0m
[35m[1mScanning dependencies of target robot_msgs_generate_messages_eus[0m
[  0%] Built target _robot_srvs_generate_messages_check_deps_OpenGripper
[35m[1mScanning dependencies of target _robot_srvs_generate_messages_check_deps_ListRobotControllers[0m
[  0%] Built target robot_msgs_generate_messages_eus
[35m[1mScanning dependencies of target geometry_msgs_generate_messages_eus[0m
[  0%] Built target _robot_srvs_generate_messages_check_deps_MovePose
[  0%] Built target geometry_msgs_generate_messages_eus
[35m[1mScanning dependencies of target std_msgs_generate_messages_eus[0m
[35m[1mScanning dependencies of target robot_msgs_generate_messages_py[0m
[  0%] Built target _robot_srvs_generate_messages_check_deps_ReadPose
[  0%] Built target _robot_srvs_generate_messages_check_deps_SetTool
[35m[1mScanning dependencies of target std_msgs_generate_messages_py[0m
[  0%] Built target std_msgs_generate_messages_eus
[  0%] Built target robot_msgs_generate_messages_py
[  0%] Built target _robot_srvs_generate_messages_check_deps_ListRobotControllers
[35m[1mScanning dependencies of target geometry_msgs_generate_messages_py[0m
[  0%] Built target _robot_srvs_generate_messages_check_deps_SetAcceleration
[35m[1mScanning dependencies of target robot_msgs_generate_messages_cpp[0m
[  0%] Built target std_msgs_generate_messages_py
[  0%] Built target _robot_srvs_generate_messages_check_deps_MoveTrajectory
[35m[1mScanning dependencies of target geometry_msgs_generate_messages_cpp[0m
[35m[1mScanning dependencies of target robot_msgs_generate_messages_lisp[0m
[  0%] Built target geometry_msgs_generate_messages_py
[35m[1mScanning dependencies of target std_msgs_generate_messages_cpp[0m
[  0%] Built target robot_msgs_generate_messages_cpp
[  0%] Built target geometry_msgs_generate_messages_cpp
[35m[1mScanning dependencies of target geometry_msgs_generate_messages_lisp[0m
[35m[1mScanning dependencies of target robot_srvs_generate_messages_nodejs[0m
[  0%] Built target robot_msgs_generate_messages_lisp
[35m[1mScanning dependencies of target std_msgs_generate_messages_lisp[0m
[35m[1mScanning dependencies of target robot_srvs_generate_messages_py[0m
[  0%] Built target std_msgs_generate_messages_cpp
[35m[1mScanning dependencies of target robot_srvs_generate_messages_eus[0m
[  1%] [34m[1mGenerating Javascript code from robot_srvs/AddRobotController.srv[0m
[  1%] Built target geometry_msgs_generate_messages_lisp
[  3%] [34m[1mGenerating Javascript code from robot_srvs/ClearRobotController.srv[0m
[  3%] [34m[1mGenerating EusLisp code from robot_srvs/AddRobotController.srv[0m
[  3%] Built target std_msgs_generate_messages_lisp
[  5%] [34m[1mGenerating Python code from SRV robot_srvs/AddRobotController[0m
[  5%] [34m[1mGenerating Python code from SRV robot_srvs/ClearRobotController[0m
[35m[1mScanning dependencies of target robot_srvs_generate_messages_cpp[0m
[  6%] [34m[1mGenerating Javascript code from robot_srvs/ClearTool.srv[0m
[  7%] [34m[1mGenerating C++ code from robot_srvs/AddRobotController.srv[0m
[35m[1mScanning dependencies of target robot_srvs_generate_messages_lisp[0m
[  8%] [34m[1mGenerating Lisp code from robot_srvs/AddRobotController.srv[0m
[ 10%] [34m[1mGenerating Lisp code from robot_srvs/ClearRobotController.srv[0m
[  9%] [34m[1mGenerating Javascript code from robot_srvs/CloseGripper.srv[0m
[ 11%] [34m[1mGenerating Javascript code from robot_srvs/Connect.srv[0m
[ 12%] [34m[1mGenerating EusLisp code from robot_srvs/ClearRobotController.srv[0m
[ 13%] [34m[1mGenerating Javascript code from robot_srvs/DetachTool.srv[0m
[ 15%] [34m[1mGenerating Lisp code from robot_srvs/ClearTool.srv[0m
[ 16%] [34m[1mGenerating Lisp code from robot_srvs/CloseGripper.srv[0m
[ 17%] [34m[1mGenerating Javascript code from robot_srvs/GetRobotControllerNameTag.srv[0m
[ 18%] [34m[1mGenerating EusLisp code from robot_srvs/ClearTool.srv[0m
[ 19%] [34m[1mGenerating C++ code from robot_srvs/ClearRobotController.srv[0m
[ 20%] [34m[1mGenerating Python code from SRV robot_srvs/ClearTool[0m
[ 21%] [34m[1mGenerating EusLisp code from robot_srvs/CloseGripper.srv[0m
[ 22%] [34m[1mGenerating C++ code from robot_srvs/ClearTool.srv[0m
[ 23%] [34m[1mGenerating Lisp code from robot_srvs/Connect.srv[0m
[ 24%] [34m[1mGenerating Javascript code from robot_srvs/MoveConfiguration.srv[0m
[ 25%] [34m[1mGenerating Lisp code from robot_srvs/DetachTool.srv[0m
[ 26%] [34m[1mGenerating EusLisp code from robot_srvs/Connect.srv[0m
[ 26%] [34m[1mGenerating Lisp code from robot_srvs/GetRobotControllerNameTag.srv[0m
[ 26%] [34m[1mGenerating EusLisp code from robot_srvs/DetachTool.srv[0m
[ 26%] [34m[1mGenerating Javascript code from robot_srvs/MoveHome.srv[0m
[ 27%] [34m[1mGenerating Lisp code from robot_srvs/MoveConfiguration.srv[0m
[ 27%] [34m[1mGenerating C++ code from robot_srvs/CloseGripper.srv[0m
[ 29%] [34m[1mGenerating Lisp code from robot_srvs/MoveHome.srv[0m
[ 30%] [34m[1mGenerating C++ code from robot_srvs/Connect.srv[0m
[ 31%] [34m[1mGenerating Python code from SRV robot_srvs/CloseGripper[0m
[ 32%] [34m[1mGenerating Lisp code from robot_srvs/MoveJoints.srv[0m
[ 33%] [34m[1mGenerating EusLisp code from robot_srvs/GetRobotControllerNameTag.srv[0m
[ 34%] [34m[1mGenerating EusLisp code from robot_srvs/MoveConfiguration.srv[0m
[ 35%] [34m[1mGenerating Javascript code from robot_srvs/MoveJoints.srv[0m
[ 36%] [34m[1mGenerating Lisp code from robot_srvs/MovePose.srv[0m
[ 37%] [34m[1mGenerating Lisp code from robot_srvs/MovePoseQuaternion.srv[0m
[ 38%] [34m[1mGenerating Javascript code from robot_srvs/MovePose.srv[0m
[ 39%] [34m[1mGenerating EusLisp code from robot_srvs/MoveHome.srv[0m
[ 40%] [34m[1mGenerating EusLisp code from robot_srvs/MoveJoints.srv[0m
[ 41%] [34m[1mGenerating EusLisp code from robot_srvs/MovePose.srv[0m
[ 43%] [34m[1mGenerating Python code from SRV robot_srvs/Connect[0m
[ 44%] [34m[1mGenerating Lisp code from robot_srvs/MoveTrajectory.srv[0m
[ 45%] [34m[1mGenerating Python code from SRV robot_srvs/DetachTool[0m
[ 46%] [34m[1mGenerating C++ code from robot_srvs/DetachTool.srv[0m
[ 47%] [34m[1mGenerating Javascript code from robot_srvs/MovePoseQuaternion.srv[0m
[ 48%] [34m[1mGenerating Lisp code from robot_srvs/OpenGripper.srv[0m
[ 49%] [34m[1mGenerating C++ code from robot_srvs/GetRobotControllerNameTag.srv[0m
[ 50%] [34m[1mGenerating Javascript code from robot_srvs/MoveTrajectory.srv[0m
[ 51%] [34m[1mGenerating EusLisp code from robot_srvs/MovePoseQuaternion.srv[0m
[ 52%] [34m[1mGenerating Javascript code from robot_srvs/OpenGripper.srv[0m
[ 53%] [34m[1mGenerating Lisp code from robot_srvs/ReadPose.srv[0m
[ 54%] [34m[1mGenerating Javascript code from robot_srvs/ReadPose.srv[0m
[ 55%] [34m[1mGenerating Javascript code from robot_srvs/SetAcceleration.srv[0m
[ 56%] [34m[1mGenerating EusLisp code from robot_srvs/MoveTrajectory.srv[0m
[ 58%] [34m[1mGenerating Lisp code from robot_srvs/SetAcceleration.srv[0m
[ 59%] [34m[1mGenerating Javascript code from robot_srvs/SetSpeed.srv[0m
[ 60%] [34m[1mGenerating EusLisp code from robot_srvs/ReadPose.srv[0m
[ 61%] [34m[1mGenerating EusLisp code from robot_srvs/OpenGripper.srv[0m
[ 62%] [34m[1mGenerating Python code from SRV robot_srvs/GetRobotControllerNameTag[0m
[ 63%] [34m[1mGenerating EusLisp code from robot_srvs/SetAcceleration.srv[0m
[ 64%] [34m[1mGenerating C++ code from robot_srvs/MoveConfiguration.srv[0m
[ 65%] [34m[1mGenerating Lisp code from robot_srvs/SetSpeed.srv[0m
[ 66%] [34m[1mGenerating Javascript code from robot_srvs/SetTool.srv[0m
[ 67%] [34m[1mGenerating Javascript code from robot_srvs/StopRobot.srv[0m
[ 67%] [34m[1mGenerating EusLisp code from robot_srvs/SetSpeed.srv[0m
[ 68%] [34m[1mGenerating C++ code from robot_srvs/MoveHome.srv[0m
[ 69%] [34m[1mGenerating EusLisp code from robot_srvs/SetTool.srv[0m
[ 69%] [34m[1mGenerating Lisp code from robot_srvs/SetTool.srv[0m
[ 69%] [34m[1mGenerating Javascript code from robot_srvs/ListRobotControllers.srv[0m
[ 70%] [34m[1mGenerating Python code from SRV robot_srvs/MoveConfiguration[0m
[ 72%] [34m[1mGenerating C++ code from robot_srvs/MoveJoints.srv[0m
[ 73%] [34m[1mGenerating EusLisp code from robot_srvs/StopRobot.srv[0m
[ 74%] [34m[1mGenerating EusLisp code from robot_srvs/ListRobotControllers.srv[0m
[ 74%] Built target robot_srvs_generate_messages_nodejs
[ 75%] [34m[1mGenerating C++ code from robot_srvs/MovePose.srv[0m
[ 76%] [34m[1mGenerating Lisp code from robot_srvs/StopRobot.srv[0m
[ 77%] [34m[1mGenerating C++ code from robot_srvs/MovePoseQuaternion.srv[0m
[ 79%] [34m[1mGenerating Lisp code from robot_srvs/ListRobotControllers.srv[0m
[ 79%] [34m[1mGenerating C++ code from robot_srvs/MoveTrajectory.srv[0m
[ 80%] [34m[1mGenerating Python code from SRV robot_srvs/MoveHome[0m
[ 81%] [34m[1mGenerating EusLisp manifest code for robot_srvs[0m
[ 82%] [34m[1mGenerating Python code from SRV robot_srvs/MoveJoints[0m
[ 82%] Built target robot_srvs_generate_messages_lisp
[ 83%] [34m[1mGenerating C++ code from robot_srvs/OpenGripper.srv[0m
[ 83%] [34m[1mGenerating C++ code from robot_srvs/ReadPose.srv[0m
[ 84%] [34m[1mGenerating C++ code from robot_srvs/SetAcceleration.srv[0m
[ 86%] [34m[1mGenerating C++ code from robot_srvs/SetSpeed.srv[0m
[ 87%] [34m[1mGenerating C++ code from robot_srvs/SetTool.srv[0m
[ 87%] [34m[1mGenerating Python code from SRV robot_srvs/MovePose[0m
[ 88%] [34m[1mGenerating Python code from SRV robot_srvs/MovePoseQuaternion[0m
[ 89%] [34m[1mGenerating Python code from SRV robot_srvs/MoveTrajectory[0m
[ 90%] [34m[1mGenerating C++ code from robot_srvs/StopRobot.srv[0m
[ 91%] [34m[1mGenerating C++ code from robot_srvs/ListRobotControllers.srv[0m
[ 92%] [34m[1mGenerating Python code from SRV robot_srvs/OpenGripper[0m
[ 93%] [34m[1mGenerating Python code from SRV robot_srvs/ReadPose[0m
[ 94%] [34m[1mGenerating Python code from SRV robot_srvs/SetAcceleration[0m
[ 95%] [34m[1mGenerating Python code from SRV robot_srvs/SetSpeed[0m
[ 96%] [34m[1mGenerating Python code from SRV robot_srvs/SetTool[0m
[ 97%] [34m[1mGenerating Python code from SRV robot_srvs/StopRobot[0m
[ 97%] Built target robot_srvs_generate_messages_cpp
[ 98%] [34m[1mGenerating Python code from SRV robot_srvs/ListRobotControllers[0m
[ 98%] Built target robot_srvs_generate_messages_eus
[100%] [34m[1mGenerating Python srv __init__.py for robot_srvs[0m
[100%] Built target robot_srvs_generate_messages_py
[35m[1mScanning dependencies of target robot_srvs_generate_messages[0m
[100%] Built target robot_srvs_generate_messages
