Symlinking /home/fu/workspaces/knob_kuka_ws/devel/share/gennodejs/ros/robot_srvs/_index.js
Symlinking /home/fu/workspaces/knob_kuka_ws/devel/share/gennodejs/ros/robot_srvs/srv/MoveHome.js
Symlinking /home/fu/workspaces/knob_kuka_ws/devel/share/gennodejs/ros/robot_srvs/srv/MoveJoints.js
Symlinking /home/fu/workspaces/knob_kuka_ws/devel/share/gennodejs/ros/robot_srvs/srv/SetSpeed.js
Symlinking /home/fu/workspaces/knob_kuka_ws/devel/share/gennodejs/ros/robot_srvs/srv/MoveConfiguration.js
Symlinking /home/fu/workspaces/knob_kuka_ws/devel/share/gennodejs/ros/robot_srvs/srv/MoveTrajectory.js
Symlinking /home/fu/workspaces/knob_kuka_ws/devel/share/gennodejs/ros/robot_srvs/srv/MovePoseQuaternion.js
Symlinking /home/fu/workspaces/knob_kuka_ws/devel/share/gennodejs/ros/robot_srvs/srv/ClearTool.js
Symlinking /home/fu/workspaces/knob_kuka_ws/devel/share/gennodejs/ros/robot_srvs/srv/SetAcceleration.js
Symlinking /home/fu/workspaces/knob_kuka_ws/devel/share/gennodejs/ros/robot_srvs/srv/Connect.js
Symlinking /home/fu/workspaces/knob_kuka_ws/devel/share/gennodejs/ros/robot_srvs/srv/ClearRobotController.js
Symlinking /home/fu/workspaces/knob_kuka_ws/devel/share/gennodejs/ros/robot_srvs/srv/AddRobotController.js
Symlinking /home/fu/workspaces/knob_kuka_ws/devel/share/gennodejs/ros/robot_srvs/srv/DetachTool.js
Symlinking /home/fu/workspaces/knob_kuka_ws/devel/share/gennodejs/ros/robot_srvs/srv/OpenGripper.js
Symlinking /home/fu/workspaces/knob_kuka_ws/devel/share/gennodejs/ros/robot_srvs/srv/StopRobot.js
Symlinking /home/fu/workspaces/knob_kuka_ws/devel/share/gennodejs/ros/robot_srvs/srv/CloseGripper.js
Symlinking /home/fu/workspaces/knob_kuka_ws/devel/share/gennodejs/ros/robot_srvs/srv/ListRobotControllers.js
Symlinking /home/fu/workspaces/knob_kuka_ws/devel/share/gennodejs/ros/robot_srvs/srv/ReadPose.js
Symlinking /home/fu/workspaces/knob_kuka_ws/devel/share/gennodejs/ros/robot_srvs/srv/_index.js
Symlinking /home/fu/workspaces/knob_kuka_ws/devel/share/gennodejs/ros/robot_srvs/srv/SetTool.js
Symlinking /home/fu/workspaces/knob_kuka_ws/devel/share/gennodejs/ros/robot_srvs/srv/GetRobotControllerNameTag.js
Symlinking /home/fu/workspaces/knob_kuka_ws/devel/share/gennodejs/ros/robot_srvs/srv/MovePose.js
Symlinking /home/fu/workspaces/knob_kuka_ws/devel/share/roseus/ros/robot_srvs/manifest.l
Symlinking /home/fu/workspaces/knob_kuka_ws/devel/share/roseus/ros/robot_srvs/srv/SetTool.l
Symlinking /home/fu/workspaces/knob_kuka_ws/devel/share/roseus/ros/robot_srvs/srv/MoveConfiguration.l
Symlinking /home/fu/workspaces/knob_kuka_ws/devel/share/roseus/ros/robot_srvs/srv/MoveTrajectory.l
Symlinking /home/fu/workspaces/knob_kuka_ws/devel/share/roseus/ros/robot_srvs/srv/MoveJoints.l
Symlinking /home/fu/workspaces/knob_kuka_ws/devel/share/roseus/ros/robot_srvs/srv/MovePose.l
Symlinking /home/fu/workspaces/knob_kuka_ws/devel/share/roseus/ros/robot_srvs/srv/MovePoseQuaternion.l
Symlinking /home/fu/workspaces/knob_kuka_ws/devel/share/roseus/ros/robot_srvs/srv/DetachTool.l
Symlinking /home/fu/workspaces/knob_kuka_ws/devel/share/roseus/ros/robot_srvs/srv/ListRobotControllers.l
Symlinking /home/fu/workspaces/knob_kuka_ws/devel/share/roseus/ros/robot_srvs/srv/SetSpeed.l
Symlinking /home/fu/workspaces/knob_kuka_ws/devel/share/roseus/ros/robot_srvs/srv/CloseGripper.l
Symlinking /home/fu/workspaces/knob_kuka_ws/devel/share/roseus/ros/robot_srvs/srv/Connect.l
Symlinking /home/fu/workspaces/knob_kuka_ws/devel/share/roseus/ros/robot_srvs/srv/AddRobotController.l
Symlinking /home/fu/workspaces/knob_kuka_ws/devel/share/roseus/ros/robot_srvs/srv/ClearTool.l
Symlinking /home/fu/workspaces/knob_kuka_ws/devel/share/roseus/ros/robot_srvs/srv/MoveHome.l
Symlinking /home/fu/workspaces/knob_kuka_ws/devel/share/roseus/ros/robot_srvs/srv/ReadPose.l
Symlinking /home/fu/workspaces/knob_kuka_ws/devel/share/roseus/ros/robot_srvs/srv/SetAcceleration.l
Symlinking /home/fu/workspaces/knob_kuka_ws/devel/share/roseus/ros/robot_srvs/srv/StopRobot.l
Symlinking /home/fu/workspaces/knob_kuka_ws/devel/share/roseus/ros/robot_srvs/srv/OpenGripper.l
Symlinking /home/fu/workspaces/knob_kuka_ws/devel/share/roseus/ros/robot_srvs/srv/GetRobotControllerNameTag.l
Symlinking /home/fu/workspaces/knob_kuka_ws/devel/share/roseus/ros/robot_srvs/srv/ClearRobotController.l
Symlinking /home/fu/workspaces/knob_kuka_ws/devel/share/common-lisp/ros/robot_srvs/srv/_package_ClearRobotController.lisp
Symlinking /home/fu/workspaces/knob_kuka_ws/devel/share/common-lisp/ros/robot_srvs/srv/_package.lisp
Symlinking /home/fu/workspaces/knob_kuka_ws/devel/share/common-lisp/ros/robot_srvs/srv/_package_SetTool.lisp
Symlinking /home/fu/workspaces/knob_kuka_ws/devel/share/common-lisp/ros/robot_srvs/srv/ClearTool.lisp
Symlinking /home/fu/workspaces/knob_kuka_ws/devel/share/common-lisp/ros/robot_srvs/srv/_package_MoveConfiguration.lisp
Symlinking /home/fu/workspaces/knob_kuka_ws/devel/share/common-lisp/ros/robot_srvs/srv/_package_Connect.lisp
Symlinking /home/fu/workspaces/knob_kuka_ws/devel/share/common-lisp/ros/robot_srvs/srv/MoveTrajectory.lisp
Symlinking /home/fu/workspaces/knob_kuka_ws/devel/share/common-lisp/ros/robot_srvs/srv/StopRobot.lisp
Symlinking /home/fu/workspaces/knob_kuka_ws/devel/share/common-lisp/ros/robot_srvs/srv/_package_MoveHome.lisp
Symlinking /home/fu/workspaces/knob_kuka_ws/devel/share/common-lisp/ros/robot_srvs/srv/_package_AddRobotController.lisp
Symlinking /home/fu/workspaces/knob_kuka_ws/devel/share/common-lisp/ros/robot_srvs/srv/_package_ReadPose.lisp
Symlinking /home/fu/workspaces/knob_kuka_ws/devel/share/common-lisp/ros/robot_srvs/srv/ClearRobotController.lisp
Symlinking /home/fu/workspaces/knob_kuka_ws/devel/share/common-lisp/ros/robot_srvs/srv/_package_GetRobotControllerNameTag.lisp
Symlinking /home/fu/workspaces/knob_kuka_ws/devel/share/common-lisp/ros/robot_srvs/srv/MoveHome.lisp
Symlinking /home/fu/workspaces/knob_kuka_ws/devel/share/common-lisp/ros/robot_srvs/srv/_package_MoveTrajectory.lisp
Symlinking /home/fu/workspaces/knob_kuka_ws/devel/share/common-lisp/ros/robot_srvs/srv/_package_OpenGripper.lisp
Symlinking /home/fu/workspaces/knob_kuka_ws/devel/share/common-lisp/ros/robot_srvs/srv/MoveConfiguration.lisp
Symlinking /home/fu/workspaces/knob_kuka_ws/devel/share/common-lisp/ros/robot_srvs/srv/SetSpeed.lisp
Symlinking /home/fu/workspaces/knob_kuka_ws/devel/share/common-lisp/ros/robot_srvs/srv/Connect.lisp
Symlinking /home/fu/workspaces/knob_kuka_ws/devel/share/common-lisp/ros/robot_srvs/srv/_package_StopRobot.lisp
Symlinking /home/fu/workspaces/knob_kuka_ws/devel/share/common-lisp/ros/robot_srvs/srv/GetRobotControllerNameTag.lisp
Symlinking /home/fu/workspaces/knob_kuka_ws/devel/share/common-lisp/ros/robot_srvs/srv/MovePoseQuaternion.lisp
Symlinking /home/fu/workspaces/knob_kuka_ws/devel/share/common-lisp/ros/robot_srvs/srv/_package_CloseGripper.lisp
Symlinking /home/fu/workspaces/knob_kuka_ws/devel/share/common-lisp/ros/robot_srvs/srv/_package_DetachTool.lisp
Symlinking /home/fu/workspaces/knob_kuka_ws/devel/share/common-lisp/ros/robot_srvs/srv/AddRobotController.lisp
Symlinking /home/fu/workspaces/knob_kuka_ws/devel/share/common-lisp/ros/robot_srvs/srv/DetachTool.lisp
Symlinking /home/fu/workspaces/knob_kuka_ws/devel/share/common-lisp/ros/robot_srvs/srv/_package_MoveJoints.lisp
Symlinking /home/fu/workspaces/knob_kuka_ws/devel/share/common-lisp/ros/robot_srvs/srv/_package_ClearTool.lisp
Symlinking /home/fu/workspaces/knob_kuka_ws/devel/share/common-lisp/ros/robot_srvs/srv/_package_MovePoseQuaternion.lisp
Symlinking /home/fu/workspaces/knob_kuka_ws/devel/share/common-lisp/ros/robot_srvs/srv/_package_MovePose.lisp
Symlinking /home/fu/workspaces/knob_kuka_ws/devel/share/common-lisp/ros/robot_srvs/srv/_package_SetAcceleration.lisp
Symlinking /home/fu/workspaces/knob_kuka_ws/devel/share/common-lisp/ros/robot_srvs/srv/MoveJoints.lisp
Symlinking /home/fu/workspaces/knob_kuka_ws/devel/share/common-lisp/ros/robot_srvs/srv/SetAcceleration.lisp
Symlinking /home/fu/workspaces/knob_kuka_ws/devel/share/common-lisp/ros/robot_srvs/srv/MovePose.lisp
Symlinking /home/fu/workspaces/knob_kuka_ws/devel/share/common-lisp/ros/robot_srvs/srv/SetTool.lisp
Symlinking /home/fu/workspaces/knob_kuka_ws/devel/share/common-lisp/ros/robot_srvs/srv/OpenGripper.lisp
Symlinking /home/fu/workspaces/knob_kuka_ws/devel/share/common-lisp/ros/robot_srvs/srv/ReadPose.lisp
Symlinking /home/fu/workspaces/knob_kuka_ws/devel/share/common-lisp/ros/robot_srvs/srv/ListRobotControllers.lisp
Symlinking /home/fu/workspaces/knob_kuka_ws/devel/share/common-lisp/ros/robot_srvs/srv/robot_srvs-srv.asd
Symlinking /home/fu/workspaces/knob_kuka_ws/devel/share/common-lisp/ros/robot_srvs/srv/_package_SetSpeed.lisp
Symlinking /home/fu/workspaces/knob_kuka_ws/devel/share/common-lisp/ros/robot_srvs/srv/_package_ListRobotControllers.lisp
Symlinking /home/fu/workspaces/knob_kuka_ws/devel/share/common-lisp/ros/robot_srvs/srv/CloseGripper.lisp
Symlinking /home/fu/workspaces/knob_kuka_ws/devel/share/robot_srvs/cmake/robot_srvs-msg-paths.cmake
Symlinking /home/fu/workspaces/knob_kuka_ws/devel/share/robot_srvs/cmake/robot_srvsConfig-version.cmake
Symlinking /home/fu/workspaces/knob_kuka_ws/devel/share/robot_srvs/cmake/robot_srvsConfig.cmake
Symlinking /home/fu/workspaces/knob_kuka_ws/devel/share/robot_srvs/cmake/robot_srvs-msg-extras.cmake
Symlinking /home/fu/workspaces/knob_kuka_ws/devel/lib/pkgconfig/robot_srvs.pc
Symlinking /home/fu/workspaces/knob_kuka_ws/devel/lib/python3/dist-packages/robot_srvs/__init__.py
Symlinking /home/fu/workspaces/knob_kuka_ws/devel/lib/python3/dist-packages/robot_srvs/srv/_Connect.py
Symlinking /home/fu/workspaces/knob_kuka_ws/devel/lib/python3/dist-packages/robot_srvs/srv/_ListRobotControllers.py
Symlinking /home/fu/workspaces/knob_kuka_ws/devel/lib/python3/dist-packages/robot_srvs/srv/_AddRobotController.py
Symlinking /home/fu/workspaces/knob_kuka_ws/devel/lib/python3/dist-packages/robot_srvs/srv/_ClearRobotController.py
Symlinking /home/fu/workspaces/knob_kuka_ws/devel/lib/python3/dist-packages/robot_srvs/srv/_MoveTrajectory.py
Symlinking /home/fu/workspaces/knob_kuka_ws/devel/lib/python3/dist-packages/robot_srvs/srv/_CloseGripper.py
Symlinking /home/fu/workspaces/knob_kuka_ws/devel/lib/python3/dist-packages/robot_srvs/srv/_MoveHome.py
Symlinking /home/fu/workspaces/knob_kuka_ws/devel/lib/python3/dist-packages/robot_srvs/srv/_MoveJoints.py
Symlinking /home/fu/workspaces/knob_kuka_ws/devel/lib/python3/dist-packages/robot_srvs/srv/_OpenGripper.py
Symlinking /home/fu/workspaces/knob_kuka_ws/devel/lib/python3/dist-packages/robot_srvs/srv/_MovePoseQuaternion.py
Symlinking /home/fu/workspaces/knob_kuka_ws/devel/lib/python3/dist-packages/robot_srvs/srv/_MovePose.py
Symlinking /home/fu/workspaces/knob_kuka_ws/devel/lib/python3/dist-packages/robot_srvs/srv/_SetTool.py
Symlinking /home/fu/workspaces/knob_kuka_ws/devel/lib/python3/dist-packages/robot_srvs/srv/_MoveConfiguration.py
Symlinking /home/fu/workspaces/knob_kuka_ws/devel/lib/python3/dist-packages/robot_srvs/srv/_GetRobotControllerNameTag.py
Symlinking /home/fu/workspaces/knob_kuka_ws/devel/lib/python3/dist-packages/robot_srvs/srv/_SetSpeed.py
Symlinking /home/fu/workspaces/knob_kuka_ws/devel/lib/python3/dist-packages/robot_srvs/srv/_DetachTool.py
Symlinking /home/fu/workspaces/knob_kuka_ws/devel/lib/python3/dist-packages/robot_srvs/srv/__init__.py
Symlinking /home/fu/workspaces/knob_kuka_ws/devel/lib/python3/dist-packages/robot_srvs/srv/_ClearTool.py
Symlinking /home/fu/workspaces/knob_kuka_ws/devel/lib/python3/dist-packages/robot_srvs/srv/_SetAcceleration.py
Symlinking /home/fu/workspaces/knob_kuka_ws/devel/lib/python3/dist-packages/robot_srvs/srv/_ReadPose.py
Symlinking /home/fu/workspaces/knob_kuka_ws/devel/lib/python3/dist-packages/robot_srvs/srv/_StopRobot.py
Symlinking /home/fu/workspaces/knob_kuka_ws/devel/include/robot_srvs/MoveHome.h
Symlinking /home/fu/workspaces/knob_kuka_ws/devel/include/robot_srvs/MoveTrajectoryRequest.h
Symlinking /home/fu/workspaces/knob_kuka_ws/devel/include/robot_srvs/MovePoseRequest.h
Symlinking /home/fu/workspaces/knob_kuka_ws/devel/include/robot_srvs/AddRobotController.h
Symlinking /home/fu/workspaces/knob_kuka_ws/devel/include/robot_srvs/MovePoseResponse.h
Symlinking /home/fu/workspaces/knob_kuka_ws/devel/include/robot_srvs/MoveConfiguration.h
Symlinking /home/fu/workspaces/knob_kuka_ws/devel/include/robot_srvs/OpenGripper.h
Symlinking /home/fu/workspaces/knob_kuka_ws/devel/include/robot_srvs/MoveConfigurationResponse.h
Symlinking /home/fu/workspaces/knob_kuka_ws/devel/include/robot_srvs/DetachTool.h
Symlinking /home/fu/workspaces/knob_kuka_ws/devel/include/robot_srvs/ClearToolResponse.h
Symlinking /home/fu/workspaces/knob_kuka_ws/devel/include/robot_srvs/GetRobotControllerNameTag.h
Symlinking /home/fu/workspaces/knob_kuka_ws/devel/include/robot_srvs/MoveJointsResponse.h
Symlinking /home/fu/workspaces/knob_kuka_ws/devel/include/robot_srvs/MoveJointsRequest.h
Symlinking /home/fu/workspaces/knob_kuka_ws/devel/include/robot_srvs/OpenGripperRequest.h
Symlinking /home/fu/workspaces/knob_kuka_ws/devel/include/robot_srvs/StopRobotRequest.h
Symlinking /home/fu/workspaces/knob_kuka_ws/devel/include/robot_srvs/ClearToolRequest.h
Symlinking /home/fu/workspaces/knob_kuka_ws/devel/include/robot_srvs/AddRobotControllerResponse.h
Symlinking /home/fu/workspaces/knob_kuka_ws/devel/include/robot_srvs/MovePose.h
Symlinking /home/fu/workspaces/knob_kuka_ws/devel/include/robot_srvs/MovePoseQuaternionResponse.h
Symlinking /home/fu/workspaces/knob_kuka_ws/devel/include/robot_srvs/ClearRobotControllerRequest.h
Symlinking /home/fu/workspaces/knob_kuka_ws/devel/include/robot_srvs/StopRobot.h
Symlinking /home/fu/workspaces/knob_kuka_ws/devel/include/robot_srvs/MoveHomeResponse.h
Symlinking /home/fu/workspaces/knob_kuka_ws/devel/include/robot_srvs/MoveConfigurationRequest.h
Symlinking /home/fu/workspaces/knob_kuka_ws/devel/include/robot_srvs/ReadPose.h
Symlinking /home/fu/workspaces/knob_kuka_ws/devel/include/robot_srvs/DetachToolResponse.h
Symlinking /home/fu/workspaces/knob_kuka_ws/devel/include/robot_srvs/OpenGripperResponse.h
Symlinking /home/fu/workspaces/knob_kuka_ws/devel/include/robot_srvs/CloseGripper.h
Symlinking /home/fu/workspaces/knob_kuka_ws/devel/include/robot_srvs/ClearTool.h
Symlinking /home/fu/workspaces/knob_kuka_ws/devel/include/robot_srvs/MoveTrajectory.h
Symlinking /home/fu/workspaces/knob_kuka_ws/devel/include/robot_srvs/ClearRobotController.h
Symlinking /home/fu/workspaces/knob_kuka_ws/devel/include/robot_srvs/ReadPoseResponse.h
Symlinking /home/fu/workspaces/knob_kuka_ws/devel/include/robot_srvs/MovePoseQuaternionRequest.h
Symlinking /home/fu/workspaces/knob_kuka_ws/devel/include/robot_srvs/ListRobotControllersRequest.h
Symlinking /home/fu/workspaces/knob_kuka_ws/devel/include/robot_srvs/SetToolResponse.h
Symlinking /home/fu/workspaces/knob_kuka_ws/devel/include/robot_srvs/ListRobotControllersResponse.h
Symlinking /home/fu/workspaces/knob_kuka_ws/devel/include/robot_srvs/Connect.h
Symlinking /home/fu/workspaces/knob_kuka_ws/devel/include/robot_srvs/MoveTrajectoryResponse.h
Symlinking /home/fu/workspaces/knob_kuka_ws/devel/include/robot_srvs/MovePoseQuaternion.h
Symlinking /home/fu/workspaces/knob_kuka_ws/devel/include/robot_srvs/GetRobotControllerNameTagRequest.h
Symlinking /home/fu/workspaces/knob_kuka_ws/devel/include/robot_srvs/GetRobotControllerNameTagResponse.h
Symlinking /home/fu/workspaces/knob_kuka_ws/devel/include/robot_srvs/MoveHomeRequest.h
Symlinking /home/fu/workspaces/knob_kuka_ws/devel/include/robot_srvs/ClearRobotControllerResponse.h
Symlinking /home/fu/workspaces/knob_kuka_ws/devel/include/robot_srvs/ReadPoseRequest.h
Symlinking /home/fu/workspaces/knob_kuka_ws/devel/include/robot_srvs/SetSpeedResponse.h
Symlinking /home/fu/workspaces/knob_kuka_ws/devel/include/robot_srvs/AddRobotControllerRequest.h
Symlinking /home/fu/workspaces/knob_kuka_ws/devel/include/robot_srvs/ListRobotControllers.h
Symlinking /home/fu/workspaces/knob_kuka_ws/devel/include/robot_srvs/ConnectResponse.h
Symlinking /home/fu/workspaces/knob_kuka_ws/devel/include/robot_srvs/CloseGripperResponse.h
Symlinking /home/fu/workspaces/knob_kuka_ws/devel/include/robot_srvs/SetSpeed.h
Symlinking /home/fu/workspaces/knob_kuka_ws/devel/include/robot_srvs/SetAccelerationRequest.h
Symlinking /home/fu/workspaces/knob_kuka_ws/devel/include/robot_srvs/DetachToolRequest.h
Symlinking /home/fu/workspaces/knob_kuka_ws/devel/include/robot_srvs/ConnectRequest.h
Symlinking /home/fu/workspaces/knob_kuka_ws/devel/include/robot_srvs/SetAcceleration.h
Symlinking /home/fu/workspaces/knob_kuka_ws/devel/include/robot_srvs/SetToolRequest.h
Symlinking /home/fu/workspaces/knob_kuka_ws/devel/include/robot_srvs/MoveJoints.h
Symlinking /home/fu/workspaces/knob_kuka_ws/devel/include/robot_srvs/StopRobotResponse.h
Symlinking /home/fu/workspaces/knob_kuka_ws/devel/include/robot_srvs/SetTool.h
Symlinking /home/fu/workspaces/knob_kuka_ws/devel/include/robot_srvs/SetAccelerationResponse.h
Symlinking /home/fu/workspaces/knob_kuka_ws/devel/include/robot_srvs/SetSpeedRequest.h
Symlinking /home/fu/workspaces/knob_kuka_ws/devel/include/robot_srvs/CloseGripperRequest.h
