Symlinking /home/fu/workspaces/knob_kuka_ws/devel/share/gennodejs/ros/device_srvs/_index.js
Symlinking /home/fu/workspaces/knob_kuka_ws/devel/share/gennodejs/ros/device_srvs/srv/Status.js
Symlinking /home/fu/workspaces/knob_kuka_ws/devel/share/gennodejs/ros/device_srvs/srv/_index.js
Symlinking /home/fu/workspaces/knob_kuka_ws/devel/share/gennodejs/ros/device_srvs/srv/GripperControl.js
Symlinking /home/fu/workspaces/knob_kuka_ws/devel/share/roseus/ros/device_srvs/manifest.l
Symlinking /home/fu/workspaces/knob_kuka_ws/devel/share/roseus/ros/device_srvs/srv/GripperControl.l
Symlinking /home/fu/workspaces/knob_kuka_ws/devel/share/roseus/ros/device_srvs/srv/Status.l
Symlinking /home/fu/workspaces/knob_kuka_ws/devel/share/common-lisp/ros/device_srvs/srv/_package.lisp
Symlinking /home/fu/workspaces/knob_kuka_ws/devel/share/common-lisp/ros/device_srvs/srv/device_srvs-srv.asd
Symlinking /home/fu/workspaces/knob_kuka_ws/devel/share/common-lisp/ros/device_srvs/srv/Status.lisp
Symlinking /home/fu/workspaces/knob_kuka_ws/devel/share/common-lisp/ros/device_srvs/srv/GripperControl.lisp
Symlinking /home/fu/workspaces/knob_kuka_ws/devel/share/common-lisp/ros/device_srvs/srv/_package_Status.lisp
Symlinking /home/fu/workspaces/knob_kuka_ws/devel/share/common-lisp/ros/device_srvs/srv/_package_GripperControl.lisp
Symlinking /home/fu/workspaces/knob_kuka_ws/devel/share/device_srvs/cmake/device_srvsConfig.cmake
Symlinking /home/fu/workspaces/knob_kuka_ws/devel/share/device_srvs/cmake/device_srvs-msg-extras.cmake
Symlinking /home/fu/workspaces/knob_kuka_ws/devel/share/device_srvs/cmake/device_srvs-msg-paths.cmake
Symlinking /home/fu/workspaces/knob_kuka_ws/devel/share/device_srvs/cmake/device_srvsConfig-version.cmake
Symlinking /home/fu/workspaces/knob_kuka_ws/devel/lib/pkgconfig/device_srvs.pc
Symlinking /home/fu/workspaces/knob_kuka_ws/devel/lib/python3/dist-packages/device_srvs/__init__.py
Symlinking /home/fu/workspaces/knob_kuka_ws/devel/lib/python3/dist-packages/device_srvs/srv/_GripperControl.py
Symlinking /home/fu/workspaces/knob_kuka_ws/devel/lib/python3/dist-packages/device_srvs/srv/__init__.py
Symlinking /home/fu/workspaces/knob_kuka_ws/devel/lib/python3/dist-packages/device_srvs/srv/_Status.py
Symlinking /home/fu/workspaces/knob_kuka_ws/devel/include/device_srvs/StatusRequest.h
Symlinking /home/fu/workspaces/knob_kuka_ws/devel/include/device_srvs/GripperControl.h
Symlinking /home/fu/workspaces/knob_kuka_ws/devel/include/device_srvs/Status.h
Symlinking /home/fu/workspaces/knob_kuka_ws/devel/include/device_srvs/StatusResponse.h
Symlinking /home/fu/workspaces/knob_kuka_ws/devel/include/device_srvs/GripperControlRequest.h
Symlinking /home/fu/workspaces/knob_kuka_ws/devel/include/device_srvs/GripperControlResponse.h
