[35m[1mScanning dependencies of target _device_srvs_generate_messages_check_deps_Status[0m
[  0%] Built target _device_srvs_generate_messages_check_deps_Status
[35m[1mScanning dependencies of target std_msgs_generate_messages_nodejs[0m
[  0%] Built target std_msgs_generate_messages_nodejs
[35m[1mScanning dependencies of target device_msgs_generate_messages_nodejs[0m
[  0%] Built target device_msgs_generate_messages_nodejs
[35m[1mScanning dependencies of target _device_srvs_generate_messages_check_deps_GripperControl[0m
[  0%] Built target _device_srvs_generate_messages_check_deps_GripperControl
[35m[1mScanning dependencies of target std_msgs_generate_messages_cpp[0m
[  0%] Built target std_msgs_generate_messages_cpp
[35m[1mScanning dependencies of target device_msgs_generate_messages_cpp[0m
[  0%] Built target device_msgs_generate_messages_cpp
[35m[1mScanning dependencies of target device_msgs_generate_messages_lisp[0m
[  0%] Built target device_msgs_generate_messages_lisp
[35m[1mScanning dependencies of target std_msgs_generate_messages_lisp[0m
[  0%] Built target std_msgs_generate_messages_lisp
[35m[1mScanning dependencies of target std_msgs_generate_messages_py[0m
[  0%] Built target std_msgs_generate_messages_py
[35m[1mScanning dependencies of target device_msgs_generate_messages_py[0m
[  0%] Built target device_msgs_generate_messages_py
[35m[1mScanning dependencies of target device_msgs_generate_messages_eus[0m
[  0%] Built target device_msgs_generate_messages_eus
[35m[1mScanning dependencies of target std_msgs_generate_messages_eus[0m
[  0%] Built target std_msgs_generate_messages_eus
[35m[1mScanning dependencies of target device_srvs_generate_messages_nodejs[0m
[  8%] [34m[1mGenerating Javascript code from device_srvs/Status.srv[0m
[ 16%] [34m[1mGenerating Javascript code from device_srvs/GripperControl.srv[0m
[ 16%] Built target device_srvs_generate_messages_nodejs
[35m[1mScanning dependencies of target device_srvs_generate_messages_cpp[0m
[ 25%] [34m[1mGenerating C++ code from device_srvs/Status.srv[0m
[ 33%] [34m[1mGenerating C++ code from device_srvs/GripperControl.srv[0m
[ 33%] Built target device_srvs_generate_messages_cpp
[35m[1mScanning dependencies of target device_srvs_generate_messages_lisp[0m
[ 41%] [34m[1mGenerating Lisp code from device_srvs/Status.srv[0m
[ 50%] [34m[1mGenerating Lisp code from device_srvs/GripperControl.srv[0m
[ 50%] Built target device_srvs_generate_messages_lisp
[35m[1mScanning dependencies of target device_srvs_generate_messages_py[0m
[ 58%] [34m[1mGenerating Python code from SRV device_srvs/Status[0m
[ 66%] [34m[1mGenerating Python code from SRV device_srvs/GripperControl[0m
[ 75%] [34m[1mGenerating Python srv __init__.py for device_srvs[0m
[ 75%] Built target device_srvs_generate_messages_py
[35m[1mScanning dependencies of target device_srvs_generate_messages_eus[0m
[ 83%] [34m[1mGenerating EusLisp code from device_srvs/Status.srv[0m
[ 91%] [34m[1mGenerating EusLisp code from device_srvs/GripperControl.srv[0m
[100%] [34m[1mGenerating EusLisp manifest code for device_srvs[0m
[100%] Built target device_srvs_generate_messages_eus
[35m[1mScanning dependencies of target device_srvs_generate_messages[0m
[100%] Built target device_srvs_generate_messages
