[35m[1mScanning dependencies of target _process_im_srvs_generate_messages_check_deps_InitTeaching[0m
[  0%] Built target _process_im_srvs_generate_messages_check_deps_InitTeaching
[35m[1mScanning dependencies of target _process_im_srvs_generate_messages_check_deps_AbortProcess[0m
[  0%] Built target _process_im_srvs_generate_messages_check_deps_AbortProcess
[35m[1mScanning dependencies of target _process_im_srvs_generate_messages_check_deps_ExecuteProcess[0m
[  0%] Built target _process_im_srvs_generate_messages_check_deps_ExecuteProcess
[35m[1mScanning dependencies of target process_im_msgs_generate_messages_eus[0m
[  0%] Built target process_im_msgs_generate_messages_eus
[35m[1mScanning dependencies of target _process_im_srvs_generate_messages_check_deps_GetTaskParameters[0m
[  0%] Built target _process_im_srvs_generate_messages_check_deps_GetTaskParameters
[35m[1mScanning dependencies of target _process_im_srvs_generate_messages_check_deps_PauseProcess[0m
[  0%] Built target _process_im_srvs_generate_messages_check_deps_PauseProcess
[35m[1mScanning dependencies of target process_im_msgs_generate_messages_py[0m
[  0%] Built target process_im_msgs_generate_messages_py
[35m[1mScanning dependencies of target process_im_msgs_generate_messages_lisp[0m
[  0%] Built target process_im_msgs_generate_messages_lisp
[35m[1mScanning dependencies of target process_im_msgs_generate_messages_cpp[0m
[  0%] Built target process_im_msgs_generate_messages_cpp
[35m[1mScanning dependencies of target process_im_msgs_generate_messages_nodejs[0m
[  0%] Built target process_im_msgs_generate_messages_nodejs
[35m[1mScanning dependencies of target process_im_srvs_generate_messages_eus[0m
[  3%] [34m[1mGenerating EusLisp code from process_im_srvs/ExecuteProcess.srv[0m
[  7%] [34m[1mGenerating EusLisp code from process_im_srvs/PauseProcess.srv[0m
[ 11%] [34m[1mGenerating EusLisp code from process_im_srvs/AbortProcess.srv[0m
[ 14%] [34m[1mGenerating EusLisp code from process_im_srvs/GetTaskParameters.srv[0m
[ 18%] [34m[1mGenerating EusLisp code from process_im_srvs/InitTeaching.srv[0m
[ 22%] [34m[1mGenerating EusLisp manifest code for process_im_srvs[0m
[ 22%] Built target process_im_srvs_generate_messages_eus
[35m[1mScanning dependencies of target process_im_srvs_generate_messages_py[0m
[ 25%] [34m[1mGenerating Python code from SRV process_im_srvs/ExecuteProcess[0m
[ 29%] [34m[1mGenerating Python code from SRV process_im_srvs/PauseProcess[0m
[ 33%] [34m[1mGenerating Python code from SRV process_im_srvs/AbortProcess[0m
[ 37%] [34m[1mGenerating Python code from SRV process_im_srvs/GetTaskParameters[0m
[ 40%] [34m[1mGenerating Python code from SRV process_im_srvs/InitTeaching[0m
[ 44%] [34m[1mGenerating Python srv __init__.py for process_im_srvs[0m
[ 44%] Built target process_im_srvs_generate_messages_py
[35m[1mScanning dependencies of target process_im_srvs_generate_messages_lisp[0m
[ 48%] [34m[1mGenerating Lisp code from process_im_srvs/ExecuteProcess.srv[0m
[ 51%] [34m[1mGenerating Lisp code from process_im_srvs/PauseProcess.srv[0m
[ 55%] [34m[1mGenerating Lisp code from process_im_srvs/AbortProcess.srv[0m
[ 59%] [34m[1mGenerating Lisp code from process_im_srvs/GetTaskParameters.srv[0m
[ 62%] [34m[1mGenerating Lisp code from process_im_srvs/InitTeaching.srv[0m
[ 62%] Built target process_im_srvs_generate_messages_lisp
[35m[1mScanning dependencies of target process_im_srvs_generate_messages_cpp[0m
[ 66%] [34m[1mGenerating C++ code from process_im_srvs/ExecuteProcess.srv[0m
[ 70%] [34m[1mGenerating C++ code from process_im_srvs/PauseProcess.srv[0m
[ 74%] [34m[1mGenerating C++ code from process_im_srvs/AbortProcess.srv[0m
[ 77%] [34m[1mGenerating C++ code from process_im_srvs/GetTaskParameters.srv[0m
[ 81%] [34m[1mGenerating C++ code from process_im_srvs/InitTeaching.srv[0m
[ 81%] Built target process_im_srvs_generate_messages_cpp
[35m[1mScanning dependencies of target process_im_srvs_generate_messages_nodejs[0m
[ 85%] [34m[1mGenerating Javascript code from process_im_srvs/ExecuteProcess.srv[0m
[ 88%] [34m[1mGenerating Javascript code from process_im_srvs/PauseProcess.srv[0m
[ 92%] [34m[1mGenerating Javascript code from process_im_srvs/AbortProcess.srv[0m
[ 96%] [34m[1mGenerating Javascript code from process_im_srvs/GetTaskParameters.srv[0m
[100%] [34m[1mGenerating Javascript code from process_im_srvs/InitTeaching.srv[0m
[100%] Built target process_im_srvs_generate_messages_nodejs
[35m[1mScanning dependencies of target process_im_srvs_generate_messages[0m
[100%] Built target process_im_srvs_generate_messages
