Symlinking /home/fu/workspaces/knob_kuka_ws/devel/share/gennodejs/ros/process_im_srvs/_index.js
Symlinking /home/fu/workspaces/knob_kuka_ws/devel/share/gennodejs/ros/process_im_srvs/srv/AbortProcess.js
Symlinking /home/fu/workspaces/knob_kuka_ws/devel/share/gennodejs/ros/process_im_srvs/srv/PauseProcess.js
Symlinking /home/fu/workspaces/knob_kuka_ws/devel/share/gennodejs/ros/process_im_srvs/srv/ExecuteProcess.js
Symlinking /home/fu/workspaces/knob_kuka_ws/devel/share/gennodejs/ros/process_im_srvs/srv/_index.js
Symlinking /home/fu/workspaces/knob_kuka_ws/devel/share/gennodejs/ros/process_im_srvs/srv/GetTaskParameters.js
Symlinking /home/fu/workspaces/knob_kuka_ws/devel/share/gennodejs/ros/process_im_srvs/srv/InitTeaching.js
Symlinking /home/fu/workspaces/knob_kuka_ws/devel/share/roseus/ros/process_im_srvs/manifest.l
Symlinking /home/fu/workspaces/knob_kuka_ws/devel/share/roseus/ros/process_im_srvs/srv/ExecuteProcess.l
Symlinking /home/fu/workspaces/knob_kuka_ws/devel/share/roseus/ros/process_im_srvs/srv/InitTeaching.l
Symlinking /home/fu/workspaces/knob_kuka_ws/devel/share/roseus/ros/process_im_srvs/srv/AbortProcess.l
Symlinking /home/fu/workspaces/knob_kuka_ws/devel/share/roseus/ros/process_im_srvs/srv/GetTaskParameters.l
Symlinking /home/fu/workspaces/knob_kuka_ws/devel/share/roseus/ros/process_im_srvs/srv/PauseProcess.l
Symlinking /home/fu/workspaces/knob_kuka_ws/devel/share/common-lisp/ros/process_im_srvs/srv/_package.lisp
Symlinking /home/fu/workspaces/knob_kuka_ws/devel/share/common-lisp/ros/process_im_srvs/srv/process_im_srvs-srv.asd
Symlinking /home/fu/workspaces/knob_kuka_ws/devel/share/common-lisp/ros/process_im_srvs/srv/InitTeaching.lisp
Symlinking /home/fu/workspaces/knob_kuka_ws/devel/share/common-lisp/ros/process_im_srvs/srv/ExecuteProcess.lisp
Symlinking /home/fu/workspaces/knob_kuka_ws/devel/share/common-lisp/ros/process_im_srvs/srv/AbortProcess.lisp
Symlinking /home/fu/workspaces/knob_kuka_ws/devel/share/common-lisp/ros/process_im_srvs/srv/_package_PauseProcess.lisp
Symlinking /home/fu/workspaces/knob_kuka_ws/devel/share/common-lisp/ros/process_im_srvs/srv/_package_InitTeaching.lisp
Symlinking /home/fu/workspaces/knob_kuka_ws/devel/share/common-lisp/ros/process_im_srvs/srv/_package_ExecuteProcess.lisp
Symlinking /home/fu/workspaces/knob_kuka_ws/devel/share/common-lisp/ros/process_im_srvs/srv/_package_GetTaskParameters.lisp
Symlinking /home/fu/workspaces/knob_kuka_ws/devel/share/common-lisp/ros/process_im_srvs/srv/_package_AbortProcess.lisp
Symlinking /home/fu/workspaces/knob_kuka_ws/devel/share/common-lisp/ros/process_im_srvs/srv/GetTaskParameters.lisp
Symlinking /home/fu/workspaces/knob_kuka_ws/devel/share/common-lisp/ros/process_im_srvs/srv/PauseProcess.lisp
Symlinking /home/fu/workspaces/knob_kuka_ws/devel/share/process_im_srvs/cmake/process_im_srvs-msg-paths.cmake
Symlinking /home/fu/workspaces/knob_kuka_ws/devel/share/process_im_srvs/cmake/process_im_srvsConfig-version.cmake
Symlinking /home/fu/workspaces/knob_kuka_ws/devel/share/process_im_srvs/cmake/process_im_srvs-msg-extras.cmake
Symlinking /home/fu/workspaces/knob_kuka_ws/devel/share/process_im_srvs/cmake/process_im_srvsConfig.cmake
Symlinking /home/fu/workspaces/knob_kuka_ws/devel/lib/pkgconfig/process_im_srvs.pc
Symlinking /home/fu/workspaces/knob_kuka_ws/devel/lib/python3/dist-packages/process_im_srvs/__init__.py
Symlinking /home/fu/workspaces/knob_kuka_ws/devel/lib/python3/dist-packages/process_im_srvs/srv/_GetTaskParameters.py
Symlinking /home/fu/workspaces/knob_kuka_ws/devel/lib/python3/dist-packages/process_im_srvs/srv/_InitTeaching.py
Symlinking /home/fu/workspaces/knob_kuka_ws/devel/lib/python3/dist-packages/process_im_srvs/srv/_ExecuteProcess.py
Symlinking /home/fu/workspaces/knob_kuka_ws/devel/lib/python3/dist-packages/process_im_srvs/srv/_AbortProcess.py
Symlinking /home/fu/workspaces/knob_kuka_ws/devel/lib/python3/dist-packages/process_im_srvs/srv/__init__.py
Symlinking /home/fu/workspaces/knob_kuka_ws/devel/lib/python3/dist-packages/process_im_srvs/srv/_PauseProcess.py
Symlinking /home/fu/workspaces/knob_kuka_ws/devel/include/process_im_srvs/ExecuteProcessRequest.h
Symlinking /home/fu/workspaces/knob_kuka_ws/devel/include/process_im_srvs/InitTeachingResponse.h
Symlinking /home/fu/workspaces/knob_kuka_ws/devel/include/process_im_srvs/AbortProcessResponse.h
Symlinking /home/fu/workspaces/knob_kuka_ws/devel/include/process_im_srvs/PauseProcessResponse.h
Symlinking /home/fu/workspaces/knob_kuka_ws/devel/include/process_im_srvs/GetTaskParameters.h
Symlinking /home/fu/workspaces/knob_kuka_ws/devel/include/process_im_srvs/GetTaskParametersRequest.h
Symlinking /home/fu/workspaces/knob_kuka_ws/devel/include/process_im_srvs/InitTeachingRequest.h
Symlinking /home/fu/workspaces/knob_kuka_ws/devel/include/process_im_srvs/GetTaskParametersResponse.h
Symlinking /home/fu/workspaces/knob_kuka_ws/devel/include/process_im_srvs/ExecuteProcess.h
Symlinking /home/fu/workspaces/knob_kuka_ws/devel/include/process_im_srvs/PauseProcessRequest.h
Symlinking /home/fu/workspaces/knob_kuka_ws/devel/include/process_im_srvs/AbortProcess.h
Symlinking /home/fu/workspaces/knob_kuka_ws/devel/include/process_im_srvs/PauseProcess.h
Symlinking /home/fu/workspaces/knob_kuka_ws/devel/include/process_im_srvs/InitTeaching.h
Symlinking /home/fu/workspaces/knob_kuka_ws/devel/include/process_im_srvs/AbortProcessRequest.h
Symlinking /home/fu/workspaces/knob_kuka_ws/devel/include/process_im_srvs/ExecuteProcessResponse.h
