Cloning into 'FRILibrary'...
Note: switching to 'a10695fad32ba8315817c42020e2dbc66f4505dd'.

You are in 'detached HEAD' state. You can look around, make experimental
changes and commit them, and you can discard any commits you make in this
state without impacting any branches by switching back to a branch.

If you want to create a new branch to retain commits you create, you may
do so (now or later) by using -c with the switch command. Example:

  git switch -c <new-branch-name>

Or undo this operation with:

  git switch -

Turn off this advice by setting config variable advice.detachedHead to false

HEAD is now at a10695f Imported version 1.2, December 2014
CMake Warning:
  No source or binary directory provided.  Both will be assumed to be the
  same as the current working directory, but note that this warning will
  become a fatal error in future CMake releases.


[01m[K/home/fu/workspaces/knob_kuka_ws/src/robot/kuka-lwr/lwr_hw/src/fri/friudp.cpp:[m[K In member function ‘[01m[Kint friUdp::Recv(tFriMsrData*)[m[K’:
[01m[K/home/fu/workspaces/knob_kuka_ws/src/robot/kuka-lwr/lwr_hw/src/fri/friudp.cpp:185:70:[m[K [01;35m[Kwarning: [m[Kformat ‘[01m[K%d[m[K’ expects argument of type ‘[01m[Kint[m[K’, but argument 3 has type ‘[01m[Klong unsigned int[m[K’ [[01;35m[K-Wformat=[m[K]
  185 |             printf("received something, but wrong size %d (expected [01;35m[K%d[m[K)...\n",received, [32m[Ksizeof(tFriMsrData)[m[K);
      |                                                                     [01;35m[K~^[m[K                  [32m[K~~~~~~~~~~~~~~~~~~~[m[K
      |                                                                      [01;35m[K|[m[K                  [32m[K|[m[K
      |                                                                      [01;35m[Kint[m[K                [32m[Klong unsigned int[m[K
      |                                                                     [32m[K%ld[m[K
make[3]: warning: jobserver unavailable: using -j1.  Add '+' to parent make rule.
[01m[K/home/fu/workspaces/knob_kuka_ws/build/lwr_hw/FRILibrary-prefix/src/FRILibrary/src/FastResearchInterfaceLibrary/FastResearchInterface.cpp:[m[K In constructor ‘[01m[KFastResearchInterface::FastResearchInterface(const char*)[m[K’:
[01m[K/home/fu/workspaces/knob_kuka_ws/build/lwr_hw/FRILibrary-prefix/src/FRILibrary/src/FastResearchInterfaceLibrary/FastResearchInterface.cpp:243:34:[m[K [01;35m[Kwarning: [m[Kembedded ‘[01m[K\0[m[K’ in format [[01;35m[K-Wformat-contains-nul[m[K]
  243 |   sprintf(this->LoggingPath, ".%s[01;35m[K\0[m[K", OS_FOLDER_SEPARATOR);
      |                                  [01;35m[K^~[m[K
[01m[K/home/fu/workspaces/knob_kuka_ws/build/lwr_hw/FRILibrary-prefix/src/FRILibrary/src/FastResearchInterfaceLibrary/FastResearchInterface.cpp:248:42:[m[K [01;35m[Kwarning: [m[Kembedded ‘[01m[K\0[m[K’ in format [[01;35m[K-Wformat-contains-nul[m[K]
  248 |   sprintf(this->LoggingFileName, "FRI.dat[01;35m[K\0[m[K");
      |                                          [01;35m[K^~[m[K
[01m[K/home/fu/workspaces/knob_kuka_ws/build/lwr_hw/FRILibrary-prefix/src/FRILibrary/src/FastResearchInterfaceLibrary/UDPSocket.cpp:[m[K In member function ‘[01m[Kint UDPSocket::ReceiveFRIDataFromKRC(FRIDataReceivedFromKRC*) const[m[K’:
[01m[K/home/fu/workspaces/knob_kuka_ws/build/lwr_hw/FRILibrary-prefix/src/FRILibrary/src/FastResearchInterfaceLibrary/UDPSocket.cpp:160:73:[m[K [01;35m[Kwarning: [m[Kformat ‘[01m[K%d[m[K’ expects argument of type ‘[01m[Kint[m[K’, but argument 4 has type ‘[01m[Klong unsigned int[m[K’ [[01;35m[K-Wformat=[m[K]
  160 |    fprintf(stderr, "ERROR: Data size incorrect (received: %d, expected [01;35m[K%d[m[K)\n", DataReceived, [32m[Ksizeof(FRIDataReceivedFromKRC)[m[K);
      |                                                                        [01;35m[K~^[m[K                    [32m[K~~~~~~~~~~~~~~~~~~~~~~~~~~~~~~[m[K
      |                                                                         [01;35m[K|[m[K                    [32m[K|[m[K
      |                                                                         [01;35m[Kint[m[K                  [32m[Klong unsigned int[m[K
      |                                                                        [32m[K%ld[m[K
[01m[K/home/fu/workspaces/knob_kuka_ws/build/lwr_hw/FRILibrary-prefix/src/FRILibrary/src/FastResearchInterfaceLibrary/FastResearchInterface.cpp:[m[K In constructor ‘[01m[KFastResearchInterface::FastResearchInterface(const char*)[m[K’:
[01m[K/home/fu/workspaces/knob_kuka_ws/build/lwr_hw/FRILibrary-prefix/src/FRILibrary/src/FastResearchInterfaceLibrary/FastResearchInterface.cpp:243:34:[m[K [01;35m[Kwarning: [m[Kembedded ‘[01m[K\0[m[K’ in format [[01;35m[K-Wformat-contains-nul[m[K]
  243 |   sprintf(this->LoggingPath, ".%s[01;35m[K\0[m[K", OS_FOLDER_SEPARATOR);
      |                                  [01;35m[K^~[m[K
[01m[K/home/fu/workspaces/knob_kuka_ws/build/lwr_hw/FRILibrary-prefix/src/FRILibrary/src/FastResearchInterfaceLibrary/FastResearchInterface.cpp:248:42:[m[K [01;35m[Kwarning: [m[Kembedded ‘[01m[K\0[m[K’ in format [[01;35m[K-Wformat-contains-nul[m[K]
  248 |   sprintf(this->LoggingFileName, "FRI.dat[01;35m[K\0[m[K");
      |                                          [01;35m[K^~[m[K
[01m[K/home/fu/workspaces/knob_kuka_ws/build/lwr_hw/FRILibrary-prefix/src/FRILibrary/src/FastResearchInterfaceLibrary/UDPSocket.cpp:[m[K In member function ‘[01m[Kint UDPSocket::ReceiveFRIDataFromKRC(FRIDataReceivedFromKRC*) const[m[K’:
[01m[K/home/fu/workspaces/knob_kuka_ws/build/lwr_hw/FRILibrary-prefix/src/FRILibrary/src/FastResearchInterfaceLibrary/UDPSocket.cpp:160:73:[m[K [01;35m[Kwarning: [m[Kformat ‘[01m[K%d[m[K’ expects argument of type ‘[01m[Kint[m[K’, but argument 4 has type ‘[01m[Klong unsigned int[m[K’ [[01;35m[K-Wformat=[m[K]
  160 |    fprintf(stderr, "ERROR: Data size incorrect (received: %d, expected [01;35m[K%d[m[K)\n", DataReceived, [32m[Ksizeof(FRIDataReceivedFromKRC)[m[K);
      |                                                                        [01;35m[K~^[m[K                    [32m[K~~~~~~~~~~~~~~~~~~~~~~~~~~~~~~[m[K
      |                                                                         [01;35m[K|[m[K                    [32m[K|[m[K
      |                                                                         [01;35m[Kint[m[K                  [32m[Klong unsigned int[m[K
      |                                                                        [32m[K%ld[m[K
make[3]: warning: jobserver unavailable: using -j1.  Add '+' to parent make rule.
