[  5%] [34m[1mPerforming update step for 'FRILibrary'[0m
[ 15%] Built target lwr_hw
[ 21%] [34m[1mPerforming configure step for 'FRILibrary'[0m
CMake Warning:
  No source or binary directory provided.  Both will be assumed to be the
  same as the current working directory, but note that this warning will
  become a fatal error in future CMake releases.


-- Detected a Linux Platform
-- Configuring done
-- Generating done
-- Build files have been written to: /home/fu/workspaces/knob_kuka_ws/build/lwr_hw/FRILibrary-prefix/src/FRILibrary
[ 26%] [34m[1mPerforming build step for 'FRILibrary'[0m
make[3]: warning: jobserver unavailable: using -j1.  Add '+' to parent make rule.
[  6%] Built target fril_test_dynamic
[ 40%] Built target fril_dynamic
[ 50%] Built target fril_irml_dynamic
[ 53%] Built target LWRCartImpedanceControlExample
[ 56%] Built target fastResearchInterfaceTest
[ 42%] Built target friremote
[ 90%] Built target fril_static
[ 93%] Built target LWRJointImpedanceControlExample
[ 52%] Built target lwr_hw_gazebo_plugin
[ 96%] Built target LWRJointPositionControlExample
[ 63%] Built target lwr_hw_fri_node
[100%] Built target LWRLoggingExample
[ 68%] [34m[1mPerforming install step for 'FRILibrary'[0m
make[3]: warning: jobserver unavailable: using -j1.  Add '+' to parent make rule.
[  6%] Built target fril_test_dynamic
[ 40%] Built target fril_dynamic
[ 50%] Built target fril_irml_dynamic
[ 53%] Built target LWRCartImpedanceControlExample
[ 56%] Built target fastResearchInterfaceTest
[ 90%] Built target fril_static
[ 93%] Built target LWRJointImpedanceControlExample
[ 96%] Built target LWRJointPositionControlExample
[100%] Built target LWRLoggingExample
[36mInstall the project...[0m
-- Install configuration: ""
-- Up-to-date: /home/fu/workspaces/knob_kuka_ws/devel/.private/lwr_hw/lib/libfril.a
-- Up-to-date: /home/fu/workspaces/knob_kuka_ws/devel/.private/lwr_hw/lib/libfril.so.1.2
-- Up-to-date: /home/fu/workspaces/knob_kuka_ws/devel/.private/lwr_hw/lib/libfril.so
-- Up-to-date: /home/fu/workspaces/knob_kuka_ws/devel/.private/lwr_hw/include/fril/Console.h
-- Up-to-date: /home/fu/workspaces/knob_kuka_ws/devel/.private/lwr_hw/include/fril/DataLogging.h
-- Up-to-date: /home/fu/workspaces/knob_kuka_ws/devel/.private/lwr_hw/include/fril/Doxygen.h
-- Up-to-date: /home/fu/workspaces/knob_kuka_ws/devel/.private/lwr_hw/include/fril/FastResearchInterface.h
-- Up-to-date: /home/fu/workspaces/knob_kuka_ws/devel/.private/lwr_hw/include/fril/FastResearchInterfaceTest.h
-- Up-to-date: /home/fu/workspaces/knob_kuka_ws/devel/.private/lwr_hw/include/fril/FRICommunication.h
-- Up-to-date: /home/fu/workspaces/knob_kuka_ws/devel/.private/lwr_hw/include/fril/InitializationFileEntry.h
-- Up-to-date: /home/fu/workspaces/knob_kuka_ws/devel/.private/lwr_hw/include/fril/LinuxAbstraction.h
-- Up-to-date: /home/fu/workspaces/knob_kuka_ws/devel/.private/lwr_hw/include/fril/LWRBaseControllerInterface.h
-- Up-to-date: /home/fu/workspaces/knob_kuka_ws/devel/.private/lwr_hw/include/fril/LWRCartImpedanceController.h
-- Up-to-date: /home/fu/workspaces/knob_kuka_ws/devel/.private/lwr_hw/include/fril/LWRJointImpedanceController.h
-- Up-to-date: /home/fu/workspaces/knob_kuka_ws/devel/.private/lwr_hw/include/fril/LWRJointPositionController.h
-- Up-to-date: /home/fu/workspaces/knob_kuka_ws/devel/.private/lwr_hw/include/fril/MACOSAbstraction.h
-- Up-to-date: /home/fu/workspaces/knob_kuka_ws/devel/.private/lwr_hw/include/fril/OSAbstraction.h
-- Up-to-date: /home/fu/workspaces/knob_kuka_ws/devel/.private/lwr_hw/include/fril/QNXAbstraction.h
-- Up-to-date: /home/fu/workspaces/knob_kuka_ws/devel/.private/lwr_hw/include/fril/TypeIRMLDecision.h
-- Up-to-date: /home/fu/workspaces/knob_kuka_ws/devel/.private/lwr_hw/include/fril/TypeIRML.h
-- Up-to-date: /home/fu/workspaces/knob_kuka_ws/devel/.private/lwr_hw/include/fril/TypeIRMLInputParameters.h
-- Up-to-date: /home/fu/workspaces/knob_kuka_ws/devel/.private/lwr_hw/include/fril/TypeIRMLMath.h
-- Up-to-date: /home/fu/workspaces/knob_kuka_ws/devel/.private/lwr_hw/include/fril/TypeIRMLOutputParameters.h
-- Up-to-date: /home/fu/workspaces/knob_kuka_ws/devel/.private/lwr_hw/include/fril/TypeIRMLPolynomial.h
-- Up-to-date: /home/fu/workspaces/knob_kuka_ws/devel/.private/lwr_hw/include/fril/TypeIRMLProfiles.h
-- Up-to-date: /home/fu/workspaces/knob_kuka_ws/devel/.private/lwr_hw/include/fril/TypeIRMLVector.h
-- Up-to-date: /home/fu/workspaces/knob_kuka_ws/devel/.private/lwr_hw/include/fril/UDPSocket.h
-- Up-to-date: /home/fu/workspaces/knob_kuka_ws/devel/.private/lwr_hw/include/fril/WindowsAbstraction.h
[ 73%] [34m[1mCompleted 'FRILibrary'[0m
[ 89%] Built target FRILibrary
[100%] Built target lwr_hw_fril_node
