[01m[K/home/fu/workspaces/knob_kuka_ws/src/rviz_embedded_example/src/main.cpp:[m[K In function ‘[01m[Kint main(int, char**)[m[K’:
[01m[K/home/fu/workspaces/knob_kuka_ws/src/rviz_embedded_example/src/main.cpp:40:5:[m[K [01;31m[Kerror: [m[K‘[01m[Klayout[m[K’ was not declared in this scope; did you mean ‘[01m[KQLayout[m[K’?
   40 |     [01;31m[Klayout[m[K->addWidget(jointValuesLabel);
      |     [01;31m[K^~~~~~[m[K
      |     [32m[KQLayout[m[K
[01m[K/home/fu/workspaces/knob_kuka_ws/src/rviz_embedded_example/src/main.cpp:44:5:[m[K [01;31m[Kerror: [m[K‘[01m[Kmain_widget[m[K’ was not declared in this scope
   44 |     [01;31m[Kmain_widget[m[K->show();
      |     [01;31m[K^~~~~~~~~~~[m[K
[01m[K/home/fu/workspaces/knob_kuka_ws/src/rviz_embedded_example/src/main.cpp:47:10:[m[K [01;31m[Kerror: [m[K‘[01m[Kthread[m[K’ is not a member of ‘[01m[Kstd[m[K’
   47 |     std::[01;31m[Kthread[m[K rosThread([]() {
      |          [01;31m[K^~~~~~[m[K
[01m[K/home/fu/workspaces/knob_kuka_ws/src/rviz_embedded_example/src/main.cpp:13:1:[m[K [01;36m[Knote: [m[K‘[01m[Kstd::thread[m[K’ is defined in header ‘[01m[K<thread>[m[K’; did you forget to ‘[01m[K#include <thread>[m[K’?
   12 | #include <sensor_msgs/JointState.h>
  +++ |+[32m[K#include <thread>[m[K
   13 | 
[01m[K/home/fu/workspaces/knob_kuka_ws/src/rviz_embedded_example/src/main.cpp:49:6:[m[K [01;31m[Kerror: [m[Kexpected primary-expression before ‘[01m[K)[m[K’ token
   49 |     }[01;31m[K)[m[K;
      |      [01;31m[K^[m[K
[01m[K/home/fu/workspaces/knob_kuka_ws/src/rviz_embedded_example/src/main.cpp:55:5:[m[K [01;31m[Kerror: [m[K‘[01m[KrosThread[m[K’ was not declared in this scope; did you mean ‘[01m[KQThread[m[K’?
   55 |     [01;31m[KrosThread[m[K.join();
      |     [01;31m[K^~~~~~~~~[m[K
      |     [32m[KQThread[m[K
make[2]: *** [CMakeFiles/rviz_embedded_example.dir/build.make:63: CMakeFiles/rviz_embedded_example.dir/src/main.cpp.o] Error 1
make[1]: *** [CMakeFiles/Makefile2:345: CMakeFiles/rviz_embedded_example.dir/all] Error 2
make: *** [Makefile:141: all] Error 2
