Symlinking /home/fu/workspaces/knob_kuka_ws/devel/share/gennodejs/ros/graph_visualization_srvs/_index.js
Symlinking /home/fu/workspaces/knob_kuka_ws/devel/share/gennodejs/ros/graph_visualization_srvs/srv/LayoutResume.js
Symlinking /home/fu/workspaces/knob_kuka_ws/devel/share/gennodejs/ros/graph_visualization_srvs/srv/AppendGraph.js
Symlinking /home/fu/workspaces/knob_kuka_ws/devel/share/gennodejs/ros/graph_visualization_srvs/srv/LayoutPause.js
Symlinking /home/fu/workspaces/knob_kuka_ws/devel/share/gennodejs/ros/graph_visualization_srvs/srv/Clear.js
Symlinking /home/fu/workspaces/knob_kuka_ws/devel/share/gennodejs/ros/graph_visualization_srvs/srv/_index.js
Symlinking /home/fu/workspaces/knob_kuka_ws/devel/share/roseus/ros/graph_visualization_srvs/manifest.l
Symlinking /home/fu/workspaces/knob_kuka_ws/devel/share/roseus/ros/graph_visualization_srvs/srv/LayoutResume.l
Symlinking /home/fu/workspaces/knob_kuka_ws/devel/share/roseus/ros/graph_visualization_srvs/srv/AppendGraph.l
Symlinking /home/fu/workspaces/knob_kuka_ws/devel/share/roseus/ros/graph_visualization_srvs/srv/LayoutPause.l
Symlinking /home/fu/workspaces/knob_kuka_ws/devel/share/roseus/ros/graph_visualization_srvs/srv/Clear.l
Symlinking /home/fu/workspaces/knob_kuka_ws/devel/share/common-lisp/ros/graph_visualization_srvs/srv/_package.lisp
Symlinking /home/fu/workspaces/knob_kuka_ws/devel/share/common-lisp/ros/graph_visualization_srvs/srv/_package_AppendGraph.lisp
Symlinking /home/fu/workspaces/knob_kuka_ws/devel/share/common-lisp/ros/graph_visualization_srvs/srv/_package_LayoutPause.lisp
Symlinking /home/fu/workspaces/knob_kuka_ws/devel/share/common-lisp/ros/graph_visualization_srvs/srv/LayoutResume.lisp
Symlinking /home/fu/workspaces/knob_kuka_ws/devel/share/common-lisp/ros/graph_visualization_srvs/srv/_package_Clear.lisp
Symlinking /home/fu/workspaces/knob_kuka_ws/devel/share/common-lisp/ros/graph_visualization_srvs/srv/graph_visualization_srvs-srv.asd
Symlinking /home/fu/workspaces/knob_kuka_ws/devel/share/common-lisp/ros/graph_visualization_srvs/srv/_package_LayoutResume.lisp
Symlinking /home/fu/workspaces/knob_kuka_ws/devel/share/common-lisp/ros/graph_visualization_srvs/srv/LayoutPause.lisp
Symlinking /home/fu/workspaces/knob_kuka_ws/devel/share/common-lisp/ros/graph_visualization_srvs/srv/AppendGraph.lisp
Symlinking /home/fu/workspaces/knob_kuka_ws/devel/share/common-lisp/ros/graph_visualization_srvs/srv/Clear.lisp
Symlinking /home/fu/workspaces/knob_kuka_ws/devel/share/graph_visualization_srvs/cmake/graph_visualization_srvs-msg-paths.cmake
Symlinking /home/fu/workspaces/knob_kuka_ws/devel/share/graph_visualization_srvs/cmake/graph_visualization_srvs-msg-extras.cmake
Symlinking /home/fu/workspaces/knob_kuka_ws/devel/share/graph_visualization_srvs/cmake/graph_visualization_srvsConfig-version.cmake
Symlinking /home/fu/workspaces/knob_kuka_ws/devel/share/graph_visualization_srvs/cmake/graph_visualization_srvsConfig.cmake
Symlinking /home/fu/workspaces/knob_kuka_ws/devel/lib/pkgconfig/graph_visualization_srvs.pc
Symlinking /home/fu/workspaces/knob_kuka_ws/devel/lib/python3/dist-packages/graph_visualization_srvs/__init__.py
Symlinking /home/fu/workspaces/knob_kuka_ws/devel/lib/python3/dist-packages/graph_visualization_srvs/srv/_LayoutPause.py
Symlinking /home/fu/workspaces/knob_kuka_ws/devel/lib/python3/dist-packages/graph_visualization_srvs/srv/_AppendGraph.py
Symlinking /home/fu/workspaces/knob_kuka_ws/devel/lib/python3/dist-packages/graph_visualization_srvs/srv/_Clear.py
Symlinking /home/fu/workspaces/knob_kuka_ws/devel/lib/python3/dist-packages/graph_visualization_srvs/srv/__init__.py
Symlinking /home/fu/workspaces/knob_kuka_ws/devel/lib/python3/dist-packages/graph_visualization_srvs/srv/_LayoutResume.py
Symlinking /home/fu/workspaces/knob_kuka_ws/devel/include/graph_visualization_srvs/AppendGraph.h
Symlinking /home/fu/workspaces/knob_kuka_ws/devel/include/graph_visualization_srvs/LayoutPauseRequest.h
Symlinking /home/fu/workspaces/knob_kuka_ws/devel/include/graph_visualization_srvs/ClearRequest.h
Symlinking /home/fu/workspaces/knob_kuka_ws/devel/include/graph_visualization_srvs/AppendGraphRequest.h
Symlinking /home/fu/workspaces/knob_kuka_ws/devel/include/graph_visualization_srvs/LayoutResume.h
Symlinking /home/fu/workspaces/knob_kuka_ws/devel/include/graph_visualization_srvs/AppendGraphResponse.h
Symlinking /home/fu/workspaces/knob_kuka_ws/devel/include/graph_visualization_srvs/Clear.h
Symlinking /home/fu/workspaces/knob_kuka_ws/devel/include/graph_visualization_srvs/LayoutPauseResponse.h
Symlinking /home/fu/workspaces/knob_kuka_ws/devel/include/graph_visualization_srvs/ClearResponse.h
Symlinking /home/fu/workspaces/knob_kuka_ws/devel/include/graph_visualization_srvs/LayoutResumeResponse.h
Symlinking /home/fu/workspaces/knob_kuka_ws/devel/include/graph_visualization_srvs/LayoutPause.h
Symlinking /home/fu/workspaces/knob_kuka_ws/devel/include/graph_visualization_srvs/LayoutResumeRequest.h
