[35m[1mScanning dependencies of target _graph_visualization_srvs_generate_messages_check_deps_LayoutResume[0m
[  0%] Built target _graph_visualization_srvs_generate_messages_check_deps_LayoutResume
[35m[1mScanning dependencies of target _graph_visualization_srvs_generate_messages_check_deps_AppendGraph[0m
[  0%] Built target _graph_visualization_srvs_generate_messages_check_deps_AppendGraph
[35m[1mScanning dependencies of target std_msgs_generate_messages_nodejs[0m
[  0%] Built target std_msgs_generate_messages_nodejs
[35m[1mScanning dependencies of target _graph_visualization_srvs_generate_messages_check_deps_Clear[0m
[  0%] Built target _graph_visualization_srvs_generate_messages_check_deps_Clear
[35m[1mScanning dependencies of target _graph_visualization_srvs_generate_messages_check_deps_LayoutPause[0m
[  0%] Built target _graph_visualization_srvs_generate_messages_check_deps_LayoutPause
[35m[1mScanning dependencies of target std_msgs_generate_messages_eus[0m
[  0%] Built target std_msgs_generate_messages_eus
[35m[1mScanning dependencies of target std_msgs_generate_messages_py[0m
[  0%] Built target std_msgs_generate_messages_py
[35m[1mScanning dependencies of target std_msgs_generate_messages_lisp[0m
[35m[1mScanning dependencies of target std_msgs_generate_messages_cpp[0m
[  0%] Built target std_msgs_generate_messages_lisp
[  0%] Built target std_msgs_generate_messages_cpp
[35m[1mScanning dependencies of target graph_visualization_srvs_generate_messages_nodejs[0m
[35m[1mScanning dependencies of target graph_visualization_srvs_generate_messages_eus[0m
[  4%] [34m[1mGenerating Javascript code from graph_visualization_srvs/AppendGraph.srv[0m
[  9%] [34m[1mGenerating EusLisp code from graph_visualization_srvs/AppendGraph.srv[0m
[ 13%] [34m[1mGenerating Javascript code from graph_visualization_srvs/Clear.srv[0m
[ 18%] [34m[1mGenerating EusLisp code from graph_visualization_srvs/Clear.srv[0m
[ 22%] [34m[1mGenerating Javascript code from graph_visualization_srvs/LayoutPause.srv[0m
[ 27%] [34m[1mGenerating Javascript code from graph_visualization_srvs/LayoutResume.srv[0m
[ 31%] [34m[1mGenerating EusLisp code from graph_visualization_srvs/LayoutPause.srv[0m
[ 31%] Built target graph_visualization_srvs_generate_messages_nodejs
[ 36%] [34m[1mGenerating EusLisp code from graph_visualization_srvs/LayoutResume.srv[0m
[35m[1mScanning dependencies of target graph_visualization_srvs_generate_messages_py[0m
[ 40%] [34m[1mGenerating Python code from SRV graph_visualization_srvs/AppendGraph[0m
[ 45%] [34m[1mGenerating EusLisp manifest code for graph_visualization_srvs[0m
[ 50%] [34m[1mGenerating Python code from SRV graph_visualization_srvs/Clear[0m
[ 54%] [34m[1mGenerating Python code from SRV graph_visualization_srvs/LayoutPause[0m
[ 59%] [34m[1mGenerating Python code from SRV graph_visualization_srvs/LayoutResume[0m
[ 63%] [34m[1mGenerating Python srv __init__.py for graph_visualization_srvs[0m
[ 63%] Built target graph_visualization_srvs_generate_messages_eus
[35m[1mScanning dependencies of target graph_visualization_srvs_generate_messages_cpp[0m
[ 68%] [34m[1mGenerating C++ code from graph_visualization_srvs/AppendGraph.srv[0m
[ 68%] Built target graph_visualization_srvs_generate_messages_py
[35m[1mScanning dependencies of target graph_visualization_srvs_generate_messages_lisp[0m
[ 72%] [34m[1mGenerating Lisp code from graph_visualization_srvs/AppendGraph.srv[0m
[ 77%] [34m[1mGenerating C++ code from graph_visualization_srvs/Clear.srv[0m
[ 81%] [34m[1mGenerating Lisp code from graph_visualization_srvs/Clear.srv[0m
[ 86%] [34m[1mGenerating Lisp code from graph_visualization_srvs/LayoutPause.srv[0m
[ 90%] [34m[1mGenerating C++ code from graph_visualization_srvs/LayoutPause.srv[0m
[ 95%] [34m[1mGenerating Lisp code from graph_visualization_srvs/LayoutResume.srv[0m
[ 95%] Built target graph_visualization_srvs_generate_messages_lisp
[100%] [34m[1mGenerating C++ code from graph_visualization_srvs/LayoutResume.srv[0m
[100%] Built target graph_visualization_srvs_generate_messages_cpp
[35m[1mScanning dependencies of target graph_visualization_srvs_generate_messages[0m
[100%] Built target graph_visualization_srvs_generate_messages
