[35m[1mScanning dependencies of target middleware_msgs_generate_messages_nodejs[0m
[35m[1mScanning dependencies of target _inference_engine_srvs_generate_messages_check_deps_QueryIe[0m
[35m[1mScanning dependencies of target _inference_engine_srvs_generate_messages_check_deps_SetBlob[0m
[35m[1mScanning dependencies of target _inference_engine_srvs_generate_messages_check_deps_ToolGetToolOffset[0m
[35m[1mScanning dependencies of target semantic_storage_interface_msgs_generate_messages_nodejs[0m
[35m[1mScanning dependencies of target _inference_engine_srvs_generate_messages_check_deps_DeleteBlob[0m
[35m[1mScanning dependencies of target geometry_msgs_generate_messages_nodejs[0m
[35m[1mScanning dependencies of target _inference_engine_srvs_generate_messages_check_deps_UpdateBlob[0m
[  0%] Built target geometry_msgs_generate_messages_nodejs
[  0%] Built target middleware_msgs_generate_messages_nodejs
[  0%] Built target semantic_storage_interface_msgs_generate_messages_nodejs
[35m[1mScanning dependencies of target _inference_engine_srvs_generate_messages_check_deps_RobotGetHomeConfiguration[0m
[35m[1mScanning dependencies of target _inference_engine_srvs_generate_messages_check_deps_RobotGetStartIk[0m
[  0%] Built target _inference_engine_srvs_generate_messages_check_deps_ToolGetToolOffset
[35m[1mScanning dependencies of target std_msgs_generate_messages_nodejs[0m
[  0%] Built target _inference_engine_srvs_generate_messages_check_deps_SetBlob
[35m[1mScanning dependencies of target semantic_storage_interface_msgs_generate_messages_py[0m
[  0%] Built target _inference_engine_srvs_generate_messages_check_deps_QueryIe
[  0%] Built target _inference_engine_srvs_generate_messages_check_deps_UpdateBlob
[  0%] Built target _inference_engine_srvs_generate_messages_check_deps_DeleteBlob
[  0%] Built target std_msgs_generate_messages_nodejs
[35m[1mScanning dependencies of target middleware_msgs_generate_messages_py[0m
[  0%] Built target semantic_storage_interface_msgs_generate_messages_py
[35m[1mScanning dependencies of target std_msgs_generate_messages_py[0m
[35m[1mScanning dependencies of target middleware_msgs_generate_messages_eus[0m
[35m[1mScanning dependencies of target geometry_msgs_generate_messages_py[0m
[  0%] Built target middleware_msgs_generate_messages_py
[35m[1mScanning dependencies of target std_msgs_generate_messages_eus[0m
[35m[1mScanning dependencies of target semantic_storage_interface_msgs_generate_messages_eus[0m
[  0%] Built target _inference_engine_srvs_generate_messages_check_deps_RobotGetStartIk
[  0%] Built target middleware_msgs_generate_messages_eus
[  0%] Built target std_msgs_generate_messages_py
[  0%] Built target std_msgs_generate_messages_eus
[  0%] Built target geometry_msgs_generate_messages_py
[35m[1mScanning dependencies of target geometry_msgs_generate_messages_eus[0m
[  0%] Built target semantic_storage_interface_msgs_generate_messages_eus
[35m[1mScanning dependencies of target middleware_msgs_generate_messages_cpp[0m
[  0%] Built target _inference_engine_srvs_generate_messages_check_deps_RobotGetHomeConfiguration
[35m[1mScanning dependencies of target std_msgs_generate_messages_cpp[0m
[35m[1mScanning dependencies of target geometry_msgs_generate_messages_cpp[0m
[35m[1mScanning dependencies of target std_msgs_generate_messages_lisp[0m
[  0%] Built target geometry_msgs_generate_messages_eus
[35m[1mScanning dependencies of target semantic_storage_interface_msgs_generate_messages_lisp[0m
[35m[1mScanning dependencies of target geometry_msgs_generate_messages_lisp[0m
[35m[1mScanning dependencies of target semantic_storage_interface_msgs_generate_messages_cpp[0m
[  0%] Built target middleware_msgs_generate_messages_cpp
[  0%] Built target geometry_msgs_generate_messages_cpp
[35m[1mScanning dependencies of target middleware_msgs_generate_messages_lisp[0m
[  0%] Built target std_msgs_generate_messages_lisp
[  0%] Built target geometry_msgs_generate_messages_lisp
[  0%] Built target std_msgs_generate_messages_cpp
[  0%] Built target semantic_storage_interface_msgs_generate_messages_cpp
[  0%] Built target middleware_msgs_generate_messages_lisp
[  0%] Built target semantic_storage_interface_msgs_generate_messages_lisp
[35m[1mScanning dependencies of target inference_engine_srvs_generate_messages_nodejs[0m
[35m[1mScanning dependencies of target inference_engine_srvs_generate_messages_eus[0m
[35m[1mScanning dependencies of target inference_engine_srvs_generate_messages_py[0m
[  2%] [34m[1mGenerating Javascript code from inference_engine_srvs/DeleteBlob.srv[0m
[35m[1mScanning dependencies of target inference_engine_srvs_generate_messages_lisp[0m
[  5%] [34m[1mGenerating Javascript code from inference_engine_srvs/RobotGetHomeConfiguration.srv[0m
[  8%] [34m[1mGenerating EusLisp code from inference_engine_srvs/RobotGetHomeConfiguration.srv[0m
[35m[1mScanning dependencies of target inference_engine_srvs_generate_messages_cpp[0m
[ 10%] [34m[1mGenerating Javascript code from inference_engine_srvs/ToolGetToolOffset.srv[0m
[ 13%] [34m[1mGenerating Javascript code from inference_engine_srvs/RobotGetStartIk.srv[0m
[ 16%] [34m[1mGenerating Python code from SRV inference_engine_srvs/RobotGetHomeConfiguration[0m
[ 18%] [34m[1mGenerating Lisp code from inference_engine_srvs/RobotGetHomeConfiguration.srv[0m
[ 21%] [34m[1mGenerating C++ code from inference_engine_srvs/RobotGetHomeConfiguration.srv[0m
[ 24%] [34m[1mGenerating C++ code from inference_engine_srvs/RobotGetStartIk.srv[0m
[ 29%] [34m[1mGenerating C++ code from inference_engine_srvs/ToolGetToolOffset.srv[0m
[ 29%] [34m[1mGenerating Javascript code from inference_engine_srvs/SetBlob.srv[0m
[ 32%] [34m[1mGenerating Javascript code from inference_engine_srvs/UpdateBlob.srv[0m
[ 35%] [34m[1mGenerating Lisp code from inference_engine_srvs/RobotGetStartIk.srv[0m
[ 37%] [34m[1mGenerating EusLisp code from inference_engine_srvs/RobotGetStartIk.srv[0m
[ 40%] [34m[1mGenerating Javascript code from inference_engine_srvs/QueryIe.srv[0m
[ 43%] [34m[1mGenerating Lisp code from inference_engine_srvs/ToolGetToolOffset.srv[0m
[ 45%] [34m[1mGenerating Lisp code from inference_engine_srvs/DeleteBlob.srv[0m
[ 48%] [34m[1mGenerating C++ code from inference_engine_srvs/DeleteBlob.srv[0m
[ 51%] [34m[1mGenerating Python code from SRV inference_engine_srvs/RobotGetStartIk[0m
[ 54%] [34m[1mGenerating Lisp code from inference_engine_srvs/SetBlob.srv[0m
[ 54%] Built target inference_engine_srvs_generate_messages_nodejs
[ 56%] [34m[1mGenerating Lisp code from inference_engine_srvs/UpdateBlob.srv[0m
[ 59%] [34m[1mGenerating EusLisp code from inference_engine_srvs/ToolGetToolOffset.srv[0m
[ 62%] [34m[1mGenerating Lisp code from inference_engine_srvs/QueryIe.srv[0m
[ 64%] [34m[1mGenerating C++ code from inference_engine_srvs/SetBlob.srv[0m
[ 67%] [34m[1mGenerating C++ code from inference_engine_srvs/UpdateBlob.srv[0m
[ 70%] [34m[1mGenerating C++ code from inference_engine_srvs/QueryIe.srv[0m
[ 72%] [34m[1mGenerating EusLisp code from inference_engine_srvs/DeleteBlob.srv[0m
[ 72%] Built target inference_engine_srvs_generate_messages_lisp
[ 75%] [34m[1mGenerating EusLisp code from inference_engine_srvs/SetBlob.srv[0m
[ 78%] [34m[1mGenerating Python code from SRV inference_engine_srvs/ToolGetToolOffset[0m
[ 81%] [34m[1mGenerating Python code from SRV inference_engine_srvs/DeleteBlob[0m
[ 83%] [34m[1mGenerating EusLisp code from inference_engine_srvs/UpdateBlob.srv[0m
[ 86%] [34m[1mGenerating EusLisp manifest code for inference_engine_srvs[0m
[ 89%] [34m[1mGenerating EusLisp code from inference_engine_srvs/QueryIe.srv[0m
[ 91%] [34m[1mGenerating Python code from SRV inference_engine_srvs/SetBlob[0m
[ 94%] [34m[1mGenerating Python code from SRV inference_engine_srvs/QueryIe[0m
[ 97%] [34m[1mGenerating Python code from SRV inference_engine_srvs/UpdateBlob[0m
[ 97%] Built target inference_engine_srvs_generate_messages_cpp
[100%] [34m[1mGenerating Python srv __init__.py for inference_engine_srvs[0m
[100%] Built target inference_engine_srvs_generate_messages_py
[100%] Built target inference_engine_srvs_generate_messages_eus
[35m[1mScanning dependencies of target inference_engine_srvs_generate_messages[0m
[100%] Built target inference_engine_srvs_generate_messages
