Symlinking /home/fu/workspaces/knob_kuka_ws/devel/share/gennodejs/ros/inference_engine_srvs/_index.js
Symlinking /home/fu/workspaces/knob_kuka_ws/devel/share/gennodejs/ros/inference_engine_srvs/srv/QueryIe.js
Symlinking /home/fu/workspaces/knob_kuka_ws/devel/share/gennodejs/ros/inference_engine_srvs/srv/RobotGetStartIk.js
Symlinking /home/fu/workspaces/knob_kuka_ws/devel/share/gennodejs/ros/inference_engine_srvs/srv/DeleteBlob.js
Symlinking /home/fu/workspaces/knob_kuka_ws/devel/share/gennodejs/ros/inference_engine_srvs/srv/UpdateBlob.js
Symlinking /home/fu/workspaces/knob_kuka_ws/devel/share/gennodejs/ros/inference_engine_srvs/srv/_index.js
Symlinking /home/fu/workspaces/knob_kuka_ws/devel/share/gennodejs/ros/inference_engine_srvs/srv/RobotGetHomeConfiguration.js
Symlinking /home/fu/workspaces/knob_kuka_ws/devel/share/gennodejs/ros/inference_engine_srvs/srv/SetBlob.js
Symlinking /home/fu/workspaces/knob_kuka_ws/devel/share/gennodejs/ros/inference_engine_srvs/srv/ToolGetToolOffset.js
Symlinking /home/fu/workspaces/knob_kuka_ws/devel/share/inference_engine_srvs/cmake/inference_engine_srvsConfig-version.cmake
Symlinking /home/fu/workspaces/knob_kuka_ws/devel/share/inference_engine_srvs/cmake/inference_engine_srvs-msg-extras.cmake
Symlinking /home/fu/workspaces/knob_kuka_ws/devel/share/inference_engine_srvs/cmake/inference_engine_srvsConfig.cmake
Symlinking /home/fu/workspaces/knob_kuka_ws/devel/share/inference_engine_srvs/cmake/inference_engine_srvs-msg-paths.cmake
Symlinking /home/fu/workspaces/knob_kuka_ws/devel/share/roseus/ros/inference_engine_srvs/manifest.l
Symlinking /home/fu/workspaces/knob_kuka_ws/devel/share/roseus/ros/inference_engine_srvs/srv/ToolGetToolOffset.l
Symlinking /home/fu/workspaces/knob_kuka_ws/devel/share/roseus/ros/inference_engine_srvs/srv/UpdateBlob.l
Symlinking /home/fu/workspaces/knob_kuka_ws/devel/share/roseus/ros/inference_engine_srvs/srv/RobotGetStartIk.l
Symlinking /home/fu/workspaces/knob_kuka_ws/devel/share/roseus/ros/inference_engine_srvs/srv/QueryIe.l
Symlinking /home/fu/workspaces/knob_kuka_ws/devel/share/roseus/ros/inference_engine_srvs/srv/DeleteBlob.l
Symlinking /home/fu/workspaces/knob_kuka_ws/devel/share/roseus/ros/inference_engine_srvs/srv/SetBlob.l
Symlinking /home/fu/workspaces/knob_kuka_ws/devel/share/roseus/ros/inference_engine_srvs/srv/RobotGetHomeConfiguration.l
Symlinking /home/fu/workspaces/knob_kuka_ws/devel/share/common-lisp/ros/inference_engine_srvs/srv/_package.lisp
Symlinking /home/fu/workspaces/knob_kuka_ws/devel/share/common-lisp/ros/inference_engine_srvs/srv/_package_SetBlob.lisp
Symlinking /home/fu/workspaces/knob_kuka_ws/devel/share/common-lisp/ros/inference_engine_srvs/srv/RobotGetHomeConfiguration.lisp
Symlinking /home/fu/workspaces/knob_kuka_ws/devel/share/common-lisp/ros/inference_engine_srvs/srv/_package_QueryIe.lisp
Symlinking /home/fu/workspaces/knob_kuka_ws/devel/share/common-lisp/ros/inference_engine_srvs/srv/RobotGetStartIk.lisp
Symlinking /home/fu/workspaces/knob_kuka_ws/devel/share/common-lisp/ros/inference_engine_srvs/srv/_package_UpdateBlob.lisp
Symlinking /home/fu/workspaces/knob_kuka_ws/devel/share/common-lisp/ros/inference_engine_srvs/srv/ToolGetToolOffset.lisp
Symlinking /home/fu/workspaces/knob_kuka_ws/devel/share/common-lisp/ros/inference_engine_srvs/srv/QueryIe.lisp
Symlinking /home/fu/workspaces/knob_kuka_ws/devel/share/common-lisp/ros/inference_engine_srvs/srv/inference_engine_srvs-srv.asd
Symlinking /home/fu/workspaces/knob_kuka_ws/devel/share/common-lisp/ros/inference_engine_srvs/srv/UpdateBlob.lisp
Symlinking /home/fu/workspaces/knob_kuka_ws/devel/share/common-lisp/ros/inference_engine_srvs/srv/SetBlob.lisp
Symlinking /home/fu/workspaces/knob_kuka_ws/devel/share/common-lisp/ros/inference_engine_srvs/srv/_package_RobotGetStartIk.lisp
Symlinking /home/fu/workspaces/knob_kuka_ws/devel/share/common-lisp/ros/inference_engine_srvs/srv/_package_ToolGetToolOffset.lisp
Symlinking /home/fu/workspaces/knob_kuka_ws/devel/share/common-lisp/ros/inference_engine_srvs/srv/DeleteBlob.lisp
Symlinking /home/fu/workspaces/knob_kuka_ws/devel/share/common-lisp/ros/inference_engine_srvs/srv/_package_RobotGetHomeConfiguration.lisp
Symlinking /home/fu/workspaces/knob_kuka_ws/devel/share/common-lisp/ros/inference_engine_srvs/srv/_package_DeleteBlob.lisp
Symlinking /home/fu/workspaces/knob_kuka_ws/devel/lib/pkgconfig/inference_engine_srvs.pc
Symlinking /home/fu/workspaces/knob_kuka_ws/devel/lib/python3/dist-packages/inference_engine_srvs/__init__.py
Symlinking /home/fu/workspaces/knob_kuka_ws/devel/lib/python3/dist-packages/inference_engine_srvs/srv/_ToolGetToolOffset.py
Symlinking /home/fu/workspaces/knob_kuka_ws/devel/lib/python3/dist-packages/inference_engine_srvs/srv/_UpdateBlob.py
Symlinking /home/fu/workspaces/knob_kuka_ws/devel/lib/python3/dist-packages/inference_engine_srvs/srv/_DeleteBlob.py
Symlinking /home/fu/workspaces/knob_kuka_ws/devel/lib/python3/dist-packages/inference_engine_srvs/srv/_RobotGetStartIk.py
Symlinking /home/fu/workspaces/knob_kuka_ws/devel/lib/python3/dist-packages/inference_engine_srvs/srv/__init__.py
Symlinking /home/fu/workspaces/knob_kuka_ws/devel/lib/python3/dist-packages/inference_engine_srvs/srv/_SetBlob.py
Symlinking /home/fu/workspaces/knob_kuka_ws/devel/lib/python3/dist-packages/inference_engine_srvs/srv/_QueryIe.py
Symlinking /home/fu/workspaces/knob_kuka_ws/devel/lib/python3/dist-packages/inference_engine_srvs/srv/_RobotGetHomeConfiguration.py
Symlinking /home/fu/workspaces/knob_kuka_ws/devel/include/inference_engine_srvs/RobotGetHomeConfigurationResponse.h
Symlinking /home/fu/workspaces/knob_kuka_ws/devel/include/inference_engine_srvs/RobotGetHomeConfiguration.h
Symlinking /home/fu/workspaces/knob_kuka_ws/devel/include/inference_engine_srvs/UpdateBlobRequest.h
Symlinking /home/fu/workspaces/knob_kuka_ws/devel/include/inference_engine_srvs/UpdateBlob.h
Symlinking /home/fu/workspaces/knob_kuka_ws/devel/include/inference_engine_srvs/RobotGetStartIkResponse.h
Symlinking /home/fu/workspaces/knob_kuka_ws/devel/include/inference_engine_srvs/UpdateBlobResponse.h
Symlinking /home/fu/workspaces/knob_kuka_ws/devel/include/inference_engine_srvs/QueryIeRequest.h
Symlinking /home/fu/workspaces/knob_kuka_ws/devel/include/inference_engine_srvs/DeleteBlobRequest.h
Symlinking /home/fu/workspaces/knob_kuka_ws/devel/include/inference_engine_srvs/ToolGetToolOffsetRequest.h
Symlinking /home/fu/workspaces/knob_kuka_ws/devel/include/inference_engine_srvs/ToolGetToolOffset.h
Symlinking /home/fu/workspaces/knob_kuka_ws/devel/include/inference_engine_srvs/RobotGetStartIk.h
Symlinking /home/fu/workspaces/knob_kuka_ws/devel/include/inference_engine_srvs/SetBlob.h
Symlinking /home/fu/workspaces/knob_kuka_ws/devel/include/inference_engine_srvs/QueryIe.h
Symlinking /home/fu/workspaces/knob_kuka_ws/devel/include/inference_engine_srvs/SetBlobRequest.h
Symlinking /home/fu/workspaces/knob_kuka_ws/devel/include/inference_engine_srvs/ToolGetToolOffsetResponse.h
Symlinking /home/fu/workspaces/knob_kuka_ws/devel/include/inference_engine_srvs/RobotGetHomeConfigurationRequest.h
Symlinking /home/fu/workspaces/knob_kuka_ws/devel/include/inference_engine_srvs/SetBlobResponse.h
Symlinking /home/fu/workspaces/knob_kuka_ws/devel/include/inference_engine_srvs/DeleteBlob.h
Symlinking /home/fu/workspaces/knob_kuka_ws/devel/include/inference_engine_srvs/DeleteBlobResponse.h
Symlinking /home/fu/workspaces/knob_kuka_ws/devel/include/inference_engine_srvs/QueryIeResponse.h
Symlinking /home/fu/workspaces/knob_kuka_ws/devel/include/inference_engine_srvs/RobotGetStartIkRequest.h
