Symlinking /home/fu/workspaces/knob_kuka_ws/devel/share/gennodejs/ros/interaction_manager_srvs/_index.js
Symlinking /home/fu/workspaces/knob_kuka_ws/devel/share/gennodejs/ros/interaction_manager_srvs/srv/_index.js
Symlinking /home/fu/workspaces/knob_kuka_ws/devel/share/gennodejs/ros/interaction_manager_srvs/srv/SetPerceptionTopicNames.js
Symlinking /home/fu/workspaces/knob_kuka_ws/devel/share/roseus/ros/interaction_manager_srvs/manifest.l
Symlinking /home/fu/workspaces/knob_kuka_ws/devel/share/roseus/ros/interaction_manager_srvs/srv/SetPerceptionTopicNames.l
Symlinking /home/fu/workspaces/knob_kuka_ws/devel/share/common-lisp/ros/interaction_manager_srvs/srv/_package.lisp
Symlinking /home/fu/workspaces/knob_kuka_ws/devel/share/common-lisp/ros/interaction_manager_srvs/srv/_package_SetPerceptionTopicNames.lisp
Symlinking /home/fu/workspaces/knob_kuka_ws/devel/share/common-lisp/ros/interaction_manager_srvs/srv/interaction_manager_srvs-srv.asd
Symlinking /home/fu/workspaces/knob_kuka_ws/devel/share/common-lisp/ros/interaction_manager_srvs/srv/SetPerceptionTopicNames.lisp
Symlinking /home/fu/workspaces/knob_kuka_ws/devel/share/interaction_manager_srvs/cmake/interaction_manager_srvs-msg-extras.cmake
Symlinking /home/fu/workspaces/knob_kuka_ws/devel/share/interaction_manager_srvs/cmake/interaction_manager_srvsConfig-version.cmake
Symlinking /home/fu/workspaces/knob_kuka_ws/devel/share/interaction_manager_srvs/cmake/interaction_manager_srvsConfig.cmake
Symlinking /home/fu/workspaces/knob_kuka_ws/devel/share/interaction_manager_srvs/cmake/interaction_manager_srvs-msg-paths.cmake
Symlinking /home/fu/workspaces/knob_kuka_ws/devel/lib/pkgconfig/interaction_manager_srvs.pc
Symlinking /home/fu/workspaces/knob_kuka_ws/devel/lib/python3/dist-packages/interaction_manager_srvs/__init__.py
Symlinking /home/fu/workspaces/knob_kuka_ws/devel/lib/python3/dist-packages/interaction_manager_srvs/srv/_SetPerceptionTopicNames.py
Symlinking /home/fu/workspaces/knob_kuka_ws/devel/lib/python3/dist-packages/interaction_manager_srvs/srv/__init__.py
Symlinking /home/fu/workspaces/knob_kuka_ws/devel/include/interaction_manager_srvs/SetPerceptionTopicNames.h
Symlinking /home/fu/workspaces/knob_kuka_ws/devel/include/interaction_manager_srvs/SetPerceptionTopicNamesResponse.h
Symlinking /home/fu/workspaces/knob_kuka_ws/devel/include/interaction_manager_srvs/SetPerceptionTopicNamesRequest.h
