Symlinking /home/fu/workspaces/knob_kuka_ws/devel/share/process_srvs/cmake/process_srvs-msg-extras.cmake
Symlinking /home/fu/workspaces/knob_kuka_ws/devel/share/process_srvs/cmake/process_srvsConfig-version.cmake
Symlinking /home/fu/workspaces/knob_kuka_ws/devel/share/process_srvs/cmake/process_srvsConfig.cmake
Symlinking /home/fu/workspaces/knob_kuka_ws/devel/share/process_srvs/cmake/process_srvs-msg-paths.cmake
Symlinking /home/fu/workspaces/knob_kuka_ws/devel/share/gennodejs/ros/process_srvs/_index.js
Symlinking /home/fu/workspaces/knob_kuka_ws/devel/share/gennodejs/ros/process_srvs/srv/ProcessAbort.js
Symlinking /home/fu/workspaces/knob_kuka_ws/devel/share/gennodejs/ros/process_srvs/srv/PhysicalEntityGetModelUrlsFromTypeIris.js
Symlinking /home/fu/workspaces/knob_kuka_ws/devel/share/gennodejs/ros/process_srvs/srv/PhysicalEntityListTypes.js
Symlinking /home/fu/workspaces/knob_kuka_ws/devel/share/gennodejs/ros/process_srvs/srv/IndividualSetPose.js
Symlinking /home/fu/workspaces/knob_kuka_ws/devel/share/gennodejs/ros/process_srvs/srv/ProcessCreateSubtask.js
Symlinking /home/fu/workspaces/knob_kuka_ws/devel/share/gennodejs/ros/process_srvs/srv/TaskListSubtypes.js
Symlinking /home/fu/workspaces/knob_kuka_ws/devel/share/gennodejs/ros/process_srvs/srv/PhysicalEntityListTypesFromCategoryIri.js
Symlinking /home/fu/workspaces/knob_kuka_ws/devel/share/gennodejs/ros/process_srvs/srv/PhysicalEntityGetModelUrlFromTypeIri.js
Symlinking /home/fu/workspaces/knob_kuka_ws/devel/share/gennodejs/ros/process_srvs/srv/TaskSetName.js
Symlinking /home/fu/workspaces/knob_kuka_ws/devel/share/gennodejs/ros/process_srvs/srv/TaskSetStatus.js
Symlinking /home/fu/workspaces/knob_kuka_ws/devel/share/gennodejs/ros/process_srvs/srv/PhysicalEntityList.js
Symlinking /home/fu/workspaces/knob_kuka_ws/devel/share/gennodejs/ros/process_srvs/srv/ProcessGet.js
Symlinking /home/fu/workspaces/knob_kuka_ws/devel/share/gennodejs/ros/process_srvs/srv/PartialOrderingConstraintSet.js
Symlinking /home/fu/workspaces/knob_kuka_ws/devel/share/gennodejs/ros/process_srvs/srv/TaskCreateSubtask.js
Symlinking /home/fu/workspaces/knob_kuka_ws/devel/share/gennodejs/ros/process_srvs/srv/WorkcellGet.js
Symlinking /home/fu/workspaces/knob_kuka_ws/devel/share/gennodejs/ros/process_srvs/srv/ProcessSave.js
Symlinking /home/fu/workspaces/knob_kuka_ws/devel/share/gennodejs/ros/process_srvs/srv/IndividualGet.js
Symlinking /home/fu/workspaces/knob_kuka_ws/devel/share/gennodejs/ros/process_srvs/srv/ProcessDelete.js
Symlinking /home/fu/workspaces/knob_kuka_ws/devel/share/gennodejs/ros/process_srvs/srv/IndividualDeletePose.js
Symlinking /home/fu/workspaces/knob_kuka_ws/devel/share/gennodejs/ros/process_srvs/srv/IndividualListFromType.js
Symlinking /home/fu/workspaces/knob_kuka_ws/devel/share/gennodejs/ros/process_srvs/srv/ProcessPlanPublish.js
Symlinking /home/fu/workspaces/knob_kuka_ws/devel/share/gennodejs/ros/process_srvs/srv/TaskSetParameterDouble.js
Symlinking /home/fu/workspaces/knob_kuka_ws/devel/share/gennodejs/ros/process_srvs/srv/ProcessSetDescription.js
Symlinking /home/fu/workspaces/knob_kuka_ws/devel/share/gennodejs/ros/process_srvs/srv/PhysicalEntityCreate.js
Symlinking /home/fu/workspaces/knob_kuka_ws/devel/share/gennodejs/ros/process_srvs/srv/PhysicalEntityGet.js
Symlinking /home/fu/workspaces/knob_kuka_ws/devel/share/gennodejs/ros/process_srvs/srv/TaskSetParameterIndividual.js
Symlinking /home/fu/workspaces/knob_kuka_ws/devel/share/gennodejs/ros/process_srvs/srv/TaskSetCurrentSubtask.js
Symlinking /home/fu/workspaces/knob_kuka_ws/devel/share/gennodejs/ros/process_srvs/srv/ProcessPrint.js
Symlinking /home/fu/workspaces/knob_kuka_ws/devel/share/gennodejs/ros/process_srvs/srv/TaskSetImageUrl.js
Symlinking /home/fu/workspaces/knob_kuka_ws/devel/share/gennodejs/ros/process_srvs/srv/TaskSetParameterPhysicalEntity.js
Symlinking /home/fu/workspaces/knob_kuka_ws/devel/share/gennodejs/ros/process_srvs/srv/TaskSetParameterCombinedGeometricInterrelationConstraint.js
Symlinking /home/fu/workspaces/knob_kuka_ws/devel/share/gennodejs/ros/process_srvs/srv/PhysicalEntitySetDescription.js
Symlinking /home/fu/workspaces/knob_kuka_ws/devel/share/gennodejs/ros/process_srvs/srv/ProcessMapToWorkcell.js
Symlinking /home/fu/workspaces/knob_kuka_ws/devel/share/gennodejs/ros/process_srvs/srv/ProcessPause.js
Symlinking /home/fu/workspaces/knob_kuka_ws/devel/share/gennodejs/ros/process_srvs/srv/ProcessSetCurrentSubtask.js
Symlinking /home/fu/workspaces/knob_kuka_ws/devel/share/gennodejs/ros/process_srvs/srv/PhysicalEntityDelete.js
Symlinking /home/fu/workspaces/knob_kuka_ws/devel/share/gennodejs/ros/process_srvs/srv/ProcessSetImageUrl.js
Symlinking /home/fu/workspaces/knob_kuka_ws/devel/share/gennodejs/ros/process_srvs/srv/IndividualGetPose.js
Symlinking /home/fu/workspaces/knob_kuka_ws/devel/share/gennodejs/ros/process_srvs/srv/ProcessLoad.js
Symlinking /home/fu/workspaces/knob_kuka_ws/devel/share/gennodejs/ros/process_srvs/srv/_index.js
Symlinking /home/fu/workspaces/knob_kuka_ws/devel/share/gennodejs/ros/process_srvs/srv/TaskSetParameterLong.js
Symlinking /home/fu/workspaces/knob_kuka_ws/devel/share/gennodejs/ros/process_srvs/srv/TaskSetDescription.js
Symlinking /home/fu/workspaces/knob_kuka_ws/devel/share/gennodejs/ros/process_srvs/srv/TaskSetParameterBoolean.js
Symlinking /home/fu/workspaces/knob_kuka_ws/devel/share/gennodejs/ros/process_srvs/srv/TaskDeleteSubtask.js
Symlinking /home/fu/workspaces/knob_kuka_ws/devel/share/gennodejs/ros/process_srvs/srv/PhysicalEntitySetName.js
Symlinking /home/fu/workspaces/knob_kuka_ws/devel/share/gennodejs/ros/process_srvs/srv/ProcessExecute.js
Symlinking /home/fu/workspaces/knob_kuka_ws/devel/share/gennodejs/ros/process_srvs/srv/ProcessCreate.js
Symlinking /home/fu/workspaces/knob_kuka_ws/devel/share/gennodejs/ros/process_srvs/srv/PhysicalEntityListFromCategoryIri.js
Symlinking /home/fu/workspaces/knob_kuka_ws/devel/share/gennodejs/ros/process_srvs/srv/ProcessSetStatus.js
Symlinking /home/fu/workspaces/knob_kuka_ws/devel/share/gennodejs/ros/process_srvs/srv/TaskSetParameterString.js
Symlinking /home/fu/workspaces/knob_kuka_ws/devel/share/gennodejs/ros/process_srvs/srv/TaskGet.js
Symlinking /home/fu/workspaces/knob_kuka_ws/devel/share/gennodejs/ros/process_srvs/srv/ProcessDeleteSubtask.js
Symlinking /home/fu/workspaces/knob_kuka_ws/devel/share/gennodejs/ros/process_srvs/srv/ProcessList.js
Symlinking /home/fu/workspaces/knob_kuka_ws/devel/share/gennodejs/ros/process_srvs/srv/ProcessSetName.js
Symlinking /home/fu/workspaces/knob_kuka_ws/devel/share/gennodejs/ros/process_srvs/srv/WorkcellList.js
Symlinking /home/fu/workspaces/knob_kuka_ws/devel/share/roseus/ros/process_srvs/manifest.l
Symlinking /home/fu/workspaces/knob_kuka_ws/devel/share/roseus/ros/process_srvs/srv/ProcessSetStatus.l
Symlinking /home/fu/workspaces/knob_kuka_ws/devel/share/roseus/ros/process_srvs/srv/PhysicalEntityGet.l
Symlinking /home/fu/workspaces/knob_kuka_ws/devel/share/roseus/ros/process_srvs/srv/IndividualDeletePose.l
Symlinking /home/fu/workspaces/knob_kuka_ws/devel/share/roseus/ros/process_srvs/srv/TaskSetParameterBoolean.l
Symlinking /home/fu/workspaces/knob_kuka_ws/devel/share/roseus/ros/process_srvs/srv/TaskDeleteSubtask.l
Symlinking /home/fu/workspaces/knob_kuka_ws/devel/share/roseus/ros/process_srvs/srv/PhysicalEntityList.l
Symlinking /home/fu/workspaces/knob_kuka_ws/devel/share/roseus/ros/process_srvs/srv/PhysicalEntityDelete.l
Symlinking /home/fu/workspaces/knob_kuka_ws/devel/share/roseus/ros/process_srvs/srv/PhysicalEntitySetDescription.l
Symlinking /home/fu/workspaces/knob_kuka_ws/devel/share/roseus/ros/process_srvs/srv/ProcessSetCurrentSubtask.l
Symlinking /home/fu/workspaces/knob_kuka_ws/devel/share/roseus/ros/process_srvs/srv/ProcessGet.l
Symlinking /home/fu/workspaces/knob_kuka_ws/devel/share/roseus/ros/process_srvs/srv/TaskSetParameterString.l
Symlinking /home/fu/workspaces/knob_kuka_ws/devel/share/roseus/ros/process_srvs/srv/PhysicalEntityListTypes.l
Symlinking /home/fu/workspaces/knob_kuka_ws/devel/share/roseus/ros/process_srvs/srv/ProcessExecute.l
Symlinking /home/fu/workspaces/knob_kuka_ws/devel/share/roseus/ros/process_srvs/srv/IndividualListFromType.l
Symlinking /home/fu/workspaces/knob_kuka_ws/devel/share/roseus/ros/process_srvs/srv/ProcessSetImageUrl.l
Symlinking /home/fu/workspaces/knob_kuka_ws/devel/share/roseus/ros/process_srvs/srv/TaskSetParameterIndividual.l
Symlinking /home/fu/workspaces/knob_kuka_ws/devel/share/roseus/ros/process_srvs/srv/ProcessSetDescription.l
Symlinking /home/fu/workspaces/knob_kuka_ws/devel/share/roseus/ros/process_srvs/srv/TaskSetImageUrl.l
Symlinking /home/fu/workspaces/knob_kuka_ws/devel/share/roseus/ros/process_srvs/srv/PhysicalEntityGetModelUrlFromTypeIri.l
Symlinking /home/fu/workspaces/knob_kuka_ws/devel/share/roseus/ros/process_srvs/srv/PhysicalEntityGetModelUrlsFromTypeIris.l
Symlinking /home/fu/workspaces/knob_kuka_ws/devel/share/roseus/ros/process_srvs/srv/ProcessCreate.l
Symlinking /home/fu/workspaces/knob_kuka_ws/devel/share/roseus/ros/process_srvs/srv/IndividualGet.l
Symlinking /home/fu/workspaces/knob_kuka_ws/devel/share/roseus/ros/process_srvs/srv/TaskSetStatus.l
Symlinking /home/fu/workspaces/knob_kuka_ws/devel/share/roseus/ros/process_srvs/srv/TaskSetParameterPhysicalEntity.l
Symlinking /home/fu/workspaces/knob_kuka_ws/devel/share/roseus/ros/process_srvs/srv/ProcessMapToWorkcell.l
Symlinking /home/fu/workspaces/knob_kuka_ws/devel/share/roseus/ros/process_srvs/srv/TaskSetName.l
Symlinking /home/fu/workspaces/knob_kuka_ws/devel/share/roseus/ros/process_srvs/srv/ProcessPause.l
Symlinking /home/fu/workspaces/knob_kuka_ws/devel/share/roseus/ros/process_srvs/srv/ProcessList.l
Symlinking /home/fu/workspaces/knob_kuka_ws/devel/share/roseus/ros/process_srvs/srv/TaskSetDescription.l
Symlinking /home/fu/workspaces/knob_kuka_ws/devel/share/roseus/ros/process_srvs/srv/PartialOrderingConstraintSet.l
Symlinking /home/fu/workspaces/knob_kuka_ws/devel/share/roseus/ros/process_srvs/srv/ProcessDeleteSubtask.l
Symlinking /home/fu/workspaces/knob_kuka_ws/devel/share/roseus/ros/process_srvs/srv/TaskSetParameterDouble.l
Symlinking /home/fu/workspaces/knob_kuka_ws/devel/share/roseus/ros/process_srvs/srv/TaskGet.l
Symlinking /home/fu/workspaces/knob_kuka_ws/devel/share/roseus/ros/process_srvs/srv/PhysicalEntitySetName.l
Symlinking /home/fu/workspaces/knob_kuka_ws/devel/share/roseus/ros/process_srvs/srv/PhysicalEntityListTypesFromCategoryIri.l
Symlinking /home/fu/workspaces/knob_kuka_ws/devel/share/roseus/ros/process_srvs/srv/PhysicalEntityListFromCategoryIri.l
Symlinking /home/fu/workspaces/knob_kuka_ws/devel/share/roseus/ros/process_srvs/srv/TaskSetCurrentSubtask.l
Symlinking /home/fu/workspaces/knob_kuka_ws/devel/share/roseus/ros/process_srvs/srv/IndividualSetPose.l
Symlinking /home/fu/workspaces/knob_kuka_ws/devel/share/roseus/ros/process_srvs/srv/TaskSetParameterLong.l
Symlinking /home/fu/workspaces/knob_kuka_ws/devel/share/roseus/ros/process_srvs/srv/ProcessDelete.l
Symlinking /home/fu/workspaces/knob_kuka_ws/devel/share/roseus/ros/process_srvs/srv/ProcessAbort.l
Symlinking /home/fu/workspaces/knob_kuka_ws/devel/share/roseus/ros/process_srvs/srv/ProcessSave.l
Symlinking /home/fu/workspaces/knob_kuka_ws/devel/share/roseus/ros/process_srvs/srv/WorkcellGet.l
Symlinking /home/fu/workspaces/knob_kuka_ws/devel/share/roseus/ros/process_srvs/srv/ProcessPrint.l
Symlinking /home/fu/workspaces/knob_kuka_ws/devel/share/roseus/ros/process_srvs/srv/TaskCreateSubtask.l
Symlinking /home/fu/workspaces/knob_kuka_ws/devel/share/roseus/ros/process_srvs/srv/ProcessSetName.l
Symlinking /home/fu/workspaces/knob_kuka_ws/devel/share/roseus/ros/process_srvs/srv/ProcessCreateSubtask.l
Symlinking /home/fu/workspaces/knob_kuka_ws/devel/share/roseus/ros/process_srvs/srv/PhysicalEntityCreate.l
Symlinking /home/fu/workspaces/knob_kuka_ws/devel/share/roseus/ros/process_srvs/srv/TaskListSubtypes.l
Symlinking /home/fu/workspaces/knob_kuka_ws/devel/share/roseus/ros/process_srvs/srv/ProcessPlanPublish.l
Symlinking /home/fu/workspaces/knob_kuka_ws/devel/share/roseus/ros/process_srvs/srv/IndividualGetPose.l
Symlinking /home/fu/workspaces/knob_kuka_ws/devel/share/roseus/ros/process_srvs/srv/TaskSetParameterCombinedGeometricInterrelationConstraint.l
Symlinking /home/fu/workspaces/knob_kuka_ws/devel/share/roseus/ros/process_srvs/srv/WorkcellList.l
Symlinking /home/fu/workspaces/knob_kuka_ws/devel/share/roseus/ros/process_srvs/srv/ProcessLoad.l
Symlinking /home/fu/workspaces/knob_kuka_ws/devel/share/common-lisp/ros/process_srvs/srv/_package.lisp
Symlinking /home/fu/workspaces/knob_kuka_ws/devel/share/common-lisp/ros/process_srvs/srv/_package_ProcessSetCurrentSubtask.lisp
Symlinking /home/fu/workspaces/knob_kuka_ws/devel/share/common-lisp/ros/process_srvs/srv/_package_PhysicalEntitySetName.lisp
Symlinking /home/fu/workspaces/knob_kuka_ws/devel/share/common-lisp/ros/process_srvs/srv/PhysicalEntityListTypesFromCategoryIri.lisp
Symlinking /home/fu/workspaces/knob_kuka_ws/devel/share/common-lisp/ros/process_srvs/srv/_package_TaskListSubtypes.lisp
Symlinking /home/fu/workspaces/knob_kuka_ws/devel/share/common-lisp/ros/process_srvs/srv/IndividualGet.lisp
Symlinking /home/fu/workspaces/knob_kuka_ws/devel/share/common-lisp/ros/process_srvs/srv/TaskListSubtypes.lisp
Symlinking /home/fu/workspaces/knob_kuka_ws/devel/share/common-lisp/ros/process_srvs/srv/_package_ProcessDelete.lisp
Symlinking /home/fu/workspaces/knob_kuka_ws/devel/share/common-lisp/ros/process_srvs/srv/_package_TaskSetName.lisp
Symlinking /home/fu/workspaces/knob_kuka_ws/devel/share/common-lisp/ros/process_srvs/srv/TaskSetImageUrl.lisp
Symlinking /home/fu/workspaces/knob_kuka_ws/devel/share/common-lisp/ros/process_srvs/srv/_package_ProcessList.lisp
Symlinking /home/fu/workspaces/knob_kuka_ws/devel/share/common-lisp/ros/process_srvs/srv/ProcessLoad.lisp
Symlinking /home/fu/workspaces/knob_kuka_ws/devel/share/common-lisp/ros/process_srvs/srv/TaskSetParameterPhysicalEntity.lisp
Symlinking /home/fu/workspaces/knob_kuka_ws/devel/share/common-lisp/ros/process_srvs/srv/_package_WorkcellList.lisp
Symlinking /home/fu/workspaces/knob_kuka_ws/devel/share/common-lisp/ros/process_srvs/srv/_package_ProcessPrint.lisp
Symlinking /home/fu/workspaces/knob_kuka_ws/devel/share/common-lisp/ros/process_srvs/srv/_package_TaskSetParameterString.lisp
Symlinking /home/fu/workspaces/knob_kuka_ws/devel/share/common-lisp/ros/process_srvs/srv/ProcessAbort.lisp
Symlinking /home/fu/workspaces/knob_kuka_ws/devel/share/common-lisp/ros/process_srvs/srv/_package_PhysicalEntityDelete.lisp
Symlinking /home/fu/workspaces/knob_kuka_ws/devel/share/common-lisp/ros/process_srvs/srv/PhysicalEntitySetName.lisp
Symlinking /home/fu/workspaces/knob_kuka_ws/devel/share/common-lisp/ros/process_srvs/srv/PhysicalEntityListTypes.lisp
Symlinking /home/fu/workspaces/knob_kuka_ws/devel/share/common-lisp/ros/process_srvs/srv/_package_ProcessSetImageUrl.lisp
Symlinking /home/fu/workspaces/knob_kuka_ws/devel/share/common-lisp/ros/process_srvs/srv/TaskSetParameterBoolean.lisp
Symlinking /home/fu/workspaces/knob_kuka_ws/devel/share/common-lisp/ros/process_srvs/srv/_package_PhysicalEntitySetDescription.lisp
Symlinking /home/fu/workspaces/knob_kuka_ws/devel/share/common-lisp/ros/process_srvs/srv/ProcessMapToWorkcell.lisp
Symlinking /home/fu/workspaces/knob_kuka_ws/devel/share/common-lisp/ros/process_srvs/srv/PhysicalEntityCreate.lisp
Symlinking /home/fu/workspaces/knob_kuka_ws/devel/share/common-lisp/ros/process_srvs/srv/_package_ProcessSetDescription.lisp
Symlinking /home/fu/workspaces/knob_kuka_ws/devel/share/common-lisp/ros/process_srvs/srv/_package_ProcessAbort.lisp
Symlinking /home/fu/workspaces/knob_kuka_ws/devel/share/common-lisp/ros/process_srvs/srv/_package_ProcessSetStatus.lisp
Symlinking /home/fu/workspaces/knob_kuka_ws/devel/share/common-lisp/ros/process_srvs/srv/ProcessCreate.lisp
Symlinking /home/fu/workspaces/knob_kuka_ws/devel/share/common-lisp/ros/process_srvs/srv/TaskDeleteSubtask.lisp
Symlinking /home/fu/workspaces/knob_kuka_ws/devel/share/common-lisp/ros/process_srvs/srv/_package_ProcessLoad.lisp
Symlinking /home/fu/workspaces/knob_kuka_ws/devel/share/common-lisp/ros/process_srvs/srv/_package_TaskSetParameterPhysicalEntity.lisp
Symlinking /home/fu/workspaces/knob_kuka_ws/devel/share/common-lisp/ros/process_srvs/srv/_package_TaskDeleteSubtask.lisp
Symlinking /home/fu/workspaces/knob_kuka_ws/devel/share/common-lisp/ros/process_srvs/srv/_package_TaskSetStatus.lisp
Symlinking /home/fu/workspaces/knob_kuka_ws/devel/share/common-lisp/ros/process_srvs/srv/WorkcellList.lisp
Symlinking /home/fu/workspaces/knob_kuka_ws/devel/share/common-lisp/ros/process_srvs/srv/TaskSetParameterString.lisp
Symlinking /home/fu/workspaces/knob_kuka_ws/devel/share/common-lisp/ros/process_srvs/srv/ProcessPlanPublish.lisp
Symlinking /home/fu/workspaces/knob_kuka_ws/devel/share/common-lisp/ros/process_srvs/srv/_package_TaskCreateSubtask.lisp
Symlinking /home/fu/workspaces/knob_kuka_ws/devel/share/common-lisp/ros/process_srvs/srv/TaskCreateSubtask.lisp
Symlinking /home/fu/workspaces/knob_kuka_ws/devel/share/common-lisp/ros/process_srvs/srv/PhysicalEntityListFromCategoryIri.lisp
Symlinking /home/fu/workspaces/knob_kuka_ws/devel/share/common-lisp/ros/process_srvs/srv/ProcessList.lisp
Symlinking /home/fu/workspaces/knob_kuka_ws/devel/share/common-lisp/ros/process_srvs/srv/ProcessCreateSubtask.lisp
Symlinking /home/fu/workspaces/knob_kuka_ws/devel/share/common-lisp/ros/process_srvs/srv/WorkcellGet.lisp
Symlinking /home/fu/workspaces/knob_kuka_ws/devel/share/common-lisp/ros/process_srvs/srv/TaskSetCurrentSubtask.lisp
Symlinking /home/fu/workspaces/knob_kuka_ws/devel/share/common-lisp/ros/process_srvs/srv/ProcessPause.lisp
Symlinking /home/fu/workspaces/knob_kuka_ws/devel/share/common-lisp/ros/process_srvs/srv/_package_PartialOrderingConstraintSet.lisp
Symlinking /home/fu/workspaces/knob_kuka_ws/devel/share/common-lisp/ros/process_srvs/srv/TaskGet.lisp
Symlinking /home/fu/workspaces/knob_kuka_ws/devel/share/common-lisp/ros/process_srvs/srv/_package_PhysicalEntityGetModelUrlsFromTypeIris.lisp
Symlinking /home/fu/workspaces/knob_kuka_ws/devel/share/common-lisp/ros/process_srvs/srv/_package_IndividualGetPose.lisp
Symlinking /home/fu/workspaces/knob_kuka_ws/devel/share/common-lisp/ros/process_srvs/srv/_package_PhysicalEntityListFromCategoryIri.lisp
Symlinking /home/fu/workspaces/knob_kuka_ws/devel/share/common-lisp/ros/process_srvs/srv/TaskSetParameterDouble.lisp
Symlinking /home/fu/workspaces/knob_kuka_ws/devel/share/common-lisp/ros/process_srvs/srv/TaskSetStatus.lisp
Symlinking /home/fu/workspaces/knob_kuka_ws/devel/share/common-lisp/ros/process_srvs/srv/TaskSetDescription.lisp
Symlinking /home/fu/workspaces/knob_kuka_ws/devel/share/common-lisp/ros/process_srvs/srv/ProcessSetCurrentSubtask.lisp
Symlinking /home/fu/workspaces/knob_kuka_ws/devel/share/common-lisp/ros/process_srvs/srv/TaskSetParameterIndividual.lisp
Symlinking /home/fu/workspaces/knob_kuka_ws/devel/share/common-lisp/ros/process_srvs/srv/_package_TaskSetParameterCombinedGeometricInterrelationConstraint.lisp
Symlinking /home/fu/workspaces/knob_kuka_ws/devel/share/common-lisp/ros/process_srvs/srv/_package_ProcessCreate.lisp
Symlinking /home/fu/workspaces/knob_kuka_ws/devel/share/common-lisp/ros/process_srvs/srv/_package_TaskSetParameterDouble.lisp
Symlinking /home/fu/workspaces/knob_kuka_ws/devel/share/common-lisp/ros/process_srvs/srv/PhysicalEntitySetDescription.lisp
Symlinking /home/fu/workspaces/knob_kuka_ws/devel/share/common-lisp/ros/process_srvs/srv/ProcessPrint.lisp
Symlinking /home/fu/workspaces/knob_kuka_ws/devel/share/common-lisp/ros/process_srvs/srv/_package_TaskGet.lisp
Symlinking /home/fu/workspaces/knob_kuka_ws/devel/share/common-lisp/ros/process_srvs/srv/_package_PhysicalEntityCreate.lisp
Symlinking /home/fu/workspaces/knob_kuka_ws/devel/share/common-lisp/ros/process_srvs/srv/ProcessExecute.lisp
Symlinking /home/fu/workspaces/knob_kuka_ws/devel/share/common-lisp/ros/process_srvs/srv/IndividualListFromType.lisp
Symlinking /home/fu/workspaces/knob_kuka_ws/devel/share/common-lisp/ros/process_srvs/srv/_package_ProcessSave.lisp
Symlinking /home/fu/workspaces/knob_kuka_ws/devel/share/common-lisp/ros/process_srvs/srv/ProcessSetName.lisp
Symlinking /home/fu/workspaces/knob_kuka_ws/devel/share/common-lisp/ros/process_srvs/srv/_package_IndividualSetPose.lisp
Symlinking /home/fu/workspaces/knob_kuka_ws/devel/share/common-lisp/ros/process_srvs/srv/_package_IndividualListFromType.lisp
Symlinking /home/fu/workspaces/knob_kuka_ws/devel/share/common-lisp/ros/process_srvs/srv/ProcessSetImageUrl.lisp
Symlinking /home/fu/workspaces/knob_kuka_ws/devel/share/common-lisp/ros/process_srvs/srv/_package_TaskSetParameterBoolean.lisp
Symlinking /home/fu/workspaces/knob_kuka_ws/devel/share/common-lisp/ros/process_srvs/srv/_package_IndividualGet.lisp
Symlinking /home/fu/workspaces/knob_kuka_ws/devel/share/common-lisp/ros/process_srvs/srv/ProcessSave.lisp
Symlinking /home/fu/workspaces/knob_kuka_ws/devel/share/common-lisp/ros/process_srvs/srv/_package_PhysicalEntityGet.lisp
Symlinking /home/fu/workspaces/knob_kuka_ws/devel/share/common-lisp/ros/process_srvs/srv/PhysicalEntityGetModelUrlsFromTypeIris.lisp
Symlinking /home/fu/workspaces/knob_kuka_ws/devel/share/common-lisp/ros/process_srvs/srv/_package_TaskSetCurrentSubtask.lisp
Symlinking /home/fu/workspaces/knob_kuka_ws/devel/share/common-lisp/ros/process_srvs/srv/IndividualDeletePose.lisp
Symlinking /home/fu/workspaces/knob_kuka_ws/devel/share/common-lisp/ros/process_srvs/srv/_package_WorkcellGet.lisp
Symlinking /home/fu/workspaces/knob_kuka_ws/devel/share/common-lisp/ros/process_srvs/srv/ProcessSetDescription.lisp
Symlinking /home/fu/workspaces/knob_kuka_ws/devel/share/common-lisp/ros/process_srvs/srv/_package_ProcessCreateSubtask.lisp
Symlinking /home/fu/workspaces/knob_kuka_ws/devel/share/common-lisp/ros/process_srvs/srv/_package_PhysicalEntityGetModelUrlFromTypeIri.lisp
Symlinking /home/fu/workspaces/knob_kuka_ws/devel/share/common-lisp/ros/process_srvs/srv/_package_ProcessPause.lisp
Symlinking /home/fu/workspaces/knob_kuka_ws/devel/share/common-lisp/ros/process_srvs/srv/ProcessGet.lisp
Symlinking /home/fu/workspaces/knob_kuka_ws/devel/share/common-lisp/ros/process_srvs/srv/_package_PhysicalEntityListTypes.lisp
Symlinking /home/fu/workspaces/knob_kuka_ws/devel/share/common-lisp/ros/process_srvs/srv/_package_TaskSetDescription.lisp
Symlinking /home/fu/workspaces/knob_kuka_ws/devel/share/common-lisp/ros/process_srvs/srv/_package_ProcessMapToWorkcell.lisp
Symlinking /home/fu/workspaces/knob_kuka_ws/devel/share/common-lisp/ros/process_srvs/srv/TaskSetParameterCombinedGeometricInterrelationConstraint.lisp
Symlinking /home/fu/workspaces/knob_kuka_ws/devel/share/common-lisp/ros/process_srvs/srv/_package_IndividualDeletePose.lisp
Symlinking /home/fu/workspaces/knob_kuka_ws/devel/share/common-lisp/ros/process_srvs/srv/_package_TaskSetImageUrl.lisp
Symlinking /home/fu/workspaces/knob_kuka_ws/devel/share/common-lisp/ros/process_srvs/srv/_package_TaskSetParameterIndividual.lisp
Symlinking /home/fu/workspaces/knob_kuka_ws/devel/share/common-lisp/ros/process_srvs/srv/PhysicalEntityGetModelUrlFromTypeIri.lisp
Symlinking /home/fu/workspaces/knob_kuka_ws/devel/share/common-lisp/ros/process_srvs/srv/PhysicalEntityGet.lisp
Symlinking /home/fu/workspaces/knob_kuka_ws/devel/share/common-lisp/ros/process_srvs/srv/_package_ProcessGet.lisp
Symlinking /home/fu/workspaces/knob_kuka_ws/devel/share/common-lisp/ros/process_srvs/srv/_package_PhysicalEntityList.lisp
Symlinking /home/fu/workspaces/knob_kuka_ws/devel/share/common-lisp/ros/process_srvs/srv/_package_ProcessPlanPublish.lisp
Symlinking /home/fu/workspaces/knob_kuka_ws/devel/share/common-lisp/ros/process_srvs/srv/PhysicalEntityDelete.lisp
Symlinking /home/fu/workspaces/knob_kuka_ws/devel/share/common-lisp/ros/process_srvs/srv/_package_TaskSetParameterLong.lisp
Symlinking /home/fu/workspaces/knob_kuka_ws/devel/share/common-lisp/ros/process_srvs/srv/_package_ProcessExecute.lisp
Symlinking /home/fu/workspaces/knob_kuka_ws/devel/share/common-lisp/ros/process_srvs/srv/PhysicalEntityList.lisp
Symlinking /home/fu/workspaces/knob_kuka_ws/devel/share/common-lisp/ros/process_srvs/srv/ProcessDelete.lisp
Symlinking /home/fu/workspaces/knob_kuka_ws/devel/share/common-lisp/ros/process_srvs/srv/TaskSetName.lisp
Symlinking /home/fu/workspaces/knob_kuka_ws/devel/share/common-lisp/ros/process_srvs/srv/_package_ProcessDeleteSubtask.lisp
Symlinking /home/fu/workspaces/knob_kuka_ws/devel/share/common-lisp/ros/process_srvs/srv/TaskSetParameterLong.lisp
Symlinking /home/fu/workspaces/knob_kuka_ws/devel/share/common-lisp/ros/process_srvs/srv/process_srvs-srv.asd
Symlinking /home/fu/workspaces/knob_kuka_ws/devel/share/common-lisp/ros/process_srvs/srv/IndividualGetPose.lisp
Symlinking /home/fu/workspaces/knob_kuka_ws/devel/share/common-lisp/ros/process_srvs/srv/_package_PhysicalEntityListTypesFromCategoryIri.lisp
Symlinking /home/fu/workspaces/knob_kuka_ws/devel/share/common-lisp/ros/process_srvs/srv/IndividualSetPose.lisp
Symlinking /home/fu/workspaces/knob_kuka_ws/devel/share/common-lisp/ros/process_srvs/srv/PartialOrderingConstraintSet.lisp
Symlinking /home/fu/workspaces/knob_kuka_ws/devel/share/common-lisp/ros/process_srvs/srv/ProcessSetStatus.lisp
Symlinking /home/fu/workspaces/knob_kuka_ws/devel/share/common-lisp/ros/process_srvs/srv/_package_ProcessSetName.lisp
Symlinking /home/fu/workspaces/knob_kuka_ws/devel/share/common-lisp/ros/process_srvs/srv/ProcessDeleteSubtask.lisp
Symlinking /home/fu/workspaces/knob_kuka_ws/devel/lib/pkgconfig/process_srvs.pc
Symlinking /home/fu/workspaces/knob_kuka_ws/devel/lib/python3/dist-packages/process_srvs/__init__.py
Symlinking /home/fu/workspaces/knob_kuka_ws/devel/lib/python3/dist-packages/process_srvs/srv/_PhysicalEntityListFromCategoryIri.py
Symlinking /home/fu/workspaces/knob_kuka_ws/devel/lib/python3/dist-packages/process_srvs/srv/_TaskSetParameterString.py
Symlinking /home/fu/workspaces/knob_kuka_ws/devel/lib/python3/dist-packages/process_srvs/srv/_PhysicalEntityCreate.py
Symlinking /home/fu/workspaces/knob_kuka_ws/devel/lib/python3/dist-packages/process_srvs/srv/_ProcessAbort.py
Symlinking /home/fu/workspaces/knob_kuka_ws/devel/lib/python3/dist-packages/process_srvs/srv/_PhysicalEntityGet.py
Symlinking /home/fu/workspaces/knob_kuka_ws/devel/lib/python3/dist-packages/process_srvs/srv/_TaskCreateSubtask.py
Symlinking /home/fu/workspaces/knob_kuka_ws/devel/lib/python3/dist-packages/process_srvs/srv/_TaskSetStatus.py
Symlinking /home/fu/workspaces/knob_kuka_ws/devel/lib/python3/dist-packages/process_srvs/srv/_TaskSetImageUrl.py
Symlinking /home/fu/workspaces/knob_kuka_ws/devel/lib/python3/dist-packages/process_srvs/srv/_TaskSetParameterDouble.py
Symlinking /home/fu/workspaces/knob_kuka_ws/devel/lib/python3/dist-packages/process_srvs/srv/_WorkcellGet.py
Symlinking /home/fu/workspaces/knob_kuka_ws/devel/lib/python3/dist-packages/process_srvs/srv/_PartialOrderingConstraintSet.py
Symlinking /home/fu/workspaces/knob_kuka_ws/devel/lib/python3/dist-packages/process_srvs/srv/_ProcessPause.py
Symlinking /home/fu/workspaces/knob_kuka_ws/devel/lib/python3/dist-packages/process_srvs/srv/_ProcessDeleteSubtask.py
Symlinking /home/fu/workspaces/knob_kuka_ws/devel/lib/python3/dist-packages/process_srvs/srv/_ProcessSave.py
Symlinking /home/fu/workspaces/knob_kuka_ws/devel/lib/python3/dist-packages/process_srvs/srv/_TaskSetParameterBoolean.py
Symlinking /home/fu/workspaces/knob_kuka_ws/devel/lib/python3/dist-packages/process_srvs/srv/_ProcessPrint.py
Symlinking /home/fu/workspaces/knob_kuka_ws/devel/lib/python3/dist-packages/process_srvs/srv/_WorkcellList.py
Symlinking /home/fu/workspaces/knob_kuka_ws/devel/lib/python3/dist-packages/process_srvs/srv/_ProcessLoad.py
Symlinking /home/fu/workspaces/knob_kuka_ws/devel/lib/python3/dist-packages/process_srvs/srv/_IndividualListFromType.py
Symlinking /home/fu/workspaces/knob_kuka_ws/devel/lib/python3/dist-packages/process_srvs/srv/_PhysicalEntityList.py
Symlinking /home/fu/workspaces/knob_kuka_ws/devel/lib/python3/dist-packages/process_srvs/srv/_ProcessSetImageUrl.py
Symlinking /home/fu/workspaces/knob_kuka_ws/devel/lib/python3/dist-packages/process_srvs/srv/_PhysicalEntityListTypesFromCategoryIri.py
Symlinking /home/fu/workspaces/knob_kuka_ws/devel/lib/python3/dist-packages/process_srvs/srv/_ProcessCreateSubtask.py
Symlinking /home/fu/workspaces/knob_kuka_ws/devel/lib/python3/dist-packages/process_srvs/srv/_TaskSetParameterPhysicalEntity.py
Symlinking /home/fu/workspaces/knob_kuka_ws/devel/lib/python3/dist-packages/process_srvs/srv/_ProcessList.py
Symlinking /home/fu/workspaces/knob_kuka_ws/devel/lib/python3/dist-packages/process_srvs/srv/_ProcessSetCurrentSubtask.py
Symlinking /home/fu/workspaces/knob_kuka_ws/devel/lib/python3/dist-packages/process_srvs/srv/_IndividualGet.py
Symlinking /home/fu/workspaces/knob_kuka_ws/devel/lib/python3/dist-packages/process_srvs/srv/_PhysicalEntitySetDescription.py
Symlinking /home/fu/workspaces/knob_kuka_ws/devel/lib/python3/dist-packages/process_srvs/srv/_PhysicalEntitySetName.py
Symlinking /home/fu/workspaces/knob_kuka_ws/devel/lib/python3/dist-packages/process_srvs/srv/_TaskDeleteSubtask.py
Symlinking /home/fu/workspaces/knob_kuka_ws/devel/lib/python3/dist-packages/process_srvs/srv/_ProcessSetDescription.py
Symlinking /home/fu/workspaces/knob_kuka_ws/devel/lib/python3/dist-packages/process_srvs/srv/_TaskSetName.py
Symlinking /home/fu/workspaces/knob_kuka_ws/devel/lib/python3/dist-packages/process_srvs/srv/_ProcessMapToWorkcell.py
Symlinking /home/fu/workspaces/knob_kuka_ws/devel/lib/python3/dist-packages/process_srvs/srv/_TaskGet.py
Symlinking /home/fu/workspaces/knob_kuka_ws/devel/lib/python3/dist-packages/process_srvs/srv/_ProcessExecute.py
Symlinking /home/fu/workspaces/knob_kuka_ws/devel/lib/python3/dist-packages/process_srvs/srv/_ProcessGet.py
Symlinking /home/fu/workspaces/knob_kuka_ws/devel/lib/python3/dist-packages/process_srvs/srv/_TaskSetParameterIndividual.py
Symlinking /home/fu/workspaces/knob_kuka_ws/devel/lib/python3/dist-packages/process_srvs/srv/_ProcessPlanPublish.py
Symlinking /home/fu/workspaces/knob_kuka_ws/devel/lib/python3/dist-packages/process_srvs/srv/_ProcessCreate.py
Symlinking /home/fu/workspaces/knob_kuka_ws/devel/lib/python3/dist-packages/process_srvs/srv/_TaskListSubtypes.py
Symlinking /home/fu/workspaces/knob_kuka_ws/devel/lib/python3/dist-packages/process_srvs/srv/_TaskSetParameterLong.py
Symlinking /home/fu/workspaces/knob_kuka_ws/devel/lib/python3/dist-packages/process_srvs/srv/_PhysicalEntityGetModelUrlFromTypeIri.py
Symlinking /home/fu/workspaces/knob_kuka_ws/devel/lib/python3/dist-packages/process_srvs/srv/_PhysicalEntityListTypes.py
Symlinking /home/fu/workspaces/knob_kuka_ws/devel/lib/python3/dist-packages/process_srvs/srv/_ProcessSetName.py
Symlinking /home/fu/workspaces/knob_kuka_ws/devel/lib/python3/dist-packages/process_srvs/srv/_PhysicalEntityGetModelUrlsFromTypeIris.py
Symlinking /home/fu/workspaces/knob_kuka_ws/devel/lib/python3/dist-packages/process_srvs/srv/_ProcessDelete.py
Symlinking /home/fu/workspaces/knob_kuka_ws/devel/lib/python3/dist-packages/process_srvs/srv/_IndividualGetPose.py
Symlinking /home/fu/workspaces/knob_kuka_ws/devel/lib/python3/dist-packages/process_srvs/srv/_ProcessSetStatus.py
Symlinking /home/fu/workspaces/knob_kuka_ws/devel/lib/python3/dist-packages/process_srvs/srv/__init__.py
Symlinking /home/fu/workspaces/knob_kuka_ws/devel/lib/python3/dist-packages/process_srvs/srv/_TaskSetDescription.py
Symlinking /home/fu/workspaces/knob_kuka_ws/devel/lib/python3/dist-packages/process_srvs/srv/_IndividualDeletePose.py
Symlinking /home/fu/workspaces/knob_kuka_ws/devel/lib/python3/dist-packages/process_srvs/srv/_IndividualSetPose.py
Symlinking /home/fu/workspaces/knob_kuka_ws/devel/lib/python3/dist-packages/process_srvs/srv/_TaskSetParameterCombinedGeometricInterrelationConstraint.py
Symlinking /home/fu/workspaces/knob_kuka_ws/devel/lib/python3/dist-packages/process_srvs/srv/_PhysicalEntityDelete.py
Symlinking /home/fu/workspaces/knob_kuka_ws/devel/lib/python3/dist-packages/process_srvs/srv/_TaskSetCurrentSubtask.py
Symlinking /home/fu/workspaces/knob_kuka_ws/devel/include/process_srvs/WorkcellListRequest.h
Symlinking /home/fu/workspaces/knob_kuka_ws/devel/include/process_srvs/PhysicalEntityGetRequest.h
Symlinking /home/fu/workspaces/knob_kuka_ws/devel/include/process_srvs/IndividualGetPose.h
Symlinking /home/fu/workspaces/knob_kuka_ws/devel/include/process_srvs/TaskListSubtypesResponse.h
Symlinking /home/fu/workspaces/knob_kuka_ws/devel/include/process_srvs/TaskSetParameterDoubleRequest.h
Symlinking /home/fu/workspaces/knob_kuka_ws/devel/include/process_srvs/ProcessMapToWorkcellResponse.h
Symlinking /home/fu/workspaces/knob_kuka_ws/devel/include/process_srvs/TaskGetResponse.h
Symlinking /home/fu/workspaces/knob_kuka_ws/devel/include/process_srvs/PhysicalEntityListTypesRequest.h
Symlinking /home/fu/workspaces/knob_kuka_ws/devel/include/process_srvs/PhysicalEntityListRequest.h
Symlinking /home/fu/workspaces/knob_kuka_ws/devel/include/process_srvs/PhysicalEntityGetResponse.h
Symlinking /home/fu/workspaces/knob_kuka_ws/devel/include/process_srvs/TaskSetParameterString.h
Symlinking /home/fu/workspaces/knob_kuka_ws/devel/include/process_srvs/ProcessSetStatus.h
Symlinking /home/fu/workspaces/knob_kuka_ws/devel/include/process_srvs/ProcessSetImageUrl.h
Symlinking /home/fu/workspaces/knob_kuka_ws/devel/include/process_srvs/TaskSetParameterStringRequest.h
Symlinking /home/fu/workspaces/knob_kuka_ws/devel/include/process_srvs/TaskSetDescription.h
Symlinking /home/fu/workspaces/knob_kuka_ws/devel/include/process_srvs/TaskDeleteSubtaskRequest.h
Symlinking /home/fu/workspaces/knob_kuka_ws/devel/include/process_srvs/TaskSetStatusResponse.h
Symlinking /home/fu/workspaces/knob_kuka_ws/devel/include/process_srvs/TaskSetParameterPhysicalEntity.h
Symlinking /home/fu/workspaces/knob_kuka_ws/devel/include/process_srvs/WorkcellList.h
Symlinking /home/fu/workspaces/knob_kuka_ws/devel/include/process_srvs/ProcessListResponse.h
Symlinking /home/fu/workspaces/knob_kuka_ws/devel/include/process_srvs/ProcessPauseRequest.h
Symlinking /home/fu/workspaces/knob_kuka_ws/devel/include/process_srvs/PhysicalEntityList.h
Symlinking /home/fu/workspaces/knob_kuka_ws/devel/include/process_srvs/ProcessSetDescriptionRequest.h
Symlinking /home/fu/workspaces/knob_kuka_ws/devel/include/process_srvs/ProcessPlanPublishResponse.h
Symlinking /home/fu/workspaces/knob_kuka_ws/devel/include/process_srvs/PhysicalEntityGetModelUrlFromTypeIri.h
Symlinking /home/fu/workspaces/knob_kuka_ws/devel/include/process_srvs/ProcessSetStatusResponse.h
Symlinking /home/fu/workspaces/knob_kuka_ws/devel/include/process_srvs/TaskCreateSubtaskRequest.h
Symlinking /home/fu/workspaces/knob_kuka_ws/devel/include/process_srvs/ProcessGetResponse.h
Symlinking /home/fu/workspaces/knob_kuka_ws/devel/include/process_srvs/IndividualSetPose.h
Symlinking /home/fu/workspaces/knob_kuka_ws/devel/include/process_srvs/ProcessExecute.h
Symlinking /home/fu/workspaces/knob_kuka_ws/devel/include/process_srvs/ProcessSetName.h
Symlinking /home/fu/workspaces/knob_kuka_ws/devel/include/process_srvs/ProcessList.h
Symlinking /home/fu/workspaces/knob_kuka_ws/devel/include/process_srvs/ProcessSetDescription.h
Symlinking /home/fu/workspaces/knob_kuka_ws/devel/include/process_srvs/TaskSetDescriptionRequest.h
Symlinking /home/fu/workspaces/knob_kuka_ws/devel/include/process_srvs/ProcessPause.h
Symlinking /home/fu/workspaces/knob_kuka_ws/devel/include/process_srvs/TaskSetImageUrlResponse.h
Symlinking /home/fu/workspaces/knob_kuka_ws/devel/include/process_srvs/ProcessSetStatusRequest.h
Symlinking /home/fu/workspaces/knob_kuka_ws/devel/include/process_srvs/IndividualListFromTypeRequest.h
Symlinking /home/fu/workspaces/knob_kuka_ws/devel/include/process_srvs/PartialOrderingConstraintSet.h
Symlinking /home/fu/workspaces/knob_kuka_ws/devel/include/process_srvs/PhysicalEntityCreateRequest.h
Symlinking /home/fu/workspaces/knob_kuka_ws/devel/include/process_srvs/TaskGet.h
Symlinking /home/fu/workspaces/knob_kuka_ws/devel/include/process_srvs/ProcessPrintRequest.h
Symlinking /home/fu/workspaces/knob_kuka_ws/devel/include/process_srvs/ProcessLoad.h
Symlinking /home/fu/workspaces/knob_kuka_ws/devel/include/process_srvs/TaskSetParameterLongResponse.h
Symlinking /home/fu/workspaces/knob_kuka_ws/devel/include/process_srvs/IndividualGetRequest.h
Symlinking /home/fu/workspaces/knob_kuka_ws/devel/include/process_srvs/TaskSetNameResponse.h
Symlinking /home/fu/workspaces/knob_kuka_ws/devel/include/process_srvs/TaskListSubtypes.h
Symlinking /home/fu/workspaces/knob_kuka_ws/devel/include/process_srvs/TaskSetCurrentSubtask.h
Symlinking /home/fu/workspaces/knob_kuka_ws/devel/include/process_srvs/PhysicalEntityGetModelUrlFromTypeIriResponse.h
Symlinking /home/fu/workspaces/knob_kuka_ws/devel/include/process_srvs/IndividualListFromType.h
Symlinking /home/fu/workspaces/knob_kuka_ws/devel/include/process_srvs/PhysicalEntityCreate.h
Symlinking /home/fu/workspaces/knob_kuka_ws/devel/include/process_srvs/TaskSetParameterBooleanResponse.h
Symlinking /home/fu/workspaces/knob_kuka_ws/devel/include/process_srvs/ProcessAbortRequest.h
Symlinking /home/fu/workspaces/knob_kuka_ws/devel/include/process_srvs/ProcessCreateSubtaskRequest.h
Symlinking /home/fu/workspaces/knob_kuka_ws/devel/include/process_srvs/PhysicalEntityListFromCategoryIri.h
Symlinking /home/fu/workspaces/knob_kuka_ws/devel/include/process_srvs/PhysicalEntityListTypesFromCategoryIri.h
Symlinking /home/fu/workspaces/knob_kuka_ws/devel/include/process_srvs/ProcessPlanPublish.h
Symlinking /home/fu/workspaces/knob_kuka_ws/devel/include/process_srvs/ProcessSetNameResponse.h
Symlinking /home/fu/workspaces/knob_kuka_ws/devel/include/process_srvs/TaskSetParameterLong.h
Symlinking /home/fu/workspaces/knob_kuka_ws/devel/include/process_srvs/PhysicalEntityDeleteRequest.h
Symlinking /home/fu/workspaces/knob_kuka_ws/devel/include/process_srvs/ProcessSaveRequest.h
Symlinking /home/fu/workspaces/knob_kuka_ws/devel/include/process_srvs/ProcessSetCurrentSubtaskResponse.h
Symlinking /home/fu/workspaces/knob_kuka_ws/devel/include/process_srvs/ProcessSetDescriptionResponse.h
Symlinking /home/fu/workspaces/knob_kuka_ws/devel/include/process_srvs/ProcessDelete.h
Symlinking /home/fu/workspaces/knob_kuka_ws/devel/include/process_srvs/PhysicalEntityListFromCategoryIriRequest.h
Symlinking /home/fu/workspaces/knob_kuka_ws/devel/include/process_srvs/TaskSetImageUrl.h
Symlinking /home/fu/workspaces/knob_kuka_ws/devel/include/process_srvs/PhysicalEntityGetModelUrlsFromTypeIrisRequest.h
Symlinking /home/fu/workspaces/knob_kuka_ws/devel/include/process_srvs/PhysicalEntityListFromCategoryIriResponse.h
Symlinking /home/fu/workspaces/knob_kuka_ws/devel/include/process_srvs/TaskSetParameterDoubleResponse.h
Symlinking /home/fu/workspaces/knob_kuka_ws/devel/include/process_srvs/TaskSetParameterPhysicalEntityRequest.h
Symlinking /home/fu/workspaces/knob_kuka_ws/devel/include/process_srvs/ProcessPrintResponse.h
Symlinking /home/fu/workspaces/knob_kuka_ws/devel/include/process_srvs/TaskSetParameterDouble.h
Symlinking /home/fu/workspaces/knob_kuka_ws/devel/include/process_srvs/TaskSetParameterBoolean.h
Symlinking /home/fu/workspaces/knob_kuka_ws/devel/include/process_srvs/PhysicalEntitySetNameResponse.h
Symlinking /home/fu/workspaces/knob_kuka_ws/devel/include/process_srvs/PhysicalEntityListTypesFromCategoryIriResponse.h
Symlinking /home/fu/workspaces/knob_kuka_ws/devel/include/process_srvs/TaskSetParameterIndividualResponse.h
Symlinking /home/fu/workspaces/knob_kuka_ws/devel/include/process_srvs/ProcessPlanPublishRequest.h
Symlinking /home/fu/workspaces/knob_kuka_ws/devel/include/process_srvs/TaskSetParameterLongRequest.h
Symlinking /home/fu/workspaces/knob_kuka_ws/devel/include/process_srvs/ProcessDeleteSubtaskResponse.h
Symlinking /home/fu/workspaces/knob_kuka_ws/devel/include/process_srvs/PhysicalEntitySetDescriptionResponse.h
Symlinking /home/fu/workspaces/knob_kuka_ws/devel/include/process_srvs/TaskCreateSubtask.h
Symlinking /home/fu/workspaces/knob_kuka_ws/devel/include/process_srvs/IndividualDeletePoseRequest.h
Symlinking /home/fu/workspaces/knob_kuka_ws/devel/include/process_srvs/IndividualGet.h
Symlinking /home/fu/workspaces/knob_kuka_ws/devel/include/process_srvs/IndividualDeletePoseResponse.h
Symlinking /home/fu/workspaces/knob_kuka_ws/devel/include/process_srvs/TaskSetDescriptionResponse.h
Symlinking /home/fu/workspaces/knob_kuka_ws/devel/include/process_srvs/ProcessPauseResponse.h
Symlinking /home/fu/workspaces/knob_kuka_ws/devel/include/process_srvs/TaskSetStatusRequest.h
Symlinking /home/fu/workspaces/knob_kuka_ws/devel/include/process_srvs/TaskSetCurrentSubtaskResponse.h
Symlinking /home/fu/workspaces/knob_kuka_ws/devel/include/process_srvs/TaskGetRequest.h
Symlinking /home/fu/workspaces/knob_kuka_ws/devel/include/process_srvs/ProcessCreateSubtaskResponse.h
Symlinking /home/fu/workspaces/knob_kuka_ws/devel/include/process_srvs/TaskSetParameterBooleanRequest.h
Symlinking /home/fu/workspaces/knob_kuka_ws/devel/include/process_srvs/IndividualGetResponse.h
Symlinking /home/fu/workspaces/knob_kuka_ws/devel/include/process_srvs/ProcessPrint.h
Symlinking /home/fu/workspaces/knob_kuka_ws/devel/include/process_srvs/TaskDeleteSubtask.h
Symlinking /home/fu/workspaces/knob_kuka_ws/devel/include/process_srvs/ProcessExecuteResponse.h
Symlinking /home/fu/workspaces/knob_kuka_ws/devel/include/process_srvs/ProcessDeleteResponse.h
Symlinking /home/fu/workspaces/knob_kuka_ws/devel/include/process_srvs/ProcessSetCurrentSubtask.h
Symlinking /home/fu/workspaces/knob_kuka_ws/devel/include/process_srvs/ProcessSetImageUrlRequest.h
Symlinking /home/fu/workspaces/knob_kuka_ws/devel/include/process_srvs/ProcessCreate.h
Symlinking /home/fu/workspaces/knob_kuka_ws/devel/include/process_srvs/WorkcellListResponse.h
Symlinking /home/fu/workspaces/knob_kuka_ws/devel/include/process_srvs/ProcessSave.h
Symlinking /home/fu/workspaces/knob_kuka_ws/devel/include/process_srvs/PartialOrderingConstraintSetRequest.h
Symlinking /home/fu/workspaces/knob_kuka_ws/devel/include/process_srvs/PhysicalEntityDeleteResponse.h
Symlinking /home/fu/workspaces/knob_kuka_ws/devel/include/process_srvs/WorkcellGetRequest.h
Symlinking /home/fu/workspaces/knob_kuka_ws/devel/include/process_srvs/PhysicalEntityGetModelUrlsFromTypeIris.h
Symlinking /home/fu/workspaces/knob_kuka_ws/devel/include/process_srvs/ProcessCreateResponse.h
Symlinking /home/fu/workspaces/knob_kuka_ws/devel/include/process_srvs/PhysicalEntityListTypes.h
Symlinking /home/fu/workspaces/knob_kuka_ws/devel/include/process_srvs/IndividualGetPoseResponse.h
Symlinking /home/fu/workspaces/knob_kuka_ws/devel/include/process_srvs/PhysicalEntityGet.h
Symlinking /home/fu/workspaces/knob_kuka_ws/devel/include/process_srvs/ProcessSaveResponse.h
Symlinking /home/fu/workspaces/knob_kuka_ws/devel/include/process_srvs/PhysicalEntityGetModelUrlsFromTypeIrisResponse.h
Symlinking /home/fu/workspaces/knob_kuka_ws/devel/include/process_srvs/ProcessAbort.h
Symlinking /home/fu/workspaces/knob_kuka_ws/devel/include/process_srvs/WorkcellGetResponse.h
Symlinking /home/fu/workspaces/knob_kuka_ws/devel/include/process_srvs/PhysicalEntityListTypesResponse.h
Symlinking /home/fu/workspaces/knob_kuka_ws/devel/include/process_srvs/TaskSetParameterCombinedGeometricInterrelationConstraintResponse.h
Symlinking /home/fu/workspaces/knob_kuka_ws/devel/include/process_srvs/TaskSetName.h
Symlinking /home/fu/workspaces/knob_kuka_ws/devel/include/process_srvs/TaskSetParameterCombinedGeometricInterrelationConstraintRequest.h
Symlinking /home/fu/workspaces/knob_kuka_ws/devel/include/process_srvs/TaskSetParameterIndividual.h
Symlinking /home/fu/workspaces/knob_kuka_ws/devel/include/process_srvs/TaskListSubtypesRequest.h
Symlinking /home/fu/workspaces/knob_kuka_ws/devel/include/process_srvs/PhysicalEntitySetDescription.h
Symlinking /home/fu/workspaces/knob_kuka_ws/devel/include/process_srvs/ProcessDeleteRequest.h
Symlinking /home/fu/workspaces/knob_kuka_ws/devel/include/process_srvs/TaskSetCurrentSubtaskRequest.h
Symlinking /home/fu/workspaces/knob_kuka_ws/devel/include/process_srvs/IndividualSetPoseRequest.h
Symlinking /home/fu/workspaces/knob_kuka_ws/devel/include/process_srvs/ProcessLoadRequest.h
Symlinking /home/fu/workspaces/knob_kuka_ws/devel/include/process_srvs/ProcessMapToWorkcell.h
Symlinking /home/fu/workspaces/knob_kuka_ws/devel/include/process_srvs/ProcessSetNameRequest.h
Symlinking /home/fu/workspaces/knob_kuka_ws/devel/include/process_srvs/PhysicalEntitySetName.h
Symlinking /home/fu/workspaces/knob_kuka_ws/devel/include/process_srvs/PhysicalEntityGetModelUrlFromTypeIriRequest.h
Symlinking /home/fu/workspaces/knob_kuka_ws/devel/include/process_srvs/PhysicalEntityDelete.h
Symlinking /home/fu/workspaces/knob_kuka_ws/devel/include/process_srvs/TaskSetParameterStringResponse.h
Symlinking /home/fu/workspaces/knob_kuka_ws/devel/include/process_srvs/ProcessGetRequest.h
Symlinking /home/fu/workspaces/knob_kuka_ws/devel/include/process_srvs/ProcessExecuteRequest.h
Symlinking /home/fu/workspaces/knob_kuka_ws/devel/include/process_srvs/IndividualListFromTypeResponse.h
Symlinking /home/fu/workspaces/knob_kuka_ws/devel/include/process_srvs/TaskSetParameterCombinedGeometricInterrelationConstraint.h
Symlinking /home/fu/workspaces/knob_kuka_ws/devel/include/process_srvs/TaskSetStatus.h
Symlinking /home/fu/workspaces/knob_kuka_ws/devel/include/process_srvs/ProcessMapToWorkcellRequest.h
Symlinking /home/fu/workspaces/knob_kuka_ws/devel/include/process_srvs/ProcessCreateSubtask.h
Symlinking /home/fu/workspaces/knob_kuka_ws/devel/include/process_srvs/ProcessLoadResponse.h
Symlinking /home/fu/workspaces/knob_kuka_ws/devel/include/process_srvs/ProcessSetCurrentSubtaskRequest.h
Symlinking /home/fu/workspaces/knob_kuka_ws/devel/include/process_srvs/IndividualGetPoseRequest.h
Symlinking /home/fu/workspaces/knob_kuka_ws/devel/include/process_srvs/ProcessDeleteSubtask.h
Symlinking /home/fu/workspaces/knob_kuka_ws/devel/include/process_srvs/TaskSetParameterPhysicalEntityResponse.h
Symlinking /home/fu/workspaces/knob_kuka_ws/devel/include/process_srvs/PhysicalEntitySetDescriptionRequest.h
Symlinking /home/fu/workspaces/knob_kuka_ws/devel/include/process_srvs/PhysicalEntityListTypesFromCategoryIriRequest.h
Symlinking /home/fu/workspaces/knob_kuka_ws/devel/include/process_srvs/ProcessGet.h
Symlinking /home/fu/workspaces/knob_kuka_ws/devel/include/process_srvs/ProcessListRequest.h
Symlinking /home/fu/workspaces/knob_kuka_ws/devel/include/process_srvs/PhysicalEntitySetNameRequest.h
Symlinking /home/fu/workspaces/knob_kuka_ws/devel/include/process_srvs/IndividualSetPoseResponse.h
Symlinking /home/fu/workspaces/knob_kuka_ws/devel/include/process_srvs/TaskSetImageUrlRequest.h
Symlinking /home/fu/workspaces/knob_kuka_ws/devel/include/process_srvs/PhysicalEntityCreateResponse.h
Symlinking /home/fu/workspaces/knob_kuka_ws/devel/include/process_srvs/ProcessSetImageUrlResponse.h
Symlinking /home/fu/workspaces/knob_kuka_ws/devel/include/process_srvs/PartialOrderingConstraintSetResponse.h
Symlinking /home/fu/workspaces/knob_kuka_ws/devel/include/process_srvs/TaskSetParameterIndividualRequest.h
Symlinking /home/fu/workspaces/knob_kuka_ws/devel/include/process_srvs/ProcessCreateRequest.h
Symlinking /home/fu/workspaces/knob_kuka_ws/devel/include/process_srvs/WorkcellGet.h
Symlinking /home/fu/workspaces/knob_kuka_ws/devel/include/process_srvs/IndividualDeletePose.h
Symlinking /home/fu/workspaces/knob_kuka_ws/devel/include/process_srvs/TaskSetNameRequest.h
Symlinking /home/fu/workspaces/knob_kuka_ws/devel/include/process_srvs/ProcessAbortResponse.h
Symlinking /home/fu/workspaces/knob_kuka_ws/devel/include/process_srvs/ProcessDeleteSubtaskRequest.h
Symlinking /home/fu/workspaces/knob_kuka_ws/devel/include/process_srvs/TaskDeleteSubtaskResponse.h
Symlinking /home/fu/workspaces/knob_kuka_ws/devel/include/process_srvs/PhysicalEntityListResponse.h
Symlinking /home/fu/workspaces/knob_kuka_ws/devel/include/process_srvs/TaskCreateSubtaskResponse.h
