[35m[1mScanning dependencies of target _process_srvs_generate_messages_check_deps_TaskSetParameterIndividual[0m
[35m[1mScanning dependencies of target _process_srvs_generate_messages_check_deps_TaskSetStatus[0m
[35m[1mScanning dependencies of target _process_srvs_generate_messages_check_deps_TaskSetParameterString[0m
[35m[1mScanning dependencies of target _process_srvs_generate_messages_check_deps_TaskSetImageUrl[0m
[35m[1mScanning dependencies of target _process_srvs_generate_messages_check_deps_PhysicalEntityListTypesFromCategoryIri[0m
[35m[1mScanning dependencies of target _process_srvs_generate_messages_check_deps_TaskSetParameterCombinedGeometricInterrelationConstraint[0m
[35m[1mScanning dependencies of target _process_srvs_generate_messages_check_deps_TaskSetParameterDouble[0m
[35m[1mScanning dependencies of target _process_srvs_generate_messages_check_deps_TaskListSubtypes[0m
[  0%] Built target _process_srvs_generate_messages_check_deps_TaskSetParameterIndividual
[  0%] Built target _process_srvs_generate_messages_check_deps_PhysicalEntityListTypesFromCategoryIri
[  0%] Built target _process_srvs_generate_messages_check_deps_TaskSetParameterCombinedGeometricInterrelationConstraint
[  0%] Built target _process_srvs_generate_messages_check_deps_TaskSetStatus
[  0%] Built target _process_srvs_generate_messages_check_deps_TaskSetParameterDouble
[35m[1mScanning dependencies of target _process_srvs_generate_messages_check_deps_TaskGet[0m
[  0%] Built target _process_srvs_generate_messages_check_deps_TaskListSubtypes
[35m[1mScanning dependencies of target _process_srvs_generate_messages_check_deps_TaskCreateSubtask[0m
[  0%] Built target _process_srvs_generate_messages_check_deps_TaskSetImageUrl
[  0%] Built target _process_srvs_generate_messages_check_deps_TaskSetParameterString
[35m[1mScanning dependencies of target _process_srvs_generate_messages_check_deps_ProcessSetName[0m
[35m[1mScanning dependencies of target _process_srvs_generate_messages_check_deps_TaskSetParameterPhysicalEntity[0m
[35m[1mScanning dependencies of target _process_srvs_generate_messages_check_deps_ProcessSetDescription[0m
[35m[1mScanning dependencies of target _process_srvs_generate_messages_check_deps_ProcessSetCurrentSubtask[0m
[35m[1mScanning dependencies of target _process_srvs_generate_messages_check_deps_TaskSetName[0m
[35m[1mScanning dependencies of target _process_srvs_generate_messages_check_deps_TaskSetParameterBoolean[0m
[  0%] Built target _process_srvs_generate_messages_check_deps_TaskCreateSubtask
[  0%] Built target _process_srvs_generate_messages_check_deps_TaskGet
[35m[1mScanning dependencies of target _process_srvs_generate_messages_check_deps_ProcessSave[0m
[  0%] Built target _process_srvs_generate_messages_check_deps_ProcessSetName
[  0%] Built target _process_srvs_generate_messages_check_deps_ProcessSetCurrentSubtask
[  0%] Built target _process_srvs_generate_messages_check_deps_TaskSetParameterBoolean
[  0%] Built target _process_srvs_generate_messages_check_deps_TaskSetParameterPhysicalEntity
[  0%] Built target _process_srvs_generate_messages_check_deps_ProcessSetDescription
[35m[1mScanning dependencies of target _process_srvs_generate_messages_check_deps_ProcessPause[0m
[35m[1mScanning dependencies of target _process_srvs_generate_messages_check_deps_ProcessPrint[0m
[35m[1mScanning dependencies of target _process_srvs_generate_messages_check_deps_ProcessLoad[0m
[  0%] Built target _process_srvs_generate_messages_check_deps_TaskSetName
[35m[1mScanning dependencies of target _process_srvs_generate_messages_check_deps_ProcessCreateSubtask[0m
[35m[1mScanning dependencies of target _process_srvs_generate_messages_check_deps_ProcessGet[0m
[35m[1mScanning dependencies of target _process_srvs_generate_messages_check_deps_ProcessCreate[0m
[35m[1mScanning dependencies of target _process_srvs_generate_messages_check_deps_ProcessAbort[0m
[  0%] Built target _process_srvs_generate_messages_check_deps_ProcessPause
[  0%] Built target _process_srvs_generate_messages_check_deps_ProcessSave
[  0%] Built target _process_srvs_generate_messages_check_deps_ProcessLoad
[35m[1mScanning dependencies of target _process_srvs_generate_messages_check_deps_ProcessDelete[0m
[  0%] Built target _process_srvs_generate_messages_check_deps_ProcessGet
[  0%] Built target _process_srvs_generate_messages_check_deps_ProcessPrint
[35m[1mScanning dependencies of target _process_srvs_generate_messages_check_deps_TaskSetParameterLong[0m
[35m[1mScanning dependencies of target _process_srvs_generate_messages_check_deps_IndividualListFromType[0m
[  0%] Built target _process_srvs_generate_messages_check_deps_ProcessCreateSubtask
[  0%] Built target _process_srvs_generate_messages_check_deps_ProcessCreate
[35m[1mScanning dependencies of target _process_srvs_generate_messages_check_deps_ProcessSetImageUrl[0m
[35m[1mScanning dependencies of target _process_srvs_generate_messages_check_deps_PhysicalEntityDelete[0m
[35m[1mScanning dependencies of target _process_srvs_generate_messages_check_deps_PhysicalEntityGetModelUrlFromTypeIri[0m
[35m[1mScanning dependencies of target _process_srvs_generate_messages_check_deps_ProcessMapToWorkcell[0m
[  0%] Built target _process_srvs_generate_messages_check_deps_ProcessAbort
[35m[1mScanning dependencies of target process_msgs_generate_messages_lisp[0m
[  0%] Built target _process_srvs_generate_messages_check_deps_IndividualListFromType
[  0%] Built target process_msgs_generate_messages_lisp
[  0%] Built target _process_srvs_generate_messages_check_deps_TaskSetParameterLong
[  0%] Built target _process_srvs_generate_messages_check_deps_PhysicalEntityDelete
[  0%] Built target _process_srvs_generate_messages_check_deps_ProcessDelete
[  0%] Built target _process_srvs_generate_messages_check_deps_PhysicalEntityGetModelUrlFromTypeIri
[35m[1mScanning dependencies of target _process_srvs_generate_messages_check_deps_TaskDeleteSubtask[0m
[  0%] Built target _process_srvs_generate_messages_check_deps_ProcessSetImageUrl
[  0%] Built target _process_srvs_generate_messages_check_deps_ProcessMapToWorkcell
[35m[1mScanning dependencies of target _process_srvs_generate_messages_check_deps_WorkcellGet[0m
[35m[1mScanning dependencies of target _process_srvs_generate_messages_check_deps_ProcessSetStatus[0m
[35m[1mScanning dependencies of target _process_srvs_generate_messages_check_deps_PhysicalEntitySetDescription[0m
[35m[1mScanning dependencies of target _process_srvs_generate_messages_check_deps_PhysicalEntitySetName[0m
[35m[1mScanning dependencies of target _process_srvs_generate_messages_check_deps_TaskSetCurrentSubtask[0m
[35m[1mScanning dependencies of target std_msgs_generate_messages_lisp[0m
[35m[1mScanning dependencies of target _process_srvs_generate_messages_check_deps_ProcessList[0m
[  0%] Built target std_msgs_generate_messages_lisp
[35m[1mScanning dependencies of target _process_srvs_generate_messages_check_deps_IndividualSetPose[0m
[  0%] Built target _process_srvs_generate_messages_check_deps_PhysicalEntitySetName
[  0%] Built target _process_srvs_generate_messages_check_deps_TaskDeleteSubtask
[  0%] Built target _process_srvs_generate_messages_check_deps_WorkcellGet
[  0%] Built target _process_srvs_generate_messages_check_deps_PhysicalEntitySetDescription
[  0%] Built target _process_srvs_generate_messages_check_deps_TaskSetCurrentSubtask
[  0%] Built target _process_srvs_generate_messages_check_deps_ProcessSetStatus
[35m[1mScanning dependencies of target _process_srvs_generate_messages_check_deps_ProcessExecute[0m
[35m[1mScanning dependencies of target _process_srvs_generate_messages_check_deps_ProcessDeleteSubtask[0m
[35m[1mScanning dependencies of target _process_srvs_generate_messages_check_deps_PhysicalEntityGetModelUrlsFromTypeIris[0m
[35m[1mScanning dependencies of target _process_srvs_generate_messages_check_deps_IndividualGetPose[0m
[35m[1mScanning dependencies of target _process_srvs_generate_messages_check_deps_TaskSetDescription[0m
[35m[1mScanning dependencies of target _process_srvs_generate_messages_check_deps_PhysicalEntityCreate[0m
[  0%] Built target _process_srvs_generate_messages_check_deps_ProcessList
[35m[1mScanning dependencies of target _process_srvs_generate_messages_check_deps_IndividualDeletePose[0m
[  0%] Built target _process_srvs_generate_messages_check_deps_IndividualSetPose
[  0%] Built target _process_srvs_generate_messages_check_deps_ProcessDeleteSubtask
[  0%] Built target _process_srvs_generate_messages_check_deps_ProcessExecute
[  0%] Built target _process_srvs_generate_messages_check_deps_TaskSetDescription
[  0%] Built target _process_srvs_generate_messages_check_deps_PhysicalEntityGetModelUrlsFromTypeIris
[  0%] Built target _process_srvs_generate_messages_check_deps_PhysicalEntityCreate
[35m[1mScanning dependencies of target middleware_msgs_generate_messages_lisp[0m
[35m[1mScanning dependencies of target _process_srvs_generate_messages_check_deps_WorkcellList[0m
[35m[1mScanning dependencies of target _process_srvs_generate_messages_check_deps_PartialOrderingConstraintSet[0m
[35m[1mScanning dependencies of target _process_srvs_generate_messages_check_deps_IndividualGet[0m
[  0%] Built target _process_srvs_generate_messages_check_deps_IndividualGetPose
[35m[1mScanning dependencies of target _process_srvs_generate_messages_check_deps_PhysicalEntityGet[0m
[35m[1mScanning dependencies of target _process_srvs_generate_messages_check_deps_PhysicalEntityList[0m
[  0%] Built target middleware_msgs_generate_messages_lisp
[35m[1mScanning dependencies of target _process_srvs_generate_messages_check_deps_PhysicalEntityListFromCategoryIri[0m
[  0%] Built target _process_srvs_generate_messages_check_deps_IndividualDeletePose
[35m[1mScanning dependencies of target _process_srvs_generate_messages_check_deps_PhysicalEntityListTypes[0m
[35m[1mScanning dependencies of target _process_srvs_generate_messages_check_deps_ProcessPlanPublish[0m
[  0%] Built target _process_srvs_generate_messages_check_deps_PartialOrderingConstraintSet
[  0%] Built target _process_srvs_generate_messages_check_deps_IndividualGet
[  0%] Built target _process_srvs_generate_messages_check_deps_WorkcellList
[  0%] Built target _process_srvs_generate_messages_check_deps_PhysicalEntityGet
[  0%] Built target _process_srvs_generate_messages_check_deps_PhysicalEntityList
[35m[1mScanning dependencies of target std_msgs_generate_messages_nodejs[0m
[35m[1mScanning dependencies of target middleware_msgs_generate_messages_nodejs[0m
[35m[1mScanning dependencies of target process_msgs_generate_messages_nodejs[0m
[35m[1mScanning dependencies of target std_msgs_generate_messages_eus[0m
[  0%] Built target _process_srvs_generate_messages_check_deps_PhysicalEntityListTypes
[  0%] Built target _process_srvs_generate_messages_check_deps_PhysicalEntityListFromCategoryIri
[35m[1mScanning dependencies of target process_msgs_generate_messages_eus[0m
[  0%] Built target std_msgs_generate_messages_nodejs
[  0%] Built target middleware_msgs_generate_messages_nodejs
[  0%] Built target process_msgs_generate_messages_nodejs
[  0%] Built target process_msgs_generate_messages_eus
[35m[1mScanning dependencies of target process_msgs_generate_messages_cpp[0m
[  0%] Built target std_msgs_generate_messages_eus
[35m[1mScanning dependencies of target middleware_msgs_generate_messages_eus[0m
[35m[1mScanning dependencies of target std_msgs_generate_messages_cpp[0m
[35m[1mScanning dependencies of target middleware_msgs_generate_messages_cpp[0m
[35m[1mScanning dependencies of target process_msgs_generate_messages_py[0m
[  0%] Built target _process_srvs_generate_messages_check_deps_ProcessPlanPublish
[35m[1mScanning dependencies of target middleware_msgs_generate_messages_py[0m
[35m[1mScanning dependencies of target std_msgs_generate_messages_py[0m
[  0%] Built target process_msgs_generate_messages_cpp
[  0%] Built target std_msgs_generate_messages_cpp
[  0%] Built target middleware_msgs_generate_messages_cpp
[  0%] Built target middleware_msgs_generate_messages_eus
[  0%] Built target process_msgs_generate_messages_py
[  0%] Built target middleware_msgs_generate_messages_py
[  0%] Built target std_msgs_generate_messages_py
[35m[1mScanning dependencies of target process_srvs_generate_messages_nodejs[0m
[35m[1mScanning dependencies of target process_srvs_generate_messages_lisp[0m
[35m[1mScanning dependencies of target process_srvs_generate_messages_cpp[0m
[35m[1mScanning dependencies of target process_srvs_generate_messages_eus[0m
[35m[1mScanning dependencies of target process_srvs_generate_messages_py[0m
[  0%] [34m[1mGenerating Javascript code from process_srvs/IndividualListFromType.srv[0m
[  0%] [34m[1mGenerating Javascript code from process_srvs/IndividualGet.srv[0m
[  0%] [34m[1mGenerating Javascript code from process_srvs/IndividualGetPose.srv[0m
[  1%] [34m[1mGenerating Javascript code from process_srvs/IndividualDeletePose.srv[0m
[  2%] [34m[1mGenerating C++ code from process_srvs/IndividualGet.srv[0m
[  3%] [34m[1mGenerating Lisp code from process_srvs/IndividualGet.srv[0m
[  3%] [34m[1mGenerating EusLisp code from process_srvs/IndividualGet.srv[0m
[  3%] [34m[1mGenerating Python code from SRV process_srvs/IndividualGet[0m
[  3%] [34m[1mGenerating Javascript code from process_srvs/IndividualSetPose.srv[0m
[  3%] [34m[1mGenerating C++ code from process_srvs/IndividualListFromType.srv[0m
[  4%] [34m[1mGenerating Javascript code from process_srvs/PartialOrderingConstraintSet.srv[0m
[  4%] [34m[1mGenerating Javascript code from process_srvs/PhysicalEntityCreate.srv[0m
[  4%] [34m[1mGenerating Lisp code from process_srvs/IndividualListFromType.srv[0m
[  4%] [34m[1mGenerating EusLisp code from process_srvs/IndividualListFromType.srv[0m
[  4%] [34m[1mGenerating Javascript code from process_srvs/PhysicalEntityDelete.srv[0m
[  5%] [34m[1mGenerating Javascript code from process_srvs/PhysicalEntityGet.srv[0m
[  5%] [34m[1mGenerating Javascript code from process_srvs/PhysicalEntityGetModelUrlFromTypeIri.srv[0m
[  5%] [34m[1mGenerating Lisp code from process_srvs/IndividualDeletePose.srv[0m
[  6%] [34m[1mGenerating EusLisp code from process_srvs/IndividualDeletePose.srv[0m
[  6%] [34m[1mGenerating C++ code from process_srvs/IndividualDeletePose.srv[0m
[  7%] [34m[1mGenerating Python code from SRV process_srvs/IndividualListFromType[0m
[  7%] [34m[1mGenerating EusLisp code from process_srvs/IndividualGetPose.srv[0m
[  8%] [34m[1mGenerating Javascript code from process_srvs/PhysicalEntityGetModelUrlsFromTypeIris.srv[0m
[  9%] [34m[1mGenerating C++ code from process_srvs/IndividualGetPose.srv[0m
[  9%] [34m[1mGenerating Javascript code from process_srvs/PhysicalEntityList.srv[0m
[ 10%] [34m[1mGenerating Lisp code from process_srvs/IndividualGetPose.srv[0m
[ 10%] [34m[1mGenerating Lisp code from process_srvs/IndividualSetPose.srv[0m
[ 10%] [34m[1mGenerating Lisp code from process_srvs/PartialOrderingConstraintSet.srv[0m
[ 10%] [34m[1mGenerating Javascript code from process_srvs/PhysicalEntityListFromCategoryIri.srv[0m
[ 10%] [34m[1mGenerating EusLisp code from process_srvs/IndividualSetPose.srv[0m
[ 11%] [34m[1mGenerating Javascript code from process_srvs/PhysicalEntityListTypes.srv[0m
[ 12%] [34m[1mGenerating Lisp code from process_srvs/PhysicalEntityCreate.srv[0m
[ 12%] [34m[1mGenerating Javascript code from process_srvs/PhysicalEntityListTypesFromCategoryIri.srv[0m
[ 12%] [34m[1mGenerating Python code from SRV process_srvs/IndividualDeletePose[0m
[ 12%] [34m[1mGenerating Lisp code from process_srvs/PhysicalEntityDelete.srv[0m
[ 12%] [34m[1mGenerating C++ code from process_srvs/IndividualSetPose.srv[0m
[ 13%] [34m[1mGenerating C++ code from process_srvs/PartialOrderingConstraintSet.srv[0m
[ 14%] [34m[1mGenerating EusLisp code from process_srvs/PartialOrderingConstraintSet.srv[0m
[ 15%] [34m[1mGenerating Javascript code from process_srvs/PhysicalEntitySetName.srv[0m
[ 15%] [34m[1mGenerating Javascript code from process_srvs/PhysicalEntitySetDescription.srv[0m
[ 15%] [34m[1mGenerating Javascript code from process_srvs/ProcessAbort.srv[0m
[ 16%] [34m[1mGenerating Lisp code from process_srvs/PhysicalEntityGet.srv[0m
[ 16%] [34m[1mGenerating C++ code from process_srvs/PhysicalEntityCreate.srv[0m
[ 16%] [34m[1mGenerating Javascript code from process_srvs/ProcessCreate.srv[0m
[ 17%] [34m[1mGenerating Javascript code from process_srvs/ProcessCreateSubtask.srv[0m
[ 17%] [34m[1mGenerating EusLisp code from process_srvs/PhysicalEntityCreate.srv[0m
[ 17%] [34m[1mGenerating Lisp code from process_srvs/PhysicalEntityGetModelUrlFromTypeIri.srv[0m
[ 17%] [34m[1mGenerating Javascript code from process_srvs/ProcessDeleteSubtask.srv[0m
[ 17%] [34m[1mGenerating Python code from SRV process_srvs/IndividualGetPose[0m
[ 18%] [34m[1mGenerating C++ code from process_srvs/PhysicalEntityDelete.srv[0m
[ 18%] [34m[1mGenerating Python code from SRV process_srvs/IndividualSetPose[0m
[ 19%] [34m[1mGenerating C++ code from process_srvs/PhysicalEntityGet.srv[0m
[ 20%] [34m[1mGenerating Lisp code from process_srvs/PhysicalEntityList.srv[0m
[ 20%] [34m[1mGenerating Lisp code from process_srvs/PhysicalEntityGetModelUrlsFromTypeIris.srv[0m
[ 20%] [34m[1mGenerating Javascript code from process_srvs/ProcessDelete.srv[0m
[ 21%] [34m[1mGenerating EusLisp code from process_srvs/PhysicalEntityDelete.srv[0m
[ 21%] [34m[1mGenerating Lisp code from process_srvs/PhysicalEntityListFromCategoryIri.srv[0m
[ 21%] [34m[1mGenerating EusLisp code from process_srvs/PhysicalEntityGet.srv[0m
[ 22%] [34m[1mGenerating Javascript code from process_srvs/ProcessExecute.srv[0m
[ 22%] [34m[1mGenerating Javascript code from process_srvs/ProcessGet.srv[0m
[ 22%] [34m[1mGenerating Lisp code from process_srvs/PhysicalEntityListTypes.srv[0m
[ 22%] [34m[1mGenerating Python code from SRV process_srvs/PartialOrderingConstraintSet[0m
[ 22%] [34m[1mGenerating C++ code from process_srvs/PhysicalEntityGetModelUrlFromTypeIri.srv[0m
[ 22%] [34m[1mGenerating EusLisp code from process_srvs/PhysicalEntityGetModelUrlFromTypeIri.srv[0m
[ 23%] [34m[1mGenerating Javascript code from process_srvs/ProcessList.srv[0m
[ 23%] [34m[1mGenerating Javascript code from process_srvs/ProcessLoad.srv[0m
[ 24%] [34m[1mGenerating EusLisp code from process_srvs/PhysicalEntityGetModelUrlsFromTypeIris.srv[0m
[ 24%] [34m[1mGenerating Javascript code from process_srvs/ProcessMapToWorkcell.srv[0m
[ 25%] [34m[1mGenerating Lisp code from process_srvs/PhysicalEntityListTypesFromCategoryIri.srv[0m
[ 26%] [34m[1mGenerating Javascript code from process_srvs/ProcessPause.srv[0m
[ 26%] [34m[1mGenerating Javascript code from process_srvs/ProcessPlanPublish.srv[0m
[ 26%] [34m[1mGenerating C++ code from process_srvs/PhysicalEntityGetModelUrlsFromTypeIris.srv[0m
[ 26%] [34m[1mGenerating Javascript code from process_srvs/ProcessPrint.srv[0m
[ 26%] [34m[1mGenerating Python code from SRV process_srvs/PhysicalEntityCreate[0m
[ 26%] [34m[1mGenerating Lisp code from process_srvs/PhysicalEntitySetDescription.srv[0m
[ 26%] [34m[1mGenerating EusLisp code from process_srvs/PhysicalEntityListFromCategoryIri.srv[0m
[ 26%] [34m[1mGenerating EusLisp code from process_srvs/PhysicalEntityList.srv[0m
[ 26%] [34m[1mGenerating Lisp code from process_srvs/PhysicalEntitySetName.srv[0m
[ 27%] [34m[1mGenerating Javascript code from process_srvs/ProcessSave.srv[0m
[ 28%] [34m[1mGenerating EusLisp code from process_srvs/PhysicalEntityListTypes.srv[0m
[ 29%] [34m[1mGenerating Python code from SRV process_srvs/PhysicalEntityDelete[0m
[ 30%] [34m[1mGenerating Lisp code from process_srvs/ProcessAbort.srv[0m
[ 30%] [34m[1mGenerating Javascript code from process_srvs/ProcessSetCurrentSubtask.srv[0m
[ 30%] [34m[1mGenerating EusLisp code from process_srvs/PhysicalEntityListTypesFromCategoryIri.srv[0m
[ 30%] [34m[1mGenerating Lisp code from process_srvs/ProcessCreate.srv[0m
[ 31%] [34m[1mGenerating C++ code from process_srvs/PhysicalEntityList.srv[0m
[ 31%] [34m[1mGenerating EusLisp code from process_srvs/PhysicalEntitySetDescription.srv[0m
[ 31%] [34m[1mGenerating Lisp code from process_srvs/ProcessCreateSubtask.srv[0m
[ 32%] [34m[1mGenerating EusLisp code from process_srvs/PhysicalEntitySetName.srv[0m
[ 32%] [34m[1mGenerating Javascript code from process_srvs/ProcessSetDescription.srv[0m
[ 33%] [34m[1mGenerating Javascript code from process_srvs/ProcessSetImageUrl.srv[0m
[ 33%] [34m[1mGenerating Python code from SRV process_srvs/PhysicalEntityGet[0m
[ 33%] [34m[1mGenerating Javascript code from process_srvs/ProcessSetName.srv[0m
[ 33%] [34m[1mGenerating Javascript code from process_srvs/ProcessSetStatus.srv[0m
[ 34%] [34m[1mGenerating Lisp code from process_srvs/ProcessDeleteSubtask.srv[0m
[ 34%] [34m[1mGenerating Lisp code from process_srvs/ProcessDelete.srv[0m
[ 34%] [34m[1mGenerating EusLisp code from process_srvs/ProcessAbort.srv[0m
[ 34%] [34m[1mGenerating Javascript code from process_srvs/TaskDeleteSubtask.srv[0m
[ 35%] [34m[1mGenerating Javascript code from process_srvs/TaskCreateSubtask.srv[0m
[ 36%] [34m[1mGenerating Javascript code from process_srvs/TaskGet.srv[0m
[ 36%] [34m[1mGenerating C++ code from process_srvs/PhysicalEntityListFromCategoryIri.srv[0m
[ 37%] [34m[1mGenerating Lisp code from process_srvs/ProcessExecute.srv[0m
[ 37%] [34m[1mGenerating Lisp code from process_srvs/ProcessGet.srv[0m
[ 37%] [34m[1mGenerating EusLisp code from process_srvs/ProcessCreate.srv[0m
[ 37%] [34m[1mGenerating Python code from SRV process_srvs/PhysicalEntityGetModelUrlFromTypeIri[0m
[ 38%] [34m[1mGenerating Python code from SRV process_srvs/PhysicalEntityGetModelUrlsFromTypeIris[0m
[ 38%] [34m[1mGenerating C++ code from process_srvs/PhysicalEntityListTypes.srv[0m
[ 39%] [34m[1mGenerating C++ code from process_srvs/PhysicalEntityListTypesFromCategoryIri.srv[0m
[ 39%] [34m[1mGenerating Javascript code from process_srvs/TaskListSubtypes.srv[0m
[ 39%] [34m[1mGenerating Lisp code from process_srvs/ProcessList.srv[0m
[ 39%] [34m[1mGenerating Javascript code from process_srvs/TaskSetCurrentSubtask.srv[0m
[ 40%] [34m[1mGenerating EusLisp code from process_srvs/ProcessCreateSubtask.srv[0m
[ 41%] [34m[1mGenerating Lisp code from process_srvs/ProcessLoad.srv[0m
[ 41%] [34m[1mGenerating Javascript code from process_srvs/TaskSetImageUrl.srv[0m
[ 42%] [34m[1mGenerating Javascript code from process_srvs/TaskSetDescription.srv[0m
[ 42%] [34m[1mGenerating Python code from SRV process_srvs/PhysicalEntityList[0m
[ 43%] [34m[1mGenerating Python code from SRV process_srvs/PhysicalEntityListFromCategoryIri[0m
[ 42%] [34m[1mGenerating C++ code from process_srvs/PhysicalEntitySetDescription.srv[0m
[ 43%] [34m[1mGenerating EusLisp code from process_srvs/ProcessDeleteSubtask.srv[0m
[ 43%] [34m[1mGenerating Python code from SRV process_srvs/PhysicalEntityListTypes[0m
[ 43%] [34m[1mGenerating Lisp code from process_srvs/ProcessMapToWorkcell.srv[0m
[ 43%] [34m[1mGenerating Javascript code from process_srvs/TaskSetName.srv[0m
[ 43%] [34m[1mGenerating Python code from SRV process_srvs/PhysicalEntityListTypesFromCategoryIri[0m
[ 44%] [34m[1mGenerating Javascript code from process_srvs/TaskSetParameterBoolean.srv[0m
[ 45%] [34m[1mGenerating EusLisp code from process_srvs/ProcessDelete.srv[0m
[ 45%] [34m[1mGenerating Lisp code from process_srvs/ProcessPause.srv[0m
[ 46%] [34m[1mGenerating Lisp code from process_srvs/ProcessPlanPublish.srv[0m
[ 46%] [34m[1mGenerating Lisp code from process_srvs/ProcessPrint.srv[0m
[ 46%] [34m[1mGenerating Javascript code from process_srvs/TaskSetParameterCombinedGeometricInterrelationConstraint.srv[0m
[ 46%] [34m[1mGenerating Javascript code from process_srvs/TaskSetParameterDouble.srv[0m
[ 46%] [34m[1mGenerating EusLisp code from process_srvs/ProcessExecute.srv[0m
[ 47%] [34m[1mGenerating Javascript code from process_srvs/TaskSetParameterIndividual.srv[0m
[ 47%] [34m[1mGenerating C++ code from process_srvs/PhysicalEntitySetName.srv[0m
[ 48%] [34m[1mGenerating Python code from SRV process_srvs/PhysicalEntitySetDescription[0m
[ 48%] [34m[1mGenerating Lisp code from process_srvs/ProcessSave.srv[0m
[ 48%] [34m[1mGenerating Javascript code from process_srvs/TaskSetParameterLong.srv[0m
[ 48%] [34m[1mGenerating EusLisp code from process_srvs/ProcessGet.srv[0m
[ 48%] [34m[1mGenerating Javascript code from process_srvs/TaskSetParameterPhysicalEntity.srv[0m
[ 50%] [34m[1mGenerating Javascript code from process_srvs/TaskSetParameterString.srv[0m
[ 51%] [34m[1mGenerating Lisp code from process_srvs/ProcessSetCurrentSubtask.srv[0m
[ 51%] [34m[1mGenerating Javascript code from process_srvs/TaskSetStatus.srv[0m
[ 51%] [34m[1mGenerating Lisp code from process_srvs/ProcessSetDescription.srv[0m
[ 51%] [34m[1mGenerating Lisp code from process_srvs/ProcessSetImageUrl.srv[0m
[ 52%] [34m[1mGenerating Javascript code from process_srvs/WorkcellGet.srv[0m
[ 53%] [34m[1mGenerating Lisp code from process_srvs/ProcessSetName.srv[0m
[ 54%] [34m[1mGenerating EusLisp code from process_srvs/ProcessList.srv[0m
[ 54%] [34m[1mGenerating Lisp code from process_srvs/ProcessSetStatus.srv[0m
[ 54%] [34m[1mGenerating Python code from SRV process_srvs/PhysicalEntitySetName[0m
[ 55%] [34m[1mGenerating Lisp code from process_srvs/TaskCreateSubtask.srv[0m
[ 56%] [34m[1mGenerating C++ code from process_srvs/ProcessAbort.srv[0m
[ 56%] [34m[1mGenerating Lisp code from process_srvs/TaskDeleteSubtask.srv[0m
[ 56%] [34m[1mGenerating Javascript code from process_srvs/WorkcellList.srv[0m
[ 56%] [34m[1mGenerating Python code from SRV process_srvs/ProcessAbort[0m
[ 56%] [34m[1mGenerating Lisp code from process_srvs/TaskGet.srv[0m
[ 56%] [34m[1mGenerating EusLisp code from process_srvs/ProcessLoad.srv[0m
[ 57%] [34m[1mGenerating Python code from SRV process_srvs/ProcessCreate[0m
[ 57%] Built target process_srvs_generate_messages_nodejs
[ 57%] [34m[1mGenerating C++ code from process_srvs/ProcessCreate.srv[0m
[ 58%] [34m[1mGenerating C++ code from process_srvs/ProcessCreateSubtask.srv[0m
[ 59%] [34m[1mGenerating Lisp code from process_srvs/TaskListSubtypes.srv[0m
[ 59%] [34m[1mGenerating C++ code from process_srvs/ProcessDeleteSubtask.srv[0m
[ 59%] [34m[1mGenerating EusLisp code from process_srvs/ProcessMapToWorkcell.srv[0m
[ 60%] [34m[1mGenerating EusLisp code from process_srvs/ProcessPause.srv[0m
[ 60%] [34m[1mGenerating EusLisp code from process_srvs/ProcessPlanPublish.srv[0m
[ 60%] [34m[1mGenerating Lisp code from process_srvs/TaskSetCurrentSubtask.srv[0m
[ 60%] [34m[1mGenerating C++ code from process_srvs/ProcessDelete.srv[0m
[ 60%] [34m[1mGenerating Python code from SRV process_srvs/ProcessCreateSubtask[0m
[ 60%] [34m[1mGenerating Python code from SRV process_srvs/ProcessDeleteSubtask[0m
[ 61%] [34m[1mGenerating C++ code from process_srvs/ProcessExecute.srv[0m
[ 61%] [34m[1mGenerating Lisp code from process_srvs/TaskSetDescription.srv[0m
[ 61%] [34m[1mGenerating EusLisp code from process_srvs/ProcessPrint.srv[0m
[ 62%] [34m[1mGenerating EusLisp code from process_srvs/ProcessSave.srv[0m
[ 62%] [34m[1mGenerating C++ code from process_srvs/ProcessGet.srv[0m
[ 63%] [34m[1mGenerating Lisp code from process_srvs/TaskSetImageUrl.srv[0m
[ 63%] [34m[1mGenerating C++ code from process_srvs/ProcessList.srv[0m
[ 64%] [34m[1mGenerating C++ code from process_srvs/ProcessLoad.srv[0m
[ 64%] [34m[1mGenerating C++ code from process_srvs/ProcessMapToWorkcell.srv[0m
[ 64%] [34m[1mGenerating EusLisp code from process_srvs/ProcessSetCurrentSubtask.srv[0m
[ 64%] [34m[1mGenerating Lisp code from process_srvs/TaskSetName.srv[0m
[ 64%] [34m[1mGenerating C++ code from process_srvs/ProcessPause.srv[0m
[ 65%] [34m[1mGenerating Python code from SRV process_srvs/ProcessDelete[0m
[ 66%] [34m[1mGenerating C++ code from process_srvs/ProcessPlanPublish.srv[0m
[ 66%] [34m[1mGenerating Lisp code from process_srvs/TaskSetParameterBoolean.srv[0m
[ 66%] [34m[1mGenerating Python code from SRV process_srvs/ProcessExecute[0m
[ 66%] [34m[1mGenerating EusLisp code from process_srvs/ProcessSetDescription.srv[0m
[ 66%] [34m[1mGenerating C++ code from process_srvs/ProcessPrint.srv[0m
[ 67%] [34m[1mGenerating EusLisp code from process_srvs/ProcessSetImageUrl.srv[0m
[ 68%] [34m[1mGenerating C++ code from process_srvs/ProcessSave.srv[0m
[ 68%] [34m[1mGenerating Lisp code from process_srvs/TaskSetParameterCombinedGeometricInterrelationConstraint.srv[0m
[ 68%] [34m[1mGenerating EusLisp code from process_srvs/ProcessSetName.srv[0m
[ 68%] [34m[1mGenerating Python code from SRV process_srvs/ProcessGet[0m
[ 68%] [34m[1mGenerating Lisp code from process_srvs/TaskSetParameterDouble.srv[0m
[ 68%] [34m[1mGenerating Lisp code from process_srvs/TaskSetParameterIndividual.srv[0m
[ 69%] [34m[1mGenerating EusLisp code from process_srvs/ProcessSetStatus.srv[0m
[ 70%] [34m[1mGenerating Python code from SRV process_srvs/ProcessList[0m
[ 71%] [34m[1mGenerating Lisp code from process_srvs/TaskSetParameterLong.srv[0m
[ 71%] [34m[1mGenerating Lisp code from process_srvs/TaskSetParameterPhysicalEntity.srv[0m
[ 72%] [34m[1mGenerating C++ code from process_srvs/ProcessSetCurrentSubtask.srv[0m
[ 72%] [34m[1mGenerating EusLisp code from process_srvs/TaskCreateSubtask.srv[0m
[ 72%] [34m[1mGenerating C++ code from process_srvs/ProcessSetDescription.srv[0m
[ 73%] [34m[1mGenerating Lisp code from process_srvs/TaskSetParameterString.srv[0m
[ 73%] [34m[1mGenerating Python code from SRV process_srvs/ProcessLoad[0m
[ 74%] [34m[1mGenerating C++ code from process_srvs/ProcessSetImageUrl.srv[0m
[ 75%] [34m[1mGenerating Python code from SRV process_srvs/ProcessMapToWorkcell[0m
[ 75%] [34m[1mGenerating Lisp code from process_srvs/TaskSetStatus.srv[0m
[ 75%] [34m[1mGenerating EusLisp code from process_srvs/TaskDeleteSubtask.srv[0m
[ 75%] [34m[1mGenerating Lisp code from process_srvs/WorkcellGet.srv[0m
[ 75%] [34m[1mGenerating Python code from SRV process_srvs/ProcessPause[0m
[ 75%] [34m[1mGenerating C++ code from process_srvs/ProcessSetName.srv[0m
[ 76%] [34m[1mGenerating Lisp code from process_srvs/WorkcellList.srv[0m
[ 77%] [34m[1mGenerating EusLisp code from process_srvs/TaskGet.srv[0m
[ 77%] [34m[1mGenerating C++ code from process_srvs/ProcessSetStatus.srv[0m
[ 77%] [34m[1mGenerating Python code from SRV process_srvs/ProcessPlanPublish[0m
[ 77%] [34m[1mGenerating EusLisp code from process_srvs/TaskListSubtypes.srv[0m
[ 78%] [34m[1mGenerating C++ code from process_srvs/TaskCreateSubtask.srv[0m
[ 78%] Built target process_srvs_generate_messages_lisp
[ 78%] [34m[1mGenerating EusLisp code from process_srvs/TaskSetCurrentSubtask.srv[0m
[ 79%] [34m[1mGenerating EusLisp code from process_srvs/TaskSetDescription.srv[0m
[ 80%] [34m[1mGenerating Python code from SRV process_srvs/ProcessPrint[0m
[ 80%] [34m[1mGenerating EusLisp code from process_srvs/TaskSetImageUrl.srv[0m
[ 80%] [34m[1mGenerating C++ code from process_srvs/TaskDeleteSubtask.srv[0m
[ 80%] [34m[1mGenerating EusLisp code from process_srvs/TaskSetName.srv[0m
[ 80%] [34m[1mGenerating Python code from SRV process_srvs/ProcessSave[0m
[ 81%] [34m[1mGenerating C++ code from process_srvs/TaskListSubtypes.srv[0m
[ 81%] [34m[1mGenerating C++ code from process_srvs/TaskGet.srv[0m
[ 82%] [34m[1mGenerating EusLisp code from process_srvs/TaskSetParameterBoolean.srv[0m
[ 82%] [34m[1mGenerating EusLisp code from process_srvs/TaskSetParameterCombinedGeometricInterrelationConstraint.srv[0m
[ 82%] [34m[1mGenerating EusLisp code from process_srvs/TaskSetParameterDouble.srv[0m
[ 82%] [34m[1mGenerating Python code from SRV process_srvs/ProcessSetCurrentSubtask[0m
[ 82%] [34m[1mGenerating C++ code from process_srvs/TaskSetCurrentSubtask.srv[0m
[ 83%] [34m[1mGenerating EusLisp code from process_srvs/TaskSetParameterIndividual.srv[0m
[ 83%] [34m[1mGenerating C++ code from process_srvs/TaskSetDescription.srv[0m
[ 84%] [34m[1mGenerating C++ code from process_srvs/TaskSetImageUrl.srv[0m
[ 85%] [34m[1mGenerating Python code from SRV process_srvs/ProcessSetDescription[0m
[ 85%] [34m[1mGenerating EusLisp code from process_srvs/TaskSetParameterLong.srv[0m
[ 85%] [34m[1mGenerating C++ code from process_srvs/TaskSetName.srv[0m
[ 85%] [34m[1mGenerating C++ code from process_srvs/TaskSetParameterBoolean.srv[0m
[ 85%] [34m[1mGenerating Python code from SRV process_srvs/ProcessSetImageUrl[0m
[ 86%] [34m[1mGenerating EusLisp code from process_srvs/TaskSetParameterPhysicalEntity.srv[0m
[ 86%] [34m[1mGenerating EusLisp code from process_srvs/TaskSetParameterString.srv[0m
[ 86%] [34m[1mGenerating EusLisp code from process_srvs/TaskSetStatus.srv[0m
[ 87%] [34m[1mGenerating EusLisp code from process_srvs/WorkcellGet.srv[0m
[ 87%] [34m[1mGenerating EusLisp code from process_srvs/WorkcellList.srv[0m
[ 87%] [34m[1mGenerating Python code from SRV process_srvs/ProcessSetName[0m
[ 88%] [34m[1mGenerating Python code from SRV process_srvs/ProcessSetStatus[0m
[ 88%] [34m[1mGenerating EusLisp manifest code for process_srvs[0m
[ 89%] [34m[1mGenerating C++ code from process_srvs/TaskSetParameterCombinedGeometricInterrelationConstraint.srv[0m
[ 89%] [34m[1mGenerating Python code from SRV process_srvs/TaskCreateSubtask[0m
[ 89%] [34m[1mGenerating Python code from SRV process_srvs/TaskDeleteSubtask[0m
[ 89%] [34m[1mGenerating C++ code from process_srvs/TaskSetParameterDouble.srv[0m
[ 90%] [34m[1mGenerating C++ code from process_srvs/TaskSetParameterIndividual.srv[0m
[ 91%] [34m[1mGenerating Python code from SRV process_srvs/TaskGet[0m
[ 91%] [34m[1mGenerating Python code from SRV process_srvs/TaskListSubtypes[0m
[ 92%] [34m[1mGenerating Python code from SRV process_srvs/TaskSetCurrentSubtask[0m
[ 92%] [34m[1mGenerating Python code from SRV process_srvs/TaskSetDescription[0m
[ 92%] [34m[1mGenerating C++ code from process_srvs/TaskSetParameterLong.srv[0m
[ 92%] [34m[1mGenerating C++ code from process_srvs/TaskSetParameterPhysicalEntity.srv[0m
[ 93%] [34m[1mGenerating C++ code from process_srvs/TaskSetParameterString.srv[0m
[ 93%] [34m[1mGenerating Python code from SRV process_srvs/TaskSetImageUrl[0m
[ 93%] [34m[1mGenerating C++ code from process_srvs/TaskSetStatus.srv[0m
[ 93%] [34m[1mGenerating C++ code from process_srvs/WorkcellGet.srv[0m
[ 94%] [34m[1mGenerating C++ code from process_srvs/WorkcellList.srv[0m
[ 95%] [34m[1mGenerating Python code from SRV process_srvs/TaskSetName[0m
[ 95%] [34m[1mGenerating Python code from SRV process_srvs/TaskSetParameterBoolean[0m
[ 95%] [34m[1mGenerating Python code from SRV process_srvs/TaskSetParameterCombinedGeometricInterrelationConstraint[0m
[ 96%] [34m[1mGenerating Python code from SRV process_srvs/TaskSetParameterDouble[0m
[ 96%] [34m[1mGenerating Python code from SRV process_srvs/TaskSetParameterIndividual[0m
[ 96%] [34m[1mGenerating Python code from SRV process_srvs/TaskSetParameterLong[0m
[ 97%] [34m[1mGenerating Python code from SRV process_srvs/TaskSetParameterPhysicalEntity[0m
[ 97%] [34m[1mGenerating Python code from SRV process_srvs/TaskSetParameterString[0m
[ 97%] Built target process_srvs_generate_messages_eus
[ 97%] [34m[1mGenerating Python code from SRV process_srvs/TaskSetStatus[0m
[ 98%] [34m[1mGenerating Python code from SRV process_srvs/WorkcellGet[0m
[ 98%] [34m[1mGenerating Python code from SRV process_srvs/WorkcellList[0m
[ 98%] Built target process_srvs_generate_messages_cpp
[100%] [34m[1mGenerating Python srv __init__.py for process_srvs[0m
[100%] Built target process_srvs_generate_messages_py
[35m[1mScanning dependencies of target process_srvs_generate_messages[0m
[100%] Built target process_srvs_generate_messages
