[  0%] Built target sensor_msgs_generate_messages_cpp
[  0%] Built target std_msgs_generate_messages_cpp
[  0%] Built target geometry_msgs_generate_messages_cpp
[  0%] Built target _lwr_controllers_generate_messages_check_deps_RPY
[  0%] Built target _lwr_controllers_generate_messages_check_deps_Stiffness
[  0%] Built target _lwr_controllers_generate_messages_check_deps_CartesianImpedancePoint
[  0%] Built target _lwr_controllers_generate_messages_check_deps_ArmState
[  0%] Built target _lwr_controllers_generate_messages_check_deps_MultiPriorityTask
[  0%] Built target sensor_msgs_generate_messages_py
[  0%] Built target geometry_msgs_generate_messages_py
[  0%] Built target sensor_msgs_generate_messages_nodejs
[  0%] Built target std_msgs_generate_messages_py
[  0%] Built target std_msgs_generate_messages_nodejs
[  0%] Built target _lwr_controllers_generate_messages_check_deps_PoseRPY
[  0%] Built target _lwr_controllers_generate_messages_check_deps_SetCartesianImpedanceCommand
[  0%] Built target geometry_msgs_generate_messages_nodejs
[  0%] Built target sensor_msgs_generate_messages_lisp
[  0%] Built target sensor_msgs_generate_messages_eus
[  0%] Built target std_msgs_generate_messages_lisp
[  0%] Built target geometry_msgs_generate_messages_lisp
[  0%] Built target geometry_msgs_generate_messages_eus
[  0%] Built target std_msgs_generate_messages_eus
[ 15%] Built target lwr_controllers_generate_messages_py
[ 27%] Built target lwr_controllers_generate_messages_cpp
[ 38%] Built target lwr_controllers_generate_messages_lisp
[ 50%] Built target lwr_controllers_generate_messages_nodejs
[ 64%] Built target lwr_controllers_generate_messages_eus
[ 64%] Built target lwr_controllers_gencpp
[ 64%] Built target lwr_controllers_generate_messages
[100%] Built target lwr_controllers
