Symlinking /home/fu/workspaces/knob_kuka_ws/devel/share/lwr_controllers/cmake/lwr_controllers-msg-extras.cmake
Symlinking /home/fu/workspaces/knob_kuka_ws/devel/share/lwr_controllers/cmake/lwr_controllers-msg-paths.cmake
Symlinking /home/fu/workspaces/knob_kuka_ws/devel/share/lwr_controllers/cmake/lwr_controllersConfig.cmake
Symlinking /home/fu/workspaces/knob_kuka_ws/devel/share/lwr_controllers/cmake/lwr_controllersConfig-version.cmake
Symlinking /home/fu/workspaces/knob_kuka_ws/devel/share/gennodejs/ros/lwr_controllers/_index.js
Symlinking /home/fu/workspaces/knob_kuka_ws/devel/share/gennodejs/ros/lwr_controllers/srv/_index.js
Symlinking /home/fu/workspaces/knob_kuka_ws/devel/share/gennodejs/ros/lwr_controllers/srv/SetCartesianImpedanceCommand.js
Symlinking /home/fu/workspaces/knob_kuka_ws/devel/share/gennodejs/ros/lwr_controllers/msg/Stiffness.js
Symlinking /home/fu/workspaces/knob_kuka_ws/devel/share/gennodejs/ros/lwr_controllers/msg/PoseRPY.js
Symlinking /home/fu/workspaces/knob_kuka_ws/devel/share/gennodejs/ros/lwr_controllers/msg/ArmState.js
Symlinking /home/fu/workspaces/knob_kuka_ws/devel/share/gennodejs/ros/lwr_controllers/msg/RPY.js
Symlinking /home/fu/workspaces/knob_kuka_ws/devel/share/gennodejs/ros/lwr_controllers/msg/CartesianImpedancePoint.js
Symlinking /home/fu/workspaces/knob_kuka_ws/devel/share/gennodejs/ros/lwr_controllers/msg/MultiPriorityTask.js
Symlinking /home/fu/workspaces/knob_kuka_ws/devel/share/gennodejs/ros/lwr_controllers/msg/_index.js
Symlinking /home/fu/workspaces/knob_kuka_ws/devel/share/roseus/ros/lwr_controllers/manifest.l
Symlinking /home/fu/workspaces/knob_kuka_ws/devel/share/roseus/ros/lwr_controllers/srv/SetCartesianImpedanceCommand.l
Symlinking /home/fu/workspaces/knob_kuka_ws/devel/share/roseus/ros/lwr_controllers/msg/Stiffness.l
Symlinking /home/fu/workspaces/knob_kuka_ws/devel/share/roseus/ros/lwr_controllers/msg/MultiPriorityTask.l
Symlinking /home/fu/workspaces/knob_kuka_ws/devel/share/roseus/ros/lwr_controllers/msg/ArmState.l
Symlinking /home/fu/workspaces/knob_kuka_ws/devel/share/roseus/ros/lwr_controllers/msg/PoseRPY.l
Symlinking /home/fu/workspaces/knob_kuka_ws/devel/share/roseus/ros/lwr_controllers/msg/CartesianImpedancePoint.l
Symlinking /home/fu/workspaces/knob_kuka_ws/devel/share/roseus/ros/lwr_controllers/msg/RPY.l
Symlinking /home/fu/workspaces/knob_kuka_ws/devel/share/common-lisp/ros/lwr_controllers/srv/_package.lisp
Symlinking /home/fu/workspaces/knob_kuka_ws/devel/share/common-lisp/ros/lwr_controllers/srv/SetCartesianImpedanceCommand.lisp
Symlinking /home/fu/workspaces/knob_kuka_ws/devel/share/common-lisp/ros/lwr_controllers/srv/lwr_controllers-srv.asd
Symlinking /home/fu/workspaces/knob_kuka_ws/devel/share/common-lisp/ros/lwr_controllers/srv/_package_SetCartesianImpedanceCommand.lisp
Symlinking /home/fu/workspaces/knob_kuka_ws/devel/share/common-lisp/ros/lwr_controllers/msg/_package.lisp
Symlinking /home/fu/workspaces/knob_kuka_ws/devel/share/common-lisp/ros/lwr_controllers/msg/_package_RPY.lisp
Symlinking /home/fu/workspaces/knob_kuka_ws/devel/share/common-lisp/ros/lwr_controllers/msg/_package_MultiPriorityTask.lisp
Symlinking /home/fu/workspaces/knob_kuka_ws/devel/share/common-lisp/ros/lwr_controllers/msg/Stiffness.lisp
Symlinking /home/fu/workspaces/knob_kuka_ws/devel/share/common-lisp/ros/lwr_controllers/msg/_package_Stiffness.lisp
Symlinking /home/fu/workspaces/knob_kuka_ws/devel/share/common-lisp/ros/lwr_controllers/msg/ArmState.lisp
Symlinking /home/fu/workspaces/knob_kuka_ws/devel/share/common-lisp/ros/lwr_controllers/msg/lwr_controllers-msg.asd
Symlinking /home/fu/workspaces/knob_kuka_ws/devel/share/common-lisp/ros/lwr_controllers/msg/CartesianImpedancePoint.lisp
Symlinking /home/fu/workspaces/knob_kuka_ws/devel/share/common-lisp/ros/lwr_controllers/msg/_package_ArmState.lisp
Symlinking /home/fu/workspaces/knob_kuka_ws/devel/share/common-lisp/ros/lwr_controllers/msg/RPY.lisp
Symlinking /home/fu/workspaces/knob_kuka_ws/devel/share/common-lisp/ros/lwr_controllers/msg/MultiPriorityTask.lisp
Symlinking /home/fu/workspaces/knob_kuka_ws/devel/share/common-lisp/ros/lwr_controllers/msg/_package_CartesianImpedancePoint.lisp
Symlinking /home/fu/workspaces/knob_kuka_ws/devel/share/common-lisp/ros/lwr_controllers/msg/_package_PoseRPY.lisp
Symlinking /home/fu/workspaces/knob_kuka_ws/devel/share/common-lisp/ros/lwr_controllers/msg/PoseRPY.lisp
Symlinking /home/fu/workspaces/knob_kuka_ws/devel/lib/liblwr_controllers.so
Symlinking /home/fu/workspaces/knob_kuka_ws/devel/lib/pkgconfig/lwr_controllers.pc
Symlinking /home/fu/workspaces/knob_kuka_ws/devel/lib/python3/dist-packages/lwr_controllers/__init__.py
Symlinking /home/fu/workspaces/knob_kuka_ws/devel/lib/python3/dist-packages/lwr_controllers/srv/_SetCartesianImpedanceCommand.py
Symlinking /home/fu/workspaces/knob_kuka_ws/devel/lib/python3/dist-packages/lwr_controllers/srv/__init__.py
Symlinking /home/fu/workspaces/knob_kuka_ws/devel/lib/python3/dist-packages/lwr_controllers/msg/_CartesianImpedancePoint.py
Symlinking /home/fu/workspaces/knob_kuka_ws/devel/lib/python3/dist-packages/lwr_controllers/msg/_Stiffness.py
Symlinking /home/fu/workspaces/knob_kuka_ws/devel/lib/python3/dist-packages/lwr_controllers/msg/_PoseRPY.py
Symlinking /home/fu/workspaces/knob_kuka_ws/devel/lib/python3/dist-packages/lwr_controllers/msg/_MultiPriorityTask.py
Symlinking /home/fu/workspaces/knob_kuka_ws/devel/lib/python3/dist-packages/lwr_controllers/msg/__init__.py
Symlinking /home/fu/workspaces/knob_kuka_ws/devel/lib/python3/dist-packages/lwr_controllers/msg/_ArmState.py
Symlinking /home/fu/workspaces/knob_kuka_ws/devel/lib/python3/dist-packages/lwr_controllers/msg/_RPY.py
Symlinking /home/fu/workspaces/knob_kuka_ws/devel/include/lwr_controllers/SetCartesianImpedanceCommandRequest.h
Symlinking /home/fu/workspaces/knob_kuka_ws/devel/include/lwr_controllers/CartesianImpedancePoint.h
Symlinking /home/fu/workspaces/knob_kuka_ws/devel/include/lwr_controllers/SetCartesianImpedanceCommandResponse.h
Symlinking /home/fu/workspaces/knob_kuka_ws/devel/include/lwr_controllers/MultiPriorityTask.h
Symlinking /home/fu/workspaces/knob_kuka_ws/devel/include/lwr_controllers/Stiffness.h
Symlinking /home/fu/workspaces/knob_kuka_ws/devel/include/lwr_controllers/SetCartesianImpedanceCommand.h
Symlinking /home/fu/workspaces/knob_kuka_ws/devel/include/lwr_controllers/PoseRPY.h
Symlinking /home/fu/workspaces/knob_kuka_ws/devel/include/lwr_controllers/ArmState.h
Symlinking /home/fu/workspaces/knob_kuka_ws/devel/include/lwr_controllers/RPY.h
