[35m[1mScanning dependencies of target _lwr_controllers_generate_messages_check_deps_MultiPriorityTask[0m
[35m[1mScanning dependencies of target _lwr_controllers_generate_messages_check_deps_Stiffness[0m
[35m[1mScanning dependencies of target _lwr_controllers_generate_messages_check_deps_CartesianImpedancePoint[0m
[35m[1mScanning dependencies of target _lwr_controllers_generate_messages_check_deps_RPY[0m
[35m[1mScanning dependencies of target geometry_msgs_generate_messages_cpp[0m
[35m[1mScanning dependencies of target std_msgs_generate_messages_cpp[0m
[35m[1mScanning dependencies of target _lwr_controllers_generate_messages_check_deps_ArmState[0m
[35m[1mScanning dependencies of target sensor_msgs_generate_messages_cpp[0m
[  0%] Built target std_msgs_generate_messages_cpp
[  0%] Built target geometry_msgs_generate_messages_cpp
[35m[1mScanning dependencies of target _lwr_controllers_generate_messages_check_deps_SetCartesianImpedanceCommand[0m
[  0%] Built target sensor_msgs_generate_messages_cpp
[35m[1mScanning dependencies of target sensor_msgs_generate_messages_py[0m
[  0%] Built target _lwr_controllers_generate_messages_check_deps_MultiPriorityTask
[  0%] Built target _lwr_controllers_generate_messages_check_deps_RPY
[35m[1mScanning dependencies of target _lwr_controllers_generate_messages_check_deps_PoseRPY[0m
[  0%] Built target _lwr_controllers_generate_messages_check_deps_Stiffness
[  0%] Built target sensor_msgs_generate_messages_py
[35m[1mScanning dependencies of target geometry_msgs_generate_messages_py[0m
[  0%] Built target _lwr_controllers_generate_messages_check_deps_CartesianImpedancePoint
[35m[1mScanning dependencies of target std_msgs_generate_messages_py[0m
[35m[1mScanning dependencies of target std_msgs_generate_messages_nodejs[0m
[35m[1mScanning dependencies of target geometry_msgs_generate_messages_nodejs[0m
[  0%] Built target geometry_msgs_generate_messages_py
[35m[1mScanning dependencies of target sensor_msgs_generate_messages_nodejs[0m
[  0%] Built target _lwr_controllers_generate_messages_check_deps_ArmState
[  0%] Built target std_msgs_generate_messages_nodejs
[  0%] Built target std_msgs_generate_messages_py
[35m[1mScanning dependencies of target sensor_msgs_generate_messages_lisp[0m
[  0%] Built target geometry_msgs_generate_messages_nodejs
[  0%] Built target _lwr_controllers_generate_messages_check_deps_SetCartesianImpedanceCommand
[  0%] Built target sensor_msgs_generate_messages_nodejs
[35m[1mScanning dependencies of target std_msgs_generate_messages_lisp[0m
[35m[1mScanning dependencies of target geometry_msgs_generate_messages_lisp[0m
[  0%] Built target sensor_msgs_generate_messages_lisp
[35m[1mScanning dependencies of target geometry_msgs_generate_messages_eus[0m
[35m[1mScanning dependencies of target sensor_msgs_generate_messages_eus[0m
[  0%] Built target _lwr_controllers_generate_messages_check_deps_PoseRPY
[35m[1mScanning dependencies of target std_msgs_generate_messages_eus[0m
[  0%] Built target std_msgs_generate_messages_lisp
[  0%] Built target geometry_msgs_generate_messages_eus
[  0%] Built target sensor_msgs_generate_messages_eus
[35m[1mScanning dependencies of target lwr_controllers_generate_messages_cpp[0m
[  0%] Built target geometry_msgs_generate_messages_lisp
[  0%] Built target std_msgs_generate_messages_eus
[35m[1mScanning dependencies of target lwr_controllers_generate_messages_py[0m
[35m[1mScanning dependencies of target lwr_controllers_generate_messages_nodejs[0m
[  1%] [34m[1mGenerating C++ code from lwr_controllers/PoseRPY.msg[0m
[35m[1mScanning dependencies of target lwr_controllers_generate_messages_lisp[0m
[  3%] [34m[1mGenerating C++ code from lwr_controllers/RPY.msg[0m
[  5%] [34m[1mGenerating C++ code from lwr_controllers/MultiPriorityTask.msg[0m
[  6%] [34m[1mGenerating C++ code from lwr_controllers/ArmState.msg[0m
[  8%] [34m[1mGenerating Python from MSG lwr_controllers/PoseRPY[0m
[35m[1mScanning dependencies of target lwr_controllers_generate_messages_eus[0m
[ 10%] [34m[1mGenerating Javascript code from lwr_controllers/PoseRPY.msg[0m
[ 11%] [34m[1mGenerating Lisp code from lwr_controllers/PoseRPY.msg[0m
[ 13%] [34m[1mGenerating EusLisp code from lwr_controllers/PoseRPY.msg[0m
[ 15%] [34m[1mGenerating Javascript code from lwr_controllers/RPY.msg[0m
[ 18%] [34m[1mGenerating C++ code from lwr_controllers/Stiffness.msg[0m
[ 18%] [34m[1mGenerating C++ code from lwr_controllers/CartesianImpedancePoint.msg[0m
[ 20%] [34m[1mGenerating Lisp code from lwr_controllers/RPY.msg[0m
[ 22%] [34m[1mGenerating EusLisp code from lwr_controllers/RPY.msg[0m
[ 23%] [34m[1mGenerating Javascript code from lwr_controllers/MultiPriorityTask.msg[0m
[ 25%] [34m[1mGenerating Javascript code from lwr_controllers/ArmState.msg[0m
[ 27%] [34m[1mGenerating Python from MSG lwr_controllers/RPY[0m
[ 28%] [34m[1mGenerating EusLisp code from lwr_controllers/MultiPriorityTask.msg[0m
[ 30%] [34m[1mGenerating Lisp code from lwr_controllers/MultiPriorityTask.msg[0m
[ 32%] [34m[1mGenerating Javascript code from lwr_controllers/CartesianImpedancePoint.msg[0m
[ 33%] [34m[1mGenerating C++ code from lwr_controllers/SetCartesianImpedanceCommand.srv[0m
[ 35%] [34m[1mGenerating Javascript code from lwr_controllers/Stiffness.msg[0m
[ 37%] [34m[1mGenerating Javascript code from lwr_controllers/SetCartesianImpedanceCommand.srv[0m
[ 38%] [34m[1mGenerating EusLisp code from lwr_controllers/ArmState.msg[0m
[ 40%] [34m[1mGenerating Lisp code from lwr_controllers/ArmState.msg[0m
[ 42%] [34m[1mGenerating EusLisp code from lwr_controllers/CartesianImpedancePoint.msg[0m
[ 44%] [34m[1mGenerating EusLisp code from lwr_controllers/Stiffness.msg[0m
[ 45%] [34m[1mGenerating Lisp code from lwr_controllers/CartesianImpedancePoint.msg[0m
[ 47%] [34m[1mGenerating Python from MSG lwr_controllers/MultiPriorityTask[0m
[ 49%] [34m[1mGenerating Python from MSG lwr_controllers/ArmState[0m
[ 49%] Built target lwr_controllers_generate_messages_nodejs
[ 50%] [34m[1mGenerating Python from MSG lwr_controllers/CartesianImpedancePoint[0m
[ 52%] [34m[1mGenerating EusLisp code from lwr_controllers/SetCartesianImpedanceCommand.srv[0m
[ 54%] [34m[1mGenerating Lisp code from lwr_controllers/Stiffness.msg[0m
[ 55%] [34m[1mGenerating Python from MSG lwr_controllers/Stiffness[0m
[ 57%] [34m[1mGenerating EusLisp manifest code for lwr_controllers[0m
[ 57%] Built target lwr_controllers_generate_messages_cpp
[ 59%] [34m[1mGenerating Lisp code from lwr_controllers/SetCartesianImpedanceCommand.srv[0m
[35m[1mScanning dependencies of target lwr_controllers_gencpp[0m
[ 59%] Built target lwr_controllers_gencpp
[ 61%] [34m[1mGenerating Python code from SRV lwr_controllers/SetCartesianImpedanceCommand[0m
[35m[1mScanning dependencies of target lwr_controllers[0m
[ 61%] Built target lwr_controllers_generate_messages_lisp
[ 62%] [34m[1mGenerating Python srv __init__.py for lwr_controllers[0m
[ 64%] [34m[1mGenerating Python msg __init__.py for lwr_controllers[0m
[ 64%] Built target lwr_controllers_generate_messages_py
[ 66%] [32mBuilding CXX object CMakeFiles/lwr_controllers.dir/src/joint_impedance_controller.cpp.o[0m
[ 67%] [32mBuilding CXX object CMakeFiles/lwr_controllers.dir/src/computed_torque_controller.cpp.o[0m
[ 69%] [32mBuilding CXX object CMakeFiles/lwr_controllers.dir/src/inverse_dynamics_controller.cpp.o[0m
[ 71%] [32mBuilding CXX object CMakeFiles/lwr_controllers.dir/src/joint_state_controller_kuka.cpp.o[0m
[ 72%] [32mBuilding CXX object CMakeFiles/lwr_controllers.dir/src/one_task_inverse_kinematics.cpp.o[0m
[ 74%] [32mBuilding CXX object CMakeFiles/lwr_controllers.dir/src/multi_task_priority_inverse_kinematics.cpp.o[0m
[ 76%] [32mBuilding CXX object CMakeFiles/lwr_controllers.dir/src/multi_task_priority_inverse_dynamics.cpp.o[0m
[ 76%] Built target lwr_controllers_generate_messages_eus
[35m[1mScanning dependencies of target lwr_controllers_generate_messages[0m
[ 76%] Built target lwr_controllers_generate_messages
[ 77%] [32mBuilding CXX object CMakeFiles/lwr_controllers.dir/src/minimum_effort_inverse_dynamics.cpp.o[0m
[ 79%] [32mBuilding CXX object CMakeFiles/lwr_controllers.dir/src/backstepping_controller.cpp.o[0m
[ 81%] [32mBuilding CXX object CMakeFiles/lwr_controllers.dir/src/dynamic_sliding_mode_controller.cpp.o[0m
[ 83%] [32mBuilding CXX object CMakeFiles/lwr_controllers.dir/src/dynamic_sliding_mode_controller_task_space.cpp.o[0m
[ 84%] [32mBuilding CXX object CMakeFiles/lwr_controllers.dir/src/one_task_inverse_dynamics_jl.cpp.o[0m
In file included from [01m[K/home/fu/workspaces/knob_kuka_ws/src/robot/kuka-lwr/lwr_controllers/include/lwr_controllers/multi_task_priority_inverse_kinematics.h:4[m[K,
                 from [01m[K/home/fu/workspaces/knob_kuka_ws/src/robot/kuka-lwr/lwr_controllers/src/multi_task_priority_inverse_kinematics.cpp:8[m[K:
[01m[K/home/fu/workspaces/knob_kuka_ws/src/robot/kuka-lwr/lwr_controllers/include/lwr_controllers/PIDKinematicChainControllerBase.h:[m[K In member function ‘[01m[Kbool controller_interface::PIDKinematicChainControllerBase<JI>::init(JI*, ros::NodeHandle&) [with JI = hardware_interface::EffortJointInterface][m[K’:
[01m[K/home/fu/workspaces/knob_kuka_ws/src/robot/kuka-lwr/lwr_controllers/include/lwr_controllers/PIDKinematicChainControllerBase.h:45:5:[m[K [01;35m[Kwarning: [m[Kcontrol reaches end of non-void function [[01;35m[K-Wreturn-type[m[K]
   45 |     [01;35m[K}[m[K
      |     [01;35m[K^[m[K
In file included from [01m[K/home/fu/workspaces/knob_kuka_ws/src/robot/kuka-lwr/lwr_controllers/include/lwr_controllers/multi_task_priority_inverse_dynamics.h:4[m[K,
                 from [01m[K/home/fu/workspaces/knob_kuka_ws/src/robot/kuka-lwr/lwr_controllers/src/multi_task_priority_inverse_dynamics.cpp:8[m[K:
[01m[K/home/fu/workspaces/knob_kuka_ws/src/robot/kuka-lwr/lwr_controllers/include/lwr_controllers/PIDKinematicChainControllerBase.h:[m[K In member function ‘[01m[Kbool controller_interface::PIDKinematicChainControllerBase<JI>::init(JI*, ros::NodeHandle&) [with JI = hardware_interface::EffortJointInterface][m[K’:
[01m[K/home/fu/workspaces/knob_kuka_ws/src/robot/kuka-lwr/lwr_controllers/include/lwr_controllers/PIDKinematicChainControllerBase.h:45:5:[m[K [01;35m[Kwarning: [m[Kcontrol reaches end of non-void function [[01;35m[K-Wreturn-type[m[K]
   45 |     [01;35m[K}[m[K
      |     [01;35m[K^[m[K
In file included from [01m[K/home/fu/workspaces/knob_kuka_ws/src/robot/kuka-lwr/lwr_controllers/include/lwr_controllers/minimum_effort_inverse_dynamics.h:4[m[K,
                 from [01m[K/home/fu/workspaces/knob_kuka_ws/src/robot/kuka-lwr/lwr_controllers/src/minimum_effort_inverse_dynamics.cpp:1[m[K:
[01m[K/home/fu/workspaces/knob_kuka_ws/src/robot/kuka-lwr/lwr_controllers/include/lwr_controllers/PIDKinematicChainControllerBase.h:[m[K In member function ‘[01m[Kbool controller_interface::PIDKinematicChainControllerBase<JI>::init(JI*, ros::NodeHandle&) [with JI = hardware_interface::EffortJointInterface][m[K’:
[01m[K/home/fu/workspaces/knob_kuka_ws/src/robot/kuka-lwr/lwr_controllers/include/lwr_controllers/PIDKinematicChainControllerBase.h:45:5:[m[K [01;35m[Kwarning: [m[Kcontrol reaches end of non-void function [[01;35m[K-Wreturn-type[m[K]
   45 |     [01;35m[K}[m[K
      |     [01;35m[K^[m[K
[ 86%] [32mBuilding CXX object CMakeFiles/lwr_controllers.dir/src/gravity_compensation.cpp.o[0m
In file included from [01m[K/home/fu/workspaces/knob_kuka_ws/src/robot/kuka-lwr/lwr_controllers/include/lwr_controllers/dynamic_sliding_mode_controller_task_space.h:4[m[K,
                 from [01m[K/home/fu/workspaces/knob_kuka_ws/src/robot/kuka-lwr/lwr_controllers/src/dynamic_sliding_mode_controller_task_space.cpp:2[m[K:
[01m[K/home/fu/workspaces/knob_kuka_ws/src/robot/kuka-lwr/lwr_controllers/include/lwr_controllers/PIDKinematicChainControllerBase.h:[m[K In member function ‘[01m[Kbool controller_interface::PIDKinematicChainControllerBase<JI>::init(JI*, ros::NodeHandle&) [with JI = hardware_interface::EffortJointInterface][m[K’:
[01m[K/home/fu/workspaces/knob_kuka_ws/src/robot/kuka-lwr/lwr_controllers/include/lwr_controllers/PIDKinematicChainControllerBase.h:45:5:[m[K [01;35m[Kwarning: [m[Kcontrol reaches end of non-void function [[01;35m[K-Wreturn-type[m[K]
   45 |     [01;35m[K}[m[K
      |     [01;35m[K^[m[K
In file included from [01m[K/home/fu/workspaces/knob_kuka_ws/src/robot/kuka-lwr/lwr_controllers/include/lwr_controllers/backstepping_controller.h:4[m[K,
                 from [01m[K/home/fu/workspaces/knob_kuka_ws/src/robot/kuka-lwr/lwr_controllers/src/backstepping_controller.cpp:7[m[K:
[01m[K/home/fu/workspaces/knob_kuka_ws/src/robot/kuka-lwr/lwr_controllers/include/lwr_controllers/PIDKinematicChainControllerBase.h:[m[K In member function ‘[01m[Kbool controller_interface::PIDKinematicChainControllerBase<JI>::init(JI*, ros::NodeHandle&) [with JI = hardware_interface::EffortJointInterface][m[K’:
[01m[K/home/fu/workspaces/knob_kuka_ws/src/robot/kuka-lwr/lwr_controllers/include/lwr_controllers/PIDKinematicChainControllerBase.h:45:5:[m[K [01;35m[Kwarning: [m[Kcontrol reaches end of non-void function [[01;35m[K-Wreturn-type[m[K]
   45 |     [01;35m[K}[m[K
      |     [01;35m[K^[m[K
[ 88%] [32mBuilding CXX object CMakeFiles/lwr_controllers.dir/src/arm_state_controller.cpp.o[0m
[ 89%] [32mBuilding CXX object CMakeFiles/lwr_controllers.dir/src/cartesian_impedance_controller.cpp.o[0m
[ 91%] [32mBuilding CXX object CMakeFiles/lwr_controllers.dir/src/KinematicChainControllerBase.cpp.o[0m
In file included from [01m[K/home/fu/workspaces/knob_kuka_ws/src/robot/kuka-lwr/lwr_controllers/include/lwr_controllers/one_task_inverse_dynamics_jl.h:4[m[K,
                 from [01m[K/home/fu/workspaces/knob_kuka_ws/src/robot/kuka-lwr/lwr_controllers/src/one_task_inverse_dynamics_jl.cpp:1[m[K:
[01m[K/home/fu/workspaces/knob_kuka_ws/src/robot/kuka-lwr/lwr_controllers/include/lwr_controllers/PIDKinematicChainControllerBase.h:[m[K In member function ‘[01m[Kbool controller_interface::PIDKinematicChainControllerBase<JI>::init(JI*, ros::NodeHandle&) [with JI = hardware_interface::EffortJointInterface][m[K’:
[01m[K/home/fu/workspaces/knob_kuka_ws/src/robot/kuka-lwr/lwr_controllers/include/lwr_controllers/PIDKinematicChainControllerBase.h:45:5:[m[K [01;35m[Kwarning: [m[Kcontrol reaches end of non-void function [[01;35m[K-Wreturn-type[m[K]
   45 |     [01;35m[K}[m[K
      |     [01;35m[K^[m[K
[ 93%] [32mBuilding CXX object CMakeFiles/lwr_controllers.dir/src/twist_controller.cpp.o[0m
[ 94%] [32mBuilding CXX object CMakeFiles/lwr_controllers.dir/src/joint_controller.cpp.o[0m
[ 96%] [32mBuilding CXX object CMakeFiles/lwr_controllers.dir/src/cartesian_controller.cpp.o[0m
[ 98%] [32mBuilding CXX object CMakeFiles/lwr_controllers.dir/src/cartesian_tracking_controller.cpp.o[0m
[100%] [32m[1mLinking CXX shared library /home/fu/workspaces/knob_kuka_ws/devel/.private/lwr_controllers/lib/liblwr_controllers.so[0m
[100%] Built target lwr_controllers
