[  0%] Built target geometry_msgs_generate_messages_cpp
[  0%] Built target sensor_msgs_generate_messages_cpp
[  0%] Built target std_msgs_generate_messages_cpp
[  0%] Built target sensor_msgs_generate_messages_py
[  0%] Built target _lwr_controllers_generate_messages_check_deps_RPY
[  0%] Built target _lwr_controllers_generate_messages_check_deps_ArmState
[  0%] Built target std_msgs_generate_messages_py
[  0%] Built target _lwr_controllers_generate_messages_check_deps_Stiffness
[  0%] Built target _lwr_controllers_generate_messages_check_deps_MultiPriorityTask
[  0%] Built target sensor_msgs_generate_messages_nodejs
[  0%] Built target geometry_msgs_generate_messages_py
[  0%] Built target geometry_msgs_generate_messages_nodejs
[  0%] Built target _lwr_controllers_generate_messages_check_deps_CartesianImpedancePoint
[  0%] Built target std_msgs_generate_messages_nodejs
[  0%] Built target _lwr_controllers_generate_messages_check_deps_SetCartesianImpedanceCommand
[  0%] Built target sensor_msgs_generate_messages_lisp
[  0%] Built target std_msgs_generate_messages_lisp
[  0%] Built target geometry_msgs_generate_messages_lisp
[  0%] Built target geometry_msgs_generate_messages_eus
[  0%] Built target _lwr_controllers_generate_messages_check_deps_PoseRPY
[  0%] Built target std_msgs_generate_messages_eus
[  0%] Built target sensor_msgs_generate_messages_eus
[ 15%] Built target lwr_controllers_generate_messages_py
[ 27%] Built target lwr_controllers_generate_messages_cpp
[ 38%] Built target lwr_controllers_generate_messages_lisp
[ 50%] Built target lwr_controllers_generate_messages_nodejs
[ 64%] Built target lwr_controllers_generate_messages_eus
[ 64%] Built target lwr_controllers_gencpp
[ 64%] Built target lwr_controllers_generate_messages
[ 67%] [32mBuilding CXX object CMakeFiles/lwr_controllers.dir/src/one_task_inverse_dynamics_jl.cpp.o[0m
[ 67%] [32mBuilding CXX object CMakeFiles/lwr_controllers.dir/src/backstepping_controller.cpp.o[0m
[ 69%] [32mBuilding CXX object CMakeFiles/lwr_controllers.dir/src/dynamic_sliding_mode_controller_task_space.cpp.o[0m
[ 71%] [32mBuilding CXX object CMakeFiles/lwr_controllers.dir/src/KinematicChainControllerBase.cpp.o[0m
[ 72%] [32mBuilding CXX object CMakeFiles/lwr_controllers.dir/src/gravity_compensation.cpp.o[0m
[ 76%] [32mBuilding CXX object CMakeFiles/lwr_controllers.dir/src/arm_state_controller.cpp.o[0m
[ 77%] [32mBuilding CXX object CMakeFiles/lwr_controllers.dir/src/twist_controller.cpp.o[0m
[ 77%] [32mBuilding CXX object CMakeFiles/lwr_controllers.dir/src/cartesian_impedance_controller.cpp.o[0m
[ 79%] [32mBuilding CXX object CMakeFiles/lwr_controllers.dir/src/joint_controller.cpp.o[0m
[ 81%] [32mBuilding CXX object CMakeFiles/lwr_controllers.dir/src/cartesian_controller.cpp.o[0m
In file included from [01m[K/home/fu/workspaces/knob_kuka_ws/src/robot/kuka-lwr/lwr_controllers/include/lwr_controllers/backstepping_controller.h:4[m[K,
                 from [01m[K/home/fu/workspaces/knob_kuka_ws/src/robot/kuka-lwr/lwr_controllers/src/backstepping_controller.cpp:7[m[K:
[01m[K/home/fu/workspaces/knob_kuka_ws/src/robot/kuka-lwr/lwr_controllers/include/lwr_controllers/PIDKinematicChainControllerBase.h:[m[K In member function ‘[01m[Kbool controller_interface::PIDKinematicChainControllerBase<JI>::init(JI*, ros::NodeHandle&) [with JI = hardware_interface::EffortJointInterface][m[K’:
[01m[K/home/fu/workspaces/knob_kuka_ws/src/robot/kuka-lwr/lwr_controllers/include/lwr_controllers/PIDKinematicChainControllerBase.h:45:5:[m[K [01;35m[Kwarning: [m[Kcontrol reaches end of non-void function [[01;35m[K-Wreturn-type[m[K]
   45 |     [01;35m[K}[m[K
      |     [01;35m[K^[m[K
In file included from [01m[K/home/fu/workspaces/knob_kuka_ws/src/robot/kuka-lwr/lwr_controllers/include/lwr_controllers/dynamic_sliding_mode_controller_task_space.h:4[m[K,
                 from [01m[K/home/fu/workspaces/knob_kuka_ws/src/robot/kuka-lwr/lwr_controllers/src/dynamic_sliding_mode_controller_task_space.cpp:2[m[K:
[01m[K/home/fu/workspaces/knob_kuka_ws/src/robot/kuka-lwr/lwr_controllers/include/lwr_controllers/PIDKinematicChainControllerBase.h:[m[K In member function ‘[01m[Kbool controller_interface::PIDKinematicChainControllerBase<JI>::init(JI*, ros::NodeHandle&) [with JI = hardware_interface::EffortJointInterface][m[K’:
[01m[K/home/fu/workspaces/knob_kuka_ws/src/robot/kuka-lwr/lwr_controllers/include/lwr_controllers/PIDKinematicChainControllerBase.h:45:5:[m[K [01;35m[Kwarning: [m[Kcontrol reaches end of non-void function [[01;35m[K-Wreturn-type[m[K]
   45 |     [01;35m[K}[m[K
      |     [01;35m[K^[m[K
[ 83%] [32mBuilding CXX object CMakeFiles/lwr_controllers.dir/src/cartesian_tracking_controller.cpp.o[0m
In file included from [01m[K/home/fu/workspaces/knob_kuka_ws/src/robot/kuka-lwr/lwr_controllers/include/lwr_controllers/one_task_inverse_dynamics_jl.h:4[m[K,
                 from [01m[K/home/fu/workspaces/knob_kuka_ws/src/robot/kuka-lwr/lwr_controllers/src/one_task_inverse_dynamics_jl.cpp:1[m[K:
[01m[K/home/fu/workspaces/knob_kuka_ws/src/robot/kuka-lwr/lwr_controllers/include/lwr_controllers/PIDKinematicChainControllerBase.h:[m[K In member function ‘[01m[Kbool controller_interface::PIDKinematicChainControllerBase<JI>::init(JI*, ros::NodeHandle&) [with JI = hardware_interface::EffortJointInterface][m[K’:
[01m[K/home/fu/workspaces/knob_kuka_ws/src/robot/kuka-lwr/lwr_controllers/include/lwr_controllers/PIDKinematicChainControllerBase.h:45:5:[m[K [01;35m[Kwarning: [m[Kcontrol reaches end of non-void function [[01;35m[K-Wreturn-type[m[K]
   45 |     [01;35m[K}[m[K
      |     [01;35m[K^[m[K
[ 84%] [32m[1mLinking CXX shared library /home/fu/workspaces/knob_kuka_ws/devel/.private/lwr_controllers/lib/liblwr_controllers.so[0m
[100%] Built target lwr_controllers
