Symlinking /home/fu/workspaces/knob_kuka_ws/devel/share/gennodejs/ros/perception_msgs/_index.js
Symlinking /home/fu/workspaces/knob_kuka_ws/devel/share/gennodejs/ros/perception_msgs/msg/ObjRecs.js
Symlinking /home/fu/workspaces/knob_kuka_ws/devel/share/gennodejs/ros/perception_msgs/msg/ObjRec.js
Symlinking /home/fu/workspaces/knob_kuka_ws/devel/share/gennodejs/ros/perception_msgs/msg/ObjRecStatus.js
Symlinking /home/fu/workspaces/knob_kuka_ws/devel/share/gennodejs/ros/perception_msgs/msg/ObjRecConfig.js
Symlinking /home/fu/workspaces/knob_kuka_ws/devel/share/gennodejs/ros/perception_msgs/msg/_index.js
Symlinking /home/fu/workspaces/knob_kuka_ws/devel/share/roseus/ros/perception_msgs/manifest.l
Symlinking /home/fu/workspaces/knob_kuka_ws/devel/share/roseus/ros/perception_msgs/msg/ObjRecConfig.l
Symlinking /home/fu/workspaces/knob_kuka_ws/devel/share/roseus/ros/perception_msgs/msg/ObjRecStatus.l
Symlinking /home/fu/workspaces/knob_kuka_ws/devel/share/roseus/ros/perception_msgs/msg/ObjRec.l
Symlinking /home/fu/workspaces/knob_kuka_ws/devel/share/roseus/ros/perception_msgs/msg/ObjRecs.l
Symlinking /home/fu/workspaces/knob_kuka_ws/devel/share/common-lisp/ros/perception_msgs/msg/perception_msgs-msg.asd
Symlinking /home/fu/workspaces/knob_kuka_ws/devel/share/common-lisp/ros/perception_msgs/msg/_package.lisp
Symlinking /home/fu/workspaces/knob_kuka_ws/devel/share/common-lisp/ros/perception_msgs/msg/_package_ObjRecStatus.lisp
Symlinking /home/fu/workspaces/knob_kuka_ws/devel/share/common-lisp/ros/perception_msgs/msg/_package_ObjRec.lisp
Symlinking /home/fu/workspaces/knob_kuka_ws/devel/share/common-lisp/ros/perception_msgs/msg/_package_ObjRecConfig.lisp
Symlinking /home/fu/workspaces/knob_kuka_ws/devel/share/common-lisp/ros/perception_msgs/msg/ObjRec.lisp
Symlinking /home/fu/workspaces/knob_kuka_ws/devel/share/common-lisp/ros/perception_msgs/msg/_package_ObjRecs.lisp
Symlinking /home/fu/workspaces/knob_kuka_ws/devel/share/common-lisp/ros/perception_msgs/msg/ObjRecs.lisp
Symlinking /home/fu/workspaces/knob_kuka_ws/devel/share/common-lisp/ros/perception_msgs/msg/ObjRecConfig.lisp
Symlinking /home/fu/workspaces/knob_kuka_ws/devel/share/common-lisp/ros/perception_msgs/msg/ObjRecStatus.lisp
Symlinking /home/fu/workspaces/knob_kuka_ws/devel/share/perception_msgs/cmake/perception_msgs-msg-paths.cmake
Symlinking /home/fu/workspaces/knob_kuka_ws/devel/share/perception_msgs/cmake/perception_msgs-msg-extras.cmake
Symlinking /home/fu/workspaces/knob_kuka_ws/devel/share/perception_msgs/cmake/perception_msgsConfig.cmake
Symlinking /home/fu/workspaces/knob_kuka_ws/devel/share/perception_msgs/cmake/perception_msgsConfig-version.cmake
Symlinking /home/fu/workspaces/knob_kuka_ws/devel/lib/pkgconfig/perception_msgs.pc
Symlinking /home/fu/workspaces/knob_kuka_ws/devel/lib/python3/dist-packages/perception_msgs/__init__.py
Symlinking /home/fu/workspaces/knob_kuka_ws/devel/lib/python3/dist-packages/perception_msgs/msg/_ObjRec.py
Symlinking /home/fu/workspaces/knob_kuka_ws/devel/lib/python3/dist-packages/perception_msgs/msg/_ObjRecStatus.py
Symlinking /home/fu/workspaces/knob_kuka_ws/devel/lib/python3/dist-packages/perception_msgs/msg/_ObjRecConfig.py
Symlinking /home/fu/workspaces/knob_kuka_ws/devel/lib/python3/dist-packages/perception_msgs/msg/__init__.py
Symlinking /home/fu/workspaces/knob_kuka_ws/devel/lib/python3/dist-packages/perception_msgs/msg/_ObjRecs.py
Symlinking /home/fu/workspaces/knob_kuka_ws/devel/include/perception_msgs/ObjRecConfig.h
Symlinking /home/fu/workspaces/knob_kuka_ws/devel/include/perception_msgs/ObjRecs.h
Symlinking /home/fu/workspaces/knob_kuka_ws/devel/include/perception_msgs/ObjRec.h
Symlinking /home/fu/workspaces/knob_kuka_ws/devel/include/perception_msgs/ObjRecStatus.h
