[35m[1mScanning dependencies of target _perception_msgs_generate_messages_check_deps_ObjRec[0m
[  0%] Built target _perception_msgs_generate_messages_check_deps_ObjRec
[35m[1mScanning dependencies of target std_msgs_generate_messages_py[0m
[  0%] Built target std_msgs_generate_messages_py
[35m[1mScanning dependencies of target _perception_msgs_generate_messages_check_deps_ObjRecStatus[0m
[35m[1mScanning dependencies of target geometry_msgs_generate_messages_py[0m
[  0%] Built target _perception_msgs_generate_messages_check_deps_ObjRecStatus
[  0%] Built target geometry_msgs_generate_messages_py
[35m[1mScanning dependencies of target _perception_msgs_generate_messages_check_deps_ObjRecConfig[0m
[35m[1mScanning dependencies of target _perception_msgs_generate_messages_check_deps_ObjRecs[0m
[  0%] Built target _perception_msgs_generate_messages_check_deps_ObjRecConfig
[  0%] Built target _perception_msgs_generate_messages_check_deps_ObjRecs
[35m[1mScanning dependencies of target std_msgs_generate_messages_eus[0m
[35m[1mScanning dependencies of target geometry_msgs_generate_messages_eus[0m
[  0%] Built target geometry_msgs_generate_messages_eus
[  0%] Built target std_msgs_generate_messages_eus
[35m[1mScanning dependencies of target geometry_msgs_generate_messages_cpp[0m
[35m[1mScanning dependencies of target std_msgs_generate_messages_cpp[0m
[  0%] Built target std_msgs_generate_messages_cpp
[  0%] Built target geometry_msgs_generate_messages_cpp
[35m[1mScanning dependencies of target std_msgs_generate_messages_nodejs[0m
[35m[1mScanning dependencies of target geometry_msgs_generate_messages_nodejs[0m
[  0%] Built target geometry_msgs_generate_messages_nodejs
[  0%] Built target std_msgs_generate_messages_nodejs
[35m[1mScanning dependencies of target geometry_msgs_generate_messages_lisp[0m
[35m[1mScanning dependencies of target std_msgs_generate_messages_lisp[0m
[35m[1mScanning dependencies of target perception_msgs_generate_messages_py[0m
[  0%] Built target geometry_msgs_generate_messages_lisp
[  0%] Built target std_msgs_generate_messages_lisp
[  4%] [34m[1mGenerating Python from MSG perception_msgs/ObjRec[0m
[35m[1mScanning dependencies of target perception_msgs_generate_messages_eus[0m
[  9%] [34m[1mGenerating EusLisp code from perception_msgs/ObjRec.msg[0m
[ 13%] [34m[1mGenerating EusLisp code from perception_msgs/ObjRecConfig.msg[0m
[ 18%] [34m[1mGenerating Python from MSG perception_msgs/ObjRecConfig[0m
[35m[1mScanning dependencies of target perception_msgs_generate_messages_cpp[0m
[ 22%] [34m[1mGenerating C++ code from perception_msgs/ObjRec.msg[0m
[ 27%] [34m[1mGenerating EusLisp code from perception_msgs/ObjRecs.msg[0m
[ 31%] [34m[1mGenerating EusLisp code from perception_msgs/ObjRecStatus.msg[0m
[ 36%] [34m[1mGenerating C++ code from perception_msgs/ObjRecConfig.msg[0m
[ 40%] [34m[1mGenerating Python from MSG perception_msgs/ObjRecs[0m
[ 45%] [34m[1mGenerating EusLisp manifest code for perception_msgs[0m
[ 50%] [34m[1mGenerating C++ code from perception_msgs/ObjRecs.msg[0m
[ 54%] [34m[1mGenerating Python from MSG perception_msgs/ObjRecStatus[0m
[ 59%] [34m[1mGenerating C++ code from perception_msgs/ObjRecStatus.msg[0m
[ 63%] [34m[1mGenerating Python msg __init__.py for perception_msgs[0m
[ 63%] Built target perception_msgs_generate_messages_cpp
[35m[1mScanning dependencies of target perception_msgs_generate_messages_nodejs[0m
[ 68%] [34m[1mGenerating Javascript code from perception_msgs/ObjRec.msg[0m
[ 72%] [34m[1mGenerating Javascript code from perception_msgs/ObjRecConfig.msg[0m
[ 72%] Built target perception_msgs_generate_messages_py
[35m[1mScanning dependencies of target perception_msgs_generate_messages_lisp[0m
[ 77%] [34m[1mGenerating Lisp code from perception_msgs/ObjRec.msg[0m
[ 81%] [34m[1mGenerating Javascript code from perception_msgs/ObjRecs.msg[0m
[ 86%] [34m[1mGenerating Lisp code from perception_msgs/ObjRecConfig.msg[0m
[ 95%] [34m[1mGenerating Javascript code from perception_msgs/ObjRecStatus.msg[0m
[ 95%] [34m[1mGenerating Lisp code from perception_msgs/ObjRecs.msg[0m
[ 95%] Built target perception_msgs_generate_messages_nodejs
[100%] [34m[1mGenerating Lisp code from perception_msgs/ObjRecStatus.msg[0m
[100%] Built target perception_msgs_generate_messages_eus
[100%] Built target perception_msgs_generate_messages_lisp
[35m[1mScanning dependencies of target perception_msgs_generate_messages[0m
[100%] Built target perception_msgs_generate_messages
