Symlinking /home/fu/workspaces/knob_kuka_ws/devel/share/robot_control_constraint_msgs/cmake/robot_control_constraint_msgsConfig-version.cmake
Symlinking /home/fu/workspaces/knob_kuka_ws/devel/share/robot_control_constraint_msgs/cmake/robot_control_constraint_msgs-msg-paths.cmake
Symlinking /home/fu/workspaces/knob_kuka_ws/devel/share/robot_control_constraint_msgs/cmake/robot_control_constraint_msgs-msg-extras.cmake
Symlinking /home/fu/workspaces/knob_kuka_ws/devel/share/robot_control_constraint_msgs/cmake/robot_control_constraint_msgsConfig.cmake
Symlinking /home/fu/workspaces/knob_kuka_ws/devel/share/gennodejs/ros/robot_control_constraint_msgs/_index.js
Symlinking /home/fu/workspaces/knob_kuka_ws/devel/share/gennodejs/ros/robot_control_constraint_msgs/msg/CylinderLineConstraint.js
Symlinking /home/fu/workspaces/knob_kuka_ws/devel/share/gennodejs/ros/robot_control_constraint_msgs/msg/ConeCylinderConstraint.js
Symlinking /home/fu/workspaces/knob_kuka_ws/devel/share/gennodejs/ros/robot_control_constraint_msgs/msg/Plane.js
Symlinking /home/fu/workspaces/knob_kuka_ws/devel/share/gennodejs/ros/robot_control_constraint_msgs/msg/LineCircleConstraint.js
Symlinking /home/fu/workspaces/knob_kuka_ws/devel/share/gennodejs/ros/robot_control_constraint_msgs/msg/LinePointConstraint.js
Symlinking /home/fu/workspaces/knob_kuka_ws/devel/share/gennodejs/ros/robot_control_constraint_msgs/msg/PointLineConstraint.js
Symlinking /home/fu/workspaces/knob_kuka_ws/devel/share/gennodejs/ros/robot_control_constraint_msgs/msg/CylinderPointConstraint.js
Symlinking /home/fu/workspaces/knob_kuka_ws/devel/share/gennodejs/ros/robot_control_constraint_msgs/msg/PlaneLineConstraint.js
Symlinking /home/fu/workspaces/knob_kuka_ws/devel/share/gennodejs/ros/robot_control_constraint_msgs/msg/FixedConstraint.js
Symlinking /home/fu/workspaces/knob_kuka_ws/devel/share/gennodejs/ros/robot_control_constraint_msgs/msg/LinePlaneConstraint.js
Symlinking /home/fu/workspaces/knob_kuka_ws/devel/share/gennodejs/ros/robot_control_constraint_msgs/msg/ConstraintType.js
Symlinking /home/fu/workspaces/knob_kuka_ws/devel/share/gennodejs/ros/robot_control_constraint_msgs/msg/Cone.js
Symlinking /home/fu/workspaces/knob_kuka_ws/devel/share/gennodejs/ros/robot_control_constraint_msgs/msg/PlanePointConstraint.js
Symlinking /home/fu/workspaces/knob_kuka_ws/devel/share/gennodejs/ros/robot_control_constraint_msgs/msg/PointPointConstraint.js
Symlinking /home/fu/workspaces/knob_kuka_ws/devel/share/gennodejs/ros/robot_control_constraint_msgs/msg/PlanePlaneConstraint.js
Symlinking /home/fu/workspaces/knob_kuka_ws/devel/share/gennodejs/ros/robot_control_constraint_msgs/msg/CirclePlaneConstraint.js
Symlinking /home/fu/workspaces/knob_kuka_ws/devel/share/gennodejs/ros/robot_control_constraint_msgs/msg/CirclePointConstraint.js
Symlinking /home/fu/workspaces/knob_kuka_ws/devel/share/gennodejs/ros/robot_control_constraint_msgs/msg/PointCircleConstraint.js
Symlinking /home/fu/workspaces/knob_kuka_ws/devel/share/gennodejs/ros/robot_control_constraint_msgs/msg/Constraints.js
Symlinking /home/fu/workspaces/knob_kuka_ws/devel/share/gennodejs/ros/robot_control_constraint_msgs/msg/Circle.js
Symlinking /home/fu/workspaces/knob_kuka_ws/devel/share/gennodejs/ros/robot_control_constraint_msgs/msg/PointPlaneConstraint.js
Symlinking /home/fu/workspaces/knob_kuka_ws/devel/share/gennodejs/ros/robot_control_constraint_msgs/msg/CircleConeConstraint.js
Symlinking /home/fu/workspaces/knob_kuka_ws/devel/share/gennodejs/ros/robot_control_constraint_msgs/msg/Line.js
Symlinking /home/fu/workspaces/knob_kuka_ws/devel/share/gennodejs/ros/robot_control_constraint_msgs/msg/CylinderCircleConstraint.js
Symlinking /home/fu/workspaces/knob_kuka_ws/devel/share/gennodejs/ros/robot_control_constraint_msgs/msg/PlaneConeConstraint.js
Symlinking /home/fu/workspaces/knob_kuka_ws/devel/share/gennodejs/ros/robot_control_constraint_msgs/msg/CircleCylinderConstraint.js
Symlinking /home/fu/workspaces/knob_kuka_ws/devel/share/gennodejs/ros/robot_control_constraint_msgs/msg/Cylinder.js
Symlinking /home/fu/workspaces/knob_kuka_ws/devel/share/gennodejs/ros/robot_control_constraint_msgs/msg/ConeConeConstraint.js
Symlinking /home/fu/workspaces/knob_kuka_ws/devel/share/gennodejs/ros/robot_control_constraint_msgs/msg/CircleLineConstraint.js
Symlinking /home/fu/workspaces/knob_kuka_ws/devel/share/gennodejs/ros/robot_control_constraint_msgs/msg/_index.js
Symlinking /home/fu/workspaces/knob_kuka_ws/devel/share/gennodejs/ros/robot_control_constraint_msgs/msg/ConeLineConstraint.js
Symlinking /home/fu/workspaces/knob_kuka_ws/devel/share/gennodejs/ros/robot_control_constraint_msgs/msg/CylinderConeConstraint.js
Symlinking /home/fu/workspaces/knob_kuka_ws/devel/share/gennodejs/ros/robot_control_constraint_msgs/msg/PlaneCylinderConstraint.js
Symlinking /home/fu/workspaces/knob_kuka_ws/devel/share/gennodejs/ros/robot_control_constraint_msgs/msg/LineLineConstraint.js
Symlinking /home/fu/workspaces/knob_kuka_ws/devel/share/gennodejs/ros/robot_control_constraint_msgs/msg/CylinderCylinderConstraint.js
Symlinking /home/fu/workspaces/knob_kuka_ws/devel/share/gennodejs/ros/robot_control_constraint_msgs/msg/Point.js
Symlinking /home/fu/workspaces/knob_kuka_ws/devel/share/gennodejs/ros/robot_control_constraint_msgs/msg/PointConeConstraint.js
Symlinking /home/fu/workspaces/knob_kuka_ws/devel/share/gennodejs/ros/robot_control_constraint_msgs/msg/CylinderPlaneConstraint.js
Symlinking /home/fu/workspaces/knob_kuka_ws/devel/share/gennodejs/ros/robot_control_constraint_msgs/msg/ConeCircleConstraint.js
Symlinking /home/fu/workspaces/knob_kuka_ws/devel/share/gennodejs/ros/robot_control_constraint_msgs/msg/LineCylinderConstraint.js
Symlinking /home/fu/workspaces/knob_kuka_ws/devel/share/gennodejs/ros/robot_control_constraint_msgs/msg/ConePointConstraint.js
Symlinking /home/fu/workspaces/knob_kuka_ws/devel/share/gennodejs/ros/robot_control_constraint_msgs/msg/PlaneCircleConstraint.js
Symlinking /home/fu/workspaces/knob_kuka_ws/devel/share/gennodejs/ros/robot_control_constraint_msgs/msg/PointCylinderConstraint.js
Symlinking /home/fu/workspaces/knob_kuka_ws/devel/share/gennodejs/ros/robot_control_constraint_msgs/msg/LineConeConstraint.js
Symlinking /home/fu/workspaces/knob_kuka_ws/devel/share/gennodejs/ros/robot_control_constraint_msgs/msg/CircleCircleConstraint.js
Symlinking /home/fu/workspaces/knob_kuka_ws/devel/share/gennodejs/ros/robot_control_constraint_msgs/msg/ConePlaneConstraint.js
Symlinking /home/fu/workspaces/knob_kuka_ws/devel/share/roseus/ros/robot_control_constraint_msgs/manifest.l
Symlinking /home/fu/workspaces/knob_kuka_ws/devel/share/roseus/ros/robot_control_constraint_msgs/msg/CylinderLineConstraint.l
Symlinking /home/fu/workspaces/knob_kuka_ws/devel/share/roseus/ros/robot_control_constraint_msgs/msg/PlaneCircleConstraint.l
Symlinking /home/fu/workspaces/knob_kuka_ws/devel/share/roseus/ros/robot_control_constraint_msgs/msg/ConePointConstraint.l
Symlinking /home/fu/workspaces/knob_kuka_ws/devel/share/roseus/ros/robot_control_constraint_msgs/msg/ConstraintType.l
Symlinking /home/fu/workspaces/knob_kuka_ws/devel/share/roseus/ros/robot_control_constraint_msgs/msg/Constraints.l
Symlinking /home/fu/workspaces/knob_kuka_ws/devel/share/roseus/ros/robot_control_constraint_msgs/msg/CircleConeConstraint.l
Symlinking /home/fu/workspaces/knob_kuka_ws/devel/share/roseus/ros/robot_control_constraint_msgs/msg/ConeLineConstraint.l
Symlinking /home/fu/workspaces/knob_kuka_ws/devel/share/roseus/ros/robot_control_constraint_msgs/msg/LineLineConstraint.l
Symlinking /home/fu/workspaces/knob_kuka_ws/devel/share/roseus/ros/robot_control_constraint_msgs/msg/PointCylinderConstraint.l
Symlinking /home/fu/workspaces/knob_kuka_ws/devel/share/roseus/ros/robot_control_constraint_msgs/msg/Point.l
Symlinking /home/fu/workspaces/knob_kuka_ws/devel/share/roseus/ros/robot_control_constraint_msgs/msg/Cone.l
Symlinking /home/fu/workspaces/knob_kuka_ws/devel/share/roseus/ros/robot_control_constraint_msgs/msg/ConeCylinderConstraint.l
Symlinking /home/fu/workspaces/knob_kuka_ws/devel/share/roseus/ros/robot_control_constraint_msgs/msg/CylinderPlaneConstraint.l
Symlinking /home/fu/workspaces/knob_kuka_ws/devel/share/roseus/ros/robot_control_constraint_msgs/msg/LineCircleConstraint.l
Symlinking /home/fu/workspaces/knob_kuka_ws/devel/share/roseus/ros/robot_control_constraint_msgs/msg/Line.l
Symlinking /home/fu/workspaces/knob_kuka_ws/devel/share/roseus/ros/robot_control_constraint_msgs/msg/LineConeConstraint.l
Symlinking /home/fu/workspaces/knob_kuka_ws/devel/share/roseus/ros/robot_control_constraint_msgs/msg/PlaneCylinderConstraint.l
Symlinking /home/fu/workspaces/knob_kuka_ws/devel/share/roseus/ros/robot_control_constraint_msgs/msg/LinePointConstraint.l
Symlinking /home/fu/workspaces/knob_kuka_ws/devel/share/roseus/ros/robot_control_constraint_msgs/msg/CylinderCylinderConstraint.l
Symlinking /home/fu/workspaces/knob_kuka_ws/devel/share/roseus/ros/robot_control_constraint_msgs/msg/PlanePointConstraint.l
Symlinking /home/fu/workspaces/knob_kuka_ws/devel/share/roseus/ros/robot_control_constraint_msgs/msg/PlanePlaneConstraint.l
Symlinking /home/fu/workspaces/knob_kuka_ws/devel/share/roseus/ros/robot_control_constraint_msgs/msg/CirclePlaneConstraint.l
Symlinking /home/fu/workspaces/knob_kuka_ws/devel/share/roseus/ros/robot_control_constraint_msgs/msg/Plane.l
Symlinking /home/fu/workspaces/knob_kuka_ws/devel/share/roseus/ros/robot_control_constraint_msgs/msg/PointPointConstraint.l
Symlinking /home/fu/workspaces/knob_kuka_ws/devel/share/roseus/ros/robot_control_constraint_msgs/msg/CircleLineConstraint.l
Symlinking /home/fu/workspaces/knob_kuka_ws/devel/share/roseus/ros/robot_control_constraint_msgs/msg/PlaneLineConstraint.l
Symlinking /home/fu/workspaces/knob_kuka_ws/devel/share/roseus/ros/robot_control_constraint_msgs/msg/PointConeConstraint.l
Symlinking /home/fu/workspaces/knob_kuka_ws/devel/share/roseus/ros/robot_control_constraint_msgs/msg/CylinderCircleConstraint.l
Symlinking /home/fu/workspaces/knob_kuka_ws/devel/share/roseus/ros/robot_control_constraint_msgs/msg/FixedConstraint.l
Symlinking /home/fu/workspaces/knob_kuka_ws/devel/share/roseus/ros/robot_control_constraint_msgs/msg/PointPlaneConstraint.l
Symlinking /home/fu/workspaces/knob_kuka_ws/devel/share/roseus/ros/robot_control_constraint_msgs/msg/PointCircleConstraint.l
Symlinking /home/fu/workspaces/knob_kuka_ws/devel/share/roseus/ros/robot_control_constraint_msgs/msg/Circle.l
Symlinking /home/fu/workspaces/knob_kuka_ws/devel/share/roseus/ros/robot_control_constraint_msgs/msg/ConeConeConstraint.l
Symlinking /home/fu/workspaces/knob_kuka_ws/devel/share/roseus/ros/robot_control_constraint_msgs/msg/CylinderPointConstraint.l
Symlinking /home/fu/workspaces/knob_kuka_ws/devel/share/roseus/ros/robot_control_constraint_msgs/msg/CirclePointConstraint.l
Symlinking /home/fu/workspaces/knob_kuka_ws/devel/share/roseus/ros/robot_control_constraint_msgs/msg/ConeCircleConstraint.l
Symlinking /home/fu/workspaces/knob_kuka_ws/devel/share/roseus/ros/robot_control_constraint_msgs/msg/LineCylinderConstraint.l
Symlinking /home/fu/workspaces/knob_kuka_ws/devel/share/roseus/ros/robot_control_constraint_msgs/msg/ConePlaneConstraint.l
Symlinking /home/fu/workspaces/knob_kuka_ws/devel/share/roseus/ros/robot_control_constraint_msgs/msg/CircleCircleConstraint.l
Symlinking /home/fu/workspaces/knob_kuka_ws/devel/share/roseus/ros/robot_control_constraint_msgs/msg/Cylinder.l
Symlinking /home/fu/workspaces/knob_kuka_ws/devel/share/roseus/ros/robot_control_constraint_msgs/msg/CircleCylinderConstraint.l
Symlinking /home/fu/workspaces/knob_kuka_ws/devel/share/roseus/ros/robot_control_constraint_msgs/msg/PlaneConeConstraint.l
Symlinking /home/fu/workspaces/knob_kuka_ws/devel/share/roseus/ros/robot_control_constraint_msgs/msg/LinePlaneConstraint.l
Symlinking /home/fu/workspaces/knob_kuka_ws/devel/share/roseus/ros/robot_control_constraint_msgs/msg/PointLineConstraint.l
Symlinking /home/fu/workspaces/knob_kuka_ws/devel/share/roseus/ros/robot_control_constraint_msgs/msg/CylinderConeConstraint.l
Symlinking /home/fu/workspaces/knob_kuka_ws/devel/share/common-lisp/ros/robot_control_constraint_msgs/msg/_package_PlanePointConstraint.lisp
Symlinking /home/fu/workspaces/knob_kuka_ws/devel/share/common-lisp/ros/robot_control_constraint_msgs/msg/_package_CircleCylinderConstraint.lisp
Symlinking /home/fu/workspaces/knob_kuka_ws/devel/share/common-lisp/ros/robot_control_constraint_msgs/msg/_package.lisp
Symlinking /home/fu/workspaces/knob_kuka_ws/devel/share/common-lisp/ros/robot_control_constraint_msgs/msg/_package_PlaneLineConstraint.lisp
Symlinking /home/fu/workspaces/knob_kuka_ws/devel/share/common-lisp/ros/robot_control_constraint_msgs/msg/CylinderPointConstraint.lisp
Symlinking /home/fu/workspaces/knob_kuka_ws/devel/share/common-lisp/ros/robot_control_constraint_msgs/msg/PlaneCylinderConstraint.lisp
Symlinking /home/fu/workspaces/knob_kuka_ws/devel/share/common-lisp/ros/robot_control_constraint_msgs/msg/_package_Line.lisp
Symlinking /home/fu/workspaces/knob_kuka_ws/devel/share/common-lisp/ros/robot_control_constraint_msgs/msg/PointPointConstraint.lisp
Symlinking /home/fu/workspaces/knob_kuka_ws/devel/share/common-lisp/ros/robot_control_constraint_msgs/msg/LineCylinderConstraint.lisp
Symlinking /home/fu/workspaces/knob_kuka_ws/devel/share/common-lisp/ros/robot_control_constraint_msgs/msg/_package_PointPlaneConstraint.lisp
Symlinking /home/fu/workspaces/knob_kuka_ws/devel/share/common-lisp/ros/robot_control_constraint_msgs/msg/_package_PointPointConstraint.lisp
Symlinking /home/fu/workspaces/knob_kuka_ws/devel/share/common-lisp/ros/robot_control_constraint_msgs/msg/_package_CircleCircleConstraint.lisp
Symlinking /home/fu/workspaces/knob_kuka_ws/devel/share/common-lisp/ros/robot_control_constraint_msgs/msg/CircleCylinderConstraint.lisp
Symlinking /home/fu/workspaces/knob_kuka_ws/devel/share/common-lisp/ros/robot_control_constraint_msgs/msg/_package_LineLineConstraint.lisp
Symlinking /home/fu/workspaces/knob_kuka_ws/devel/share/common-lisp/ros/robot_control_constraint_msgs/msg/_package_Constraints.lisp
Symlinking /home/fu/workspaces/knob_kuka_ws/devel/share/common-lisp/ros/robot_control_constraint_msgs/msg/_package_PointLineConstraint.lisp
Symlinking /home/fu/workspaces/knob_kuka_ws/devel/share/common-lisp/ros/robot_control_constraint_msgs/msg/_package_Cone.lisp
Symlinking /home/fu/workspaces/knob_kuka_ws/devel/share/common-lisp/ros/robot_control_constraint_msgs/msg/_package_CylinderCylinderConstraint.lisp
Symlinking /home/fu/workspaces/knob_kuka_ws/devel/share/common-lisp/ros/robot_control_constraint_msgs/msg/_package_CirclePointConstraint.lisp
Symlinking /home/fu/workspaces/knob_kuka_ws/devel/share/common-lisp/ros/robot_control_constraint_msgs/msg/Cylinder.lisp
Symlinking /home/fu/workspaces/knob_kuka_ws/devel/share/common-lisp/ros/robot_control_constraint_msgs/msg/PointConeConstraint.lisp
Symlinking /home/fu/workspaces/knob_kuka_ws/devel/share/common-lisp/ros/robot_control_constraint_msgs/msg/_package_LinePointConstraint.lisp
Symlinking /home/fu/workspaces/knob_kuka_ws/devel/share/common-lisp/ros/robot_control_constraint_msgs/msg/CylinderConeConstraint.lisp
Symlinking /home/fu/workspaces/knob_kuka_ws/devel/share/common-lisp/ros/robot_control_constraint_msgs/msg/PointCylinderConstraint.lisp
Symlinking /home/fu/workspaces/knob_kuka_ws/devel/share/common-lisp/ros/robot_control_constraint_msgs/msg/_package_ConeLineConstraint.lisp
Symlinking /home/fu/workspaces/knob_kuka_ws/devel/share/common-lisp/ros/robot_control_constraint_msgs/msg/ConeConeConstraint.lisp
Symlinking /home/fu/workspaces/knob_kuka_ws/devel/share/common-lisp/ros/robot_control_constraint_msgs/msg/CirclePointConstraint.lisp
Symlinking /home/fu/workspaces/knob_kuka_ws/devel/share/common-lisp/ros/robot_control_constraint_msgs/msg/_package_Plane.lisp
Symlinking /home/fu/workspaces/knob_kuka_ws/devel/share/common-lisp/ros/robot_control_constraint_msgs/msg/_package_LineCircleConstraint.lisp
Symlinking /home/fu/workspaces/knob_kuka_ws/devel/share/common-lisp/ros/robot_control_constraint_msgs/msg/PlanePointConstraint.lisp
Symlinking /home/fu/workspaces/knob_kuka_ws/devel/share/common-lisp/ros/robot_control_constraint_msgs/msg/ConeCircleConstraint.lisp
Symlinking /home/fu/workspaces/knob_kuka_ws/devel/share/common-lisp/ros/robot_control_constraint_msgs/msg/_package_CircleConeConstraint.lisp
Symlinking /home/fu/workspaces/knob_kuka_ws/devel/share/common-lisp/ros/robot_control_constraint_msgs/msg/ConeCylinderConstraint.lisp
Symlinking /home/fu/workspaces/knob_kuka_ws/devel/share/common-lisp/ros/robot_control_constraint_msgs/msg/_package_PointCylinderConstraint.lisp
Symlinking /home/fu/workspaces/knob_kuka_ws/devel/share/common-lisp/ros/robot_control_constraint_msgs/msg/CircleCircleConstraint.lisp
Symlinking /home/fu/workspaces/knob_kuka_ws/devel/share/common-lisp/ros/robot_control_constraint_msgs/msg/_package_CylinderCircleConstraint.lisp
Symlinking /home/fu/workspaces/knob_kuka_ws/devel/share/common-lisp/ros/robot_control_constraint_msgs/msg/_package_ConeCircleConstraint.lisp
Symlinking /home/fu/workspaces/knob_kuka_ws/devel/share/common-lisp/ros/robot_control_constraint_msgs/msg/_package_LineCylinderConstraint.lisp
Symlinking /home/fu/workspaces/knob_kuka_ws/devel/share/common-lisp/ros/robot_control_constraint_msgs/msg/ConePointConstraint.lisp
Symlinking /home/fu/workspaces/knob_kuka_ws/devel/share/common-lisp/ros/robot_control_constraint_msgs/msg/_package_ConstraintType.lisp
Symlinking /home/fu/workspaces/knob_kuka_ws/devel/share/common-lisp/ros/robot_control_constraint_msgs/msg/_package_PointCircleConstraint.lisp
Symlinking /home/fu/workspaces/knob_kuka_ws/devel/share/common-lisp/ros/robot_control_constraint_msgs/msg/FixedConstraint.lisp
Symlinking /home/fu/workspaces/knob_kuka_ws/devel/share/common-lisp/ros/robot_control_constraint_msgs/msg/CirclePlaneConstraint.lisp
Symlinking /home/fu/workspaces/knob_kuka_ws/devel/share/common-lisp/ros/robot_control_constraint_msgs/msg/CylinderPlaneConstraint.lisp
Symlinking /home/fu/workspaces/knob_kuka_ws/devel/share/common-lisp/ros/robot_control_constraint_msgs/msg/Point.lisp
Symlinking /home/fu/workspaces/knob_kuka_ws/devel/share/common-lisp/ros/robot_control_constraint_msgs/msg/PointPlaneConstraint.lisp
Symlinking /home/fu/workspaces/knob_kuka_ws/devel/share/common-lisp/ros/robot_control_constraint_msgs/msg/LineLineConstraint.lisp
Symlinking /home/fu/workspaces/knob_kuka_ws/devel/share/common-lisp/ros/robot_control_constraint_msgs/msg/_package_Point.lisp
Symlinking /home/fu/workspaces/knob_kuka_ws/devel/share/common-lisp/ros/robot_control_constraint_msgs/msg/_package_ConeConeConstraint.lisp
Symlinking /home/fu/workspaces/knob_kuka_ws/devel/share/common-lisp/ros/robot_control_constraint_msgs/msg/PlaneLineConstraint.lisp
Symlinking /home/fu/workspaces/knob_kuka_ws/devel/share/common-lisp/ros/robot_control_constraint_msgs/msg/robot_control_constraint_msgs-msg.asd
Symlinking /home/fu/workspaces/knob_kuka_ws/devel/share/common-lisp/ros/robot_control_constraint_msgs/msg/_package_CirclePlaneConstraint.lisp
Symlinking /home/fu/workspaces/knob_kuka_ws/devel/share/common-lisp/ros/robot_control_constraint_msgs/msg/_package_LineConeConstraint.lisp
Symlinking /home/fu/workspaces/knob_kuka_ws/devel/share/common-lisp/ros/robot_control_constraint_msgs/msg/ConePlaneConstraint.lisp
Symlinking /home/fu/workspaces/knob_kuka_ws/devel/share/common-lisp/ros/robot_control_constraint_msgs/msg/_package_CylinderConeConstraint.lisp
Symlinking /home/fu/workspaces/knob_kuka_ws/devel/share/common-lisp/ros/robot_control_constraint_msgs/msg/_package_FixedConstraint.lisp
Symlinking /home/fu/workspaces/knob_kuka_ws/devel/share/common-lisp/ros/robot_control_constraint_msgs/msg/_package_ConePointConstraint.lisp
Symlinking /home/fu/workspaces/knob_kuka_ws/devel/share/common-lisp/ros/robot_control_constraint_msgs/msg/_package_CylinderLineConstraint.lisp
Symlinking /home/fu/workspaces/knob_kuka_ws/devel/share/common-lisp/ros/robot_control_constraint_msgs/msg/LineCircleConstraint.lisp
Symlinking /home/fu/workspaces/knob_kuka_ws/devel/share/common-lisp/ros/robot_control_constraint_msgs/msg/_package_ConePlaneConstraint.lisp
Symlinking /home/fu/workspaces/knob_kuka_ws/devel/share/common-lisp/ros/robot_control_constraint_msgs/msg/ConeLineConstraint.lisp
Symlinking /home/fu/workspaces/knob_kuka_ws/devel/share/common-lisp/ros/robot_control_constraint_msgs/msg/PointCircleConstraint.lisp
Symlinking /home/fu/workspaces/knob_kuka_ws/devel/share/common-lisp/ros/robot_control_constraint_msgs/msg/Plane.lisp
Symlinking /home/fu/workspaces/knob_kuka_ws/devel/share/common-lisp/ros/robot_control_constraint_msgs/msg/_package_PlaneConeConstraint.lisp
Symlinking /home/fu/workspaces/knob_kuka_ws/devel/share/common-lisp/ros/robot_control_constraint_msgs/msg/_package_Circle.lisp
Symlinking /home/fu/workspaces/knob_kuka_ws/devel/share/common-lisp/ros/robot_control_constraint_msgs/msg/Cone.lisp
Symlinking /home/fu/workspaces/knob_kuka_ws/devel/share/common-lisp/ros/robot_control_constraint_msgs/msg/_package_PlaneCircleConstraint.lisp
Symlinking /home/fu/workspaces/knob_kuka_ws/devel/share/common-lisp/ros/robot_control_constraint_msgs/msg/CircleLineConstraint.lisp
Symlinking /home/fu/workspaces/knob_kuka_ws/devel/share/common-lisp/ros/robot_control_constraint_msgs/msg/PlaneCircleConstraint.lisp
Symlinking /home/fu/workspaces/knob_kuka_ws/devel/share/common-lisp/ros/robot_control_constraint_msgs/msg/CylinderLineConstraint.lisp
Symlinking /home/fu/workspaces/knob_kuka_ws/devel/share/common-lisp/ros/robot_control_constraint_msgs/msg/Line.lisp
Symlinking /home/fu/workspaces/knob_kuka_ws/devel/share/common-lisp/ros/robot_control_constraint_msgs/msg/PointLineConstraint.lisp
Symlinking /home/fu/workspaces/knob_kuka_ws/devel/share/common-lisp/ros/robot_control_constraint_msgs/msg/LinePointConstraint.lisp
Symlinking /home/fu/workspaces/knob_kuka_ws/devel/share/common-lisp/ros/robot_control_constraint_msgs/msg/PlaneConeConstraint.lisp
Symlinking /home/fu/workspaces/knob_kuka_ws/devel/share/common-lisp/ros/robot_control_constraint_msgs/msg/LineConeConstraint.lisp
Symlinking /home/fu/workspaces/knob_kuka_ws/devel/share/common-lisp/ros/robot_control_constraint_msgs/msg/_package_PlaneCylinderConstraint.lisp
Symlinking /home/fu/workspaces/knob_kuka_ws/devel/share/common-lisp/ros/robot_control_constraint_msgs/msg/PlanePlaneConstraint.lisp
Symlinking /home/fu/workspaces/knob_kuka_ws/devel/share/common-lisp/ros/robot_control_constraint_msgs/msg/_package_LinePlaneConstraint.lisp
Symlinking /home/fu/workspaces/knob_kuka_ws/devel/share/common-lisp/ros/robot_control_constraint_msgs/msg/_package_PlanePlaneConstraint.lisp
Symlinking /home/fu/workspaces/knob_kuka_ws/devel/share/common-lisp/ros/robot_control_constraint_msgs/msg/CylinderCircleConstraint.lisp
Symlinking /home/fu/workspaces/knob_kuka_ws/devel/share/common-lisp/ros/robot_control_constraint_msgs/msg/Circle.lisp
Symlinking /home/fu/workspaces/knob_kuka_ws/devel/share/common-lisp/ros/robot_control_constraint_msgs/msg/Constraints.lisp
Symlinking /home/fu/workspaces/knob_kuka_ws/devel/share/common-lisp/ros/robot_control_constraint_msgs/msg/_package_CylinderPointConstraint.lisp
Symlinking /home/fu/workspaces/knob_kuka_ws/devel/share/common-lisp/ros/robot_control_constraint_msgs/msg/_package_CylinderPlaneConstraint.lisp
Symlinking /home/fu/workspaces/knob_kuka_ws/devel/share/common-lisp/ros/robot_control_constraint_msgs/msg/_package_Cylinder.lisp
Symlinking /home/fu/workspaces/knob_kuka_ws/devel/share/common-lisp/ros/robot_control_constraint_msgs/msg/CircleConeConstraint.lisp
Symlinking /home/fu/workspaces/knob_kuka_ws/devel/share/common-lisp/ros/robot_control_constraint_msgs/msg/_package_ConeCylinderConstraint.lisp
Symlinking /home/fu/workspaces/knob_kuka_ws/devel/share/common-lisp/ros/robot_control_constraint_msgs/msg/LinePlaneConstraint.lisp
Symlinking /home/fu/workspaces/knob_kuka_ws/devel/share/common-lisp/ros/robot_control_constraint_msgs/msg/CylinderCylinderConstraint.lisp
Symlinking /home/fu/workspaces/knob_kuka_ws/devel/share/common-lisp/ros/robot_control_constraint_msgs/msg/ConstraintType.lisp
Symlinking /home/fu/workspaces/knob_kuka_ws/devel/share/common-lisp/ros/robot_control_constraint_msgs/msg/_package_PointConeConstraint.lisp
Symlinking /home/fu/workspaces/knob_kuka_ws/devel/share/common-lisp/ros/robot_control_constraint_msgs/msg/_package_CircleLineConstraint.lisp
Symlinking /home/fu/workspaces/knob_kuka_ws/devel/lib/pkgconfig/robot_control_constraint_msgs.pc
Symlinking /home/fu/workspaces/knob_kuka_ws/devel/lib/python3/dist-packages/robot_control_constraint_msgs/__init__.py
Symlinking /home/fu/workspaces/knob_kuka_ws/devel/lib/python3/dist-packages/robot_control_constraint_msgs/msg/_ConeLineConstraint.py
Symlinking /home/fu/workspaces/knob_kuka_ws/devel/lib/python3/dist-packages/robot_control_constraint_msgs/msg/_ConeConeConstraint.py
Symlinking /home/fu/workspaces/knob_kuka_ws/devel/lib/python3/dist-packages/robot_control_constraint_msgs/msg/_CirclePointConstraint.py
Symlinking /home/fu/workspaces/knob_kuka_ws/devel/lib/python3/dist-packages/robot_control_constraint_msgs/msg/_ConePlaneConstraint.py
Symlinking /home/fu/workspaces/knob_kuka_ws/devel/lib/python3/dist-packages/robot_control_constraint_msgs/msg/_CylinderPlaneConstraint.py
Symlinking /home/fu/workspaces/knob_kuka_ws/devel/lib/python3/dist-packages/robot_control_constraint_msgs/msg/_FixedConstraint.py
Symlinking /home/fu/workspaces/knob_kuka_ws/devel/lib/python3/dist-packages/robot_control_constraint_msgs/msg/_PlaneCircleConstraint.py
Symlinking /home/fu/workspaces/knob_kuka_ws/devel/lib/python3/dist-packages/robot_control_constraint_msgs/msg/_PointLineConstraint.py
Symlinking /home/fu/workspaces/knob_kuka_ws/devel/lib/python3/dist-packages/robot_control_constraint_msgs/msg/_Line.py
Symlinking /home/fu/workspaces/knob_kuka_ws/devel/lib/python3/dist-packages/robot_control_constraint_msgs/msg/_CylinderPointConstraint.py
Symlinking /home/fu/workspaces/knob_kuka_ws/devel/lib/python3/dist-packages/robot_control_constraint_msgs/msg/_ConstraintType.py
Symlinking /home/fu/workspaces/knob_kuka_ws/devel/lib/python3/dist-packages/robot_control_constraint_msgs/msg/_Point.py
Symlinking /home/fu/workspaces/knob_kuka_ws/devel/lib/python3/dist-packages/robot_control_constraint_msgs/msg/_PlanePlaneConstraint.py
Symlinking /home/fu/workspaces/knob_kuka_ws/devel/lib/python3/dist-packages/robot_control_constraint_msgs/msg/_Cylinder.py
Symlinking /home/fu/workspaces/knob_kuka_ws/devel/lib/python3/dist-packages/robot_control_constraint_msgs/msg/_Circle.py
Symlinking /home/fu/workspaces/knob_kuka_ws/devel/lib/python3/dist-packages/robot_control_constraint_msgs/msg/_Cone.py
Symlinking /home/fu/workspaces/knob_kuka_ws/devel/lib/python3/dist-packages/robot_control_constraint_msgs/msg/_PlaneCylinderConstraint.py
Symlinking /home/fu/workspaces/knob_kuka_ws/devel/lib/python3/dist-packages/robot_control_constraint_msgs/msg/_Plane.py
Symlinking /home/fu/workspaces/knob_kuka_ws/devel/lib/python3/dist-packages/robot_control_constraint_msgs/msg/_CylinderLineConstraint.py
Symlinking /home/fu/workspaces/knob_kuka_ws/devel/lib/python3/dist-packages/robot_control_constraint_msgs/msg/_PointPlaneConstraint.py
Symlinking /home/fu/workspaces/knob_kuka_ws/devel/lib/python3/dist-packages/robot_control_constraint_msgs/msg/_LineLineConstraint.py
Symlinking /home/fu/workspaces/knob_kuka_ws/devel/lib/python3/dist-packages/robot_control_constraint_msgs/msg/_CircleLineConstraint.py
Symlinking /home/fu/workspaces/knob_kuka_ws/devel/lib/python3/dist-packages/robot_control_constraint_msgs/msg/_ConeCircleConstraint.py
Symlinking /home/fu/workspaces/knob_kuka_ws/devel/lib/python3/dist-packages/robot_control_constraint_msgs/msg/_PointCircleConstraint.py
Symlinking /home/fu/workspaces/knob_kuka_ws/devel/lib/python3/dist-packages/robot_control_constraint_msgs/msg/_ConeCylinderConstraint.py
Symlinking /home/fu/workspaces/knob_kuka_ws/devel/lib/python3/dist-packages/robot_control_constraint_msgs/msg/_PlanePointConstraint.py
Symlinking /home/fu/workspaces/knob_kuka_ws/devel/lib/python3/dist-packages/robot_control_constraint_msgs/msg/_LineCylinderConstraint.py
Symlinking /home/fu/workspaces/knob_kuka_ws/devel/lib/python3/dist-packages/robot_control_constraint_msgs/msg/_PointPointConstraint.py
Symlinking /home/fu/workspaces/knob_kuka_ws/devel/lib/python3/dist-packages/robot_control_constraint_msgs/msg/_CylinderConeConstraint.py
Symlinking /home/fu/workspaces/knob_kuka_ws/devel/lib/python3/dist-packages/robot_control_constraint_msgs/msg/_Constraints.py
Symlinking /home/fu/workspaces/knob_kuka_ws/devel/lib/python3/dist-packages/robot_control_constraint_msgs/msg/_ConePointConstraint.py
Symlinking /home/fu/workspaces/knob_kuka_ws/devel/lib/python3/dist-packages/robot_control_constraint_msgs/msg/_LineConeConstraint.py
Symlinking /home/fu/workspaces/knob_kuka_ws/devel/lib/python3/dist-packages/robot_control_constraint_msgs/msg/_PlaneLineConstraint.py
Symlinking /home/fu/workspaces/knob_kuka_ws/devel/lib/python3/dist-packages/robot_control_constraint_msgs/msg/_CylinderCircleConstraint.py
Symlinking /home/fu/workspaces/knob_kuka_ws/devel/lib/python3/dist-packages/robot_control_constraint_msgs/msg/__init__.py
Symlinking /home/fu/workspaces/knob_kuka_ws/devel/lib/python3/dist-packages/robot_control_constraint_msgs/msg/_PointCylinderConstraint.py
Symlinking /home/fu/workspaces/knob_kuka_ws/devel/lib/python3/dist-packages/robot_control_constraint_msgs/msg/_PlaneConeConstraint.py
Symlinking /home/fu/workspaces/knob_kuka_ws/devel/lib/python3/dist-packages/robot_control_constraint_msgs/msg/_CylinderCylinderConstraint.py
Symlinking /home/fu/workspaces/knob_kuka_ws/devel/lib/python3/dist-packages/robot_control_constraint_msgs/msg/_CirclePlaneConstraint.py
Symlinking /home/fu/workspaces/knob_kuka_ws/devel/lib/python3/dist-packages/robot_control_constraint_msgs/msg/_CircleConeConstraint.py
Symlinking /home/fu/workspaces/knob_kuka_ws/devel/lib/python3/dist-packages/robot_control_constraint_msgs/msg/_LinePointConstraint.py
Symlinking /home/fu/workspaces/knob_kuka_ws/devel/lib/python3/dist-packages/robot_control_constraint_msgs/msg/_CircleCylinderConstraint.py
Symlinking /home/fu/workspaces/knob_kuka_ws/devel/lib/python3/dist-packages/robot_control_constraint_msgs/msg/_LineCircleConstraint.py
Symlinking /home/fu/workspaces/knob_kuka_ws/devel/lib/python3/dist-packages/robot_control_constraint_msgs/msg/_CircleCircleConstraint.py
Symlinking /home/fu/workspaces/knob_kuka_ws/devel/lib/python3/dist-packages/robot_control_constraint_msgs/msg/_PointConeConstraint.py
Symlinking /home/fu/workspaces/knob_kuka_ws/devel/lib/python3/dist-packages/robot_control_constraint_msgs/msg/_LinePlaneConstraint.py
Symlinking /home/fu/workspaces/knob_kuka_ws/devel/include/robot_control_constraint_msgs/Constraints.h
Symlinking /home/fu/workspaces/knob_kuka_ws/devel/include/robot_control_constraint_msgs/PlaneConeConstraint.h
Symlinking /home/fu/workspaces/knob_kuka_ws/devel/include/robot_control_constraint_msgs/Cylinder.h
Symlinking /home/fu/workspaces/knob_kuka_ws/devel/include/robot_control_constraint_msgs/CircleConeConstraint.h
Symlinking /home/fu/workspaces/knob_kuka_ws/devel/include/robot_control_constraint_msgs/ConeCircleConstraint.h
Symlinking /home/fu/workspaces/knob_kuka_ws/devel/include/robot_control_constraint_msgs/PointPlaneConstraint.h
Symlinking /home/fu/workspaces/knob_kuka_ws/devel/include/robot_control_constraint_msgs/PointCylinderConstraint.h
Symlinking /home/fu/workspaces/knob_kuka_ws/devel/include/robot_control_constraint_msgs/LinePointConstraint.h
Symlinking /home/fu/workspaces/knob_kuka_ws/devel/include/robot_control_constraint_msgs/PlanePointConstraint.h
Symlinking /home/fu/workspaces/knob_kuka_ws/devel/include/robot_control_constraint_msgs/LineConeConstraint.h
Symlinking /home/fu/workspaces/knob_kuka_ws/devel/include/robot_control_constraint_msgs/ConeCylinderConstraint.h
Symlinking /home/fu/workspaces/knob_kuka_ws/devel/include/robot_control_constraint_msgs/LinePlaneConstraint.h
Symlinking /home/fu/workspaces/knob_kuka_ws/devel/include/robot_control_constraint_msgs/CylinderPlaneConstraint.h
Symlinking /home/fu/workspaces/knob_kuka_ws/devel/include/robot_control_constraint_msgs/PlanePlaneConstraint.h
Symlinking /home/fu/workspaces/knob_kuka_ws/devel/include/robot_control_constraint_msgs/LineCircleConstraint.h
Symlinking /home/fu/workspaces/knob_kuka_ws/devel/include/robot_control_constraint_msgs/CylinderCylinderConstraint.h
Symlinking /home/fu/workspaces/knob_kuka_ws/devel/include/robot_control_constraint_msgs/PointPointConstraint.h
Symlinking /home/fu/workspaces/knob_kuka_ws/devel/include/robot_control_constraint_msgs/PointCircleConstraint.h
Symlinking /home/fu/workspaces/knob_kuka_ws/devel/include/robot_control_constraint_msgs/ConeLineConstraint.h
Symlinking /home/fu/workspaces/knob_kuka_ws/devel/include/robot_control_constraint_msgs/CirclePointConstraint.h
Symlinking /home/fu/workspaces/knob_kuka_ws/devel/include/robot_control_constraint_msgs/Plane.h
Symlinking /home/fu/workspaces/knob_kuka_ws/devel/include/robot_control_constraint_msgs/CircleCylinderConstraint.h
Symlinking /home/fu/workspaces/knob_kuka_ws/devel/include/robot_control_constraint_msgs/CylinderLineConstraint.h
Symlinking /home/fu/workspaces/knob_kuka_ws/devel/include/robot_control_constraint_msgs/CircleLineConstraint.h
Symlinking /home/fu/workspaces/knob_kuka_ws/devel/include/robot_control_constraint_msgs/PlaneCylinderConstraint.h
Symlinking /home/fu/workspaces/knob_kuka_ws/devel/include/robot_control_constraint_msgs/Cone.h
Symlinking /home/fu/workspaces/knob_kuka_ws/devel/include/robot_control_constraint_msgs/PlaneLineConstraint.h
Symlinking /home/fu/workspaces/knob_kuka_ws/devel/include/robot_control_constraint_msgs/PointConeConstraint.h
Symlinking /home/fu/workspaces/knob_kuka_ws/devel/include/robot_control_constraint_msgs/Point.h
Symlinking /home/fu/workspaces/knob_kuka_ws/devel/include/robot_control_constraint_msgs/ConstraintType.h
Symlinking /home/fu/workspaces/knob_kuka_ws/devel/include/robot_control_constraint_msgs/ConeConeConstraint.h
Symlinking /home/fu/workspaces/knob_kuka_ws/devel/include/robot_control_constraint_msgs/PointLineConstraint.h
Symlinking /home/fu/workspaces/knob_kuka_ws/devel/include/robot_control_constraint_msgs/ConePlaneConstraint.h
Symlinking /home/fu/workspaces/knob_kuka_ws/devel/include/robot_control_constraint_msgs/CylinderCircleConstraint.h
Symlinking /home/fu/workspaces/knob_kuka_ws/devel/include/robot_control_constraint_msgs/Line.h
Symlinking /home/fu/workspaces/knob_kuka_ws/devel/include/robot_control_constraint_msgs/CircleCircleConstraint.h
Symlinking /home/fu/workspaces/knob_kuka_ws/devel/include/robot_control_constraint_msgs/LineLineConstraint.h
Symlinking /home/fu/workspaces/knob_kuka_ws/devel/include/robot_control_constraint_msgs/CirclePlaneConstraint.h
Symlinking /home/fu/workspaces/knob_kuka_ws/devel/include/robot_control_constraint_msgs/CylinderConeConstraint.h
Symlinking /home/fu/workspaces/knob_kuka_ws/devel/include/robot_control_constraint_msgs/CylinderPointConstraint.h
Symlinking /home/fu/workspaces/knob_kuka_ws/devel/include/robot_control_constraint_msgs/Circle.h
Symlinking /home/fu/workspaces/knob_kuka_ws/devel/include/robot_control_constraint_msgs/ConePointConstraint.h
Symlinking /home/fu/workspaces/knob_kuka_ws/devel/include/robot_control_constraint_msgs/FixedConstraint.h
Symlinking /home/fu/workspaces/knob_kuka_ws/devel/include/robot_control_constraint_msgs/LineCylinderConstraint.h
Symlinking /home/fu/workspaces/knob_kuka_ws/devel/include/robot_control_constraint_msgs/PlaneCircleConstraint.h
