[35m[1mScanning dependencies of target _robot_control_constraint_msgs_generate_messages_check_deps_CylinderCylinderConstraint[0m
[  0%] Built target _robot_control_constraint_msgs_generate_messages_check_deps_CylinderCylinderConstraint
[35m[1mScanning dependencies of target _robot_control_constraint_msgs_generate_messages_check_deps_PointPointConstraint[0m
[  0%] Built target _robot_control_constraint_msgs_generate_messages_check_deps_PointPointConstraint
[35m[1mScanning dependencies of target _robot_control_constraint_msgs_generate_messages_check_deps_PointCylinderConstraint[0m
[  0%] Built target _robot_control_constraint_msgs_generate_messages_check_deps_PointCylinderConstraint
[35m[1mScanning dependencies of target _robot_control_constraint_msgs_generate_messages_check_deps_PointConeConstraint[0m
[  0%] Built target _robot_control_constraint_msgs_generate_messages_check_deps_PointConeConstraint
[35m[1mScanning dependencies of target _robot_control_constraint_msgs_generate_messages_check_deps_PointCircleConstraint[0m
[  0%] Built target _robot_control_constraint_msgs_generate_messages_check_deps_PointCircleConstraint
[35m[1mScanning dependencies of target _robot_control_constraint_msgs_generate_messages_check_deps_PlanePointConstraint[0m
[  0%] Built target _robot_control_constraint_msgs_generate_messages_check_deps_PlanePointConstraint
[35m[1mScanning dependencies of target _robot_control_constraint_msgs_generate_messages_check_deps_PlanePlaneConstraint[0m
[  0%] Built target _robot_control_constraint_msgs_generate_messages_check_deps_PlanePlaneConstraint
[35m[1mScanning dependencies of target _robot_control_constraint_msgs_generate_messages_check_deps_PlaneLineConstraint[0m
[  0%] Built target _robot_control_constraint_msgs_generate_messages_check_deps_PlaneLineConstraint
[35m[1mScanning dependencies of target _robot_control_constraint_msgs_generate_messages_check_deps_PlaneCylinderConstraint[0m
[  0%] Built target _robot_control_constraint_msgs_generate_messages_check_deps_PlaneCylinderConstraint
[35m[1mScanning dependencies of target _robot_control_constraint_msgs_generate_messages_check_deps_PlaneConeConstraint[0m
[  0%] Built target _robot_control_constraint_msgs_generate_messages_check_deps_PlaneConeConstraint
[35m[1mScanning dependencies of target _robot_control_constraint_msgs_generate_messages_check_deps_PlaneCircleConstraint[0m
[  0%] Built target _robot_control_constraint_msgs_generate_messages_check_deps_PlaneCircleConstraint
[35m[1mScanning dependencies of target _robot_control_constraint_msgs_generate_messages_check_deps_ConstraintType[0m
[  0%] Built target _robot_control_constraint_msgs_generate_messages_check_deps_ConstraintType
[35m[1mScanning dependencies of target _robot_control_constraint_msgs_generate_messages_check_deps_CircleLineConstraint[0m
[  0%] Built target _robot_control_constraint_msgs_generate_messages_check_deps_CircleLineConstraint
[35m[1mScanning dependencies of target _robot_control_constraint_msgs_generate_messages_check_deps_CircleCircleConstraint[0m
[  0%] Built target _robot_control_constraint_msgs_generate_messages_check_deps_CircleCircleConstraint
[35m[1mScanning dependencies of target _robot_control_constraint_msgs_generate_messages_check_deps_Circle[0m
[  0%] Built target _robot_control_constraint_msgs_generate_messages_check_deps_Circle
[35m[1mScanning dependencies of target std_msgs_generate_messages_lisp[0m
[  0%] Built target std_msgs_generate_messages_lisp
[35m[1mScanning dependencies of target _robot_control_constraint_msgs_generate_messages_check_deps_ConeCircleConstraint[0m
[  0%] Built target _robot_control_constraint_msgs_generate_messages_check_deps_ConeCircleConstraint
[35m[1mScanning dependencies of target geometry_msgs_generate_messages_lisp[0m
[  0%] Built target geometry_msgs_generate_messages_lisp
[35m[1mScanning dependencies of target _robot_control_constraint_msgs_generate_messages_check_deps_LinePlaneConstraint[0m
[  0%] Built target _robot_control_constraint_msgs_generate_messages_check_deps_LinePlaneConstraint
[35m[1mScanning dependencies of target _robot_control_constraint_msgs_generate_messages_check_deps_Cylinder[0m
[  0%] Built target _robot_control_constraint_msgs_generate_messages_check_deps_Cylinder
[35m[1mScanning dependencies of target _robot_control_constraint_msgs_generate_messages_check_deps_CylinderCircleConstraint[0m
[  0%] Built target _robot_control_constraint_msgs_generate_messages_check_deps_CylinderCircleConstraint
[35m[1mScanning dependencies of target _robot_control_constraint_msgs_generate_messages_check_deps_Plane[0m
[  0%] Built target _robot_control_constraint_msgs_generate_messages_check_deps_Plane
[35m[1mScanning dependencies of target _robot_control_constraint_msgs_generate_messages_check_deps_PointLineConstraint[0m
[  0%] Built target _robot_control_constraint_msgs_generate_messages_check_deps_PointLineConstraint
[35m[1mScanning dependencies of target _robot_control_constraint_msgs_generate_messages_check_deps_Point[0m
[  0%] Built target _robot_control_constraint_msgs_generate_messages_check_deps_Point
[35m[1mScanning dependencies of target _robot_control_constraint_msgs_generate_messages_check_deps_FixedConstraint[0m
[  0%] Built target _robot_control_constraint_msgs_generate_messages_check_deps_FixedConstraint
[35m[1mScanning dependencies of target _robot_control_constraint_msgs_generate_messages_check_deps_CirclePointConstraint[0m
[  0%] Built target _robot_control_constraint_msgs_generate_messages_check_deps_CirclePointConstraint
[35m[1mScanning dependencies of target _robot_control_constraint_msgs_generate_messages_check_deps_CircleConeConstraint[0m
[  0%] Built target _robot_control_constraint_msgs_generate_messages_check_deps_CircleConeConstraint
[35m[1mScanning dependencies of target _robot_control_constraint_msgs_generate_messages_check_deps_ConeLineConstraint[0m
[  0%] Built target _robot_control_constraint_msgs_generate_messages_check_deps_ConeLineConstraint
[35m[1mScanning dependencies of target _robot_control_constraint_msgs_generate_messages_check_deps_CircleCylinderConstraint[0m
[  0%] Built target _robot_control_constraint_msgs_generate_messages_check_deps_CircleCylinderConstraint
[35m[1mScanning dependencies of target _robot_control_constraint_msgs_generate_messages_check_deps_CylinderPlaneConstraint[0m
[35m[1mScanning dependencies of target _robot_control_constraint_msgs_generate_messages_check_deps_CirclePlaneConstraint[0m
[  0%] Built target _robot_control_constraint_msgs_generate_messages_check_deps_CylinderPlaneConstraint
[  0%] Built target _robot_control_constraint_msgs_generate_messages_check_deps_CirclePlaneConstraint
[35m[1mScanning dependencies of target _robot_control_constraint_msgs_generate_messages_check_deps_ConeConeConstraint[0m
[35m[1mScanning dependencies of target _robot_control_constraint_msgs_generate_messages_check_deps_ConePlaneConstraint[0m
[  0%] Built target _robot_control_constraint_msgs_generate_messages_check_deps_ConeConeConstraint
[  0%] Built target _robot_control_constraint_msgs_generate_messages_check_deps_ConePlaneConstraint
[35m[1mScanning dependencies of target _robot_control_constraint_msgs_generate_messages_check_deps_CylinderConeConstraint[0m
[35m[1mScanning dependencies of target _robot_control_constraint_msgs_generate_messages_check_deps_Constraints[0m
[  0%] Built target _robot_control_constraint_msgs_generate_messages_check_deps_Constraints
[  0%] Built target _robot_control_constraint_msgs_generate_messages_check_deps_CylinderConeConstraint
[35m[1mScanning dependencies of target _robot_control_constraint_msgs_generate_messages_check_deps_CylinderLineConstraint[0m
[  0%] Built target _robot_control_constraint_msgs_generate_messages_check_deps_CylinderLineConstraint
[35m[1mScanning dependencies of target _robot_control_constraint_msgs_generate_messages_check_deps_CylinderPointConstraint[0m
[  0%] Built target _robot_control_constraint_msgs_generate_messages_check_deps_CylinderPointConstraint
[35m[1mScanning dependencies of target _robot_control_constraint_msgs_generate_messages_check_deps_ConePointConstraint[0m
[35m[1mScanning dependencies of target _robot_control_constraint_msgs_generate_messages_check_deps_LineCircleConstraint[0m
[  0%] Built target _robot_control_constraint_msgs_generate_messages_check_deps_ConePointConstraint
[  0%] Built target _robot_control_constraint_msgs_generate_messages_check_deps_LineCircleConstraint
[35m[1mScanning dependencies of target _robot_control_constraint_msgs_generate_messages_check_deps_Line[0m
[  0%] Built target _robot_control_constraint_msgs_generate_messages_check_deps_Line
[35m[1mScanning dependencies of target _robot_control_constraint_msgs_generate_messages_check_deps_LineConeConstraint[0m
[  0%] Built target _robot_control_constraint_msgs_generate_messages_check_deps_LineConeConstraint
[35m[1mScanning dependencies of target _robot_control_constraint_msgs_generate_messages_check_deps_Cone[0m
[  0%] Built target _robot_control_constraint_msgs_generate_messages_check_deps_Cone
[35m[1mScanning dependencies of target _robot_control_constraint_msgs_generate_messages_check_deps_LineCylinderConstraint[0m
[  0%] Built target _robot_control_constraint_msgs_generate_messages_check_deps_LineCylinderConstraint
[35m[1mScanning dependencies of target _robot_control_constraint_msgs_generate_messages_check_deps_LinePointConstraint[0m
[  0%] Built target _robot_control_constraint_msgs_generate_messages_check_deps_LinePointConstraint
[35m[1mScanning dependencies of target _robot_control_constraint_msgs_generate_messages_check_deps_ConeCylinderConstraint[0m
[  0%] Built target _robot_control_constraint_msgs_generate_messages_check_deps_ConeCylinderConstraint
[35m[1mScanning dependencies of target _robot_control_constraint_msgs_generate_messages_check_deps_LineLineConstraint[0m
[  0%] Built target _robot_control_constraint_msgs_generate_messages_check_deps_LineLineConstraint
[35m[1mScanning dependencies of target _robot_control_constraint_msgs_generate_messages_check_deps_PointPlaneConstraint[0m
[  0%] Built target _robot_control_constraint_msgs_generate_messages_check_deps_PointPlaneConstraint
[35m[1mScanning dependencies of target geometry_msgs_generate_messages_nodejs[0m
[  0%] Built target geometry_msgs_generate_messages_nodejs
[35m[1mScanning dependencies of target std_msgs_generate_messages_nodejs[0m
[  0%] Built target std_msgs_generate_messages_nodejs
[35m[1mScanning dependencies of target std_msgs_generate_messages_eus[0m
[  0%] Built target std_msgs_generate_messages_eus
[35m[1mScanning dependencies of target geometry_msgs_generate_messages_eus[0m
[  0%] Built target geometry_msgs_generate_messages_eus
[35m[1mScanning dependencies of target geometry_msgs_generate_messages_py[0m
[  0%] Built target geometry_msgs_generate_messages_py
[35m[1mScanning dependencies of target std_msgs_generate_messages_py[0m
[  0%] Built target std_msgs_generate_messages_py
[35m[1mScanning dependencies of target geometry_msgs_generate_messages_cpp[0m
[  0%] Built target geometry_msgs_generate_messages_cpp
[35m[1mScanning dependencies of target std_msgs_generate_messages_cpp[0m
[  0%] Built target std_msgs_generate_messages_cpp
[35m[1mScanning dependencies of target robot_control_constraint_msgs_generate_messages_lisp[0m
[  0%] [34m[1mGenerating Lisp code from robot_control_constraint_msgs/Constraints.msg[0m
[  0%] [34m[1mGenerating Lisp code from robot_control_constraint_msgs/ConstraintType.msg[0m
[  1%] [34m[1mGenerating Lisp code from robot_control_constraint_msgs/Circle.msg[0m
[  1%] [34m[1mGenerating Lisp code from robot_control_constraint_msgs/Cone.msg[0m
[  2%] [34m[1mGenerating Lisp code from robot_control_constraint_msgs/Cylinder.msg[0m
[  2%] [34m[1mGenerating Lisp code from robot_control_constraint_msgs/Line.msg[0m
[  3%] [34m[1mGenerating Lisp code from robot_control_constraint_msgs/Plane.msg[0m
[  3%] [34m[1mGenerating Lisp code from robot_control_constraint_msgs/Point.msg[0m
[  3%] [34m[1mGenerating Lisp code from robot_control_constraint_msgs/FixedConstraint.msg[0m
[  4%] [34m[1mGenerating Lisp code from robot_control_constraint_msgs/CircleCircleConstraint.msg[0m
[  4%] [34m[1mGenerating Lisp code from robot_control_constraint_msgs/CircleConeConstraint.msg[0m
[  5%] [34m[1mGenerating Lisp code from robot_control_constraint_msgs/CircleCylinderConstraint.msg[0m
[  5%] [34m[1mGenerating Lisp code from robot_control_constraint_msgs/CircleLineConstraint.msg[0m
[  6%] [34m[1mGenerating Lisp code from robot_control_constraint_msgs/CirclePlaneConstraint.msg[0m
[  6%] [34m[1mGenerating Lisp code from robot_control_constraint_msgs/CirclePointConstraint.msg[0m
[  6%] [34m[1mGenerating Lisp code from robot_control_constraint_msgs/ConeCircleConstraint.msg[0m
[  7%] [34m[1mGenerating Lisp code from robot_control_constraint_msgs/ConeConeConstraint.msg[0m
[  7%] [34m[1mGenerating Lisp code from robot_control_constraint_msgs/ConeCylinderConstraint.msg[0m
[  8%] [34m[1mGenerating Lisp code from robot_control_constraint_msgs/ConeLineConstraint.msg[0m
[  8%] [34m[1mGenerating Lisp code from robot_control_constraint_msgs/ConePlaneConstraint.msg[0m
[  9%] [34m[1mGenerating Lisp code from robot_control_constraint_msgs/ConePointConstraint.msg[0m
[  9%] [34m[1mGenerating Lisp code from robot_control_constraint_msgs/CylinderCircleConstraint.msg[0m
[  9%] [34m[1mGenerating Lisp code from robot_control_constraint_msgs/CylinderConeConstraint.msg[0m
[ 10%] [34m[1mGenerating Lisp code from robot_control_constraint_msgs/CylinderCylinderConstraint.msg[0m
[ 10%] [34m[1mGenerating Lisp code from robot_control_constraint_msgs/CylinderLineConstraint.msg[0m
[ 11%] [34m[1mGenerating Lisp code from robot_control_constraint_msgs/CylinderPlaneConstraint.msg[0m
[ 11%] [34m[1mGenerating Lisp code from robot_control_constraint_msgs/CylinderPointConstraint.msg[0m
[ 12%] [34m[1mGenerating Lisp code from robot_control_constraint_msgs/LineCircleConstraint.msg[0m
[ 12%] [34m[1mGenerating Lisp code from robot_control_constraint_msgs/LineConeConstraint.msg[0m
[ 12%] [34m[1mGenerating Lisp code from robot_control_constraint_msgs/LineCylinderConstraint.msg[0m
[ 13%] [34m[1mGenerating Lisp code from robot_control_constraint_msgs/LineLineConstraint.msg[0m
[ 13%] [34m[1mGenerating Lisp code from robot_control_constraint_msgs/LinePlaneConstraint.msg[0m
[ 14%] [34m[1mGenerating Lisp code from robot_control_constraint_msgs/LinePointConstraint.msg[0m
[ 14%] [34m[1mGenerating Lisp code from robot_control_constraint_msgs/PlaneCircleConstraint.msg[0m
[ 15%] [34m[1mGenerating Lisp code from robot_control_constraint_msgs/PlaneConeConstraint.msg[0m
[ 15%] [34m[1mGenerating Lisp code from robot_control_constraint_msgs/PlaneCylinderConstraint.msg[0m
[ 15%] [34m[1mGenerating Lisp code from robot_control_constraint_msgs/PlaneLineConstraint.msg[0m
[ 16%] [34m[1mGenerating Lisp code from robot_control_constraint_msgs/PlanePlaneConstraint.msg[0m
[ 16%] [34m[1mGenerating Lisp code from robot_control_constraint_msgs/PlanePointConstraint.msg[0m
[ 17%] [34m[1mGenerating Lisp code from robot_control_constraint_msgs/PointCircleConstraint.msg[0m
[ 17%] [34m[1mGenerating Lisp code from robot_control_constraint_msgs/PointConeConstraint.msg[0m
[ 18%] [34m[1mGenerating Lisp code from robot_control_constraint_msgs/PointCylinderConstraint.msg[0m
[ 18%] [34m[1mGenerating Lisp code from robot_control_constraint_msgs/PointLineConstraint.msg[0m
[ 18%] [34m[1mGenerating Lisp code from robot_control_constraint_msgs/PointPlaneConstraint.msg[0m
[35m[1mScanning dependencies of target robot_control_constraint_msgs_generate_messages_nodejs[0m
[ 18%] [34m[1mGenerating Javascript code from robot_control_constraint_msgs/Constraints.msg[0m
[ 19%] [34m[1mGenerating Lisp code from robot_control_constraint_msgs/PointPointConstraint.msg[0m
[ 20%] [34m[1mGenerating Javascript code from robot_control_constraint_msgs/ConstraintType.msg[0m
[ 20%] Built target robot_control_constraint_msgs_generate_messages_lisp
[35m[1mScanning dependencies of target robot_control_constraint_msgs_generate_messages_eus[0m
[ 20%] [34m[1mGenerating Javascript code from robot_control_constraint_msgs/Circle.msg[0m
[ 20%] [34m[1mGenerating EusLisp code from robot_control_constraint_msgs/Constraints.msg[0m
[ 20%] [34m[1mGenerating Javascript code from robot_control_constraint_msgs/Cone.msg[0m
[ 21%] [34m[1mGenerating Javascript code from robot_control_constraint_msgs/Cylinder.msg[0m
[ 22%] [34m[1mGenerating EusLisp code from robot_control_constraint_msgs/ConstraintType.msg[0m
[ 22%] [34m[1mGenerating Javascript code from robot_control_constraint_msgs/Line.msg[0m
[ 22%] [34m[1mGenerating EusLisp code from robot_control_constraint_msgs/Circle.msg[0m
[ 23%] [34m[1mGenerating Javascript code from robot_control_constraint_msgs/Plane.msg[0m
[ 23%] [34m[1mGenerating Javascript code from robot_control_constraint_msgs/Point.msg[0m
[ 24%] [34m[1mGenerating EusLisp code from robot_control_constraint_msgs/Cone.msg[0m
[ 25%] [34m[1mGenerating Javascript code from robot_control_constraint_msgs/FixedConstraint.msg[0m
[ 25%] [34m[1mGenerating Javascript code from robot_control_constraint_msgs/CircleCircleConstraint.msg[0m
[ 25%] [34m[1mGenerating EusLisp code from robot_control_constraint_msgs/Cylinder.msg[0m
[ 25%] [34m[1mGenerating Javascript code from robot_control_constraint_msgs/CircleConeConstraint.msg[0m
[ 26%] [34m[1mGenerating Javascript code from robot_control_constraint_msgs/CircleCylinderConstraint.msg[0m
[ 27%] [34m[1mGenerating EusLisp code from robot_control_constraint_msgs/Line.msg[0m
[ 27%] [34m[1mGenerating Javascript code from robot_control_constraint_msgs/CircleLineConstraint.msg[0m
[ 28%] [34m[1mGenerating Javascript code from robot_control_constraint_msgs/CirclePlaneConstraint.msg[0m
[ 28%] [34m[1mGenerating Javascript code from robot_control_constraint_msgs/CirclePointConstraint.msg[0m
[ 28%] [34m[1mGenerating EusLisp code from robot_control_constraint_msgs/Plane.msg[0m
[ 29%] [34m[1mGenerating Javascript code from robot_control_constraint_msgs/ConeCircleConstraint.msg[0m
[ 29%] [34m[1mGenerating EusLisp code from robot_control_constraint_msgs/Point.msg[0m
[ 29%] [34m[1mGenerating Javascript code from robot_control_constraint_msgs/ConeConeConstraint.msg[0m
[ 29%] [34m[1mGenerating Javascript code from robot_control_constraint_msgs/ConeCylinderConstraint.msg[0m
[ 30%] [34m[1mGenerating EusLisp code from robot_control_constraint_msgs/FixedConstraint.msg[0m
[ 30%] [34m[1mGenerating EusLisp code from robot_control_constraint_msgs/CircleCircleConstraint.msg[0m
[ 31%] [34m[1mGenerating Javascript code from robot_control_constraint_msgs/ConeLineConstraint.msg[0m
[ 31%] [34m[1mGenerating Javascript code from robot_control_constraint_msgs/ConePlaneConstraint.msg[0m
[ 32%] [34m[1mGenerating EusLisp code from robot_control_constraint_msgs/CircleConeConstraint.msg[0m
[ 34%] [34m[1mGenerating Javascript code from robot_control_constraint_msgs/ConePointConstraint.msg[0m
[ 34%] [34m[1mGenerating EusLisp code from robot_control_constraint_msgs/CircleCylinderConstraint.msg[0m
[ 34%] [34m[1mGenerating Javascript code from robot_control_constraint_msgs/CylinderCircleConstraint.msg[0m
[ 35%] [34m[1mGenerating EusLisp code from robot_control_constraint_msgs/CircleLineConstraint.msg[0m
[ 36%] [34m[1mGenerating Javascript code from robot_control_constraint_msgs/CylinderConeConstraint.msg[0m
[ 36%] [34m[1mGenerating Javascript code from robot_control_constraint_msgs/CylinderCylinderConstraint.msg[0m
[ 36%] [34m[1mGenerating EusLisp code from robot_control_constraint_msgs/CirclePlaneConstraint.msg[0m
[ 36%] [34m[1mGenerating EusLisp code from robot_control_constraint_msgs/CirclePointConstraint.msg[0m
[ 36%] [34m[1mGenerating Javascript code from robot_control_constraint_msgs/CylinderLineConstraint.msg[0m
[ 37%] [34m[1mGenerating Javascript code from robot_control_constraint_msgs/CylinderPlaneConstraint.msg[0m
[ 38%] [34m[1mGenerating EusLisp code from robot_control_constraint_msgs/ConeCircleConstraint.msg[0m
[ 38%] [34m[1mGenerating Javascript code from robot_control_constraint_msgs/CylinderPointConstraint.msg[0m
[ 39%] [34m[1mGenerating Javascript code from robot_control_constraint_msgs/LineCircleConstraint.msg[0m
[ 39%] [34m[1mGenerating EusLisp code from robot_control_constraint_msgs/ConeConeConstraint.msg[0m
[ 39%] [34m[1mGenerating Javascript code from robot_control_constraint_msgs/LineConeConstraint.msg[0m
[ 40%] [34m[1mGenerating Javascript code from robot_control_constraint_msgs/LineCylinderConstraint.msg[0m
[ 41%] [34m[1mGenerating EusLisp code from robot_control_constraint_msgs/ConeCylinderConstraint.msg[0m
[ 41%] [34m[1mGenerating Javascript code from robot_control_constraint_msgs/LineLineConstraint.msg[0m
[ 41%] [34m[1mGenerating Javascript code from robot_control_constraint_msgs/LinePlaneConstraint.msg[0m
[ 41%] [34m[1mGenerating EusLisp code from robot_control_constraint_msgs/ConeLineConstraint.msg[0m
[ 42%] [34m[1mGenerating Javascript code from robot_control_constraint_msgs/LinePointConstraint.msg[0m
[ 43%] [34m[1mGenerating EusLisp code from robot_control_constraint_msgs/ConePlaneConstraint.msg[0m
[ 43%] [34m[1mGenerating Javascript code from robot_control_constraint_msgs/PlaneCircleConstraint.msg[0m
[ 44%] [34m[1mGenerating Javascript code from robot_control_constraint_msgs/PlaneConeConstraint.msg[0m
[ 44%] [34m[1mGenerating EusLisp code from robot_control_constraint_msgs/ConePointConstraint.msg[0m
[ 44%] [34m[1mGenerating Javascript code from robot_control_constraint_msgs/PlaneCylinderConstraint.msg[0m
[ 44%] [34m[1mGenerating EusLisp code from robot_control_constraint_msgs/CylinderCircleConstraint.msg[0m
[ 45%] [34m[1mGenerating Javascript code from robot_control_constraint_msgs/PlaneLineConstraint.msg[0m
[ 45%] [34m[1mGenerating Javascript code from robot_control_constraint_msgs/PlanePlaneConstraint.msg[0m
[ 46%] [34m[1mGenerating EusLisp code from robot_control_constraint_msgs/CylinderConeConstraint.msg[0m
[ 46%] [34m[1mGenerating Javascript code from robot_control_constraint_msgs/PlanePointConstraint.msg[0m
[ 46%] [34m[1mGenerating EusLisp code from robot_control_constraint_msgs/CylinderCylinderConstraint.msg[0m
[ 47%] [34m[1mGenerating Javascript code from robot_control_constraint_msgs/PointCircleConstraint.msg[0m
[ 48%] [34m[1mGenerating EusLisp code from robot_control_constraint_msgs/CylinderLineConstraint.msg[0m
[ 48%] [34m[1mGenerating Javascript code from robot_control_constraint_msgs/PointConeConstraint.msg[0m
[ 48%] [34m[1mGenerating EusLisp code from robot_control_constraint_msgs/CylinderPlaneConstraint.msg[0m
[ 49%] [34m[1mGenerating Javascript code from robot_control_constraint_msgs/PointCylinderConstraint.msg[0m
[ 50%] [34m[1mGenerating EusLisp code from robot_control_constraint_msgs/CylinderPointConstraint.msg[0m
[ 50%] [34m[1mGenerating Javascript code from robot_control_constraint_msgs/PointLineConstraint.msg[0m
[ 51%] [34m[1mGenerating Javascript code from robot_control_constraint_msgs/PointPlaneConstraint.msg[0m
[ 51%] [34m[1mGenerating EusLisp code from robot_control_constraint_msgs/LineCircleConstraint.msg[0m
[ 51%] [34m[1mGenerating Javascript code from robot_control_constraint_msgs/PointPointConstraint.msg[0m
[35m[1mScanning dependencies of target robot_control_constraint_msgs_generate_messages_py[0m
[ 51%] [34m[1mGenerating Python from MSG robot_control_constraint_msgs/Constraints[0m
[ 51%] Built target robot_control_constraint_msgs_generate_messages_nodejs
[35m[1mScanning dependencies of target robot_control_constraint_msgs_generate_messages_cpp[0m
[ 51%] [34m[1mGenerating EusLisp code from robot_control_constraint_msgs/LineConeConstraint.msg[0m
[ 51%] [34m[1mGenerating C++ code from robot_control_constraint_msgs/Constraints.msg[0m
[ 52%] [34m[1mGenerating EusLisp code from robot_control_constraint_msgs/LineCylinderConstraint.msg[0m
[ 53%] [34m[1mGenerating C++ code from robot_control_constraint_msgs/ConstraintType.msg[0m
[ 54%] [34m[1mGenerating Python from MSG robot_control_constraint_msgs/ConstraintType[0m
[ 54%] [34m[1mGenerating EusLisp code from robot_control_constraint_msgs/LineLineConstraint.msg[0m
[ 54%] [34m[1mGenerating C++ code from robot_control_constraint_msgs/Circle.msg[0m
[ 55%] [34m[1mGenerating EusLisp code from robot_control_constraint_msgs/LinePlaneConstraint.msg[0m
[ 55%] [34m[1mGenerating Python from MSG robot_control_constraint_msgs/Circle[0m
[ 55%] [34m[1mGenerating EusLisp code from robot_control_constraint_msgs/LinePointConstraint.msg[0m
[ 56%] [34m[1mGenerating C++ code from robot_control_constraint_msgs/Cone.msg[0m
[ 57%] [34m[1mGenerating Python from MSG robot_control_constraint_msgs/Cone[0m
[ 58%] [34m[1mGenerating EusLisp code from robot_control_constraint_msgs/PlaneCircleConstraint.msg[0m
[ 58%] [34m[1mGenerating C++ code from robot_control_constraint_msgs/Cylinder.msg[0m
[ 58%] [34m[1mGenerating EusLisp code from robot_control_constraint_msgs/PlaneConeConstraint.msg[0m
[ 58%] [34m[1mGenerating Python from MSG robot_control_constraint_msgs/Cylinder[0m
[ 58%] [34m[1mGenerating EusLisp code from robot_control_constraint_msgs/PlaneCylinderConstraint.msg[0m
[ 58%] [34m[1mGenerating C++ code from robot_control_constraint_msgs/Line.msg[0m
[ 58%] [34m[1mGenerating Python from MSG robot_control_constraint_msgs/Line[0m
[ 59%] [34m[1mGenerating EusLisp code from robot_control_constraint_msgs/PlaneLineConstraint.msg[0m
[ 60%] [34m[1mGenerating C++ code from robot_control_constraint_msgs/Plane.msg[0m
[ 60%] [34m[1mGenerating EusLisp code from robot_control_constraint_msgs/PlanePlaneConstraint.msg[0m
[ 61%] [34m[1mGenerating Python from MSG robot_control_constraint_msgs/Plane[0m
[ 61%] [34m[1mGenerating C++ code from robot_control_constraint_msgs/Point.msg[0m
[ 62%] [34m[1mGenerating EusLisp code from robot_control_constraint_msgs/PlanePointConstraint.msg[0m
[ 62%] [34m[1mGenerating EusLisp code from robot_control_constraint_msgs/PointCircleConstraint.msg[0m
[ 62%] [34m[1mGenerating Python from MSG robot_control_constraint_msgs/Point[0m
[ 63%] [34m[1mGenerating C++ code from robot_control_constraint_msgs/FixedConstraint.msg[0m
[ 64%] [34m[1mGenerating EusLisp code from robot_control_constraint_msgs/PointConeConstraint.msg[0m
[ 64%] [34m[1mGenerating C++ code from robot_control_constraint_msgs/CircleCircleConstraint.msg[0m
[ 65%] [34m[1mGenerating Python from MSG robot_control_constraint_msgs/FixedConstraint[0m
[ 65%] [34m[1mGenerating EusLisp code from robot_control_constraint_msgs/PointCylinderConstraint.msg[0m
[ 67%] [34m[1mGenerating C++ code from robot_control_constraint_msgs/CircleConeConstraint.msg[0m
[ 67%] [34m[1mGenerating EusLisp code from robot_control_constraint_msgs/PointLineConstraint.msg[0m
[ 67%] [34m[1mGenerating Python from MSG robot_control_constraint_msgs/CircleCircleConstraint[0m
[ 67%] [34m[1mGenerating C++ code from robot_control_constraint_msgs/CircleCylinderConstraint.msg[0m
[ 68%] [34m[1mGenerating EusLisp code from robot_control_constraint_msgs/PointPlaneConstraint.msg[0m
[ 69%] [34m[1mGenerating Python from MSG robot_control_constraint_msgs/CircleConeConstraint[0m
[ 69%] [34m[1mGenerating C++ code from robot_control_constraint_msgs/CircleLineConstraint.msg[0m
[ 69%] [34m[1mGenerating EusLisp code from robot_control_constraint_msgs/PointPointConstraint.msg[0m
[ 70%] [34m[1mGenerating Python from MSG robot_control_constraint_msgs/CircleCylinderConstraint[0m
[ 70%] [34m[1mGenerating C++ code from robot_control_constraint_msgs/CirclePlaneConstraint.msg[0m
[ 71%] [34m[1mGenerating EusLisp manifest code for robot_control_constraint_msgs[0m
[ 71%] [34m[1mGenerating C++ code from robot_control_constraint_msgs/CirclePointConstraint.msg[0m
[ 71%] [34m[1mGenerating Python from MSG robot_control_constraint_msgs/CircleLineConstraint[0m
[ 72%] [34m[1mGenerating C++ code from robot_control_constraint_msgs/ConeCircleConstraint.msg[0m
[ 73%] [34m[1mGenerating Python from MSG robot_control_constraint_msgs/CirclePlaneConstraint[0m
[ 73%] [34m[1mGenerating C++ code from robot_control_constraint_msgs/ConeConeConstraint.msg[0m
[ 73%] [34m[1mGenerating Python from MSG robot_control_constraint_msgs/CirclePointConstraint[0m
[ 74%] [34m[1mGenerating C++ code from robot_control_constraint_msgs/ConeCylinderConstraint.msg[0m
[ 74%] [34m[1mGenerating C++ code from robot_control_constraint_msgs/ConeLineConstraint.msg[0m
[ 75%] [34m[1mGenerating Python from MSG robot_control_constraint_msgs/ConeCircleConstraint[0m
[ 75%] Built target robot_control_constraint_msgs_generate_messages_eus
[ 75%] [34m[1mGenerating C++ code from robot_control_constraint_msgs/ConePlaneConstraint.msg[0m
[ 76%] [34m[1mGenerating C++ code from robot_control_constraint_msgs/ConePointConstraint.msg[0m
[ 76%] [34m[1mGenerating Python from MSG robot_control_constraint_msgs/ConeConeConstraint[0m
[ 77%] [34m[1mGenerating Python from MSG robot_control_constraint_msgs/ConeCylinderConstraint[0m
[ 77%] [34m[1mGenerating C++ code from robot_control_constraint_msgs/CylinderCircleConstraint.msg[0m
[ 78%] [34m[1mGenerating C++ code from robot_control_constraint_msgs/CylinderConeConstraint.msg[0m
[ 78%] [34m[1mGenerating Python from MSG robot_control_constraint_msgs/ConeLineConstraint[0m
[ 78%] [34m[1mGenerating Python from MSG robot_control_constraint_msgs/ConePlaneConstraint[0m
[ 78%] [34m[1mGenerating C++ code from robot_control_constraint_msgs/CylinderCylinderConstraint.msg[0m
[ 79%] [34m[1mGenerating Python from MSG robot_control_constraint_msgs/ConePointConstraint[0m
[ 79%] [34m[1mGenerating Python from MSG robot_control_constraint_msgs/CylinderCircleConstraint[0m
[ 80%] [34m[1mGenerating C++ code from robot_control_constraint_msgs/CylinderLineConstraint.msg[0m
[ 80%] [34m[1mGenerating C++ code from robot_control_constraint_msgs/CylinderPlaneConstraint.msg[0m
[ 81%] [34m[1mGenerating Python from MSG robot_control_constraint_msgs/CylinderConeConstraint[0m
[ 81%] [34m[1mGenerating C++ code from robot_control_constraint_msgs/CylinderPointConstraint.msg[0m
[ 81%] [34m[1mGenerating Python from MSG robot_control_constraint_msgs/CylinderCylinderConstraint[0m
[ 82%] [34m[1mGenerating Python from MSG robot_control_constraint_msgs/CylinderLineConstraint[0m
[ 83%] [34m[1mGenerating C++ code from robot_control_constraint_msgs/LineCircleConstraint.msg[0m
[ 83%] [34m[1mGenerating C++ code from robot_control_constraint_msgs/LineConeConstraint.msg[0m
[ 83%] [34m[1mGenerating Python from MSG robot_control_constraint_msgs/CylinderPlaneConstraint[0m
[ 83%] [34m[1mGenerating Python from MSG robot_control_constraint_msgs/CylinderPointConstraint[0m
[ 84%] [34m[1mGenerating C++ code from robot_control_constraint_msgs/LineCylinderConstraint.msg[0m
[ 85%] [34m[1mGenerating Python from MSG robot_control_constraint_msgs/LineCircleConstraint[0m
[ 85%] [34m[1mGenerating C++ code from robot_control_constraint_msgs/LineLineConstraint.msg[0m
[ 86%] [34m[1mGenerating C++ code from robot_control_constraint_msgs/LinePlaneConstraint.msg[0m
[ 86%] [34m[1mGenerating Python from MSG robot_control_constraint_msgs/LineConeConstraint[0m
[ 87%] [34m[1mGenerating Python from MSG robot_control_constraint_msgs/LineCylinderConstraint[0m
[ 87%] [34m[1mGenerating C++ code from robot_control_constraint_msgs/LinePointConstraint.msg[0m
[ 87%] [34m[1mGenerating Python from MSG robot_control_constraint_msgs/LineLineConstraint[0m
[ 88%] [34m[1mGenerating Python from MSG robot_control_constraint_msgs/LinePlaneConstraint[0m
[ 88%] [34m[1mGenerating C++ code from robot_control_constraint_msgs/PlaneCircleConstraint.msg[0m
[ 89%] [34m[1mGenerating C++ code from robot_control_constraint_msgs/PlaneConeConstraint.msg[0m
[ 89%] [34m[1mGenerating Python from MSG robot_control_constraint_msgs/LinePointConstraint[0m
[ 89%] [34m[1mGenerating Python from MSG robot_control_constraint_msgs/PlaneCircleConstraint[0m
[ 89%] [34m[1mGenerating C++ code from robot_control_constraint_msgs/PlaneCylinderConstraint.msg[0m
[ 90%] [34m[1mGenerating C++ code from robot_control_constraint_msgs/PlaneLineConstraint.msg[0m
[ 91%] [34m[1mGenerating Python from MSG robot_control_constraint_msgs/PlaneConeConstraint[0m
[ 91%] [34m[1mGenerating Python from MSG robot_control_constraint_msgs/PlaneCylinderConstraint[0m
[ 91%] [34m[1mGenerating C++ code from robot_control_constraint_msgs/PlanePlaneConstraint.msg[0m
[ 92%] [34m[1mGenerating C++ code from robot_control_constraint_msgs/PlanePointConstraint.msg[0m
[ 93%] [34m[1mGenerating Python from MSG robot_control_constraint_msgs/PlaneLineConstraint[0m
[ 93%] [34m[1mGenerating C++ code from robot_control_constraint_msgs/PointCircleConstraint.msg[0m
[ 93%] [34m[1mGenerating C++ code from robot_control_constraint_msgs/PointConeConstraint.msg[0m
[ 93%] [34m[1mGenerating Python from MSG robot_control_constraint_msgs/PlanePlaneConstraint[0m
[ 94%] [34m[1mGenerating C++ code from robot_control_constraint_msgs/PointCylinderConstraint.msg[0m
[ 95%] [34m[1mGenerating Python from MSG robot_control_constraint_msgs/PlanePointConstraint[0m
[ 95%] [34m[1mGenerating C++ code from robot_control_constraint_msgs/PointLineConstraint.msg[0m
[ 95%] [34m[1mGenerating Python from MSG robot_control_constraint_msgs/PointCircleConstraint[0m
[ 95%] [34m[1mGenerating Python from MSG robot_control_constraint_msgs/PointConeConstraint[0m
[ 96%] [34m[1mGenerating Python from MSG robot_control_constraint_msgs/PointCylinderConstraint[0m
[ 96%] [34m[1mGenerating Python from MSG robot_control_constraint_msgs/PointLineConstraint[0m
[ 97%] [34m[1mGenerating C++ code from robot_control_constraint_msgs/PointPlaneConstraint.msg[0m
[ 97%] [34m[1mGenerating C++ code from robot_control_constraint_msgs/PointPointConstraint.msg[0m
[ 98%] [34m[1mGenerating Python from MSG robot_control_constraint_msgs/PointPlaneConstraint[0m
[ 98%] [34m[1mGenerating Python from MSG robot_control_constraint_msgs/PointPointConstraint[0m
[ 98%] Built target robot_control_constraint_msgs_generate_messages_cpp
[100%] [34m[1mGenerating Python msg __init__.py for robot_control_constraint_msgs[0m
[100%] Built target robot_control_constraint_msgs_generate_messages_py
[35m[1mScanning dependencies of target robot_control_constraint_msgs_generate_messages[0m
[100%] Built target robot_control_constraint_msgs_generate_messages
