Symlinking /home/fu/workspaces/knob_kuka_ws/devel/share/gennodejs/ros/iiwa_driver/_index.js
Symlinking /home/fu/workspaces/knob_kuka_ws/devel/share/gennodejs/ros/iiwa_driver/srv/StringCommand.js
Symlinking /home/fu/workspaces/knob_kuka_ws/devel/share/gennodejs/ros/iiwa_driver/srv/_index.js
Symlinking /home/fu/workspaces/knob_kuka_ws/devel/share/roseus/ros/iiwa_driver/manifest.l
Symlinking /home/fu/workspaces/knob_kuka_ws/devel/share/roseus/ros/iiwa_driver/srv/StringCommand.l
Symlinking /home/fu/workspaces/knob_kuka_ws/devel/share/iiwa_driver/cmake/iiwa_driverConfig.cmake
Symlinking /home/fu/workspaces/knob_kuka_ws/devel/share/iiwa_driver/cmake/iiwa_driver-msg-paths.cmake
Symlinking /home/fu/workspaces/knob_kuka_ws/devel/share/iiwa_driver/cmake/iiwa_driverConfig-version.cmake
Symlinking /home/fu/workspaces/knob_kuka_ws/devel/share/iiwa_driver/cmake/iiwa_driver-msg-extras.cmake
Symlinking /home/fu/workspaces/knob_kuka_ws/devel/share/common-lisp/ros/iiwa_driver/srv/_package.lisp
Symlinking /home/fu/workspaces/knob_kuka_ws/devel/share/common-lisp/ros/iiwa_driver/srv/_package_StringCommand.lisp
Symlinking /home/fu/workspaces/knob_kuka_ws/devel/share/common-lisp/ros/iiwa_driver/srv/StringCommand.lisp
Symlinking /home/fu/workspaces/knob_kuka_ws/devel/share/common-lisp/ros/iiwa_driver/srv/iiwa_driver-srv.asd
Symlinking /home/fu/workspaces/knob_kuka_ws/devel/lib/pkgconfig/iiwa_driver.pc
Symlinking /home/fu/workspaces/knob_kuka_ws/devel/lib/python3/dist-packages/iiwa_driver/__init__.py
Symlinking /home/fu/workspaces/knob_kuka_ws/devel/lib/python3/dist-packages/iiwa_driver/srv/_StringCommand.py
Symlinking /home/fu/workspaces/knob_kuka_ws/devel/lib/python3/dist-packages/iiwa_driver/srv/__init__.py
Symlinking /home/fu/workspaces/knob_kuka_ws/devel/include/iiwa_driver/StringCommandResponse.h
Symlinking /home/fu/workspaces/knob_kuka_ws/devel/include/iiwa_driver/StringCommand.h
Symlinking /home/fu/workspaces/knob_kuka_ws/devel/include/iiwa_driver/StringCommandRequest.h
