[35m[1mScanning dependencies of target std_msgs_generate_messages_lisp[0m
[35m[1mScanning dependencies of target robot_movement_interface_generate_messages_lisp[0m
[35m[1mScanning dependencies of target geometry_msgs_generate_messages_lisp[0m
[35m[1mScanning dependencies of target _iiwa_driver_generate_messages_check_deps_StringCommand[0m
[35m[1mScanning dependencies of target std_msgs_generate_messages_py[0m
[35m[1mScanning dependencies of target sensor_msgs_generate_messages_lisp[0m
[35m[1mScanning dependencies of target actionlib_msgs_generate_messages_py[0m
[35m[1mScanning dependencies of target actionlib_msgs_generate_messages_lisp[0m
[  0%] Built target std_msgs_generate_messages_lisp
[  0%] Built target sensor_msgs_generate_messages_lisp
[  0%] Built target std_msgs_generate_messages_py
[  0%] Built target robot_movement_interface_generate_messages_lisp
[  0%] Built target geometry_msgs_generate_messages_lisp
[  0%] Built target actionlib_msgs_generate_messages_lisp
[  0%] Built target actionlib_msgs_generate_messages_py
[35m[1mScanning dependencies of target sensor_msgs_generate_messages_py[0m
[35m[1mScanning dependencies of target geometry_msgs_generate_messages_py[0m
[35m[1mScanning dependencies of target robot_movement_interface_generate_messages_py[0m
[35m[1mScanning dependencies of target geometry_msgs_generate_messages_cpp[0m
[35m[1mScanning dependencies of target std_msgs_generate_messages_cpp[0m
[35m[1mScanning dependencies of target robot_movement_interface_generate_messages_cpp[0m
[35m[1mScanning dependencies of target sensor_msgs_generate_messages_cpp[0m
[  0%] Built target sensor_msgs_generate_messages_py
[  0%] Built target robot_movement_interface_generate_messages_py
[  0%] Built target geometry_msgs_generate_messages_py
[  0%] Built target sensor_msgs_generate_messages_cpp
[  0%] Built target std_msgs_generate_messages_cpp
[  0%] Built target geometry_msgs_generate_messages_cpp
[  0%] Built target _iiwa_driver_generate_messages_check_deps_StringCommand
[  0%] Built target robot_movement_interface_generate_messages_cpp
[35m[1mScanning dependencies of target geometry_msgs_generate_messages_eus[0m
[35m[1mScanning dependencies of target actionlib_msgs_generate_messages_cpp[0m
[35m[1mScanning dependencies of target sensor_msgs_generate_messages_eus[0m
[35m[1mScanning dependencies of target actionlib_msgs_generate_messages_eus[0m
[35m[1mScanning dependencies of target robot_movement_interface_generate_messages_eus[0m
[35m[1mScanning dependencies of target std_msgs_generate_messages_nodejs[0m
[35m[1mScanning dependencies of target std_msgs_generate_messages_eus[0m
[35m[1mScanning dependencies of target sensor_msgs_generate_messages_nodejs[0m
[  0%] Built target geometry_msgs_generate_messages_eus
[  0%] Built target actionlib_msgs_generate_messages_cpp
[  0%] Built target std_msgs_generate_messages_nodejs
[  0%] Built target sensor_msgs_generate_messages_eus
[  0%] Built target actionlib_msgs_generate_messages_eus
[  0%] Built target std_msgs_generate_messages_eus
[  0%] Built target sensor_msgs_generate_messages_nodejs
[35m[1mScanning dependencies of target geometry_msgs_generate_messages_nodejs[0m
[  0%] Built target robot_movement_interface_generate_messages_eus
[35m[1mScanning dependencies of target iiwa_driver_generate_messages_lisp[0m
[35m[1mScanning dependencies of target iiwa_driver_generate_messages_py[0m
[35m[1mScanning dependencies of target actionlib_msgs_generate_messages_nodejs[0m
[35m[1mScanning dependencies of target robot_movement_interface_generate_messages_nodejs[0m
[35m[1mScanning dependencies of target iiwa_driver_generate_messages_cpp[0m
[  0%] Built target geometry_msgs_generate_messages_nodejs
[35m[1mScanning dependencies of target iiwa_driver_generate_messages_eus[0m
[  0%] Built target robot_movement_interface_generate_messages_nodejs
[ 14%] [34m[1mGenerating Python code from SRV iiwa_driver/StringCommand[0m
[ 28%] Built target actionlib_msgs_generate_messages_nodejs
[ 28%] [34m[1mGenerating Lisp code from iiwa_driver/StringCommand.srv[0m
[ 42%] [34m[1mGenerating C++ code from iiwa_driver/StringCommand.srv[0m
[ 57%] [34m[1mGenerating EusLisp code from iiwa_driver/StringCommand.srv[0m
[ 71%] [34m[1mGenerating EusLisp manifest code for iiwa_driver[0m
[35m[1mScanning dependencies of target iiwa_driver_generate_messages_nodejs[0m
[ 85%] [34m[1mGenerating Javascript code from iiwa_driver/StringCommand.srv[0m
[ 85%] Built target iiwa_driver_generate_messages_lisp
[ 85%] Built target iiwa_driver_generate_messages_nodejs
[100%] [34m[1mGenerating Python srv __init__.py for iiwa_driver[0m
[100%] Built target iiwa_driver_generate_messages_cpp
[100%] Built target iiwa_driver_generate_messages_py
[100%] Built target iiwa_driver_generate_messages_eus
[35m[1mScanning dependencies of target iiwa_driver_generate_messages[0m
[100%] Built target iiwa_driver_generate_messages
