[  0%] Built target sensor_msgs_generate_messages_lisp
[  0%] Built target geometry_msgs_generate_messages_lisp
[  0%] Built target std_msgs_generate_messages_lisp
[  0%] Built target actionlib_msgs_generate_messages_lisp
[  0%] Built target robot_movement_interface_generate_messages_lisp
[  0%] Built target std_msgs_generate_messages_py
[  0%] Built target actionlib_msgs_generate_messages_py
[  0%] Built target sensor_msgs_generate_messages_py
[  0%] Built target _iiwa_driver_generate_messages_check_deps_StringCommand
[  0%] Built target geometry_msgs_generate_messages_py
[  0%] Built target robot_movement_interface_generate_messages_py
[  0%] Built target sensor_msgs_generate_messages_cpp
[  0%] Built target geometry_msgs_generate_messages_cpp
[  0%] Built target std_msgs_generate_messages_cpp
[  0%] Built target robot_movement_interface_generate_messages_cpp
[  0%] Built target actionlib_msgs_generate_messages_cpp
[  0%] Built target geometry_msgs_generate_messages_eus
[  0%] Built target std_msgs_generate_messages_eus
[  0%] Built target sensor_msgs_generate_messages_eus
[  0%] Built target std_msgs_generate_messages_nodejs
[  0%] Built target actionlib_msgs_generate_messages_eus
[  0%] Built target robot_movement_interface_generate_messages_eus
[  0%] Built target sensor_msgs_generate_messages_nodejs
[  0%] Built target geometry_msgs_generate_messages_nodejs
[  0%] Built target actionlib_msgs_generate_messages_nodejs
[  0%] Built target robot_movement_interface_generate_messages_nodejs
[ 14%] Built target iiwa_driver_generate_messages_lisp
[ 42%] Built target iiwa_driver_generate_messages_py
[ 71%] Built target iiwa_driver_generate_messages_eus
[ 85%] Built target iiwa_driver_generate_messages_cpp
[100%] Built target iiwa_driver_generate_messages_nodejs
[100%] Built target iiwa_driver_generate_messages
