Symlinking /home/fu/workspaces/knob_kuka_ws/devel/share/perception_srvs/cmake/perception_srvs-msg-extras.cmake
Symlinking /home/fu/workspaces/knob_kuka_ws/devel/share/perception_srvs/cmake/perception_srvs-msg-paths.cmake
Symlinking /home/fu/workspaces/knob_kuka_ws/devel/share/perception_srvs/cmake/perception_srvsConfig-version.cmake
Symlinking /home/fu/workspaces/knob_kuka_ws/devel/share/perception_srvs/cmake/perception_srvsConfig.cmake
Symlinking /home/fu/workspaces/knob_kuka_ws/devel/share/gennodejs/ros/perception_srvs/_index.js
Symlinking /home/fu/workspaces/knob_kuka_ws/devel/share/gennodejs/ros/perception_srvs/srv/Reload.js
Symlinking /home/fu/workspaces/knob_kuka_ws/devel/share/gennodejs/ros/perception_srvs/srv/Stop.js
Symlinking /home/fu/workspaces/knob_kuka_ws/devel/share/gennodejs/ros/perception_srvs/srv/Start.js
Symlinking /home/fu/workspaces/knob_kuka_ws/devel/share/gennodejs/ros/perception_srvs/srv/Set.js
Symlinking /home/fu/workspaces/knob_kuka_ws/devel/share/gennodejs/ros/perception_srvs/srv/_index.js
Symlinking /home/fu/workspaces/knob_kuka_ws/devel/share/gennodejs/ros/perception_srvs/srv/Config.js
Symlinking /home/fu/workspaces/knob_kuka_ws/devel/share/roseus/ros/perception_srvs/manifest.l
Symlinking /home/fu/workspaces/knob_kuka_ws/devel/share/roseus/ros/perception_srvs/srv/Set.l
Symlinking /home/fu/workspaces/knob_kuka_ws/devel/share/roseus/ros/perception_srvs/srv/Config.l
Symlinking /home/fu/workspaces/knob_kuka_ws/devel/share/roseus/ros/perception_srvs/srv/Reload.l
Symlinking /home/fu/workspaces/knob_kuka_ws/devel/share/roseus/ros/perception_srvs/srv/Start.l
Symlinking /home/fu/workspaces/knob_kuka_ws/devel/share/roseus/ros/perception_srvs/srv/Stop.l
Symlinking /home/fu/workspaces/knob_kuka_ws/devel/share/common-lisp/ros/perception_srvs/srv/_package.lisp
Symlinking /home/fu/workspaces/knob_kuka_ws/devel/share/common-lisp/ros/perception_srvs/srv/perception_srvs-srv.asd
Symlinking /home/fu/workspaces/knob_kuka_ws/devel/share/common-lisp/ros/perception_srvs/srv/_package_Start.lisp
Symlinking /home/fu/workspaces/knob_kuka_ws/devel/share/common-lisp/ros/perception_srvs/srv/_package_Stop.lisp
Symlinking /home/fu/workspaces/knob_kuka_ws/devel/share/common-lisp/ros/perception_srvs/srv/_package_Config.lisp
Symlinking /home/fu/workspaces/knob_kuka_ws/devel/share/common-lisp/ros/perception_srvs/srv/Start.lisp
Symlinking /home/fu/workspaces/knob_kuka_ws/devel/share/common-lisp/ros/perception_srvs/srv/_package_Reload.lisp
Symlinking /home/fu/workspaces/knob_kuka_ws/devel/share/common-lisp/ros/perception_srvs/srv/Set.lisp
Symlinking /home/fu/workspaces/knob_kuka_ws/devel/share/common-lisp/ros/perception_srvs/srv/Config.lisp
Symlinking /home/fu/workspaces/knob_kuka_ws/devel/share/common-lisp/ros/perception_srvs/srv/Stop.lisp
Symlinking /home/fu/workspaces/knob_kuka_ws/devel/share/common-lisp/ros/perception_srvs/srv/Reload.lisp
Symlinking /home/fu/workspaces/knob_kuka_ws/devel/share/common-lisp/ros/perception_srvs/srv/_package_Set.lisp
Symlinking /home/fu/workspaces/knob_kuka_ws/devel/lib/pkgconfig/perception_srvs.pc
Symlinking /home/fu/workspaces/knob_kuka_ws/devel/lib/python3/dist-packages/perception_srvs/__init__.py
Symlinking /home/fu/workspaces/knob_kuka_ws/devel/lib/python3/dist-packages/perception_srvs/srv/_Stop.py
Symlinking /home/fu/workspaces/knob_kuka_ws/devel/lib/python3/dist-packages/perception_srvs/srv/_Config.py
Symlinking /home/fu/workspaces/knob_kuka_ws/devel/lib/python3/dist-packages/perception_srvs/srv/_Set.py
Symlinking /home/fu/workspaces/knob_kuka_ws/devel/lib/python3/dist-packages/perception_srvs/srv/_Reload.py
Symlinking /home/fu/workspaces/knob_kuka_ws/devel/lib/python3/dist-packages/perception_srvs/srv/_Start.py
Symlinking /home/fu/workspaces/knob_kuka_ws/devel/lib/python3/dist-packages/perception_srvs/srv/__init__.py
Symlinking /home/fu/workspaces/knob_kuka_ws/devel/include/perception_srvs/Set.h
Symlinking /home/fu/workspaces/knob_kuka_ws/devel/include/perception_srvs/Reload.h
Symlinking /home/fu/workspaces/knob_kuka_ws/devel/include/perception_srvs/ConfigRequest.h
Symlinking /home/fu/workspaces/knob_kuka_ws/devel/include/perception_srvs/Config.h
Symlinking /home/fu/workspaces/knob_kuka_ws/devel/include/perception_srvs/Start.h
Symlinking /home/fu/workspaces/knob_kuka_ws/devel/include/perception_srvs/StartResponse.h
Symlinking /home/fu/workspaces/knob_kuka_ws/devel/include/perception_srvs/ReloadResponse.h
Symlinking /home/fu/workspaces/knob_kuka_ws/devel/include/perception_srvs/StartRequest.h
Symlinking /home/fu/workspaces/knob_kuka_ws/devel/include/perception_srvs/StopResponse.h
Symlinking /home/fu/workspaces/knob_kuka_ws/devel/include/perception_srvs/SetRequest.h
Symlinking /home/fu/workspaces/knob_kuka_ws/devel/include/perception_srvs/SetResponse.h
Symlinking /home/fu/workspaces/knob_kuka_ws/devel/include/perception_srvs/ReloadRequest.h
Symlinking /home/fu/workspaces/knob_kuka_ws/devel/include/perception_srvs/Stop.h
Symlinking /home/fu/workspaces/knob_kuka_ws/devel/include/perception_srvs/ConfigResponse.h
Symlinking /home/fu/workspaces/knob_kuka_ws/devel/include/perception_srvs/StopRequest.h
