Symlinking /home/fu/workspaces/knob_kuka_ws/devel/share/process_msgs/cmake/process_msgs-msg-paths.cmake
Symlinking /home/fu/workspaces/knob_kuka_ws/devel/share/process_msgs/cmake/process_msgsConfig-version.cmake
Symlinking /home/fu/workspaces/knob_kuka_ws/devel/share/process_msgs/cmake/process_msgs-msg-extras.cmake
Symlinking /home/fu/workspaces/knob_kuka_ws/devel/share/process_msgs/cmake/process_msgsConfig.cmake
Symlinking /home/fu/workspaces/knob_kuka_ws/devel/share/gennodejs/ros/process_msgs/_index.js
Symlinking /home/fu/workspaces/knob_kuka_ws/devel/share/gennodejs/ros/process_msgs/msg/ProcessPlan.js
Symlinking /home/fu/workspaces/knob_kuka_ws/devel/share/gennodejs/ros/process_msgs/msg/Parameter.js
Symlinking /home/fu/workspaces/knob_kuka_ws/devel/share/gennodejs/ros/process_msgs/msg/Workcell.js
Symlinking /home/fu/workspaces/knob_kuka_ws/devel/share/gennodejs/ros/process_msgs/msg/Class.js
Symlinking /home/fu/workspaces/knob_kuka_ws/devel/share/gennodejs/ros/process_msgs/msg/TaskStatusEnum.js
Symlinking /home/fu/workspaces/knob_kuka_ws/devel/share/gennodejs/ros/process_msgs/msg/Individual.js
Symlinking /home/fu/workspaces/knob_kuka_ws/devel/share/gennodejs/ros/process_msgs/msg/PhysicalEntity.js
Symlinking /home/fu/workspaces/knob_kuka_ws/devel/share/gennodejs/ros/process_msgs/msg/Task.js
Symlinking /home/fu/workspaces/knob_kuka_ws/devel/share/gennodejs/ros/process_msgs/msg/ValueTypesEnum.js
Symlinking /home/fu/workspaces/knob_kuka_ws/devel/share/gennodejs/ros/process_msgs/msg/CombinedGeometricInterrelationConstraint.js
Symlinking /home/fu/workspaces/knob_kuka_ws/devel/share/gennodejs/ros/process_msgs/msg/Value.js
Symlinking /home/fu/workspaces/knob_kuka_ws/devel/share/gennodejs/ros/process_msgs/msg/_index.js
Symlinking /home/fu/workspaces/knob_kuka_ws/devel/share/gennodejs/ros/process_msgs/msg/Precondition.js
Symlinking /home/fu/workspaces/knob_kuka_ws/devel/share/gennodejs/ros/process_msgs/msg/PartialOrderingConstraint.js
Symlinking /home/fu/workspaces/knob_kuka_ws/devel/share/gennodejs/ros/process_msgs/msg/Process.js
Symlinking /home/fu/workspaces/knob_kuka_ws/devel/share/gennodejs/ros/process_msgs/msg/Effect.js
Symlinking /home/fu/workspaces/knob_kuka_ws/devel/share/roseus/ros/process_msgs/manifest.l
Symlinking /home/fu/workspaces/knob_kuka_ws/devel/share/roseus/ros/process_msgs/msg/ValueTypesEnum.l
Symlinking /home/fu/workspaces/knob_kuka_ws/devel/share/roseus/ros/process_msgs/msg/Parameter.l
Symlinking /home/fu/workspaces/knob_kuka_ws/devel/share/roseus/ros/process_msgs/msg/PhysicalEntity.l
Symlinking /home/fu/workspaces/knob_kuka_ws/devel/share/roseus/ros/process_msgs/msg/Class.l
Symlinking /home/fu/workspaces/knob_kuka_ws/devel/share/roseus/ros/process_msgs/msg/Process.l
Symlinking /home/fu/workspaces/knob_kuka_ws/devel/share/roseus/ros/process_msgs/msg/Task.l
Symlinking /home/fu/workspaces/knob_kuka_ws/devel/share/roseus/ros/process_msgs/msg/Value.l
Symlinking /home/fu/workspaces/knob_kuka_ws/devel/share/roseus/ros/process_msgs/msg/PartialOrderingConstraint.l
Symlinking /home/fu/workspaces/knob_kuka_ws/devel/share/roseus/ros/process_msgs/msg/Effect.l
Symlinking /home/fu/workspaces/knob_kuka_ws/devel/share/roseus/ros/process_msgs/msg/CombinedGeometricInterrelationConstraint.l
Symlinking /home/fu/workspaces/knob_kuka_ws/devel/share/roseus/ros/process_msgs/msg/Workcell.l
Symlinking /home/fu/workspaces/knob_kuka_ws/devel/share/roseus/ros/process_msgs/msg/ProcessPlan.l
Symlinking /home/fu/workspaces/knob_kuka_ws/devel/share/roseus/ros/process_msgs/msg/Individual.l
Symlinking /home/fu/workspaces/knob_kuka_ws/devel/share/roseus/ros/process_msgs/msg/Precondition.l
Symlinking /home/fu/workspaces/knob_kuka_ws/devel/share/roseus/ros/process_msgs/msg/TaskStatusEnum.l
Symlinking /home/fu/workspaces/knob_kuka_ws/devel/share/common-lisp/ros/process_msgs/msg/Effect.lisp
Symlinking /home/fu/workspaces/knob_kuka_ws/devel/share/common-lisp/ros/process_msgs/msg/_package.lisp
Symlinking /home/fu/workspaces/knob_kuka_ws/devel/share/common-lisp/ros/process_msgs/msg/_package_ValueTypesEnum.lisp
Symlinking /home/fu/workspaces/knob_kuka_ws/devel/share/common-lisp/ros/process_msgs/msg/_package_ProcessPlan.lisp
Symlinking /home/fu/workspaces/knob_kuka_ws/devel/share/common-lisp/ros/process_msgs/msg/Individual.lisp
Symlinking /home/fu/workspaces/knob_kuka_ws/devel/share/common-lisp/ros/process_msgs/msg/TaskStatusEnum.lisp
Symlinking /home/fu/workspaces/knob_kuka_ws/devel/share/common-lisp/ros/process_msgs/msg/ValueTypesEnum.lisp
Symlinking /home/fu/workspaces/knob_kuka_ws/devel/share/common-lisp/ros/process_msgs/msg/_package_Individual.lisp
Symlinking /home/fu/workspaces/knob_kuka_ws/devel/share/common-lisp/ros/process_msgs/msg/_package_TaskStatusEnum.lisp
Symlinking /home/fu/workspaces/knob_kuka_ws/devel/share/common-lisp/ros/process_msgs/msg/_package_Parameter.lisp
Symlinking /home/fu/workspaces/knob_kuka_ws/devel/share/common-lisp/ros/process_msgs/msg/_package_Task.lisp
Symlinking /home/fu/workspaces/knob_kuka_ws/devel/share/common-lisp/ros/process_msgs/msg/_package_Value.lisp
Symlinking /home/fu/workspaces/knob_kuka_ws/devel/share/common-lisp/ros/process_msgs/msg/_package_PhysicalEntity.lisp
Symlinking /home/fu/workspaces/knob_kuka_ws/devel/share/common-lisp/ros/process_msgs/msg/Value.lisp
Symlinking /home/fu/workspaces/knob_kuka_ws/devel/share/common-lisp/ros/process_msgs/msg/_package_Workcell.lisp
Symlinking /home/fu/workspaces/knob_kuka_ws/devel/share/common-lisp/ros/process_msgs/msg/ProcessPlan.lisp
Symlinking /home/fu/workspaces/knob_kuka_ws/devel/share/common-lisp/ros/process_msgs/msg/_package_Precondition.lisp
Symlinking /home/fu/workspaces/knob_kuka_ws/devel/share/common-lisp/ros/process_msgs/msg/Process.lisp
Symlinking /home/fu/workspaces/knob_kuka_ws/devel/share/common-lisp/ros/process_msgs/msg/Task.lisp
Symlinking /home/fu/workspaces/knob_kuka_ws/devel/share/common-lisp/ros/process_msgs/msg/Parameter.lisp
Symlinking /home/fu/workspaces/knob_kuka_ws/devel/share/common-lisp/ros/process_msgs/msg/_package_Process.lisp
Symlinking /home/fu/workspaces/knob_kuka_ws/devel/share/common-lisp/ros/process_msgs/msg/process_msgs-msg.asd
Symlinking /home/fu/workspaces/knob_kuka_ws/devel/share/common-lisp/ros/process_msgs/msg/PhysicalEntity.lisp
Symlinking /home/fu/workspaces/knob_kuka_ws/devel/share/common-lisp/ros/process_msgs/msg/_package_Effect.lisp
Symlinking /home/fu/workspaces/knob_kuka_ws/devel/share/common-lisp/ros/process_msgs/msg/Class.lisp
Symlinking /home/fu/workspaces/knob_kuka_ws/devel/share/common-lisp/ros/process_msgs/msg/PartialOrderingConstraint.lisp
Symlinking /home/fu/workspaces/knob_kuka_ws/devel/share/common-lisp/ros/process_msgs/msg/_package_Class.lisp
Symlinking /home/fu/workspaces/knob_kuka_ws/devel/share/common-lisp/ros/process_msgs/msg/Precondition.lisp
Symlinking /home/fu/workspaces/knob_kuka_ws/devel/share/common-lisp/ros/process_msgs/msg/CombinedGeometricInterrelationConstraint.lisp
Symlinking /home/fu/workspaces/knob_kuka_ws/devel/share/common-lisp/ros/process_msgs/msg/_package_PartialOrderingConstraint.lisp
Symlinking /home/fu/workspaces/knob_kuka_ws/devel/share/common-lisp/ros/process_msgs/msg/Workcell.lisp
Symlinking /home/fu/workspaces/knob_kuka_ws/devel/share/common-lisp/ros/process_msgs/msg/_package_CombinedGeometricInterrelationConstraint.lisp
Symlinking /home/fu/workspaces/knob_kuka_ws/devel/lib/pkgconfig/process_msgs.pc
Symlinking /home/fu/workspaces/knob_kuka_ws/devel/lib/python3/dist-packages/process_msgs/__init__.py
Symlinking /home/fu/workspaces/knob_kuka_ws/devel/lib/python3/dist-packages/process_msgs/msg/_Task.py
Symlinking /home/fu/workspaces/knob_kuka_ws/devel/lib/python3/dist-packages/process_msgs/msg/_Process.py
Symlinking /home/fu/workspaces/knob_kuka_ws/devel/lib/python3/dist-packages/process_msgs/msg/_PhysicalEntity.py
Symlinking /home/fu/workspaces/knob_kuka_ws/devel/lib/python3/dist-packages/process_msgs/msg/_Individual.py
Symlinking /home/fu/workspaces/knob_kuka_ws/devel/lib/python3/dist-packages/process_msgs/msg/_Workcell.py
Symlinking /home/fu/workspaces/knob_kuka_ws/devel/lib/python3/dist-packages/process_msgs/msg/_TaskStatusEnum.py
Symlinking /home/fu/workspaces/knob_kuka_ws/devel/lib/python3/dist-packages/process_msgs/msg/_Parameter.py
Symlinking /home/fu/workspaces/knob_kuka_ws/devel/lib/python3/dist-packages/process_msgs/msg/_CombinedGeometricInterrelationConstraint.py
Symlinking /home/fu/workspaces/knob_kuka_ws/devel/lib/python3/dist-packages/process_msgs/msg/_Class.py
Symlinking /home/fu/workspaces/knob_kuka_ws/devel/lib/python3/dist-packages/process_msgs/msg/_Effect.py
Symlinking /home/fu/workspaces/knob_kuka_ws/devel/lib/python3/dist-packages/process_msgs/msg/_PartialOrderingConstraint.py
Symlinking /home/fu/workspaces/knob_kuka_ws/devel/lib/python3/dist-packages/process_msgs/msg/_ProcessPlan.py
Symlinking /home/fu/workspaces/knob_kuka_ws/devel/lib/python3/dist-packages/process_msgs/msg/_Value.py
Symlinking /home/fu/workspaces/knob_kuka_ws/devel/lib/python3/dist-packages/process_msgs/msg/__init__.py
Symlinking /home/fu/workspaces/knob_kuka_ws/devel/lib/python3/dist-packages/process_msgs/msg/_Precondition.py
Symlinking /home/fu/workspaces/knob_kuka_ws/devel/lib/python3/dist-packages/process_msgs/msg/_ValueTypesEnum.py
Symlinking /home/fu/workspaces/knob_kuka_ws/devel/include/process_msgs/Parameter.h
Symlinking /home/fu/workspaces/knob_kuka_ws/devel/include/process_msgs/Process.h
Symlinking /home/fu/workspaces/knob_kuka_ws/devel/include/process_msgs/PhysicalEntity.h
Symlinking /home/fu/workspaces/knob_kuka_ws/devel/include/process_msgs/Value.h
Symlinking /home/fu/workspaces/knob_kuka_ws/devel/include/process_msgs/Individual.h
Symlinking /home/fu/workspaces/knob_kuka_ws/devel/include/process_msgs/ProcessPlan.h
Symlinking /home/fu/workspaces/knob_kuka_ws/devel/include/process_msgs/TaskStatusEnum.h
Symlinking /home/fu/workspaces/knob_kuka_ws/devel/include/process_msgs/Workcell.h
Symlinking /home/fu/workspaces/knob_kuka_ws/devel/include/process_msgs/CombinedGeometricInterrelationConstraint.h
Symlinking /home/fu/workspaces/knob_kuka_ws/devel/include/process_msgs/Effect.h
Symlinking /home/fu/workspaces/knob_kuka_ws/devel/include/process_msgs/PartialOrderingConstraint.h
Symlinking /home/fu/workspaces/knob_kuka_ws/devel/include/process_msgs/Class.h
Symlinking /home/fu/workspaces/knob_kuka_ws/devel/include/process_msgs/ValueTypesEnum.h
Symlinking /home/fu/workspaces/knob_kuka_ws/devel/include/process_msgs/Task.h
Symlinking /home/fu/workspaces/knob_kuka_ws/devel/include/process_msgs/Precondition.h
