[35m[1mScanning dependencies of target _process_msgs_generate_messages_check_deps_TaskStatusEnum[0m
[  0%] Built target _process_msgs_generate_messages_check_deps_TaskStatusEnum
[35m[1mScanning dependencies of target geometry_msgs_generate_messages_py[0m
[  0%] Built target geometry_msgs_generate_messages_py
[35m[1mScanning dependencies of target _process_msgs_generate_messages_check_deps_Effect[0m
[  0%] Built target _process_msgs_generate_messages_check_deps_Effect
[35m[1mScanning dependencies of target _process_msgs_generate_messages_check_deps_ProcessPlan[0m
[  0%] Built target _process_msgs_generate_messages_check_deps_ProcessPlan
[35m[1mScanning dependencies of target _process_msgs_generate_messages_check_deps_CombinedGeometricInterrelationConstraint[0m
[  0%] Built target _process_msgs_generate_messages_check_deps_CombinedGeometricInterrelationConstraint
[35m[1mScanning dependencies of target robot_control_constraint_msgs_generate_messages_py[0m
[  0%] Built target robot_control_constraint_msgs_generate_messages_py
[35m[1mScanning dependencies of target _process_msgs_generate_messages_check_deps_ValueTypesEnum[0m
[  0%] Built target _process_msgs_generate_messages_check_deps_ValueTypesEnum
[35m[1mScanning dependencies of target _process_msgs_generate_messages_check_deps_Parameter[0m
[  0%] Built target _process_msgs_generate_messages_check_deps_Parameter
[35m[1mScanning dependencies of target std_msgs_generate_messages_py[0m
[  0%] Built target std_msgs_generate_messages_py
[35m[1mScanning dependencies of target _process_msgs_generate_messages_check_deps_Individual[0m
[  0%] Built target _process_msgs_generate_messages_check_deps_Individual
[35m[1mScanning dependencies of target _process_msgs_generate_messages_check_deps_PartialOrderingConstraint[0m
[  0%] Built target _process_msgs_generate_messages_check_deps_PartialOrderingConstraint
[35m[1mScanning dependencies of target _process_msgs_generate_messages_check_deps_PhysicalEntity[0m
[  0%] Built target _process_msgs_generate_messages_check_deps_PhysicalEntity
[35m[1mScanning dependencies of target _process_msgs_generate_messages_check_deps_Precondition[0m
[  0%] Built target _process_msgs_generate_messages_check_deps_Precondition
[35m[1mScanning dependencies of target _process_msgs_generate_messages_check_deps_Class[0m
[  0%] Built target _process_msgs_generate_messages_check_deps_Class
[35m[1mScanning dependencies of target _process_msgs_generate_messages_check_deps_Task[0m
[  0%] Built target _process_msgs_generate_messages_check_deps_Task
[35m[1mScanning dependencies of target _process_msgs_generate_messages_check_deps_Process[0m
[  0%] Built target _process_msgs_generate_messages_check_deps_Process
[35m[1mScanning dependencies of target _process_msgs_generate_messages_check_deps_Value[0m
[  0%] Built target _process_msgs_generate_messages_check_deps_Value
[35m[1mScanning dependencies of target _process_msgs_generate_messages_check_deps_Workcell[0m
[  0%] Built target _process_msgs_generate_messages_check_deps_Workcell
[35m[1mScanning dependencies of target std_msgs_generate_messages_nodejs[0m
[  0%] Built target std_msgs_generate_messages_nodejs
[35m[1mScanning dependencies of target geometry_msgs_generate_messages_nodejs[0m
[  0%] Built target geometry_msgs_generate_messages_nodejs
[35m[1mScanning dependencies of target robot_control_constraint_msgs_generate_messages_nodejs[0m
[  0%] Built target robot_control_constraint_msgs_generate_messages_nodejs
[35m[1mScanning dependencies of target robot_control_constraint_msgs_generate_messages_eus[0m
[  0%] Built target robot_control_constraint_msgs_generate_messages_eus
[35m[1mScanning dependencies of target std_msgs_generate_messages_eus[0m
[  0%] Built target std_msgs_generate_messages_eus
[35m[1mScanning dependencies of target geometry_msgs_generate_messages_eus[0m
[  0%] Built target geometry_msgs_generate_messages_eus
[35m[1mScanning dependencies of target geometry_msgs_generate_messages_cpp[0m
[  0%] Built target geometry_msgs_generate_messages_cpp
[35m[1mScanning dependencies of target std_msgs_generate_messages_cpp[0m
[  0%] Built target std_msgs_generate_messages_cpp
[35m[1mScanning dependencies of target robot_control_constraint_msgs_generate_messages_cpp[0m
[  0%] Built target robot_control_constraint_msgs_generate_messages_cpp
[35m[1mScanning dependencies of target robot_control_constraint_msgs_generate_messages_lisp[0m
[  0%] Built target robot_control_constraint_msgs_generate_messages_lisp
[35m[1mScanning dependencies of target geometry_msgs_generate_messages_lisp[0m
[  0%] Built target geometry_msgs_generate_messages_lisp
[35m[1mScanning dependencies of target std_msgs_generate_messages_lisp[0m
[  0%] Built target std_msgs_generate_messages_lisp
[35m[1mScanning dependencies of target process_msgs_generate_messages_py[0m
[  1%] [34m[1mGenerating Python from MSG process_msgs/Class[0m
[  2%] [34m[1mGenerating Python from MSG process_msgs/Effect[0m
[  3%] [34m[1mGenerating Python from MSG process_msgs/CombinedGeometricInterrelationConstraint[0m
[  5%] [34m[1mGenerating Python from MSG process_msgs/Individual[0m
[  6%] [34m[1mGenerating Python from MSG process_msgs/Parameter[0m
[  7%] [34m[1mGenerating Python from MSG process_msgs/PartialOrderingConstraint[0m
[  9%] [34m[1mGenerating Python from MSG process_msgs/PhysicalEntity[0m
[ 10%] [34m[1mGenerating Python from MSG process_msgs/Precondition[0m
[ 11%] [34m[1mGenerating Python from MSG process_msgs/Process[0m
[ 12%] [34m[1mGenerating Python from MSG process_msgs/ProcessPlan[0m
[ 14%] [34m[1mGenerating Python from MSG process_msgs/Task[0m
[ 15%] [34m[1mGenerating Python from MSG process_msgs/Value[0m
[ 16%] [34m[1mGenerating Python from MSG process_msgs/ValueTypesEnum[0m
[ 18%] [34m[1mGenerating Python from MSG process_msgs/Workcell[0m
[ 19%] [34m[1mGenerating Python from MSG process_msgs/TaskStatusEnum[0m
[35m[1mScanning dependencies of target process_msgs_generate_messages_nodejs[0m
[ 20%] [34m[1mGenerating Javascript code from process_msgs/Class.msg[0m
[ 22%] [34m[1mGenerating Javascript code from process_msgs/Effect.msg[0m
[ 23%] [34m[1mGenerating Python msg __init__.py for process_msgs[0m
[ 24%] [34m[1mGenerating Javascript code from process_msgs/CombinedGeometricInterrelationConstraint.msg[0m
[ 25%] [34m[1mGenerating Javascript code from process_msgs/Individual.msg[0m
[ 27%] [34m[1mGenerating Javascript code from process_msgs/Parameter.msg[0m
[ 28%] [34m[1mGenerating Javascript code from process_msgs/PartialOrderingConstraint.msg[0m
[ 28%] Built target process_msgs_generate_messages_py
[ 29%] [34m[1mGenerating Javascript code from process_msgs/PhysicalEntity.msg[0m
[35m[1mScanning dependencies of target process_msgs_generate_messages_eus[0m
[ 31%] [34m[1mGenerating Javascript code from process_msgs/Precondition.msg[0m
[ 32%] [34m[1mGenerating EusLisp code from process_msgs/Class.msg[0m
[ 33%] [34m[1mGenerating Javascript code from process_msgs/Process.msg[0m
[ 35%] [34m[1mGenerating Javascript code from process_msgs/ProcessPlan.msg[0m
[ 36%] [34m[1mGenerating Javascript code from process_msgs/Task.msg[0m
[ 37%] [34m[1mGenerating EusLisp code from process_msgs/Effect.msg[0m
[ 38%] [34m[1mGenerating Javascript code from process_msgs/Value.msg[0m
[ 40%] [34m[1mGenerating Javascript code from process_msgs/ValueTypesEnum.msg[0m
[ 41%] [34m[1mGenerating EusLisp code from process_msgs/CombinedGeometricInterrelationConstraint.msg[0m
[ 44%] [34m[1mGenerating EusLisp code from process_msgs/Individual.msg[0m
[ 45%] [34m[1mGenerating Javascript code from process_msgs/TaskStatusEnum.msg[0m
[ 45%] [34m[1mGenerating Javascript code from process_msgs/Workcell.msg[0m
[ 46%] [34m[1mGenerating EusLisp code from process_msgs/Parameter.msg[0m
[ 46%] Built target process_msgs_generate_messages_nodejs
[ 48%] [34m[1mGenerating EusLisp code from process_msgs/PartialOrderingConstraint.msg[0m
[35m[1mScanning dependencies of target process_msgs_generate_messages_cpp[0m
[ 49%] [34m[1mGenerating C++ code from process_msgs/Class.msg[0m
[ 50%] [34m[1mGenerating EusLisp code from process_msgs/PhysicalEntity.msg[0m
[ 51%] [34m[1mGenerating EusLisp code from process_msgs/Precondition.msg[0m
[ 53%] [34m[1mGenerating EusLisp code from process_msgs/Process.msg[0m
[ 54%] [34m[1mGenerating C++ code from process_msgs/Effect.msg[0m
[ 55%] [34m[1mGenerating EusLisp code from process_msgs/ProcessPlan.msg[0m
[ 57%] [34m[1mGenerating C++ code from process_msgs/CombinedGeometricInterrelationConstraint.msg[0m
[ 58%] [34m[1mGenerating EusLisp code from process_msgs/Task.msg[0m
[ 59%] [34m[1mGenerating EusLisp code from process_msgs/Value.msg[0m
[ 61%] [34m[1mGenerating EusLisp code from process_msgs/ValueTypesEnum.msg[0m
[ 62%] [34m[1mGenerating C++ code from process_msgs/Individual.msg[0m
[ 63%] [34m[1mGenerating EusLisp code from process_msgs/Workcell.msg[0m
[ 64%] [34m[1mGenerating C++ code from process_msgs/Parameter.msg[0m
[ 66%] [34m[1mGenerating EusLisp code from process_msgs/TaskStatusEnum.msg[0m
[ 67%] [34m[1mGenerating EusLisp manifest code for process_msgs[0m
[ 68%] [34m[1mGenerating C++ code from process_msgs/PartialOrderingConstraint.msg[0m
[ 70%] [34m[1mGenerating C++ code from process_msgs/PhysicalEntity.msg[0m
[ 71%] [34m[1mGenerating C++ code from process_msgs/Precondition.msg[0m
[ 72%] [34m[1mGenerating C++ code from process_msgs/Process.msg[0m
[ 74%] [34m[1mGenerating C++ code from process_msgs/ProcessPlan.msg[0m
[ 75%] [34m[1mGenerating C++ code from process_msgs/Task.msg[0m
[ 76%] [34m[1mGenerating C++ code from process_msgs/Value.msg[0m
[ 77%] [34m[1mGenerating C++ code from process_msgs/ValueTypesEnum.msg[0m
[35m[1mScanning dependencies of target process_msgs_generate_messages_lisp[0m
[ 79%] [34m[1mGenerating C++ code from process_msgs/Workcell.msg[0m
[ 80%] [34m[1mGenerating Lisp code from process_msgs/Class.msg[0m
[ 81%] [34m[1mGenerating Lisp code from process_msgs/Effect.msg[0m
[ 83%] [34m[1mGenerating Lisp code from process_msgs/CombinedGeometricInterrelationConstraint.msg[0m
[ 84%] [34m[1mGenerating C++ code from process_msgs/TaskStatusEnum.msg[0m
[ 85%] [34m[1mGenerating Lisp code from process_msgs/Individual.msg[0m
[ 87%] [34m[1mGenerating Lisp code from process_msgs/Parameter.msg[0m
[ 88%] [34m[1mGenerating Lisp code from process_msgs/PartialOrderingConstraint.msg[0m
[ 89%] [34m[1mGenerating Lisp code from process_msgs/PhysicalEntity.msg[0m
[ 90%] [34m[1mGenerating Lisp code from process_msgs/Precondition.msg[0m
[ 92%] [34m[1mGenerating Lisp code from process_msgs/Process.msg[0m
[ 93%] [34m[1mGenerating Lisp code from process_msgs/ProcessPlan.msg[0m
[ 93%] Built target process_msgs_generate_messages_cpp
[ 94%] [34m[1mGenerating Lisp code from process_msgs/Task.msg[0m
[ 96%] [34m[1mGenerating Lisp code from process_msgs/Value.msg[0m
[ 97%] [34m[1mGenerating Lisp code from process_msgs/ValueTypesEnum.msg[0m
[ 98%] [34m[1mGenerating Lisp code from process_msgs/Workcell.msg[0m
[100%] [34m[1mGenerating Lisp code from process_msgs/TaskStatusEnum.msg[0m
[100%] Built target process_msgs_generate_messages_lisp
[100%] Built target process_msgs_generate_messages_eus
[35m[1mScanning dependencies of target process_msgs_generate_messages[0m
[100%] Built target process_msgs_generate_messages
