[  0%] Built target _kuka_msgs_generate_messages_check_deps_MoveToJointActionResult
[  0%] Built target actionlib_msgs_generate_messages_lisp
[  0%] Built target _kuka_msgs_generate_messages_check_deps_MoveToJointActionFeedback
[  0%] Built target _kuka_msgs_generate_messages_check_deps_TrackCartesianResult
[  0%] Built target std_msgs_generate_messages_lisp
[  0%] Built target _kuka_msgs_generate_messages_check_deps_MoveToJointGoal
[  0%] Built target _kuka_msgs_generate_messages_check_deps_TrackCartesianActionResult
[  0%] Built target _kuka_msgs_generate_messages_check_deps_MoveToCartesianAction
[  0%] Built target _kuka_msgs_generate_messages_check_deps_TrackJointActionGoal
[  0%] Built target _kuka_msgs_generate_messages_check_deps_TrackJointFeedback
[  0%] Built target _kuka_msgs_generate_messages_check_deps_TrackJointResult
[  0%] Built target _kuka_msgs_generate_messages_check_deps_TrackJointGoal
[  0%] Built target _kuka_msgs_generate_messages_check_deps_TrackJointActionResult
[  0%] Built target _kuka_msgs_generate_messages_check_deps_TrackJointAction
[  0%] Built target _kuka_msgs_generate_messages_check_deps_TrackJointActionFeedback
[  0%] Built target _kuka_msgs_generate_messages_check_deps_TrackCartesianActionFeedback
[  0%] Built target control_core_msgs_generate_messages_lisp
[  0%] Built target _kuka_msgs_generate_messages_check_deps_MoveToJointFeedback
[  0%] Built target geometry_msgs_generate_messages_lisp
[  0%] Built target _kuka_msgs_generate_messages_check_deps_MoveToJointResult
[  0%] Built target _kuka_msgs_generate_messages_check_deps_TrackCartesianFeedback
[  0%] Built target sensor_msgs_generate_messages_lisp
[  0%] Built target _kuka_msgs_generate_messages_check_deps_TrackCartesianGoal
[  0%] Built target _kuka_msgs_generate_messages_check_deps_MoveToCartesianActionGoal
[  0%] Built target _kuka_msgs_generate_messages_check_deps_MoveToCartesianActionFeedback
[  0%] Built target _kuka_msgs_generate_messages_check_deps_MoveToCartesianGoal
[  0%] Built target _kuka_msgs_generate_messages_check_deps_MoveToCartesianActionResult
[  0%] Built target _kuka_msgs_generate_messages_check_deps_MoveToCartesianFeedback
[  0%] Built target _kuka_msgs_generate_messages_check_deps_MoveToJointAction
[  0%] Built target _kuka_msgs_generate_messages_check_deps_MoveToCartesianResult
[  0%] Built target _kuka_msgs_generate_messages_check_deps_TrackCartesianAction
[  0%] Built target _kuka_msgs_generate_messages_check_deps_MoveToJointActionGoal
[  0%] Built target actionlib_msgs_generate_messages_nodejs
[  0%] Built target control_core_msgs_generate_messages_nodejs
[  0%] Built target std_msgs_generate_messages_nodejs
[  0%] Built target _kuka_msgs_generate_messages_check_deps_TrackCartesianActionGoal
[  0%] Built target geometry_msgs_generate_messages_nodejs
[  0%] Built target control_core_msgs_generate_messages_eus
[  0%] Built target sensor_msgs_generate_messages_nodejs
[  0%] Built target std_msgs_generate_messages_eus
[  0%] Built target actionlib_msgs_generate_messages_eus
[  0%] Built target geometry_msgs_generate_messages_eus
[  0%] Built target sensor_msgs_generate_messages_eus
[  0%] Built target control_core_msgs_generate_messages_cpp
[  0%] Built target std_msgs_generate_messages_cpp
[  0%] Built target actionlib_msgs_generate_messages_cpp
[  0%] Built target sensor_msgs_generate_messages_cpp
[  0%] Built target control_core_msgs_generate_messages_py
[  0%] Built target geometry_msgs_generate_messages_cpp
[  0%] Built target std_msgs_generate_messages_py
[  0%] Built target sensor_msgs_generate_messages_py
[  0%] Built target geometry_msgs_generate_messages_py
[  0%] Built target actionlib_msgs_generate_messages_py
[ 20%] Built target kuka_msgs_generate_messages_lisp
[ 48%] Built target kuka_msgs_generate_messages_nodejs
[ 58%] Built target kuka_msgs_generate_messages_eus
[ 78%] Built target kuka_msgs_generate_messages_cpp
[100%] Built target kuka_msgs_generate_messages_py
[100%] Built target kuka_msgs_generate_messages
