[35m[1mScanning dependencies of target _kuka_msgs_generate_messages_check_deps_MoveToJointActionFeedback[0m
[  0%] Built target _kuka_msgs_generate_messages_check_deps_MoveToJointActionFeedback
[35m[1mScanning dependencies of target _kuka_msgs_generate_messages_check_deps_TrackCartesianResult[0m
[  0%] Built target _kuka_msgs_generate_messages_check_deps_TrackCartesianResult
[35m[1mScanning dependencies of target _kuka_msgs_generate_messages_check_deps_MoveToJointActionResult[0m
[  0%] Built target _kuka_msgs_generate_messages_check_deps_MoveToJointActionResult
[35m[1mScanning dependencies of target actionlib_msgs_generate_messages_lisp[0m
[  0%] Built target actionlib_msgs_generate_messages_lisp
[35m[1mScanning dependencies of target _kuka_msgs_generate_messages_check_deps_MoveToJointGoal[0m
[  0%] Built target _kuka_msgs_generate_messages_check_deps_MoveToJointGoal
[35m[1mScanning dependencies of target _kuka_msgs_generate_messages_check_deps_MoveToCartesianAction[0m
[  0%] Built target _kuka_msgs_generate_messages_check_deps_MoveToCartesianAction
[35m[1mScanning dependencies of target _kuka_msgs_generate_messages_check_deps_TrackCartesianActionResult[0m
[  0%] Built target _kuka_msgs_generate_messages_check_deps_TrackCartesianActionResult
[35m[1mScanning dependencies of target std_msgs_generate_messages_lisp[0m
[  0%] Built target std_msgs_generate_messages_lisp
[35m[1mScanning dependencies of target _kuka_msgs_generate_messages_check_deps_TrackJointActionGoal[0m
[  0%] Built target _kuka_msgs_generate_messages_check_deps_TrackJointActionGoal
[35m[1mScanning dependencies of target _kuka_msgs_generate_messages_check_deps_TrackJointFeedback[0m
[  0%] Built target _kuka_msgs_generate_messages_check_deps_TrackJointFeedback
[35m[1mScanning dependencies of target _kuka_msgs_generate_messages_check_deps_TrackJointResult[0m
[  0%] Built target _kuka_msgs_generate_messages_check_deps_TrackJointResult
[35m[1mScanning dependencies of target _kuka_msgs_generate_messages_check_deps_TrackJointGoal[0m
[  0%] Built target _kuka_msgs_generate_messages_check_deps_TrackJointGoal
[35m[1mScanning dependencies of target _kuka_msgs_generate_messages_check_deps_TrackJointActionResult[0m
[  0%] Built target _kuka_msgs_generate_messages_check_deps_TrackJointActionResult
[35m[1mScanning dependencies of target _kuka_msgs_generate_messages_check_deps_TrackJointAction[0m
[  0%] Built target _kuka_msgs_generate_messages_check_deps_TrackJointAction
[35m[1mScanning dependencies of target _kuka_msgs_generate_messages_check_deps_TrackJointActionFeedback[0m
[  0%] Built target _kuka_msgs_generate_messages_check_deps_TrackJointActionFeedback
[35m[1mScanning dependencies of target _kuka_msgs_generate_messages_check_deps_TrackCartesianActionFeedback[0m
[  0%] Built target _kuka_msgs_generate_messages_check_deps_TrackCartesianActionFeedback
[35m[1mScanning dependencies of target _kuka_msgs_generate_messages_check_deps_MoveToJointFeedback[0m
[  0%] Built target _kuka_msgs_generate_messages_check_deps_MoveToJointFeedback
[35m[1mScanning dependencies of target _kuka_msgs_generate_messages_check_deps_MoveToJointResult[0m
[  0%] Built target _kuka_msgs_generate_messages_check_deps_MoveToJointResult
[35m[1mScanning dependencies of target control_core_msgs_generate_messages_lisp[0m
[  0%] Built target control_core_msgs_generate_messages_lisp
[35m[1mScanning dependencies of target _kuka_msgs_generate_messages_check_deps_TrackCartesianFeedback[0m
[  0%] Built target _kuka_msgs_generate_messages_check_deps_TrackCartesianFeedback
[35m[1mScanning dependencies of target geometry_msgs_generate_messages_lisp[0m
[  0%] Built target geometry_msgs_generate_messages_lisp
[35m[1mScanning dependencies of target _kuka_msgs_generate_messages_check_deps_TrackCartesianGoal[0m
[  0%] Built target _kuka_msgs_generate_messages_check_deps_TrackCartesianGoal
[35m[1mScanning dependencies of target sensor_msgs_generate_messages_lisp[0m
[  0%] Built target sensor_msgs_generate_messages_lisp
[35m[1mScanning dependencies of target _kuka_msgs_generate_messages_check_deps_MoveToCartesianActionGoal[0m
[  0%] Built target _kuka_msgs_generate_messages_check_deps_MoveToCartesianActionGoal
[35m[1mScanning dependencies of target _kuka_msgs_generate_messages_check_deps_MoveToCartesianActionFeedback[0m
[  0%] Built target _kuka_msgs_generate_messages_check_deps_MoveToCartesianActionFeedback
[35m[1mScanning dependencies of target _kuka_msgs_generate_messages_check_deps_MoveToCartesianGoal[0m
[  0%] Built target _kuka_msgs_generate_messages_check_deps_MoveToCartesianGoal
[35m[1mScanning dependencies of target _kuka_msgs_generate_messages_check_deps_MoveToCartesianActionResult[0m
[  0%] Built target _kuka_msgs_generate_messages_check_deps_MoveToCartesianActionResult
[35m[1mScanning dependencies of target _kuka_msgs_generate_messages_check_deps_MoveToCartesianFeedback[0m
[  0%] Built target _kuka_msgs_generate_messages_check_deps_MoveToCartesianFeedback
[35m[1mScanning dependencies of target _kuka_msgs_generate_messages_check_deps_MoveToJointAction[0m
[  0%] Built target _kuka_msgs_generate_messages_check_deps_MoveToJointAction
[35m[1mScanning dependencies of target _kuka_msgs_generate_messages_check_deps_TrackCartesianAction[0m
[  0%] Built target _kuka_msgs_generate_messages_check_deps_TrackCartesianAction
[35m[1mScanning dependencies of target _kuka_msgs_generate_messages_check_deps_MoveToCartesianResult[0m
[  0%] Built target _kuka_msgs_generate_messages_check_deps_MoveToCartesianResult
[35m[1mScanning dependencies of target _kuka_msgs_generate_messages_check_deps_MoveToJointActionGoal[0m
[35m[1mScanning dependencies of target _kuka_msgs_generate_messages_check_deps_TrackCartesianActionGoal[0m
[  0%] Built target _kuka_msgs_generate_messages_check_deps_MoveToJointActionGoal
[35m[1mScanning dependencies of target actionlib_msgs_generate_messages_nodejs[0m
[35m[1mScanning dependencies of target control_core_msgs_generate_messages_nodejs[0m
[  0%] Built target _kuka_msgs_generate_messages_check_deps_TrackCartesianActionGoal
[  0%] Built target actionlib_msgs_generate_messages_nodejs
[  0%] Built target control_core_msgs_generate_messages_nodejs
[35m[1mScanning dependencies of target geometry_msgs_generate_messages_nodejs[0m
[35m[1mScanning dependencies of target std_msgs_generate_messages_nodejs[0m
[  0%] Built target geometry_msgs_generate_messages_nodejs
[  0%] Built target std_msgs_generate_messages_nodejs
[35m[1mScanning dependencies of target sensor_msgs_generate_messages_nodejs[0m
[35m[1mScanning dependencies of target std_msgs_generate_messages_eus[0m
[  0%] Built target sensor_msgs_generate_messages_nodejs
[  0%] Built target std_msgs_generate_messages_eus
[35m[1mScanning dependencies of target control_core_msgs_generate_messages_eus[0m
[35m[1mScanning dependencies of target geometry_msgs_generate_messages_eus[0m
[  0%] Built target control_core_msgs_generate_messages_eus
[35m[1mScanning dependencies of target actionlib_msgs_generate_messages_eus[0m
[  0%] Built target geometry_msgs_generate_messages_eus
[  0%] Built target actionlib_msgs_generate_messages_eus
[35m[1mScanning dependencies of target sensor_msgs_generate_messages_eus[0m
[35m[1mScanning dependencies of target actionlib_msgs_generate_messages_cpp[0m
[  0%] Built target sensor_msgs_generate_messages_eus
[35m[1mScanning dependencies of target control_core_msgs_generate_messages_cpp[0m
[  0%] Built target actionlib_msgs_generate_messages_cpp
[  0%] Built target control_core_msgs_generate_messages_cpp
[35m[1mScanning dependencies of target std_msgs_generate_messages_cpp[0m
[  0%] Built target std_msgs_generate_messages_cpp
[35m[1mScanning dependencies of target geometry_msgs_generate_messages_cpp[0m
[  0%] Built target geometry_msgs_generate_messages_cpp
[35m[1mScanning dependencies of target sensor_msgs_generate_messages_cpp[0m
[  0%] Built target sensor_msgs_generate_messages_cpp
[35m[1mScanning dependencies of target control_core_msgs_generate_messages_py[0m
[  0%] Built target control_core_msgs_generate_messages_py
[35m[1mScanning dependencies of target std_msgs_generate_messages_py[0m
[  0%] Built target std_msgs_generate_messages_py
[35m[1mScanning dependencies of target actionlib_msgs_generate_messages_py[0m
[  0%] Built target actionlib_msgs_generate_messages_py
[35m[1mScanning dependencies of target geometry_msgs_generate_messages_py[0m
[  0%] Built target geometry_msgs_generate_messages_py
[35m[1mScanning dependencies of target sensor_msgs_generate_messages_py[0m
[  0%] Built target sensor_msgs_generate_messages_py
[35m[1mScanning dependencies of target kuka_msgs_generate_messages_lisp[0m
[35m[1mScanning dependencies of target kuka_msgs_generate_messages_nodejs[0m
[  1%] [34m[1mGenerating Lisp code from kuka_msgs/MoveToCartesianAction.msg[0m
[  1%] [34m[1mGenerating Lisp code from kuka_msgs/MoveToCartesianActionGoal.msg[0m
[  1%] [34m[1mGenerating Javascript code from kuka_msgs/MoveToCartesianAction.msg[0m
[  2%] [34m[1mGenerating Lisp code from kuka_msgs/MoveToCartesianActionResult.msg[0m
[35m[1mScanning dependencies of target kuka_msgs_generate_messages_eus[0m
[  2%] [34m[1mGenerating EusLisp code from kuka_msgs/MoveToCartesianAction.msg[0m
[  3%] [34m[1mGenerating Javascript code from kuka_msgs/MoveToCartesianActionGoal.msg[0m
[  4%] [34m[1mGenerating Lisp code from kuka_msgs/MoveToCartesianActionFeedback.msg[0m
[  5%] [34m[1mGenerating Javascript code from kuka_msgs/MoveToCartesianActionResult.msg[0m
[  6%] [34m[1mGenerating EusLisp code from kuka_msgs/MoveToCartesianActionGoal.msg[0m
[  6%] [34m[1mGenerating Lisp code from kuka_msgs/MoveToCartesianGoal.msg[0m
[  6%] [34m[1mGenerating Javascript code from kuka_msgs/MoveToCartesianActionFeedback.msg[0m
[  7%] [34m[1mGenerating Lisp code from kuka_msgs/MoveToCartesianResult.msg[0m
[  8%] [34m[1mGenerating EusLisp code from kuka_msgs/MoveToCartesianActionResult.msg[0m
[  9%] [34m[1mGenerating Javascript code from kuka_msgs/MoveToCartesianGoal.msg[0m
[ 10%] [34m[1mGenerating Lisp code from kuka_msgs/MoveToCartesianFeedback.msg[0m
[ 10%] [34m[1mGenerating Lisp code from kuka_msgs/MoveToJointAction.msg[0m
[ 10%] [34m[1mGenerating EusLisp code from kuka_msgs/MoveToCartesianActionFeedback.msg[0m
[ 11%] [34m[1mGenerating Javascript code from kuka_msgs/MoveToCartesianResult.msg[0m
[ 12%] [34m[1mGenerating Lisp code from kuka_msgs/MoveToJointActionGoal.msg[0m
[ 12%] [34m[1mGenerating Javascript code from kuka_msgs/MoveToCartesianFeedback.msg[0m
[ 13%] [34m[1mGenerating EusLisp code from kuka_msgs/MoveToCartesianGoal.msg[0m
[ 14%] [34m[1mGenerating Javascript code from kuka_msgs/MoveToJointAction.msg[0m
[ 15%] [34m[1mGenerating Lisp code from kuka_msgs/MoveToJointActionResult.msg[0m
[ 15%] [34m[1mGenerating Lisp code from kuka_msgs/MoveToJointActionFeedback.msg[0m
[ 16%] [34m[1mGenerating EusLisp code from kuka_msgs/MoveToCartesianResult.msg[0m
[ 17%] [34m[1mGenerating Javascript code from kuka_msgs/MoveToJointActionGoal.msg[0m
[ 18%] [34m[1mGenerating Lisp code from kuka_msgs/MoveToJointGoal.msg[0m
[ 18%] [34m[1mGenerating Javascript code from kuka_msgs/MoveToJointActionResult.msg[0m
[ 18%] [34m[1mGenerating EusLisp code from kuka_msgs/MoveToCartesianFeedback.msg[0m
[ 20%] [34m[1mGenerating Javascript code from kuka_msgs/MoveToJointActionFeedback.msg[0m
[ 21%] [34m[1mGenerating Lisp code from kuka_msgs/MoveToJointResult.msg[0m
[ 21%] [34m[1mGenerating Lisp code from kuka_msgs/MoveToJointFeedback.msg[0m
[ 22%] [34m[1mGenerating Javascript code from kuka_msgs/MoveToJointGoal.msg[0m
[ 23%] [34m[1mGenerating EusLisp code from kuka_msgs/MoveToJointAction.msg[0m
[ 23%] [34m[1mGenerating Javascript code from kuka_msgs/MoveToJointResult.msg[0m
[ 24%] [34m[1mGenerating Lisp code from kuka_msgs/TrackCartesianAction.msg[0m
[ 25%] [34m[1mGenerating Javascript code from kuka_msgs/MoveToJointFeedback.msg[0m
[ 26%] [34m[1mGenerating EusLisp code from kuka_msgs/MoveToJointActionGoal.msg[0m
[ 27%] [34m[1mGenerating Javascript code from kuka_msgs/TrackCartesianAction.msg[0m
[ 27%] [34m[1mGenerating Javascript code from kuka_msgs/TrackCartesianActionGoal.msg[0m
[ 28%] [34m[1mGenerating Lisp code from kuka_msgs/TrackCartesianActionGoal.msg[0m
[ 28%] [34m[1mGenerating Lisp code from kuka_msgs/TrackCartesianActionResult.msg[0m
[ 28%] [34m[1mGenerating EusLisp code from kuka_msgs/MoveToJointActionResult.msg[0m
[ 29%] [34m[1mGenerating Javascript code from kuka_msgs/TrackCartesianActionResult.msg[0m
[ 30%] [34m[1mGenerating Javascript code from kuka_msgs/TrackCartesianActionFeedback.msg[0m
[ 31%] [34m[1mGenerating Lisp code from kuka_msgs/TrackCartesianActionFeedback.msg[0m
[ 31%] [34m[1mGenerating Javascript code from kuka_msgs/TrackCartesianGoal.msg[0m
[ 32%] [34m[1mGenerating EusLisp code from kuka_msgs/MoveToJointActionFeedback.msg[0m
[ 33%] [34m[1mGenerating Lisp code from kuka_msgs/TrackCartesianGoal.msg[0m
[ 34%] [34m[1mGenerating Javascript code from kuka_msgs/TrackCartesianResult.msg[0m
[ 34%] [34m[1mGenerating Lisp code from kuka_msgs/TrackCartesianResult.msg[0m
[ 35%] [34m[1mGenerating Javascript code from kuka_msgs/TrackCartesianFeedback.msg[0m
[ 36%] [34m[1mGenerating EusLisp code from kuka_msgs/MoveToJointGoal.msg[0m
[ 37%] [34m[1mGenerating Lisp code from kuka_msgs/TrackCartesianFeedback.msg[0m
[ 37%] [34m[1mGenerating Javascript code from kuka_msgs/TrackJointAction.msg[0m
[ 38%] [34m[1mGenerating Lisp code from kuka_msgs/TrackJointAction.msg[0m
[ 38%] [34m[1mGenerating EusLisp code from kuka_msgs/MoveToJointResult.msg[0m
[ 38%] [34m[1mGenerating Lisp code from kuka_msgs/TrackJointActionGoal.msg[0m
[ 40%] [34m[1mGenerating EusLisp code from kuka_msgs/MoveToJointFeedback.msg[0m
[ 41%] [34m[1mGenerating Javascript code from kuka_msgs/TrackJointActionGoal.msg[0m
[ 42%] [34m[1mGenerating Lisp code from kuka_msgs/TrackJointActionResult.msg[0m
[ 43%] [34m[1mGenerating EusLisp code from kuka_msgs/TrackCartesianAction.msg[0m
[ 44%] [34m[1mGenerating Javascript code from kuka_msgs/TrackJointActionResult.msg[0m
[ 44%] [34m[1mGenerating EusLisp code from kuka_msgs/TrackCartesianActionGoal.msg[0m
[ 45%] [34m[1mGenerating Lisp code from kuka_msgs/TrackJointActionFeedback.msg[0m
[ 45%] [34m[1mGenerating Javascript code from kuka_msgs/TrackJointActionFeedback.msg[0m
[ 46%] [34m[1mGenerating EusLisp code from kuka_msgs/TrackCartesianActionResult.msg[0m
[ 46%] [34m[1mGenerating Lisp code from kuka_msgs/TrackJointGoal.msg[0m
[ 47%] [34m[1mGenerating Javascript code from kuka_msgs/TrackJointGoal.msg[0m
[ 48%] [34m[1mGenerating Lisp code from kuka_msgs/TrackJointResult.msg[0m
[ 49%] [34m[1mGenerating Javascript code from kuka_msgs/TrackJointResult.msg[0m
[ 50%] [34m[1mGenerating EusLisp code from kuka_msgs/TrackCartesianActionFeedback.msg[0m
[ 51%] [34m[1mGenerating Lisp code from kuka_msgs/TrackJointFeedback.msg[0m
[ 51%] [34m[1mGenerating Javascript code from kuka_msgs/TrackJointFeedback.msg[0m
[ 51%] Built target kuka_msgs_generate_messages_lisp
[ 51%] [34m[1mGenerating EusLisp code from kuka_msgs/TrackCartesianGoal.msg[0m
[35m[1mScanning dependencies of target kuka_msgs_generate_messages_cpp[0m
[ 52%] [34m[1mGenerating C++ code from kuka_msgs/MoveToCartesianAction.msg[0m
[ 52%] Built target kuka_msgs_generate_messages_nodejs
[35m[1mScanning dependencies of target kuka_msgs_generate_messages_py[0m
[ 53%] [34m[1mGenerating Python from MSG kuka_msgs/MoveToCartesianAction[0m
[ 54%] [34m[1mGenerating EusLisp code from kuka_msgs/TrackCartesianResult.msg[0m
[ 54%] [34m[1mGenerating C++ code from kuka_msgs/MoveToCartesianActionGoal.msg[0m
[ 55%] [34m[1mGenerating EusLisp code from kuka_msgs/TrackCartesianFeedback.msg[0m
[ 55%] [34m[1mGenerating EusLisp code from kuka_msgs/TrackJointAction.msg[0m
[ 56%] [34m[1mGenerating Python from MSG kuka_msgs/MoveToCartesianActionGoal[0m
[ 57%] [34m[1mGenerating C++ code from kuka_msgs/MoveToCartesianActionResult.msg[0m
[ 58%] [34m[1mGenerating C++ code from kuka_msgs/MoveToCartesianActionFeedback.msg[0m
[ 60%] [34m[1mGenerating EusLisp code from kuka_msgs/TrackJointActionGoal.msg[0m
[ 60%] [34m[1mGenerating Python from MSG kuka_msgs/MoveToCartesianActionResult[0m
[ 60%] [34m[1mGenerating C++ code from kuka_msgs/MoveToCartesianGoal.msg[0m
[ 61%] [34m[1mGenerating EusLisp code from kuka_msgs/TrackJointActionResult.msg[0m
[ 61%] [34m[1mGenerating EusLisp code from kuka_msgs/TrackJointActionFeedback.msg[0m
[ 62%] [34m[1mGenerating Python from MSG kuka_msgs/MoveToCartesianActionFeedback[0m
[ 63%] [34m[1mGenerating EusLisp code from kuka_msgs/TrackJointGoal.msg[0m
[ 64%] [34m[1mGenerating C++ code from kuka_msgs/MoveToCartesianResult.msg[0m
[ 65%] [34m[1mGenerating EusLisp code from kuka_msgs/TrackJointResult.msg[0m
[ 66%] [34m[1mGenerating C++ code from kuka_msgs/MoveToCartesianFeedback.msg[0m
[ 67%] [34m[1mGenerating Python from MSG kuka_msgs/MoveToCartesianGoal[0m
[ 67%] [34m[1mGenerating EusLisp code from kuka_msgs/TrackJointFeedback.msg[0m
[ 67%] [34m[1mGenerating C++ code from kuka_msgs/MoveToJointAction.msg[0m
[ 68%] [34m[1mGenerating EusLisp manifest code for kuka_msgs[0m
[ 69%] [34m[1mGenerating C++ code from kuka_msgs/MoveToJointActionGoal.msg[0m
[ 69%] [34m[1mGenerating Python from MSG kuka_msgs/MoveToCartesianResult[0m
[ 70%] [34m[1mGenerating C++ code from kuka_msgs/MoveToJointActionResult.msg[0m
[ 70%] [34m[1mGenerating C++ code from kuka_msgs/MoveToJointActionFeedback.msg[0m
[ 71%] [34m[1mGenerating Python from MSG kuka_msgs/MoveToCartesianFeedback[0m
[ 72%] [34m[1mGenerating C++ code from kuka_msgs/MoveToJointGoal.msg[0m
[ 73%] [34m[1mGenerating Python from MSG kuka_msgs/MoveToJointAction[0m
[ 74%] [34m[1mGenerating C++ code from kuka_msgs/MoveToJointResult.msg[0m
[ 74%] [34m[1mGenerating C++ code from kuka_msgs/MoveToJointFeedback.msg[0m
[ 74%] [34m[1mGenerating Python from MSG kuka_msgs/MoveToJointActionGoal[0m
[ 74%] Built target kuka_msgs_generate_messages_eus
[ 75%] [34m[1mGenerating C++ code from kuka_msgs/TrackCartesianAction.msg[0m
[ 76%] [34m[1mGenerating Python from MSG kuka_msgs/MoveToJointActionResult[0m
[ 77%] [34m[1mGenerating C++ code from kuka_msgs/TrackCartesianActionGoal.msg[0m
[ 77%] [34m[1mGenerating C++ code from kuka_msgs/TrackCartesianActionResult.msg[0m
[ 78%] [34m[1mGenerating C++ code from kuka_msgs/TrackCartesianActionFeedback.msg[0m
[ 80%] [34m[1mGenerating Python from MSG kuka_msgs/MoveToJointActionFeedback[0m
[ 81%] [34m[1mGenerating C++ code from kuka_msgs/TrackCartesianGoal.msg[0m
[ 81%] [34m[1mGenerating C++ code from kuka_msgs/TrackCartesianResult.msg[0m
[ 82%] [34m[1mGenerating C++ code from kuka_msgs/TrackCartesianFeedback.msg[0m
[ 82%] [34m[1mGenerating Python from MSG kuka_msgs/MoveToJointGoal[0m
[ 83%] [34m[1mGenerating C++ code from kuka_msgs/TrackJointAction.msg[0m
[ 83%] [34m[1mGenerating C++ code from kuka_msgs/TrackJointActionGoal.msg[0m
[ 84%] [34m[1mGenerating Python from MSG kuka_msgs/MoveToJointResult[0m
[ 85%] [34m[1mGenerating Python from MSG kuka_msgs/MoveToJointFeedback[0m
[ 86%] [34m[1mGenerating C++ code from kuka_msgs/TrackJointActionResult.msg[0m
[ 86%] [34m[1mGenerating Python from MSG kuka_msgs/TrackCartesianAction[0m
[ 87%] [34m[1mGenerating Python from MSG kuka_msgs/TrackCartesianActionGoal[0m
[ 88%] [34m[1mGenerating C++ code from kuka_msgs/TrackJointActionFeedback.msg[0m
[ 88%] [34m[1mGenerating C++ code from kuka_msgs/TrackJointGoal.msg[0m
[ 89%] [34m[1mGenerating Python from MSG kuka_msgs/TrackCartesianActionResult[0m
[ 89%] [34m[1mGenerating Python from MSG kuka_msgs/TrackCartesianActionFeedback[0m
[ 90%] [34m[1mGenerating C++ code from kuka_msgs/TrackJointResult.msg[0m
[ 91%] [34m[1mGenerating Python from MSG kuka_msgs/TrackCartesianGoal[0m
[ 92%] [34m[1mGenerating C++ code from kuka_msgs/TrackJointFeedback.msg[0m
[ 93%] [34m[1mGenerating Python from MSG kuka_msgs/TrackCartesianResult[0m
[ 93%] Built target kuka_msgs_generate_messages_cpp
[ 93%] [34m[1mGenerating Python from MSG kuka_msgs/TrackCartesianFeedback[0m
[ 94%] [34m[1mGenerating Python from MSG kuka_msgs/TrackJointAction[0m
[ 95%] [34m[1mGenerating Python from MSG kuka_msgs/TrackJointActionGoal[0m
[ 95%] [34m[1mGenerating Python from MSG kuka_msgs/TrackJointActionResult[0m
[ 96%] [34m[1mGenerating Python from MSG kuka_msgs/TrackJointActionFeedback[0m
[ 97%] [34m[1mGenerating Python from MSG kuka_msgs/TrackJointGoal[0m
[ 97%] [34m[1mGenerating Python from MSG kuka_msgs/TrackJointResult[0m
[ 98%] [34m[1mGenerating Python from MSG kuka_msgs/TrackJointFeedback[0m
[100%] [34m[1mGenerating Python msg __init__.py for kuka_msgs[0m
[100%] Built target kuka_msgs_generate_messages_py
[35m[1mScanning dependencies of target kuka_msgs_generate_messages[0m
[100%] Built target kuka_msgs_generate_messages
