Symlinking /home/fu/workspaces/knob_kuka_ws/devel/share/gennodejs/ros/kuka_msgs/_index.js
Symlinking /home/fu/workspaces/knob_kuka_ws/devel/share/gennodejs/ros/kuka_msgs/msg/TrackJointActionFeedback.js
Symlinking /home/fu/workspaces/knob_kuka_ws/devel/share/gennodejs/ros/kuka_msgs/msg/MoveToCartesianResult.js
Symlinking /home/fu/workspaces/knob_kuka_ws/devel/share/gennodejs/ros/kuka_msgs/msg/MoveToJointAction.js
Symlinking /home/fu/workspaces/knob_kuka_ws/devel/share/gennodejs/ros/kuka_msgs/msg/MoveToJointActionGoal.js
Symlinking /home/fu/workspaces/knob_kuka_ws/devel/share/gennodejs/ros/kuka_msgs/msg/MoveToCartesianFeedback.js
Symlinking /home/fu/workspaces/knob_kuka_ws/devel/share/gennodejs/ros/kuka_msgs/msg/TrackCartesianResult.js
Symlinking /home/fu/workspaces/knob_kuka_ws/devel/share/gennodejs/ros/kuka_msgs/msg/TrackCartesianActionResult.js
Symlinking /home/fu/workspaces/knob_kuka_ws/devel/share/gennodejs/ros/kuka_msgs/msg/MoveToJointActionFeedback.js
Symlinking /home/fu/workspaces/knob_kuka_ws/devel/share/gennodejs/ros/kuka_msgs/msg/MoveToCartesianActionResult.js
Symlinking /home/fu/workspaces/knob_kuka_ws/devel/share/gennodejs/ros/kuka_msgs/msg/TrackJointActionGoal.js
Symlinking /home/fu/workspaces/knob_kuka_ws/devel/share/gennodejs/ros/kuka_msgs/msg/MoveToCartesianGoal.js
Symlinking /home/fu/workspaces/knob_kuka_ws/devel/share/gennodejs/ros/kuka_msgs/msg/MoveToJointActionResult.js
Symlinking /home/fu/workspaces/knob_kuka_ws/devel/share/gennodejs/ros/kuka_msgs/msg/TrackCartesianActionFeedback.js
Symlinking /home/fu/workspaces/knob_kuka_ws/devel/share/gennodejs/ros/kuka_msgs/msg/MoveToCartesianAction.js
Symlinking /home/fu/workspaces/knob_kuka_ws/devel/share/gennodejs/ros/kuka_msgs/msg/TrackJointFeedback.js
Symlinking /home/fu/workspaces/knob_kuka_ws/devel/share/gennodejs/ros/kuka_msgs/msg/TrackJointAction.js
Symlinking /home/fu/workspaces/knob_kuka_ws/devel/share/gennodejs/ros/kuka_msgs/msg/TrackCartesianActionGoal.js
Symlinking /home/fu/workspaces/knob_kuka_ws/devel/share/gennodejs/ros/kuka_msgs/msg/MoveToJointGoal.js
Symlinking /home/fu/workspaces/knob_kuka_ws/devel/share/gennodejs/ros/kuka_msgs/msg/MoveToJointFeedback.js
Symlinking /home/fu/workspaces/knob_kuka_ws/devel/share/gennodejs/ros/kuka_msgs/msg/MoveToCartesianActionGoal.js
Symlinking /home/fu/workspaces/knob_kuka_ws/devel/share/gennodejs/ros/kuka_msgs/msg/TrackJointGoal.js
Symlinking /home/fu/workspaces/knob_kuka_ws/devel/share/gennodejs/ros/kuka_msgs/msg/TrackCartesianGoal.js
Symlinking /home/fu/workspaces/knob_kuka_ws/devel/share/gennodejs/ros/kuka_msgs/msg/MoveToJointResult.js
Symlinking /home/fu/workspaces/knob_kuka_ws/devel/share/gennodejs/ros/kuka_msgs/msg/_index.js
Symlinking /home/fu/workspaces/knob_kuka_ws/devel/share/gennodejs/ros/kuka_msgs/msg/TrackJointResult.js
Symlinking /home/fu/workspaces/knob_kuka_ws/devel/share/gennodejs/ros/kuka_msgs/msg/TrackJointActionResult.js
Symlinking /home/fu/workspaces/knob_kuka_ws/devel/share/gennodejs/ros/kuka_msgs/msg/TrackCartesianAction.js
Symlinking /home/fu/workspaces/knob_kuka_ws/devel/share/gennodejs/ros/kuka_msgs/msg/MoveToCartesianActionFeedback.js
Symlinking /home/fu/workspaces/knob_kuka_ws/devel/share/gennodejs/ros/kuka_msgs/msg/TrackCartesianFeedback.js
Symlinking /home/fu/workspaces/knob_kuka_ws/devel/share/roseus/ros/kuka_msgs/manifest.l
Symlinking /home/fu/workspaces/knob_kuka_ws/devel/share/roseus/ros/kuka_msgs/msg/MoveToCartesianActionResult.l
Symlinking /home/fu/workspaces/knob_kuka_ws/devel/share/roseus/ros/kuka_msgs/msg/TrackJointGoal.l
Symlinking /home/fu/workspaces/knob_kuka_ws/devel/share/roseus/ros/kuka_msgs/msg/MoveToJointFeedback.l
Symlinking /home/fu/workspaces/knob_kuka_ws/devel/share/roseus/ros/kuka_msgs/msg/MoveToCartesianActionFeedback.l
Symlinking /home/fu/workspaces/knob_kuka_ws/devel/share/roseus/ros/kuka_msgs/msg/TrackJointActionGoal.l
Symlinking /home/fu/workspaces/knob_kuka_ws/devel/share/roseus/ros/kuka_msgs/msg/TrackJointActionFeedback.l
Symlinking /home/fu/workspaces/knob_kuka_ws/devel/share/roseus/ros/kuka_msgs/msg/TrackCartesianActionFeedback.l
Symlinking /home/fu/workspaces/knob_kuka_ws/devel/share/roseus/ros/kuka_msgs/msg/MoveToCartesianFeedback.l
Symlinking /home/fu/workspaces/knob_kuka_ws/devel/share/roseus/ros/kuka_msgs/msg/TrackCartesianFeedback.l
Symlinking /home/fu/workspaces/knob_kuka_ws/devel/share/roseus/ros/kuka_msgs/msg/TrackJointResult.l
Symlinking /home/fu/workspaces/knob_kuka_ws/devel/share/roseus/ros/kuka_msgs/msg/TrackJointFeedback.l
Symlinking /home/fu/workspaces/knob_kuka_ws/devel/share/roseus/ros/kuka_msgs/msg/MoveToCartesianActionGoal.l
Symlinking /home/fu/workspaces/knob_kuka_ws/devel/share/roseus/ros/kuka_msgs/msg/MoveToJointActionResult.l
Symlinking /home/fu/workspaces/knob_kuka_ws/devel/share/roseus/ros/kuka_msgs/msg/TrackCartesianAction.l
Symlinking /home/fu/workspaces/knob_kuka_ws/devel/share/roseus/ros/kuka_msgs/msg/MoveToJointActionGoal.l
Symlinking /home/fu/workspaces/knob_kuka_ws/devel/share/roseus/ros/kuka_msgs/msg/MoveToCartesianResult.l
Symlinking /home/fu/workspaces/knob_kuka_ws/devel/share/roseus/ros/kuka_msgs/msg/TrackCartesianResult.l
Symlinking /home/fu/workspaces/knob_kuka_ws/devel/share/roseus/ros/kuka_msgs/msg/TrackCartesianGoal.l
Symlinking /home/fu/workspaces/knob_kuka_ws/devel/share/roseus/ros/kuka_msgs/msg/MoveToJointResult.l
Symlinking /home/fu/workspaces/knob_kuka_ws/devel/share/roseus/ros/kuka_msgs/msg/TrackCartesianActionResult.l
Symlinking /home/fu/workspaces/knob_kuka_ws/devel/share/roseus/ros/kuka_msgs/msg/MoveToJointGoal.l
Symlinking /home/fu/workspaces/knob_kuka_ws/devel/share/roseus/ros/kuka_msgs/msg/TrackCartesianActionGoal.l
Symlinking /home/fu/workspaces/knob_kuka_ws/devel/share/roseus/ros/kuka_msgs/msg/TrackJointAction.l
Symlinking /home/fu/workspaces/knob_kuka_ws/devel/share/roseus/ros/kuka_msgs/msg/MoveToJointActionFeedback.l
Symlinking /home/fu/workspaces/knob_kuka_ws/devel/share/roseus/ros/kuka_msgs/msg/MoveToCartesianGoal.l
Symlinking /home/fu/workspaces/knob_kuka_ws/devel/share/roseus/ros/kuka_msgs/msg/MoveToCartesianAction.l
Symlinking /home/fu/workspaces/knob_kuka_ws/devel/share/roseus/ros/kuka_msgs/msg/TrackJointActionResult.l
Symlinking /home/fu/workspaces/knob_kuka_ws/devel/share/roseus/ros/kuka_msgs/msg/MoveToJointAction.l
Symlinking /home/fu/workspaces/knob_kuka_ws/devel/share/common-lisp/ros/kuka_msgs/msg/_package.lisp
Symlinking /home/fu/workspaces/knob_kuka_ws/devel/share/common-lisp/ros/kuka_msgs/msg/MoveToCartesianActionFeedback.lisp
Symlinking /home/fu/workspaces/knob_kuka_ws/devel/share/common-lisp/ros/kuka_msgs/msg/TrackCartesianActionGoal.lisp
Symlinking /home/fu/workspaces/knob_kuka_ws/devel/share/common-lisp/ros/kuka_msgs/msg/MoveToCartesianFeedback.lisp
Symlinking /home/fu/workspaces/knob_kuka_ws/devel/share/common-lisp/ros/kuka_msgs/msg/_package_MoveToCartesianAction.lisp
Symlinking /home/fu/workspaces/knob_kuka_ws/devel/share/common-lisp/ros/kuka_msgs/msg/MoveToJointResult.lisp
Symlinking /home/fu/workspaces/knob_kuka_ws/devel/share/common-lisp/ros/kuka_msgs/msg/MoveToCartesianAction.lisp
Symlinking /home/fu/workspaces/knob_kuka_ws/devel/share/common-lisp/ros/kuka_msgs/msg/_package_TrackCartesianGoal.lisp
Symlinking /home/fu/workspaces/knob_kuka_ws/devel/share/common-lisp/ros/kuka_msgs/msg/TrackCartesianActionResult.lisp
Symlinking /home/fu/workspaces/knob_kuka_ws/devel/share/common-lisp/ros/kuka_msgs/msg/_package_MoveToJointActionGoal.lisp
Symlinking /home/fu/workspaces/knob_kuka_ws/devel/share/common-lisp/ros/kuka_msgs/msg/TrackCartesianGoal.lisp
Symlinking /home/fu/workspaces/knob_kuka_ws/devel/share/common-lisp/ros/kuka_msgs/msg/_package_TrackCartesianResult.lisp
Symlinking /home/fu/workspaces/knob_kuka_ws/devel/share/common-lisp/ros/kuka_msgs/msg/MoveToJointFeedback.lisp
Symlinking /home/fu/workspaces/knob_kuka_ws/devel/share/common-lisp/ros/kuka_msgs/msg/MoveToCartesianActionGoal.lisp
Symlinking /home/fu/workspaces/knob_kuka_ws/devel/share/common-lisp/ros/kuka_msgs/msg/_package_TrackCartesianActionFeedback.lisp
Symlinking /home/fu/workspaces/knob_kuka_ws/devel/share/common-lisp/ros/kuka_msgs/msg/MoveToJointActionResult.lisp
Symlinking /home/fu/workspaces/knob_kuka_ws/devel/share/common-lisp/ros/kuka_msgs/msg/TrackCartesianFeedback.lisp
Symlinking /home/fu/workspaces/knob_kuka_ws/devel/share/common-lisp/ros/kuka_msgs/msg/TrackJointActionFeedback.lisp
Symlinking /home/fu/workspaces/knob_kuka_ws/devel/share/common-lisp/ros/kuka_msgs/msg/_package_TrackJointResult.lisp
Symlinking /home/fu/workspaces/knob_kuka_ws/devel/share/common-lisp/ros/kuka_msgs/msg/_package_MoveToCartesianFeedback.lisp
Symlinking /home/fu/workspaces/knob_kuka_ws/devel/share/common-lisp/ros/kuka_msgs/msg/_package_MoveToCartesianResult.lisp
Symlinking /home/fu/workspaces/knob_kuka_ws/devel/share/common-lisp/ros/kuka_msgs/msg/TrackJointGoal.lisp
Symlinking /home/fu/workspaces/knob_kuka_ws/devel/share/common-lisp/ros/kuka_msgs/msg/MoveToCartesianActionResult.lisp
Symlinking /home/fu/workspaces/knob_kuka_ws/devel/share/common-lisp/ros/kuka_msgs/msg/_package_TrackJointActionGoal.lisp
Symlinking /home/fu/workspaces/knob_kuka_ws/devel/share/common-lisp/ros/kuka_msgs/msg/_package_MoveToJointGoal.lisp
Symlinking /home/fu/workspaces/knob_kuka_ws/devel/share/common-lisp/ros/kuka_msgs/msg/_package_TrackJointActionResult.lisp
Symlinking /home/fu/workspaces/knob_kuka_ws/devel/share/common-lisp/ros/kuka_msgs/msg/TrackJointActionGoal.lisp
Symlinking /home/fu/workspaces/knob_kuka_ws/devel/share/common-lisp/ros/kuka_msgs/msg/_package_TrackCartesianActionResult.lisp
Symlinking /home/fu/workspaces/knob_kuka_ws/devel/share/common-lisp/ros/kuka_msgs/msg/TrackCartesianActionFeedback.lisp
Symlinking /home/fu/workspaces/knob_kuka_ws/devel/share/common-lisp/ros/kuka_msgs/msg/_package_TrackJointGoal.lisp
Symlinking /home/fu/workspaces/knob_kuka_ws/devel/share/common-lisp/ros/kuka_msgs/msg/MoveToJointActionGoal.lisp
Symlinking /home/fu/workspaces/knob_kuka_ws/devel/share/common-lisp/ros/kuka_msgs/msg/TrackJointResult.lisp
Symlinking /home/fu/workspaces/knob_kuka_ws/devel/share/common-lisp/ros/kuka_msgs/msg/_package_MoveToCartesianActionResult.lisp
Symlinking /home/fu/workspaces/knob_kuka_ws/devel/share/common-lisp/ros/kuka_msgs/msg/MoveToCartesianGoal.lisp
Symlinking /home/fu/workspaces/knob_kuka_ws/devel/share/common-lisp/ros/kuka_msgs/msg/_package_MoveToJointAction.lisp
Symlinking /home/fu/workspaces/knob_kuka_ws/devel/share/common-lisp/ros/kuka_msgs/msg/MoveToJointAction.lisp
Symlinking /home/fu/workspaces/knob_kuka_ws/devel/share/common-lisp/ros/kuka_msgs/msg/MoveToJointActionFeedback.lisp
Symlinking /home/fu/workspaces/knob_kuka_ws/devel/share/common-lisp/ros/kuka_msgs/msg/TrackJointAction.lisp
Symlinking /home/fu/workspaces/knob_kuka_ws/devel/share/common-lisp/ros/kuka_msgs/msg/_package_MoveToCartesianActionFeedback.lisp
Symlinking /home/fu/workspaces/knob_kuka_ws/devel/share/common-lisp/ros/kuka_msgs/msg/TrackCartesianResult.lisp
Symlinking /home/fu/workspaces/knob_kuka_ws/devel/share/common-lisp/ros/kuka_msgs/msg/_package_MoveToJointActionFeedback.lisp
Symlinking /home/fu/workspaces/knob_kuka_ws/devel/share/common-lisp/ros/kuka_msgs/msg/MoveToJointGoal.lisp
Symlinking /home/fu/workspaces/knob_kuka_ws/devel/share/common-lisp/ros/kuka_msgs/msg/TrackJointActionResult.lisp
Symlinking /home/fu/workspaces/knob_kuka_ws/devel/share/common-lisp/ros/kuka_msgs/msg/_package_TrackCartesianAction.lisp
Symlinking /home/fu/workspaces/knob_kuka_ws/devel/share/common-lisp/ros/kuka_msgs/msg/TrackCartesianAction.lisp
Symlinking /home/fu/workspaces/knob_kuka_ws/devel/share/common-lisp/ros/kuka_msgs/msg/_package_MoveToJointResult.lisp
Symlinking /home/fu/workspaces/knob_kuka_ws/devel/share/common-lisp/ros/kuka_msgs/msg/_package_TrackJointAction.lisp
Symlinking /home/fu/workspaces/knob_kuka_ws/devel/share/common-lisp/ros/kuka_msgs/msg/_package_TrackCartesianActionGoal.lisp
Symlinking /home/fu/workspaces/knob_kuka_ws/devel/share/common-lisp/ros/kuka_msgs/msg/_package_MoveToCartesianActionGoal.lisp
Symlinking /home/fu/workspaces/knob_kuka_ws/devel/share/common-lisp/ros/kuka_msgs/msg/TrackJointFeedback.lisp
Symlinking /home/fu/workspaces/knob_kuka_ws/devel/share/common-lisp/ros/kuka_msgs/msg/_package_MoveToJointActionResult.lisp
Symlinking /home/fu/workspaces/knob_kuka_ws/devel/share/common-lisp/ros/kuka_msgs/msg/_package_MoveToJointFeedback.lisp
Symlinking /home/fu/workspaces/knob_kuka_ws/devel/share/common-lisp/ros/kuka_msgs/msg/_package_TrackCartesianFeedback.lisp
Symlinking /home/fu/workspaces/knob_kuka_ws/devel/share/common-lisp/ros/kuka_msgs/msg/MoveToCartesianResult.lisp
Symlinking /home/fu/workspaces/knob_kuka_ws/devel/share/common-lisp/ros/kuka_msgs/msg/_package_MoveToCartesianGoal.lisp
Symlinking /home/fu/workspaces/knob_kuka_ws/devel/share/common-lisp/ros/kuka_msgs/msg/kuka_msgs-msg.asd
Symlinking /home/fu/workspaces/knob_kuka_ws/devel/share/common-lisp/ros/kuka_msgs/msg/_package_TrackJointFeedback.lisp
Symlinking /home/fu/workspaces/knob_kuka_ws/devel/share/common-lisp/ros/kuka_msgs/msg/_package_TrackJointActionFeedback.lisp
Symlinking /home/fu/workspaces/knob_kuka_ws/devel/share/kuka_msgs/cmake/kuka_msgsConfig-version.cmake
Symlinking /home/fu/workspaces/knob_kuka_ws/devel/share/kuka_msgs/cmake/kuka_msgs-msg-extras.cmake
Symlinking /home/fu/workspaces/knob_kuka_ws/devel/share/kuka_msgs/cmake/kuka_msgs-msg-paths.cmake
Symlinking /home/fu/workspaces/knob_kuka_ws/devel/share/kuka_msgs/cmake/kuka_msgsConfig.cmake
Symlinking /home/fu/workspaces/knob_kuka_ws/devel/share/kuka_msgs/msg/MoveToCartesianActionResult.msg
Symlinking /home/fu/workspaces/knob_kuka_ws/devel/share/kuka_msgs/msg/TrackJointResult.msg
Symlinking /home/fu/workspaces/knob_kuka_ws/devel/share/kuka_msgs/msg/MoveToCartesianResult.msg
Symlinking /home/fu/workspaces/knob_kuka_ws/devel/share/kuka_msgs/msg/MoveToCartesianActionFeedback.msg
Symlinking /home/fu/workspaces/knob_kuka_ws/devel/share/kuka_msgs/msg/TrackCartesianActionResult.msg
Symlinking /home/fu/workspaces/knob_kuka_ws/devel/share/kuka_msgs/msg/TrackJointActionResult.msg
Symlinking /home/fu/workspaces/knob_kuka_ws/devel/share/kuka_msgs/msg/TrackCartesianGoal.msg
Symlinking /home/fu/workspaces/knob_kuka_ws/devel/share/kuka_msgs/msg/MoveToJointActionGoal.msg
Symlinking /home/fu/workspaces/knob_kuka_ws/devel/share/kuka_msgs/msg/MoveToJointActionFeedback.msg
Symlinking /home/fu/workspaces/knob_kuka_ws/devel/share/kuka_msgs/msg/TrackJointFeedback.msg
Symlinking /home/fu/workspaces/knob_kuka_ws/devel/share/kuka_msgs/msg/TrackCartesianActionGoal.msg
Symlinking /home/fu/workspaces/knob_kuka_ws/devel/share/kuka_msgs/msg/MoveToJointActionResult.msg
Symlinking /home/fu/workspaces/knob_kuka_ws/devel/share/kuka_msgs/msg/TrackJointActionFeedback.msg
Symlinking /home/fu/workspaces/knob_kuka_ws/devel/share/kuka_msgs/msg/MoveToCartesianGoal.msg
Symlinking /home/fu/workspaces/knob_kuka_ws/devel/share/kuka_msgs/msg/MoveToJointResult.msg
Symlinking /home/fu/workspaces/knob_kuka_ws/devel/share/kuka_msgs/msg/MoveToJointGoal.msg
Symlinking /home/fu/workspaces/knob_kuka_ws/devel/share/kuka_msgs/msg/TrackJointAction.msg
Symlinking /home/fu/workspaces/knob_kuka_ws/devel/share/kuka_msgs/msg/TrackCartesianAction.msg
Symlinking /home/fu/workspaces/knob_kuka_ws/devel/share/kuka_msgs/msg/MoveToJointAction.msg
Symlinking /home/fu/workspaces/knob_kuka_ws/devel/share/kuka_msgs/msg/TrackCartesianFeedback.msg
Symlinking /home/fu/workspaces/knob_kuka_ws/devel/share/kuka_msgs/msg/TrackCartesianActionFeedback.msg
Symlinking /home/fu/workspaces/knob_kuka_ws/devel/share/kuka_msgs/msg/TrackCartesianResult.msg
Symlinking /home/fu/workspaces/knob_kuka_ws/devel/share/kuka_msgs/msg/TrackJointGoal.msg
Symlinking /home/fu/workspaces/knob_kuka_ws/devel/share/kuka_msgs/msg/MoveToCartesianAction.msg
Symlinking /home/fu/workspaces/knob_kuka_ws/devel/share/kuka_msgs/msg/MoveToJointFeedback.msg
Symlinking /home/fu/workspaces/knob_kuka_ws/devel/share/kuka_msgs/msg/MoveToCartesianActionGoal.msg
Symlinking /home/fu/workspaces/knob_kuka_ws/devel/share/kuka_msgs/msg/MoveToCartesianFeedback.msg
Symlinking /home/fu/workspaces/knob_kuka_ws/devel/share/kuka_msgs/msg/TrackJointActionGoal.msg
Symlinking /home/fu/workspaces/knob_kuka_ws/devel/lib/pkgconfig/kuka_msgs.pc
Symlinking /home/fu/workspaces/knob_kuka_ws/devel/lib/python3/dist-packages/kuka_msgs/__init__.py
Symlinking /home/fu/workspaces/knob_kuka_ws/devel/lib/python3/dist-packages/kuka_msgs/msg/_MoveToCartesianAction.py
Symlinking /home/fu/workspaces/knob_kuka_ws/devel/lib/python3/dist-packages/kuka_msgs/msg/_MoveToJointActionFeedback.py
Symlinking /home/fu/workspaces/knob_kuka_ws/devel/lib/python3/dist-packages/kuka_msgs/msg/_MoveToJointActionGoal.py
Symlinking /home/fu/workspaces/knob_kuka_ws/devel/lib/python3/dist-packages/kuka_msgs/msg/_TrackJointResult.py
Symlinking /home/fu/workspaces/knob_kuka_ws/devel/lib/python3/dist-packages/kuka_msgs/msg/_TrackCartesianFeedback.py
Symlinking /home/fu/workspaces/knob_kuka_ws/devel/lib/python3/dist-packages/kuka_msgs/msg/_TrackJointFeedback.py
Symlinking /home/fu/workspaces/knob_kuka_ws/devel/lib/python3/dist-packages/kuka_msgs/msg/_TrackCartesianGoal.py
Symlinking /home/fu/workspaces/knob_kuka_ws/devel/lib/python3/dist-packages/kuka_msgs/msg/_MoveToJointResult.py
Symlinking /home/fu/workspaces/knob_kuka_ws/devel/lib/python3/dist-packages/kuka_msgs/msg/_TrackCartesianActionFeedback.py
Symlinking /home/fu/workspaces/knob_kuka_ws/devel/lib/python3/dist-packages/kuka_msgs/msg/_TrackJointActionGoal.py
Symlinking /home/fu/workspaces/knob_kuka_ws/devel/lib/python3/dist-packages/kuka_msgs/msg/_TrackJointActionResult.py
Symlinking /home/fu/workspaces/knob_kuka_ws/devel/lib/python3/dist-packages/kuka_msgs/msg/_TrackCartesianResult.py
Symlinking /home/fu/workspaces/knob_kuka_ws/devel/lib/python3/dist-packages/kuka_msgs/msg/_TrackJointActionFeedback.py
Symlinking /home/fu/workspaces/knob_kuka_ws/devel/lib/python3/dist-packages/kuka_msgs/msg/_MoveToCartesianActionFeedback.py
Symlinking /home/fu/workspaces/knob_kuka_ws/devel/lib/python3/dist-packages/kuka_msgs/msg/_MoveToJointAction.py
Symlinking /home/fu/workspaces/knob_kuka_ws/devel/lib/python3/dist-packages/kuka_msgs/msg/_MoveToCartesianActionResult.py
Symlinking /home/fu/workspaces/knob_kuka_ws/devel/lib/python3/dist-packages/kuka_msgs/msg/_MoveToCartesianGoal.py
Symlinking /home/fu/workspaces/knob_kuka_ws/devel/lib/python3/dist-packages/kuka_msgs/msg/_TrackCartesianActionResult.py
Symlinking /home/fu/workspaces/knob_kuka_ws/devel/lib/python3/dist-packages/kuka_msgs/msg/_MoveToJointActionResult.py
Symlinking /home/fu/workspaces/knob_kuka_ws/devel/lib/python3/dist-packages/kuka_msgs/msg/_MoveToCartesianActionGoal.py
Symlinking /home/fu/workspaces/knob_kuka_ws/devel/lib/python3/dist-packages/kuka_msgs/msg/_MoveToJointGoal.py
Symlinking /home/fu/workspaces/knob_kuka_ws/devel/lib/python3/dist-packages/kuka_msgs/msg/_TrackCartesianActionGoal.py
Symlinking /home/fu/workspaces/knob_kuka_ws/devel/lib/python3/dist-packages/kuka_msgs/msg/_TrackJointGoal.py
Symlinking /home/fu/workspaces/knob_kuka_ws/devel/lib/python3/dist-packages/kuka_msgs/msg/_MoveToCartesianFeedback.py
Symlinking /home/fu/workspaces/knob_kuka_ws/devel/lib/python3/dist-packages/kuka_msgs/msg/__init__.py
Symlinking /home/fu/workspaces/knob_kuka_ws/devel/lib/python3/dist-packages/kuka_msgs/msg/_TrackJointAction.py
Symlinking /home/fu/workspaces/knob_kuka_ws/devel/lib/python3/dist-packages/kuka_msgs/msg/_MoveToCartesianResult.py
Symlinking /home/fu/workspaces/knob_kuka_ws/devel/lib/python3/dist-packages/kuka_msgs/msg/_MoveToJointFeedback.py
Symlinking /home/fu/workspaces/knob_kuka_ws/devel/lib/python3/dist-packages/kuka_msgs/msg/_TrackCartesianAction.py
Symlinking /home/fu/workspaces/knob_kuka_ws/devel/include/kuka_msgs/MoveToJointResult.h
Symlinking /home/fu/workspaces/knob_kuka_ws/devel/include/kuka_msgs/MoveToCartesianAction.h
Symlinking /home/fu/workspaces/knob_kuka_ws/devel/include/kuka_msgs/MoveToCartesianFeedback.h
Symlinking /home/fu/workspaces/knob_kuka_ws/devel/include/kuka_msgs/MoveToJointActionFeedback.h
Symlinking /home/fu/workspaces/knob_kuka_ws/devel/include/kuka_msgs/TrackCartesianGoal.h
Symlinking /home/fu/workspaces/knob_kuka_ws/devel/include/kuka_msgs/MoveToCartesianGoal.h
Symlinking /home/fu/workspaces/knob_kuka_ws/devel/include/kuka_msgs/MoveToCartesianResult.h
Symlinking /home/fu/workspaces/knob_kuka_ws/devel/include/kuka_msgs/TrackJointGoal.h
Symlinking /home/fu/workspaces/knob_kuka_ws/devel/include/kuka_msgs/MoveToJointActionResult.h
Symlinking /home/fu/workspaces/knob_kuka_ws/devel/include/kuka_msgs/TrackJointActionFeedback.h
Symlinking /home/fu/workspaces/knob_kuka_ws/devel/include/kuka_msgs/MoveToCartesianActionResult.h
Symlinking /home/fu/workspaces/knob_kuka_ws/devel/include/kuka_msgs/MoveToCartesianActionGoal.h
Symlinking /home/fu/workspaces/knob_kuka_ws/devel/include/kuka_msgs/MoveToJointActionGoal.h
Symlinking /home/fu/workspaces/knob_kuka_ws/devel/include/kuka_msgs/TrackCartesianActionResult.h
Symlinking /home/fu/workspaces/knob_kuka_ws/devel/include/kuka_msgs/TrackJointActionResult.h
Symlinking /home/fu/workspaces/knob_kuka_ws/devel/include/kuka_msgs/TrackJointActionGoal.h
Symlinking /home/fu/workspaces/knob_kuka_ws/devel/include/kuka_msgs/TrackCartesianActionFeedback.h
Symlinking /home/fu/workspaces/knob_kuka_ws/devel/include/kuka_msgs/TrackJointFeedback.h
Symlinking /home/fu/workspaces/knob_kuka_ws/devel/include/kuka_msgs/TrackCartesianFeedback.h
Symlinking /home/fu/workspaces/knob_kuka_ws/devel/include/kuka_msgs/MoveToCartesianActionFeedback.h
Symlinking /home/fu/workspaces/knob_kuka_ws/devel/include/kuka_msgs/TrackCartesianActionGoal.h
Symlinking /home/fu/workspaces/knob_kuka_ws/devel/include/kuka_msgs/MoveToJointAction.h
Symlinking /home/fu/workspaces/knob_kuka_ws/devel/include/kuka_msgs/MoveToJointFeedback.h
Symlinking /home/fu/workspaces/knob_kuka_ws/devel/include/kuka_msgs/TrackJointAction.h
Symlinking /home/fu/workspaces/knob_kuka_ws/devel/include/kuka_msgs/TrackCartesianAction.h
Symlinking /home/fu/workspaces/knob_kuka_ws/devel/include/kuka_msgs/TrackCartesianResult.h
Symlinking /home/fu/workspaces/knob_kuka_ws/devel/include/kuka_msgs/TrackJointResult.h
Symlinking /home/fu/workspaces/knob_kuka_ws/devel/include/kuka_msgs/MoveToJointGoal.h
