Linked: (/home/fu/workspaces/knob_kuka_ws/devel/.private/kuka_msgs/share/gennodejs/ros/kuka_msgs/_index.js, /home/fu/workspaces/knob_kuka_ws/devel/share/gennodejs/ros/kuka_msgs/_index.js)
Linked: (/home/fu/workspaces/knob_kuka_ws/devel/.private/kuka_msgs/share/gennodejs/ros/kuka_msgs/msg/TrackJointActionFeedback.js, /home/fu/workspaces/knob_kuka_ws/devel/share/gennodejs/ros/kuka_msgs/msg/TrackJointActionFeedback.js)
Linked: (/home/fu/workspaces/knob_kuka_ws/devel/.private/kuka_msgs/share/gennodejs/ros/kuka_msgs/msg/MoveToCartesianResult.js, /home/fu/workspaces/knob_kuka_ws/devel/share/gennodejs/ros/kuka_msgs/msg/MoveToCartesianResult.js)
Linked: (/home/fu/workspaces/knob_kuka_ws/devel/.private/kuka_msgs/share/gennodejs/ros/kuka_msgs/msg/MoveToJointAction.js, /home/fu/workspaces/knob_kuka_ws/devel/share/gennodejs/ros/kuka_msgs/msg/MoveToJointAction.js)
Linked: (/home/fu/workspaces/knob_kuka_ws/devel/.private/kuka_msgs/share/gennodejs/ros/kuka_msgs/msg/MoveToJointActionGoal.js, /home/fu/workspaces/knob_kuka_ws/devel/share/gennodejs/ros/kuka_msgs/msg/MoveToJointActionGoal.js)
Linked: (/home/fu/workspaces/knob_kuka_ws/devel/.private/kuka_msgs/share/gennodejs/ros/kuka_msgs/msg/MoveToCartesianFeedback.js, /home/fu/workspaces/knob_kuka_ws/devel/share/gennodejs/ros/kuka_msgs/msg/MoveToCartesianFeedback.js)
Linked: (/home/fu/workspaces/knob_kuka_ws/devel/.private/kuka_msgs/share/gennodejs/ros/kuka_msgs/msg/TrackCartesianResult.js, /home/fu/workspaces/knob_kuka_ws/devel/share/gennodejs/ros/kuka_msgs/msg/TrackCartesianResult.js)
Linked: (/home/fu/workspaces/knob_kuka_ws/devel/.private/kuka_msgs/share/gennodejs/ros/kuka_msgs/msg/TrackCartesianActionResult.js, /home/fu/workspaces/knob_kuka_ws/devel/share/gennodejs/ros/kuka_msgs/msg/TrackCartesianActionResult.js)
Linked: (/home/fu/workspaces/knob_kuka_ws/devel/.private/kuka_msgs/share/gennodejs/ros/kuka_msgs/msg/MoveToJointActionFeedback.js, /home/fu/workspaces/knob_kuka_ws/devel/share/gennodejs/ros/kuka_msgs/msg/MoveToJointActionFeedback.js)
Linked: (/home/fu/workspaces/knob_kuka_ws/devel/.private/kuka_msgs/share/gennodejs/ros/kuka_msgs/msg/MoveToCartesianActionResult.js, /home/fu/workspaces/knob_kuka_ws/devel/share/gennodejs/ros/kuka_msgs/msg/MoveToCartesianActionResult.js)
Linked: (/home/fu/workspaces/knob_kuka_ws/devel/.private/kuka_msgs/share/gennodejs/ros/kuka_msgs/msg/TrackJointActionGoal.js, /home/fu/workspaces/knob_kuka_ws/devel/share/gennodejs/ros/kuka_msgs/msg/TrackJointActionGoal.js)
Linked: (/home/fu/workspaces/knob_kuka_ws/devel/.private/kuka_msgs/share/gennodejs/ros/kuka_msgs/msg/MoveToCartesianGoal.js, /home/fu/workspaces/knob_kuka_ws/devel/share/gennodejs/ros/kuka_msgs/msg/MoveToCartesianGoal.js)
Linked: (/home/fu/workspaces/knob_kuka_ws/devel/.private/kuka_msgs/share/gennodejs/ros/kuka_msgs/msg/MoveToJointActionResult.js, /home/fu/workspaces/knob_kuka_ws/devel/share/gennodejs/ros/kuka_msgs/msg/MoveToJointActionResult.js)
Linked: (/home/fu/workspaces/knob_kuka_ws/devel/.private/kuka_msgs/share/gennodejs/ros/kuka_msgs/msg/TrackCartesianActionFeedback.js, /home/fu/workspaces/knob_kuka_ws/devel/share/gennodejs/ros/kuka_msgs/msg/TrackCartesianActionFeedback.js)
Linked: (/home/fu/workspaces/knob_kuka_ws/devel/.private/kuka_msgs/share/gennodejs/ros/kuka_msgs/msg/MoveToCartesianAction.js, /home/fu/workspaces/knob_kuka_ws/devel/share/gennodejs/ros/kuka_msgs/msg/MoveToCartesianAction.js)
Linked: (/home/fu/workspaces/knob_kuka_ws/devel/.private/kuka_msgs/share/gennodejs/ros/kuka_msgs/msg/TrackJointFeedback.js, /home/fu/workspaces/knob_kuka_ws/devel/share/gennodejs/ros/kuka_msgs/msg/TrackJointFeedback.js)
Linked: (/home/fu/workspaces/knob_kuka_ws/devel/.private/kuka_msgs/share/gennodejs/ros/kuka_msgs/msg/TrackJointAction.js, /home/fu/workspaces/knob_kuka_ws/devel/share/gennodejs/ros/kuka_msgs/msg/TrackJointAction.js)
Linked: (/home/fu/workspaces/knob_kuka_ws/devel/.private/kuka_msgs/share/gennodejs/ros/kuka_msgs/msg/TrackCartesianActionGoal.js, /home/fu/workspaces/knob_kuka_ws/devel/share/gennodejs/ros/kuka_msgs/msg/TrackCartesianActionGoal.js)
Linked: (/home/fu/workspaces/knob_kuka_ws/devel/.private/kuka_msgs/share/gennodejs/ros/kuka_msgs/msg/MoveToJointGoal.js, /home/fu/workspaces/knob_kuka_ws/devel/share/gennodejs/ros/kuka_msgs/msg/MoveToJointGoal.js)
Linked: (/home/fu/workspaces/knob_kuka_ws/devel/.private/kuka_msgs/share/gennodejs/ros/kuka_msgs/msg/MoveToJointFeedback.js, /home/fu/workspaces/knob_kuka_ws/devel/share/gennodejs/ros/kuka_msgs/msg/MoveToJointFeedback.js)
Linked: (/home/fu/workspaces/knob_kuka_ws/devel/.private/kuka_msgs/share/gennodejs/ros/kuka_msgs/msg/MoveToCartesianActionGoal.js, /home/fu/workspaces/knob_kuka_ws/devel/share/gennodejs/ros/kuka_msgs/msg/MoveToCartesianActionGoal.js)
Linked: (/home/fu/workspaces/knob_kuka_ws/devel/.private/kuka_msgs/share/gennodejs/ros/kuka_msgs/msg/TrackJointGoal.js, /home/fu/workspaces/knob_kuka_ws/devel/share/gennodejs/ros/kuka_msgs/msg/TrackJointGoal.js)
Linked: (/home/fu/workspaces/knob_kuka_ws/devel/.private/kuka_msgs/share/gennodejs/ros/kuka_msgs/msg/TrackCartesianGoal.js, /home/fu/workspaces/knob_kuka_ws/devel/share/gennodejs/ros/kuka_msgs/msg/TrackCartesianGoal.js)
Linked: (/home/fu/workspaces/knob_kuka_ws/devel/.private/kuka_msgs/share/gennodejs/ros/kuka_msgs/msg/MoveToJointResult.js, /home/fu/workspaces/knob_kuka_ws/devel/share/gennodejs/ros/kuka_msgs/msg/MoveToJointResult.js)
Linked: (/home/fu/workspaces/knob_kuka_ws/devel/.private/kuka_msgs/share/gennodejs/ros/kuka_msgs/msg/_index.js, /home/fu/workspaces/knob_kuka_ws/devel/share/gennodejs/ros/kuka_msgs/msg/_index.js)
Linked: (/home/fu/workspaces/knob_kuka_ws/devel/.private/kuka_msgs/share/gennodejs/ros/kuka_msgs/msg/TrackJointResult.js, /home/fu/workspaces/knob_kuka_ws/devel/share/gennodejs/ros/kuka_msgs/msg/TrackJointResult.js)
Linked: (/home/fu/workspaces/knob_kuka_ws/devel/.private/kuka_msgs/share/gennodejs/ros/kuka_msgs/msg/TrackJointActionResult.js, /home/fu/workspaces/knob_kuka_ws/devel/share/gennodejs/ros/kuka_msgs/msg/TrackJointActionResult.js)
Linked: (/home/fu/workspaces/knob_kuka_ws/devel/.private/kuka_msgs/share/gennodejs/ros/kuka_msgs/msg/TrackCartesianAction.js, /home/fu/workspaces/knob_kuka_ws/devel/share/gennodejs/ros/kuka_msgs/msg/TrackCartesianAction.js)
Linked: (/home/fu/workspaces/knob_kuka_ws/devel/.private/kuka_msgs/share/gennodejs/ros/kuka_msgs/msg/MoveToCartesianActionFeedback.js, /home/fu/workspaces/knob_kuka_ws/devel/share/gennodejs/ros/kuka_msgs/msg/MoveToCartesianActionFeedback.js)
Linked: (/home/fu/workspaces/knob_kuka_ws/devel/.private/kuka_msgs/share/gennodejs/ros/kuka_msgs/msg/TrackCartesianFeedback.js, /home/fu/workspaces/knob_kuka_ws/devel/share/gennodejs/ros/kuka_msgs/msg/TrackCartesianFeedback.js)
Linked: (/home/fu/workspaces/knob_kuka_ws/devel/.private/kuka_msgs/share/roseus/ros/kuka_msgs/manifest.l, /home/fu/workspaces/knob_kuka_ws/devel/share/roseus/ros/kuka_msgs/manifest.l)
Linked: (/home/fu/workspaces/knob_kuka_ws/devel/.private/kuka_msgs/share/roseus/ros/kuka_msgs/msg/MoveToCartesianActionResult.l, /home/fu/workspaces/knob_kuka_ws/devel/share/roseus/ros/kuka_msgs/msg/MoveToCartesianActionResult.l)
Linked: (/home/fu/workspaces/knob_kuka_ws/devel/.private/kuka_msgs/share/roseus/ros/kuka_msgs/msg/TrackJointGoal.l, /home/fu/workspaces/knob_kuka_ws/devel/share/roseus/ros/kuka_msgs/msg/TrackJointGoal.l)
Linked: (/home/fu/workspaces/knob_kuka_ws/devel/.private/kuka_msgs/share/roseus/ros/kuka_msgs/msg/MoveToJointFeedback.l, /home/fu/workspaces/knob_kuka_ws/devel/share/roseus/ros/kuka_msgs/msg/MoveToJointFeedback.l)
Linked: (/home/fu/workspaces/knob_kuka_ws/devel/.private/kuka_msgs/share/roseus/ros/kuka_msgs/msg/MoveToCartesianActionFeedback.l, /home/fu/workspaces/knob_kuka_ws/devel/share/roseus/ros/kuka_msgs/msg/MoveToCartesianActionFeedback.l)
Linked: (/home/fu/workspaces/knob_kuka_ws/devel/.private/kuka_msgs/share/roseus/ros/kuka_msgs/msg/TrackJointActionGoal.l, /home/fu/workspaces/knob_kuka_ws/devel/share/roseus/ros/kuka_msgs/msg/TrackJointActionGoal.l)
Linked: (/home/fu/workspaces/knob_kuka_ws/devel/.private/kuka_msgs/share/roseus/ros/kuka_msgs/msg/TrackJointActionFeedback.l, /home/fu/workspaces/knob_kuka_ws/devel/share/roseus/ros/kuka_msgs/msg/TrackJointActionFeedback.l)
Linked: (/home/fu/workspaces/knob_kuka_ws/devel/.private/kuka_msgs/share/roseus/ros/kuka_msgs/msg/TrackCartesianActionFeedback.l, /home/fu/workspaces/knob_kuka_ws/devel/share/roseus/ros/kuka_msgs/msg/TrackCartesianActionFeedback.l)
Linked: (/home/fu/workspaces/knob_kuka_ws/devel/.private/kuka_msgs/share/roseus/ros/kuka_msgs/msg/MoveToCartesianFeedback.l, /home/fu/workspaces/knob_kuka_ws/devel/share/roseus/ros/kuka_msgs/msg/MoveToCartesianFeedback.l)
Linked: (/home/fu/workspaces/knob_kuka_ws/devel/.private/kuka_msgs/share/roseus/ros/kuka_msgs/msg/TrackCartesianFeedback.l, /home/fu/workspaces/knob_kuka_ws/devel/share/roseus/ros/kuka_msgs/msg/TrackCartesianFeedback.l)
Linked: (/home/fu/workspaces/knob_kuka_ws/devel/.private/kuka_msgs/share/roseus/ros/kuka_msgs/msg/TrackJointResult.l, /home/fu/workspaces/knob_kuka_ws/devel/share/roseus/ros/kuka_msgs/msg/TrackJointResult.l)
Linked: (/home/fu/workspaces/knob_kuka_ws/devel/.private/kuka_msgs/share/roseus/ros/kuka_msgs/msg/TrackJointFeedback.l, /home/fu/workspaces/knob_kuka_ws/devel/share/roseus/ros/kuka_msgs/msg/TrackJointFeedback.l)
Linked: (/home/fu/workspaces/knob_kuka_ws/devel/.private/kuka_msgs/share/roseus/ros/kuka_msgs/msg/MoveToCartesianActionGoal.l, /home/fu/workspaces/knob_kuka_ws/devel/share/roseus/ros/kuka_msgs/msg/MoveToCartesianActionGoal.l)
Linked: (/home/fu/workspaces/knob_kuka_ws/devel/.private/kuka_msgs/share/roseus/ros/kuka_msgs/msg/MoveToJointActionResult.l, /home/fu/workspaces/knob_kuka_ws/devel/share/roseus/ros/kuka_msgs/msg/MoveToJointActionResult.l)
Linked: (/home/fu/workspaces/knob_kuka_ws/devel/.private/kuka_msgs/share/roseus/ros/kuka_msgs/msg/TrackCartesianAction.l, /home/fu/workspaces/knob_kuka_ws/devel/share/roseus/ros/kuka_msgs/msg/TrackCartesianAction.l)
Linked: (/home/fu/workspaces/knob_kuka_ws/devel/.private/kuka_msgs/share/roseus/ros/kuka_msgs/msg/MoveToJointActionGoal.l, /home/fu/workspaces/knob_kuka_ws/devel/share/roseus/ros/kuka_msgs/msg/MoveToJointActionGoal.l)
Linked: (/home/fu/workspaces/knob_kuka_ws/devel/.private/kuka_msgs/share/roseus/ros/kuka_msgs/msg/MoveToCartesianResult.l, /home/fu/workspaces/knob_kuka_ws/devel/share/roseus/ros/kuka_msgs/msg/MoveToCartesianResult.l)
Linked: (/home/fu/workspaces/knob_kuka_ws/devel/.private/kuka_msgs/share/roseus/ros/kuka_msgs/msg/TrackCartesianResult.l, /home/fu/workspaces/knob_kuka_ws/devel/share/roseus/ros/kuka_msgs/msg/TrackCartesianResult.l)
Linked: (/home/fu/workspaces/knob_kuka_ws/devel/.private/kuka_msgs/share/roseus/ros/kuka_msgs/msg/TrackCartesianGoal.l, /home/fu/workspaces/knob_kuka_ws/devel/share/roseus/ros/kuka_msgs/msg/TrackCartesianGoal.l)
Linked: (/home/fu/workspaces/knob_kuka_ws/devel/.private/kuka_msgs/share/roseus/ros/kuka_msgs/msg/MoveToJointResult.l, /home/fu/workspaces/knob_kuka_ws/devel/share/roseus/ros/kuka_msgs/msg/MoveToJointResult.l)
Linked: (/home/fu/workspaces/knob_kuka_ws/devel/.private/kuka_msgs/share/roseus/ros/kuka_msgs/msg/TrackCartesianActionResult.l, /home/fu/workspaces/knob_kuka_ws/devel/share/roseus/ros/kuka_msgs/msg/TrackCartesianActionResult.l)
Linked: (/home/fu/workspaces/knob_kuka_ws/devel/.private/kuka_msgs/share/roseus/ros/kuka_msgs/msg/MoveToJointGoal.l, /home/fu/workspaces/knob_kuka_ws/devel/share/roseus/ros/kuka_msgs/msg/MoveToJointGoal.l)
Linked: (/home/fu/workspaces/knob_kuka_ws/devel/.private/kuka_msgs/share/roseus/ros/kuka_msgs/msg/TrackCartesianActionGoal.l, /home/fu/workspaces/knob_kuka_ws/devel/share/roseus/ros/kuka_msgs/msg/TrackCartesianActionGoal.l)
Linked: (/home/fu/workspaces/knob_kuka_ws/devel/.private/kuka_msgs/share/roseus/ros/kuka_msgs/msg/TrackJointAction.l, /home/fu/workspaces/knob_kuka_ws/devel/share/roseus/ros/kuka_msgs/msg/TrackJointAction.l)
Linked: (/home/fu/workspaces/knob_kuka_ws/devel/.private/kuka_msgs/share/roseus/ros/kuka_msgs/msg/MoveToJointActionFeedback.l, /home/fu/workspaces/knob_kuka_ws/devel/share/roseus/ros/kuka_msgs/msg/MoveToJointActionFeedback.l)
Linked: (/home/fu/workspaces/knob_kuka_ws/devel/.private/kuka_msgs/share/roseus/ros/kuka_msgs/msg/MoveToCartesianGoal.l, /home/fu/workspaces/knob_kuka_ws/devel/share/roseus/ros/kuka_msgs/msg/MoveToCartesianGoal.l)
Linked: (/home/fu/workspaces/knob_kuka_ws/devel/.private/kuka_msgs/share/roseus/ros/kuka_msgs/msg/MoveToCartesianAction.l, /home/fu/workspaces/knob_kuka_ws/devel/share/roseus/ros/kuka_msgs/msg/MoveToCartesianAction.l)
Linked: (/home/fu/workspaces/knob_kuka_ws/devel/.private/kuka_msgs/share/roseus/ros/kuka_msgs/msg/TrackJointActionResult.l, /home/fu/workspaces/knob_kuka_ws/devel/share/roseus/ros/kuka_msgs/msg/TrackJointActionResult.l)
Linked: (/home/fu/workspaces/knob_kuka_ws/devel/.private/kuka_msgs/share/roseus/ros/kuka_msgs/msg/MoveToJointAction.l, /home/fu/workspaces/knob_kuka_ws/devel/share/roseus/ros/kuka_msgs/msg/MoveToJointAction.l)
Linked: (/home/fu/workspaces/knob_kuka_ws/devel/.private/kuka_msgs/share/common-lisp/ros/kuka_msgs/msg/_package.lisp, /home/fu/workspaces/knob_kuka_ws/devel/share/common-lisp/ros/kuka_msgs/msg/_package.lisp)
Linked: (/home/fu/workspaces/knob_kuka_ws/devel/.private/kuka_msgs/share/common-lisp/ros/kuka_msgs/msg/MoveToCartesianActionFeedback.lisp, /home/fu/workspaces/knob_kuka_ws/devel/share/common-lisp/ros/kuka_msgs/msg/MoveToCartesianActionFeedback.lisp)
Linked: (/home/fu/workspaces/knob_kuka_ws/devel/.private/kuka_msgs/share/common-lisp/ros/kuka_msgs/msg/TrackCartesianActionGoal.lisp, /home/fu/workspaces/knob_kuka_ws/devel/share/common-lisp/ros/kuka_msgs/msg/TrackCartesianActionGoal.lisp)
Linked: (/home/fu/workspaces/knob_kuka_ws/devel/.private/kuka_msgs/share/common-lisp/ros/kuka_msgs/msg/MoveToCartesianFeedback.lisp, /home/fu/workspaces/knob_kuka_ws/devel/share/common-lisp/ros/kuka_msgs/msg/MoveToCartesianFeedback.lisp)
Linked: (/home/fu/workspaces/knob_kuka_ws/devel/.private/kuka_msgs/share/common-lisp/ros/kuka_msgs/msg/_package_MoveToCartesianAction.lisp, /home/fu/workspaces/knob_kuka_ws/devel/share/common-lisp/ros/kuka_msgs/msg/_package_MoveToCartesianAction.lisp)
Linked: (/home/fu/workspaces/knob_kuka_ws/devel/.private/kuka_msgs/share/common-lisp/ros/kuka_msgs/msg/MoveToJointResult.lisp, /home/fu/workspaces/knob_kuka_ws/devel/share/common-lisp/ros/kuka_msgs/msg/MoveToJointResult.lisp)
Linked: (/home/fu/workspaces/knob_kuka_ws/devel/.private/kuka_msgs/share/common-lisp/ros/kuka_msgs/msg/MoveToCartesianAction.lisp, /home/fu/workspaces/knob_kuka_ws/devel/share/common-lisp/ros/kuka_msgs/msg/MoveToCartesianAction.lisp)
Linked: (/home/fu/workspaces/knob_kuka_ws/devel/.private/kuka_msgs/share/common-lisp/ros/kuka_msgs/msg/_package_TrackCartesianGoal.lisp, /home/fu/workspaces/knob_kuka_ws/devel/share/common-lisp/ros/kuka_msgs/msg/_package_TrackCartesianGoal.lisp)
Linked: (/home/fu/workspaces/knob_kuka_ws/devel/.private/kuka_msgs/share/common-lisp/ros/kuka_msgs/msg/TrackCartesianActionResult.lisp, /home/fu/workspaces/knob_kuka_ws/devel/share/common-lisp/ros/kuka_msgs/msg/TrackCartesianActionResult.lisp)
Linked: (/home/fu/workspaces/knob_kuka_ws/devel/.private/kuka_msgs/share/common-lisp/ros/kuka_msgs/msg/_package_MoveToJointActionGoal.lisp, /home/fu/workspaces/knob_kuka_ws/devel/share/common-lisp/ros/kuka_msgs/msg/_package_MoveToJointActionGoal.lisp)
Linked: (/home/fu/workspaces/knob_kuka_ws/devel/.private/kuka_msgs/share/common-lisp/ros/kuka_msgs/msg/TrackCartesianGoal.lisp, /home/fu/workspaces/knob_kuka_ws/devel/share/common-lisp/ros/kuka_msgs/msg/TrackCartesianGoal.lisp)
Linked: (/home/fu/workspaces/knob_kuka_ws/devel/.private/kuka_msgs/share/common-lisp/ros/kuka_msgs/msg/_package_TrackCartesianResult.lisp, /home/fu/workspaces/knob_kuka_ws/devel/share/common-lisp/ros/kuka_msgs/msg/_package_TrackCartesianResult.lisp)
Linked: (/home/fu/workspaces/knob_kuka_ws/devel/.private/kuka_msgs/share/common-lisp/ros/kuka_msgs/msg/MoveToJointFeedback.lisp, /home/fu/workspaces/knob_kuka_ws/devel/share/common-lisp/ros/kuka_msgs/msg/MoveToJointFeedback.lisp)
Linked: (/home/fu/workspaces/knob_kuka_ws/devel/.private/kuka_msgs/share/common-lisp/ros/kuka_msgs/msg/MoveToCartesianActionGoal.lisp, /home/fu/workspaces/knob_kuka_ws/devel/share/common-lisp/ros/kuka_msgs/msg/MoveToCartesianActionGoal.lisp)
Linked: (/home/fu/workspaces/knob_kuka_ws/devel/.private/kuka_msgs/share/common-lisp/ros/kuka_msgs/msg/_package_TrackCartesianActionFeedback.lisp, /home/fu/workspaces/knob_kuka_ws/devel/share/common-lisp/ros/kuka_msgs/msg/_package_TrackCartesianActionFeedback.lisp)
Linked: (/home/fu/workspaces/knob_kuka_ws/devel/.private/kuka_msgs/share/common-lisp/ros/kuka_msgs/msg/MoveToJointActionResult.lisp, /home/fu/workspaces/knob_kuka_ws/devel/share/common-lisp/ros/kuka_msgs/msg/MoveToJointActionResult.lisp)
Linked: (/home/fu/workspaces/knob_kuka_ws/devel/.private/kuka_msgs/share/common-lisp/ros/kuka_msgs/msg/TrackCartesianFeedback.lisp, /home/fu/workspaces/knob_kuka_ws/devel/share/common-lisp/ros/kuka_msgs/msg/TrackCartesianFeedback.lisp)
Linked: (/home/fu/workspaces/knob_kuka_ws/devel/.private/kuka_msgs/share/common-lisp/ros/kuka_msgs/msg/TrackJointActionFeedback.lisp, /home/fu/workspaces/knob_kuka_ws/devel/share/common-lisp/ros/kuka_msgs/msg/TrackJointActionFeedback.lisp)
Linked: (/home/fu/workspaces/knob_kuka_ws/devel/.private/kuka_msgs/share/common-lisp/ros/kuka_msgs/msg/_package_TrackJointResult.lisp, /home/fu/workspaces/knob_kuka_ws/devel/share/common-lisp/ros/kuka_msgs/msg/_package_TrackJointResult.lisp)
Linked: (/home/fu/workspaces/knob_kuka_ws/devel/.private/kuka_msgs/share/common-lisp/ros/kuka_msgs/msg/_package_MoveToCartesianFeedback.lisp, /home/fu/workspaces/knob_kuka_ws/devel/share/common-lisp/ros/kuka_msgs/msg/_package_MoveToCartesianFeedback.lisp)
Linked: (/home/fu/workspaces/knob_kuka_ws/devel/.private/kuka_msgs/share/common-lisp/ros/kuka_msgs/msg/_package_MoveToCartesianResult.lisp, /home/fu/workspaces/knob_kuka_ws/devel/share/common-lisp/ros/kuka_msgs/msg/_package_MoveToCartesianResult.lisp)
Linked: (/home/fu/workspaces/knob_kuka_ws/devel/.private/kuka_msgs/share/common-lisp/ros/kuka_msgs/msg/TrackJointGoal.lisp, /home/fu/workspaces/knob_kuka_ws/devel/share/common-lisp/ros/kuka_msgs/msg/TrackJointGoal.lisp)
Linked: (/home/fu/workspaces/knob_kuka_ws/devel/.private/kuka_msgs/share/common-lisp/ros/kuka_msgs/msg/MoveToCartesianActionResult.lisp, /home/fu/workspaces/knob_kuka_ws/devel/share/common-lisp/ros/kuka_msgs/msg/MoveToCartesianActionResult.lisp)
Linked: (/home/fu/workspaces/knob_kuka_ws/devel/.private/kuka_msgs/share/common-lisp/ros/kuka_msgs/msg/_package_TrackJointActionGoal.lisp, /home/fu/workspaces/knob_kuka_ws/devel/share/common-lisp/ros/kuka_msgs/msg/_package_TrackJointActionGoal.lisp)
Linked: (/home/fu/workspaces/knob_kuka_ws/devel/.private/kuka_msgs/share/common-lisp/ros/kuka_msgs/msg/_package_MoveToJointGoal.lisp, /home/fu/workspaces/knob_kuka_ws/devel/share/common-lisp/ros/kuka_msgs/msg/_package_MoveToJointGoal.lisp)
Linked: (/home/fu/workspaces/knob_kuka_ws/devel/.private/kuka_msgs/share/common-lisp/ros/kuka_msgs/msg/_package_TrackJointActionResult.lisp, /home/fu/workspaces/knob_kuka_ws/devel/share/common-lisp/ros/kuka_msgs/msg/_package_TrackJointActionResult.lisp)
Linked: (/home/fu/workspaces/knob_kuka_ws/devel/.private/kuka_msgs/share/common-lisp/ros/kuka_msgs/msg/TrackJointActionGoal.lisp, /home/fu/workspaces/knob_kuka_ws/devel/share/common-lisp/ros/kuka_msgs/msg/TrackJointActionGoal.lisp)
Linked: (/home/fu/workspaces/knob_kuka_ws/devel/.private/kuka_msgs/share/common-lisp/ros/kuka_msgs/msg/_package_TrackCartesianActionResult.lisp, /home/fu/workspaces/knob_kuka_ws/devel/share/common-lisp/ros/kuka_msgs/msg/_package_TrackCartesianActionResult.lisp)
Linked: (/home/fu/workspaces/knob_kuka_ws/devel/.private/kuka_msgs/share/common-lisp/ros/kuka_msgs/msg/TrackCartesianActionFeedback.lisp, /home/fu/workspaces/knob_kuka_ws/devel/share/common-lisp/ros/kuka_msgs/msg/TrackCartesianActionFeedback.lisp)
Linked: (/home/fu/workspaces/knob_kuka_ws/devel/.private/kuka_msgs/share/common-lisp/ros/kuka_msgs/msg/_package_TrackJointGoal.lisp, /home/fu/workspaces/knob_kuka_ws/devel/share/common-lisp/ros/kuka_msgs/msg/_package_TrackJointGoal.lisp)
Linked: (/home/fu/workspaces/knob_kuka_ws/devel/.private/kuka_msgs/share/common-lisp/ros/kuka_msgs/msg/MoveToJointActionGoal.lisp, /home/fu/workspaces/knob_kuka_ws/devel/share/common-lisp/ros/kuka_msgs/msg/MoveToJointActionGoal.lisp)
Linked: (/home/fu/workspaces/knob_kuka_ws/devel/.private/kuka_msgs/share/common-lisp/ros/kuka_msgs/msg/TrackJointResult.lisp, /home/fu/workspaces/knob_kuka_ws/devel/share/common-lisp/ros/kuka_msgs/msg/TrackJointResult.lisp)
Linked: (/home/fu/workspaces/knob_kuka_ws/devel/.private/kuka_msgs/share/common-lisp/ros/kuka_msgs/msg/_package_MoveToCartesianActionResult.lisp, /home/fu/workspaces/knob_kuka_ws/devel/share/common-lisp/ros/kuka_msgs/msg/_package_MoveToCartesianActionResult.lisp)
Linked: (/home/fu/workspaces/knob_kuka_ws/devel/.private/kuka_msgs/share/common-lisp/ros/kuka_msgs/msg/MoveToCartesianGoal.lisp, /home/fu/workspaces/knob_kuka_ws/devel/share/common-lisp/ros/kuka_msgs/msg/MoveToCartesianGoal.lisp)
Linked: (/home/fu/workspaces/knob_kuka_ws/devel/.private/kuka_msgs/share/common-lisp/ros/kuka_msgs/msg/_package_MoveToJointAction.lisp, /home/fu/workspaces/knob_kuka_ws/devel/share/common-lisp/ros/kuka_msgs/msg/_package_MoveToJointAction.lisp)
Linked: (/home/fu/workspaces/knob_kuka_ws/devel/.private/kuka_msgs/share/common-lisp/ros/kuka_msgs/msg/MoveToJointAction.lisp, /home/fu/workspaces/knob_kuka_ws/devel/share/common-lisp/ros/kuka_msgs/msg/MoveToJointAction.lisp)
Linked: (/home/fu/workspaces/knob_kuka_ws/devel/.private/kuka_msgs/share/common-lisp/ros/kuka_msgs/msg/MoveToJointActionFeedback.lisp, /home/fu/workspaces/knob_kuka_ws/devel/share/common-lisp/ros/kuka_msgs/msg/MoveToJointActionFeedback.lisp)
Linked: (/home/fu/workspaces/knob_kuka_ws/devel/.private/kuka_msgs/share/common-lisp/ros/kuka_msgs/msg/TrackJointAction.lisp, /home/fu/workspaces/knob_kuka_ws/devel/share/common-lisp/ros/kuka_msgs/msg/TrackJointAction.lisp)
Linked: (/home/fu/workspaces/knob_kuka_ws/devel/.private/kuka_msgs/share/common-lisp/ros/kuka_msgs/msg/_package_MoveToCartesianActionFeedback.lisp, /home/fu/workspaces/knob_kuka_ws/devel/share/common-lisp/ros/kuka_msgs/msg/_package_MoveToCartesianActionFeedback.lisp)
Linked: (/home/fu/workspaces/knob_kuka_ws/devel/.private/kuka_msgs/share/common-lisp/ros/kuka_msgs/msg/TrackCartesianResult.lisp, /home/fu/workspaces/knob_kuka_ws/devel/share/common-lisp/ros/kuka_msgs/msg/TrackCartesianResult.lisp)
Linked: (/home/fu/workspaces/knob_kuka_ws/devel/.private/kuka_msgs/share/common-lisp/ros/kuka_msgs/msg/_package_MoveToJointActionFeedback.lisp, /home/fu/workspaces/knob_kuka_ws/devel/share/common-lisp/ros/kuka_msgs/msg/_package_MoveToJointActionFeedback.lisp)
Linked: (/home/fu/workspaces/knob_kuka_ws/devel/.private/kuka_msgs/share/common-lisp/ros/kuka_msgs/msg/MoveToJointGoal.lisp, /home/fu/workspaces/knob_kuka_ws/devel/share/common-lisp/ros/kuka_msgs/msg/MoveToJointGoal.lisp)
Linked: (/home/fu/workspaces/knob_kuka_ws/devel/.private/kuka_msgs/share/common-lisp/ros/kuka_msgs/msg/TrackJointActionResult.lisp, /home/fu/workspaces/knob_kuka_ws/devel/share/common-lisp/ros/kuka_msgs/msg/TrackJointActionResult.lisp)
Linked: (/home/fu/workspaces/knob_kuka_ws/devel/.private/kuka_msgs/share/common-lisp/ros/kuka_msgs/msg/_package_TrackCartesianAction.lisp, /home/fu/workspaces/knob_kuka_ws/devel/share/common-lisp/ros/kuka_msgs/msg/_package_TrackCartesianAction.lisp)
Linked: (/home/fu/workspaces/knob_kuka_ws/devel/.private/kuka_msgs/share/common-lisp/ros/kuka_msgs/msg/TrackCartesianAction.lisp, /home/fu/workspaces/knob_kuka_ws/devel/share/common-lisp/ros/kuka_msgs/msg/TrackCartesianAction.lisp)
Linked: (/home/fu/workspaces/knob_kuka_ws/devel/.private/kuka_msgs/share/common-lisp/ros/kuka_msgs/msg/_package_MoveToJointResult.lisp, /home/fu/workspaces/knob_kuka_ws/devel/share/common-lisp/ros/kuka_msgs/msg/_package_MoveToJointResult.lisp)
Linked: (/home/fu/workspaces/knob_kuka_ws/devel/.private/kuka_msgs/share/common-lisp/ros/kuka_msgs/msg/_package_TrackJointAction.lisp, /home/fu/workspaces/knob_kuka_ws/devel/share/common-lisp/ros/kuka_msgs/msg/_package_TrackJointAction.lisp)
Linked: (/home/fu/workspaces/knob_kuka_ws/devel/.private/kuka_msgs/share/common-lisp/ros/kuka_msgs/msg/_package_TrackCartesianActionGoal.lisp, /home/fu/workspaces/knob_kuka_ws/devel/share/common-lisp/ros/kuka_msgs/msg/_package_TrackCartesianActionGoal.lisp)
Linked: (/home/fu/workspaces/knob_kuka_ws/devel/.private/kuka_msgs/share/common-lisp/ros/kuka_msgs/msg/_package_MoveToCartesianActionGoal.lisp, /home/fu/workspaces/knob_kuka_ws/devel/share/common-lisp/ros/kuka_msgs/msg/_package_MoveToCartesianActionGoal.lisp)
Linked: (/home/fu/workspaces/knob_kuka_ws/devel/.private/kuka_msgs/share/common-lisp/ros/kuka_msgs/msg/TrackJointFeedback.lisp, /home/fu/workspaces/knob_kuka_ws/devel/share/common-lisp/ros/kuka_msgs/msg/TrackJointFeedback.lisp)
Linked: (/home/fu/workspaces/knob_kuka_ws/devel/.private/kuka_msgs/share/common-lisp/ros/kuka_msgs/msg/_package_MoveToJointActionResult.lisp, /home/fu/workspaces/knob_kuka_ws/devel/share/common-lisp/ros/kuka_msgs/msg/_package_MoveToJointActionResult.lisp)
Linked: (/home/fu/workspaces/knob_kuka_ws/devel/.private/kuka_msgs/share/common-lisp/ros/kuka_msgs/msg/_package_MoveToJointFeedback.lisp, /home/fu/workspaces/knob_kuka_ws/devel/share/common-lisp/ros/kuka_msgs/msg/_package_MoveToJointFeedback.lisp)
Linked: (/home/fu/workspaces/knob_kuka_ws/devel/.private/kuka_msgs/share/common-lisp/ros/kuka_msgs/msg/_package_TrackCartesianFeedback.lisp, /home/fu/workspaces/knob_kuka_ws/devel/share/common-lisp/ros/kuka_msgs/msg/_package_TrackCartesianFeedback.lisp)
Linked: (/home/fu/workspaces/knob_kuka_ws/devel/.private/kuka_msgs/share/common-lisp/ros/kuka_msgs/msg/MoveToCartesianResult.lisp, /home/fu/workspaces/knob_kuka_ws/devel/share/common-lisp/ros/kuka_msgs/msg/MoveToCartesianResult.lisp)
Linked: (/home/fu/workspaces/knob_kuka_ws/devel/.private/kuka_msgs/share/common-lisp/ros/kuka_msgs/msg/_package_MoveToCartesianGoal.lisp, /home/fu/workspaces/knob_kuka_ws/devel/share/common-lisp/ros/kuka_msgs/msg/_package_MoveToCartesianGoal.lisp)
Linked: (/home/fu/workspaces/knob_kuka_ws/devel/.private/kuka_msgs/share/common-lisp/ros/kuka_msgs/msg/kuka_msgs-msg.asd, /home/fu/workspaces/knob_kuka_ws/devel/share/common-lisp/ros/kuka_msgs/msg/kuka_msgs-msg.asd)
Linked: (/home/fu/workspaces/knob_kuka_ws/devel/.private/kuka_msgs/share/common-lisp/ros/kuka_msgs/msg/_package_TrackJointFeedback.lisp, /home/fu/workspaces/knob_kuka_ws/devel/share/common-lisp/ros/kuka_msgs/msg/_package_TrackJointFeedback.lisp)
Linked: (/home/fu/workspaces/knob_kuka_ws/devel/.private/kuka_msgs/share/common-lisp/ros/kuka_msgs/msg/_package_TrackJointActionFeedback.lisp, /home/fu/workspaces/knob_kuka_ws/devel/share/common-lisp/ros/kuka_msgs/msg/_package_TrackJointActionFeedback.lisp)
Linked: (/home/fu/workspaces/knob_kuka_ws/devel/.private/kuka_msgs/share/kuka_msgs/cmake/kuka_msgsConfig-version.cmake, /home/fu/workspaces/knob_kuka_ws/devel/share/kuka_msgs/cmake/kuka_msgsConfig-version.cmake)
Linked: (/home/fu/workspaces/knob_kuka_ws/devel/.private/kuka_msgs/share/kuka_msgs/cmake/kuka_msgs-msg-extras.cmake, /home/fu/workspaces/knob_kuka_ws/devel/share/kuka_msgs/cmake/kuka_msgs-msg-extras.cmake)
Linked: (/home/fu/workspaces/knob_kuka_ws/devel/.private/kuka_msgs/share/kuka_msgs/cmake/kuka_msgs-msg-paths.cmake, /home/fu/workspaces/knob_kuka_ws/devel/share/kuka_msgs/cmake/kuka_msgs-msg-paths.cmake)
Linked: (/home/fu/workspaces/knob_kuka_ws/devel/.private/kuka_msgs/share/kuka_msgs/cmake/kuka_msgsConfig.cmake, /home/fu/workspaces/knob_kuka_ws/devel/share/kuka_msgs/cmake/kuka_msgsConfig.cmake)
Linked: (/home/fu/workspaces/knob_kuka_ws/devel/.private/kuka_msgs/share/kuka_msgs/msg/MoveToCartesianActionResult.msg, /home/fu/workspaces/knob_kuka_ws/devel/share/kuka_msgs/msg/MoveToCartesianActionResult.msg)
Linked: (/home/fu/workspaces/knob_kuka_ws/devel/.private/kuka_msgs/share/kuka_msgs/msg/TrackJointResult.msg, /home/fu/workspaces/knob_kuka_ws/devel/share/kuka_msgs/msg/TrackJointResult.msg)
Linked: (/home/fu/workspaces/knob_kuka_ws/devel/.private/kuka_msgs/share/kuka_msgs/msg/MoveToCartesianResult.msg, /home/fu/workspaces/knob_kuka_ws/devel/share/kuka_msgs/msg/MoveToCartesianResult.msg)
Linked: (/home/fu/workspaces/knob_kuka_ws/devel/.private/kuka_msgs/share/kuka_msgs/msg/MoveToCartesianActionFeedback.msg, /home/fu/workspaces/knob_kuka_ws/devel/share/kuka_msgs/msg/MoveToCartesianActionFeedback.msg)
Linked: (/home/fu/workspaces/knob_kuka_ws/devel/.private/kuka_msgs/share/kuka_msgs/msg/TrackCartesianActionResult.msg, /home/fu/workspaces/knob_kuka_ws/devel/share/kuka_msgs/msg/TrackCartesianActionResult.msg)
Linked: (/home/fu/workspaces/knob_kuka_ws/devel/.private/kuka_msgs/share/kuka_msgs/msg/TrackJointActionResult.msg, /home/fu/workspaces/knob_kuka_ws/devel/share/kuka_msgs/msg/TrackJointActionResult.msg)
Linked: (/home/fu/workspaces/knob_kuka_ws/devel/.private/kuka_msgs/share/kuka_msgs/msg/TrackCartesianGoal.msg, /home/fu/workspaces/knob_kuka_ws/devel/share/kuka_msgs/msg/TrackCartesianGoal.msg)
Linked: (/home/fu/workspaces/knob_kuka_ws/devel/.private/kuka_msgs/share/kuka_msgs/msg/MoveToJointActionGoal.msg, /home/fu/workspaces/knob_kuka_ws/devel/share/kuka_msgs/msg/MoveToJointActionGoal.msg)
Linked: (/home/fu/workspaces/knob_kuka_ws/devel/.private/kuka_msgs/share/kuka_msgs/msg/MoveToJointActionFeedback.msg, /home/fu/workspaces/knob_kuka_ws/devel/share/kuka_msgs/msg/MoveToJointActionFeedback.msg)
Linked: (/home/fu/workspaces/knob_kuka_ws/devel/.private/kuka_msgs/share/kuka_msgs/msg/TrackJointFeedback.msg, /home/fu/workspaces/knob_kuka_ws/devel/share/kuka_msgs/msg/TrackJointFeedback.msg)
Linked: (/home/fu/workspaces/knob_kuka_ws/devel/.private/kuka_msgs/share/kuka_msgs/msg/TrackCartesianActionGoal.msg, /home/fu/workspaces/knob_kuka_ws/devel/share/kuka_msgs/msg/TrackCartesianActionGoal.msg)
Linked: (/home/fu/workspaces/knob_kuka_ws/devel/.private/kuka_msgs/share/kuka_msgs/msg/MoveToJointActionResult.msg, /home/fu/workspaces/knob_kuka_ws/devel/share/kuka_msgs/msg/MoveToJointActionResult.msg)
Linked: (/home/fu/workspaces/knob_kuka_ws/devel/.private/kuka_msgs/share/kuka_msgs/msg/TrackJointActionFeedback.msg, /home/fu/workspaces/knob_kuka_ws/devel/share/kuka_msgs/msg/TrackJointActionFeedback.msg)
Linked: (/home/fu/workspaces/knob_kuka_ws/devel/.private/kuka_msgs/share/kuka_msgs/msg/MoveToCartesianGoal.msg, /home/fu/workspaces/knob_kuka_ws/devel/share/kuka_msgs/msg/MoveToCartesianGoal.msg)
Linked: (/home/fu/workspaces/knob_kuka_ws/devel/.private/kuka_msgs/share/kuka_msgs/msg/MoveToJointResult.msg, /home/fu/workspaces/knob_kuka_ws/devel/share/kuka_msgs/msg/MoveToJointResult.msg)
Linked: (/home/fu/workspaces/knob_kuka_ws/devel/.private/kuka_msgs/share/kuka_msgs/msg/MoveToJointGoal.msg, /home/fu/workspaces/knob_kuka_ws/devel/share/kuka_msgs/msg/MoveToJointGoal.msg)
Linked: (/home/fu/workspaces/knob_kuka_ws/devel/.private/kuka_msgs/share/kuka_msgs/msg/TrackJointAction.msg, /home/fu/workspaces/knob_kuka_ws/devel/share/kuka_msgs/msg/TrackJointAction.msg)
Linked: (/home/fu/workspaces/knob_kuka_ws/devel/.private/kuka_msgs/share/kuka_msgs/msg/TrackCartesianAction.msg, /home/fu/workspaces/knob_kuka_ws/devel/share/kuka_msgs/msg/TrackCartesianAction.msg)
Linked: (/home/fu/workspaces/knob_kuka_ws/devel/.private/kuka_msgs/share/kuka_msgs/msg/MoveToJointAction.msg, /home/fu/workspaces/knob_kuka_ws/devel/share/kuka_msgs/msg/MoveToJointAction.msg)
Linked: (/home/fu/workspaces/knob_kuka_ws/devel/.private/kuka_msgs/share/kuka_msgs/msg/TrackCartesianFeedback.msg, /home/fu/workspaces/knob_kuka_ws/devel/share/kuka_msgs/msg/TrackCartesianFeedback.msg)
Linked: (/home/fu/workspaces/knob_kuka_ws/devel/.private/kuka_msgs/share/kuka_msgs/msg/TrackCartesianActionFeedback.msg, /home/fu/workspaces/knob_kuka_ws/devel/share/kuka_msgs/msg/TrackCartesianActionFeedback.msg)
Linked: (/home/fu/workspaces/knob_kuka_ws/devel/.private/kuka_msgs/share/kuka_msgs/msg/TrackCartesianResult.msg, /home/fu/workspaces/knob_kuka_ws/devel/share/kuka_msgs/msg/TrackCartesianResult.msg)
Linked: (/home/fu/workspaces/knob_kuka_ws/devel/.private/kuka_msgs/share/kuka_msgs/msg/TrackJointGoal.msg, /home/fu/workspaces/knob_kuka_ws/devel/share/kuka_msgs/msg/TrackJointGoal.msg)
Linked: (/home/fu/workspaces/knob_kuka_ws/devel/.private/kuka_msgs/share/kuka_msgs/msg/MoveToCartesianAction.msg, /home/fu/workspaces/knob_kuka_ws/devel/share/kuka_msgs/msg/MoveToCartesianAction.msg)
Linked: (/home/fu/workspaces/knob_kuka_ws/devel/.private/kuka_msgs/share/kuka_msgs/msg/MoveToJointFeedback.msg, /home/fu/workspaces/knob_kuka_ws/devel/share/kuka_msgs/msg/MoveToJointFeedback.msg)
Linked: (/home/fu/workspaces/knob_kuka_ws/devel/.private/kuka_msgs/share/kuka_msgs/msg/MoveToCartesianActionGoal.msg, /home/fu/workspaces/knob_kuka_ws/devel/share/kuka_msgs/msg/MoveToCartesianActionGoal.msg)
Linked: (/home/fu/workspaces/knob_kuka_ws/devel/.private/kuka_msgs/share/kuka_msgs/msg/MoveToCartesianFeedback.msg, /home/fu/workspaces/knob_kuka_ws/devel/share/kuka_msgs/msg/MoveToCartesianFeedback.msg)
Linked: (/home/fu/workspaces/knob_kuka_ws/devel/.private/kuka_msgs/share/kuka_msgs/msg/TrackJointActionGoal.msg, /home/fu/workspaces/knob_kuka_ws/devel/share/kuka_msgs/msg/TrackJointActionGoal.msg)
Linked: (/home/fu/workspaces/knob_kuka_ws/devel/.private/kuka_msgs/lib/pkgconfig/kuka_msgs.pc, /home/fu/workspaces/knob_kuka_ws/devel/lib/pkgconfig/kuka_msgs.pc)
Linked: (/home/fu/workspaces/knob_kuka_ws/devel/.private/kuka_msgs/lib/python3/dist-packages/kuka_msgs/__init__.py, /home/fu/workspaces/knob_kuka_ws/devel/lib/python3/dist-packages/kuka_msgs/__init__.py)
Linked: (/home/fu/workspaces/knob_kuka_ws/devel/.private/kuka_msgs/lib/python3/dist-packages/kuka_msgs/msg/_MoveToCartesianAction.py, /home/fu/workspaces/knob_kuka_ws/devel/lib/python3/dist-packages/kuka_msgs/msg/_MoveToCartesianAction.py)
Linked: (/home/fu/workspaces/knob_kuka_ws/devel/.private/kuka_msgs/lib/python3/dist-packages/kuka_msgs/msg/_MoveToJointActionFeedback.py, /home/fu/workspaces/knob_kuka_ws/devel/lib/python3/dist-packages/kuka_msgs/msg/_MoveToJointActionFeedback.py)
Linked: (/home/fu/workspaces/knob_kuka_ws/devel/.private/kuka_msgs/lib/python3/dist-packages/kuka_msgs/msg/_MoveToJointActionGoal.py, /home/fu/workspaces/knob_kuka_ws/devel/lib/python3/dist-packages/kuka_msgs/msg/_MoveToJointActionGoal.py)
Linked: (/home/fu/workspaces/knob_kuka_ws/devel/.private/kuka_msgs/lib/python3/dist-packages/kuka_msgs/msg/_TrackJointResult.py, /home/fu/workspaces/knob_kuka_ws/devel/lib/python3/dist-packages/kuka_msgs/msg/_TrackJointResult.py)
Linked: (/home/fu/workspaces/knob_kuka_ws/devel/.private/kuka_msgs/lib/python3/dist-packages/kuka_msgs/msg/_TrackCartesianFeedback.py, /home/fu/workspaces/knob_kuka_ws/devel/lib/python3/dist-packages/kuka_msgs/msg/_TrackCartesianFeedback.py)
Linked: (/home/fu/workspaces/knob_kuka_ws/devel/.private/kuka_msgs/lib/python3/dist-packages/kuka_msgs/msg/_TrackJointFeedback.py, /home/fu/workspaces/knob_kuka_ws/devel/lib/python3/dist-packages/kuka_msgs/msg/_TrackJointFeedback.py)
Linked: (/home/fu/workspaces/knob_kuka_ws/devel/.private/kuka_msgs/lib/python3/dist-packages/kuka_msgs/msg/_TrackCartesianGoal.py, /home/fu/workspaces/knob_kuka_ws/devel/lib/python3/dist-packages/kuka_msgs/msg/_TrackCartesianGoal.py)
Linked: (/home/fu/workspaces/knob_kuka_ws/devel/.private/kuka_msgs/lib/python3/dist-packages/kuka_msgs/msg/_MoveToJointResult.py, /home/fu/workspaces/knob_kuka_ws/devel/lib/python3/dist-packages/kuka_msgs/msg/_MoveToJointResult.py)
Linked: (/home/fu/workspaces/knob_kuka_ws/devel/.private/kuka_msgs/lib/python3/dist-packages/kuka_msgs/msg/_TrackCartesianActionFeedback.py, /home/fu/workspaces/knob_kuka_ws/devel/lib/python3/dist-packages/kuka_msgs/msg/_TrackCartesianActionFeedback.py)
Linked: (/home/fu/workspaces/knob_kuka_ws/devel/.private/kuka_msgs/lib/python3/dist-packages/kuka_msgs/msg/_TrackJointActionGoal.py, /home/fu/workspaces/knob_kuka_ws/devel/lib/python3/dist-packages/kuka_msgs/msg/_TrackJointActionGoal.py)
Linked: (/home/fu/workspaces/knob_kuka_ws/devel/.private/kuka_msgs/lib/python3/dist-packages/kuka_msgs/msg/_TrackJointActionResult.py, /home/fu/workspaces/knob_kuka_ws/devel/lib/python3/dist-packages/kuka_msgs/msg/_TrackJointActionResult.py)
Linked: (/home/fu/workspaces/knob_kuka_ws/devel/.private/kuka_msgs/lib/python3/dist-packages/kuka_msgs/msg/_TrackCartesianResult.py, /home/fu/workspaces/knob_kuka_ws/devel/lib/python3/dist-packages/kuka_msgs/msg/_TrackCartesianResult.py)
Linked: (/home/fu/workspaces/knob_kuka_ws/devel/.private/kuka_msgs/lib/python3/dist-packages/kuka_msgs/msg/_TrackJointActionFeedback.py, /home/fu/workspaces/knob_kuka_ws/devel/lib/python3/dist-packages/kuka_msgs/msg/_TrackJointActionFeedback.py)
Linked: (/home/fu/workspaces/knob_kuka_ws/devel/.private/kuka_msgs/lib/python3/dist-packages/kuka_msgs/msg/_MoveToCartesianActionFeedback.py, /home/fu/workspaces/knob_kuka_ws/devel/lib/python3/dist-packages/kuka_msgs/msg/_MoveToCartesianActionFeedback.py)
Linked: (/home/fu/workspaces/knob_kuka_ws/devel/.private/kuka_msgs/lib/python3/dist-packages/kuka_msgs/msg/_MoveToJointAction.py, /home/fu/workspaces/knob_kuka_ws/devel/lib/python3/dist-packages/kuka_msgs/msg/_MoveToJointAction.py)
Linked: (/home/fu/workspaces/knob_kuka_ws/devel/.private/kuka_msgs/lib/python3/dist-packages/kuka_msgs/msg/_MoveToCartesianActionResult.py, /home/fu/workspaces/knob_kuka_ws/devel/lib/python3/dist-packages/kuka_msgs/msg/_MoveToCartesianActionResult.py)
Linked: (/home/fu/workspaces/knob_kuka_ws/devel/.private/kuka_msgs/lib/python3/dist-packages/kuka_msgs/msg/_MoveToCartesianGoal.py, /home/fu/workspaces/knob_kuka_ws/devel/lib/python3/dist-packages/kuka_msgs/msg/_MoveToCartesianGoal.py)
Linked: (/home/fu/workspaces/knob_kuka_ws/devel/.private/kuka_msgs/lib/python3/dist-packages/kuka_msgs/msg/_TrackCartesianActionResult.py, /home/fu/workspaces/knob_kuka_ws/devel/lib/python3/dist-packages/kuka_msgs/msg/_TrackCartesianActionResult.py)
Linked: (/home/fu/workspaces/knob_kuka_ws/devel/.private/kuka_msgs/lib/python3/dist-packages/kuka_msgs/msg/_MoveToJointActionResult.py, /home/fu/workspaces/knob_kuka_ws/devel/lib/python3/dist-packages/kuka_msgs/msg/_MoveToJointActionResult.py)
Linked: (/home/fu/workspaces/knob_kuka_ws/devel/.private/kuka_msgs/lib/python3/dist-packages/kuka_msgs/msg/_MoveToCartesianActionGoal.py, /home/fu/workspaces/knob_kuka_ws/devel/lib/python3/dist-packages/kuka_msgs/msg/_MoveToCartesianActionGoal.py)
Linked: (/home/fu/workspaces/knob_kuka_ws/devel/.private/kuka_msgs/lib/python3/dist-packages/kuka_msgs/msg/_MoveToJointGoal.py, /home/fu/workspaces/knob_kuka_ws/devel/lib/python3/dist-packages/kuka_msgs/msg/_MoveToJointGoal.py)
Linked: (/home/fu/workspaces/knob_kuka_ws/devel/.private/kuka_msgs/lib/python3/dist-packages/kuka_msgs/msg/_TrackCartesianActionGoal.py, /home/fu/workspaces/knob_kuka_ws/devel/lib/python3/dist-packages/kuka_msgs/msg/_TrackCartesianActionGoal.py)
Linked: (/home/fu/workspaces/knob_kuka_ws/devel/.private/kuka_msgs/lib/python3/dist-packages/kuka_msgs/msg/_TrackJointGoal.py, /home/fu/workspaces/knob_kuka_ws/devel/lib/python3/dist-packages/kuka_msgs/msg/_TrackJointGoal.py)
Linked: (/home/fu/workspaces/knob_kuka_ws/devel/.private/kuka_msgs/lib/python3/dist-packages/kuka_msgs/msg/_MoveToCartesianFeedback.py, /home/fu/workspaces/knob_kuka_ws/devel/lib/python3/dist-packages/kuka_msgs/msg/_MoveToCartesianFeedback.py)
Linked: (/home/fu/workspaces/knob_kuka_ws/devel/.private/kuka_msgs/lib/python3/dist-packages/kuka_msgs/msg/__init__.py, /home/fu/workspaces/knob_kuka_ws/devel/lib/python3/dist-packages/kuka_msgs/msg/__init__.py)
Linked: (/home/fu/workspaces/knob_kuka_ws/devel/.private/kuka_msgs/lib/python3/dist-packages/kuka_msgs/msg/_TrackJointAction.py, /home/fu/workspaces/knob_kuka_ws/devel/lib/python3/dist-packages/kuka_msgs/msg/_TrackJointAction.py)
Linked: (/home/fu/workspaces/knob_kuka_ws/devel/.private/kuka_msgs/lib/python3/dist-packages/kuka_msgs/msg/_MoveToCartesianResult.py, /home/fu/workspaces/knob_kuka_ws/devel/lib/python3/dist-packages/kuka_msgs/msg/_MoveToCartesianResult.py)
Linked: (/home/fu/workspaces/knob_kuka_ws/devel/.private/kuka_msgs/lib/python3/dist-packages/kuka_msgs/msg/_MoveToJointFeedback.py, /home/fu/workspaces/knob_kuka_ws/devel/lib/python3/dist-packages/kuka_msgs/msg/_MoveToJointFeedback.py)
Linked: (/home/fu/workspaces/knob_kuka_ws/devel/.private/kuka_msgs/lib/python3/dist-packages/kuka_msgs/msg/_TrackCartesianAction.py, /home/fu/workspaces/knob_kuka_ws/devel/lib/python3/dist-packages/kuka_msgs/msg/_TrackCartesianAction.py)
Linked: (/home/fu/workspaces/knob_kuka_ws/devel/.private/kuka_msgs/include/kuka_msgs/MoveToJointResult.h, /home/fu/workspaces/knob_kuka_ws/devel/include/kuka_msgs/MoveToJointResult.h)
Linked: (/home/fu/workspaces/knob_kuka_ws/devel/.private/kuka_msgs/include/kuka_msgs/MoveToCartesianAction.h, /home/fu/workspaces/knob_kuka_ws/devel/include/kuka_msgs/MoveToCartesianAction.h)
Linked: (/home/fu/workspaces/knob_kuka_ws/devel/.private/kuka_msgs/include/kuka_msgs/MoveToCartesianFeedback.h, /home/fu/workspaces/knob_kuka_ws/devel/include/kuka_msgs/MoveToCartesianFeedback.h)
Linked: (/home/fu/workspaces/knob_kuka_ws/devel/.private/kuka_msgs/include/kuka_msgs/MoveToJointActionFeedback.h, /home/fu/workspaces/knob_kuka_ws/devel/include/kuka_msgs/MoveToJointActionFeedback.h)
Linked: (/home/fu/workspaces/knob_kuka_ws/devel/.private/kuka_msgs/include/kuka_msgs/TrackCartesianGoal.h, /home/fu/workspaces/knob_kuka_ws/devel/include/kuka_msgs/TrackCartesianGoal.h)
Linked: (/home/fu/workspaces/knob_kuka_ws/devel/.private/kuka_msgs/include/kuka_msgs/MoveToCartesianGoal.h, /home/fu/workspaces/knob_kuka_ws/devel/include/kuka_msgs/MoveToCartesianGoal.h)
Linked: (/home/fu/workspaces/knob_kuka_ws/devel/.private/kuka_msgs/include/kuka_msgs/MoveToCartesianResult.h, /home/fu/workspaces/knob_kuka_ws/devel/include/kuka_msgs/MoveToCartesianResult.h)
Linked: (/home/fu/workspaces/knob_kuka_ws/devel/.private/kuka_msgs/include/kuka_msgs/TrackJointGoal.h, /home/fu/workspaces/knob_kuka_ws/devel/include/kuka_msgs/TrackJointGoal.h)
Linked: (/home/fu/workspaces/knob_kuka_ws/devel/.private/kuka_msgs/include/kuka_msgs/MoveToJointActionResult.h, /home/fu/workspaces/knob_kuka_ws/devel/include/kuka_msgs/MoveToJointActionResult.h)
Linked: (/home/fu/workspaces/knob_kuka_ws/devel/.private/kuka_msgs/include/kuka_msgs/TrackJointActionFeedback.h, /home/fu/workspaces/knob_kuka_ws/devel/include/kuka_msgs/TrackJointActionFeedback.h)
Linked: (/home/fu/workspaces/knob_kuka_ws/devel/.private/kuka_msgs/include/kuka_msgs/MoveToCartesianActionResult.h, /home/fu/workspaces/knob_kuka_ws/devel/include/kuka_msgs/MoveToCartesianActionResult.h)
Linked: (/home/fu/workspaces/knob_kuka_ws/devel/.private/kuka_msgs/include/kuka_msgs/MoveToCartesianActionGoal.h, /home/fu/workspaces/knob_kuka_ws/devel/include/kuka_msgs/MoveToCartesianActionGoal.h)
Linked: (/home/fu/workspaces/knob_kuka_ws/devel/.private/kuka_msgs/include/kuka_msgs/MoveToJointActionGoal.h, /home/fu/workspaces/knob_kuka_ws/devel/include/kuka_msgs/MoveToJointActionGoal.h)
Linked: (/home/fu/workspaces/knob_kuka_ws/devel/.private/kuka_msgs/include/kuka_msgs/TrackCartesianActionResult.h, /home/fu/workspaces/knob_kuka_ws/devel/include/kuka_msgs/TrackCartesianActionResult.h)
Linked: (/home/fu/workspaces/knob_kuka_ws/devel/.private/kuka_msgs/include/kuka_msgs/TrackJointActionResult.h, /home/fu/workspaces/knob_kuka_ws/devel/include/kuka_msgs/TrackJointActionResult.h)
Linked: (/home/fu/workspaces/knob_kuka_ws/devel/.private/kuka_msgs/include/kuka_msgs/TrackJointActionGoal.h, /home/fu/workspaces/knob_kuka_ws/devel/include/kuka_msgs/TrackJointActionGoal.h)
Linked: (/home/fu/workspaces/knob_kuka_ws/devel/.private/kuka_msgs/include/kuka_msgs/TrackCartesianActionFeedback.h, /home/fu/workspaces/knob_kuka_ws/devel/include/kuka_msgs/TrackCartesianActionFeedback.h)
Linked: (/home/fu/workspaces/knob_kuka_ws/devel/.private/kuka_msgs/include/kuka_msgs/TrackJointFeedback.h, /home/fu/workspaces/knob_kuka_ws/devel/include/kuka_msgs/TrackJointFeedback.h)
Linked: (/home/fu/workspaces/knob_kuka_ws/devel/.private/kuka_msgs/include/kuka_msgs/TrackCartesianFeedback.h, /home/fu/workspaces/knob_kuka_ws/devel/include/kuka_msgs/TrackCartesianFeedback.h)
Linked: (/home/fu/workspaces/knob_kuka_ws/devel/.private/kuka_msgs/include/kuka_msgs/MoveToCartesianActionFeedback.h, /home/fu/workspaces/knob_kuka_ws/devel/include/kuka_msgs/MoveToCartesianActionFeedback.h)
Linked: (/home/fu/workspaces/knob_kuka_ws/devel/.private/kuka_msgs/include/kuka_msgs/TrackCartesianActionGoal.h, /home/fu/workspaces/knob_kuka_ws/devel/include/kuka_msgs/TrackCartesianActionGoal.h)
Linked: (/home/fu/workspaces/knob_kuka_ws/devel/.private/kuka_msgs/include/kuka_msgs/MoveToJointAction.h, /home/fu/workspaces/knob_kuka_ws/devel/include/kuka_msgs/MoveToJointAction.h)
Linked: (/home/fu/workspaces/knob_kuka_ws/devel/.private/kuka_msgs/include/kuka_msgs/MoveToJointFeedback.h, /home/fu/workspaces/knob_kuka_ws/devel/include/kuka_msgs/MoveToJointFeedback.h)
Linked: (/home/fu/workspaces/knob_kuka_ws/devel/.private/kuka_msgs/include/kuka_msgs/TrackJointAction.h, /home/fu/workspaces/knob_kuka_ws/devel/include/kuka_msgs/TrackJointAction.h)
Linked: (/home/fu/workspaces/knob_kuka_ws/devel/.private/kuka_msgs/include/kuka_msgs/TrackCartesianAction.h, /home/fu/workspaces/knob_kuka_ws/devel/include/kuka_msgs/TrackCartesianAction.h)
Linked: (/home/fu/workspaces/knob_kuka_ws/devel/.private/kuka_msgs/include/kuka_msgs/TrackCartesianResult.h, /home/fu/workspaces/knob_kuka_ws/devel/include/kuka_msgs/TrackCartesianResult.h)
Linked: (/home/fu/workspaces/knob_kuka_ws/devel/.private/kuka_msgs/include/kuka_msgs/TrackJointResult.h, /home/fu/workspaces/knob_kuka_ws/devel/include/kuka_msgs/TrackJointResult.h)
Linked: (/home/fu/workspaces/knob_kuka_ws/devel/.private/kuka_msgs/include/kuka_msgs/MoveToJointGoal.h, /home/fu/workspaces/knob_kuka_ws/devel/include/kuka_msgs/MoveToJointGoal.h)
