Linked: (/home/fu/workspaces/knob_kuka_ws/devel/.private/knob_robot_control/share/gennodejs/ros/knob_robot_control/_index.js, /home/fu/workspaces/knob_kuka_ws/devel/share/gennodejs/ros/knob_robot_control/_index.js)
Symlinking /home/fu/workspaces/knob_kuka_ws/devel/share/gennodejs/ros/knob_robot_control/msg/KnobCommand.js
Linked: (/home/fu/workspaces/knob_kuka_ws/devel/.private/knob_robot_control/share/gennodejs/ros/knob_robot_control/msg/_index.js, /home/fu/workspaces/knob_kuka_ws/devel/share/gennodejs/ros/knob_robot_control/msg/_index.js)
Linked: (/home/fu/workspaces/knob_kuka_ws/devel/.private/knob_robot_control/share/gennodejs/ros/knob_robot_control/msg/KnobState.js, /home/fu/workspaces/knob_kuka_ws/devel/share/gennodejs/ros/knob_robot_control/msg/KnobState.js)
Linked: (/home/fu/workspaces/knob_kuka_ws/devel/.private/knob_robot_control/share/roseus/ros/knob_robot_control/manifest.l, /home/fu/workspaces/knob_kuka_ws/devel/share/roseus/ros/knob_robot_control/manifest.l)
Linked: (/home/fu/workspaces/knob_kuka_ws/devel/.private/knob_robot_control/share/roseus/ros/knob_robot_control/msg/KnobState.l, /home/fu/workspaces/knob_kuka_ws/devel/share/roseus/ros/knob_robot_control/msg/KnobState.l)
Symlinking /home/fu/workspaces/knob_kuka_ws/devel/share/roseus/ros/knob_robot_control/msg/KnobCommand.l
Linked: (/home/fu/workspaces/knob_kuka_ws/devel/.private/knob_robot_control/share/common-lisp/ros/knob_robot_control/msg/_package.lisp, /home/fu/workspaces/knob_kuka_ws/devel/share/common-lisp/ros/knob_robot_control/msg/_package.lisp)
Linked: (/home/fu/workspaces/knob_kuka_ws/devel/.private/knob_robot_control/share/common-lisp/ros/knob_robot_control/msg/_package_KnobState.lisp, /home/fu/workspaces/knob_kuka_ws/devel/share/common-lisp/ros/knob_robot_control/msg/_package_KnobState.lisp)
Symlinking /home/fu/workspaces/knob_kuka_ws/devel/share/common-lisp/ros/knob_robot_control/msg/_package_KnobCommand.lisp
Linked: (/home/fu/workspaces/knob_kuka_ws/devel/.private/knob_robot_control/share/common-lisp/ros/knob_robot_control/msg/knob_robot_control-msg.asd, /home/fu/workspaces/knob_kuka_ws/devel/share/common-lisp/ros/knob_robot_control/msg/knob_robot_control-msg.asd)
Symlinking /home/fu/workspaces/knob_kuka_ws/devel/share/common-lisp/ros/knob_robot_control/msg/KnobCommand.lisp
Linked: (/home/fu/workspaces/knob_kuka_ws/devel/.private/knob_robot_control/share/common-lisp/ros/knob_robot_control/msg/KnobState.lisp, /home/fu/workspaces/knob_kuka_ws/devel/share/common-lisp/ros/knob_robot_control/msg/KnobState.lisp)
Linked: (/home/fu/workspaces/knob_kuka_ws/devel/.private/knob_robot_control/share/knob_robot_control/cmake/knob_robot_control-msg-paths.cmake, /home/fu/workspaces/knob_kuka_ws/devel/share/knob_robot_control/cmake/knob_robot_control-msg-paths.cmake)
Linked: (/home/fu/workspaces/knob_kuka_ws/devel/.private/knob_robot_control/share/knob_robot_control/cmake/knob_robot_control-msg-extras.cmake, /home/fu/workspaces/knob_kuka_ws/devel/share/knob_robot_control/cmake/knob_robot_control-msg-extras.cmake)
Linked: (/home/fu/workspaces/knob_kuka_ws/devel/.private/knob_robot_control/share/knob_robot_control/cmake/knob_robot_controlConfig.cmake, /home/fu/workspaces/knob_kuka_ws/devel/share/knob_robot_control/cmake/knob_robot_controlConfig.cmake)
Linked: (/home/fu/workspaces/knob_kuka_ws/devel/.private/knob_robot_control/share/knob_robot_control/cmake/knob_robot_controlConfig-version.cmake, /home/fu/workspaces/knob_kuka_ws/devel/share/knob_robot_control/cmake/knob_robot_controlConfig-version.cmake)
Linked: (/home/fu/workspaces/knob_kuka_ws/devel/.private/knob_robot_control/lib/pkgconfig/knob_robot_control.pc, /home/fu/workspaces/knob_kuka_ws/devel/lib/pkgconfig/knob_robot_control.pc)
Linked: (/home/fu/workspaces/knob_kuka_ws/devel/.private/knob_robot_control/lib/python3/dist-packages/knob_robot_control/__init__.py, /home/fu/workspaces/knob_kuka_ws/devel/lib/python3/dist-packages/knob_robot_control/__init__.py)
Linked: (/home/fu/workspaces/knob_kuka_ws/devel/.private/knob_robot_control/lib/python3/dist-packages/knob_robot_control/msg/_KnobState.py, /home/fu/workspaces/knob_kuka_ws/devel/lib/python3/dist-packages/knob_robot_control/msg/_KnobState.py)
Symlinking /home/fu/workspaces/knob_kuka_ws/devel/lib/python3/dist-packages/knob_robot_control/msg/_KnobCommand.py
Linked: (/home/fu/workspaces/knob_kuka_ws/devel/.private/knob_robot_control/lib/python3/dist-packages/knob_robot_control/msg/__init__.py, /home/fu/workspaces/knob_kuka_ws/devel/lib/python3/dist-packages/knob_robot_control/msg/__init__.py)
Symlinking /home/fu/workspaces/knob_kuka_ws/devel/include/knob_robot_control/KnobCommand.h
Linked: (/home/fu/workspaces/knob_kuka_ws/devel/.private/knob_robot_control/include/knob_robot_control/KnobState.h, /home/fu/workspaces/knob_kuka_ws/devel/include/knob_robot_control/KnobState.h)
