Symlinking /home/fu/workspaces/knob_kuka_ws/devel/share/gennodejs/ros/knob_robot_control/_index.js
Symlinking /home/fu/workspaces/knob_kuka_ws/devel/share/gennodejs/ros/knob_robot_control/msg/KnobCommand.js
Symlinking /home/fu/workspaces/knob_kuka_ws/devel/share/gennodejs/ros/knob_robot_control/msg/_index.js
Symlinking /home/fu/workspaces/knob_kuka_ws/devel/share/gennodejs/ros/knob_robot_control/msg/KnobState.js
Symlinking /home/fu/workspaces/knob_kuka_ws/devel/share/roseus/ros/knob_robot_control/manifest.l
Symlinking /home/fu/workspaces/knob_kuka_ws/devel/share/roseus/ros/knob_robot_control/msg/KnobState.l
Symlinking /home/fu/workspaces/knob_kuka_ws/devel/share/roseus/ros/knob_robot_control/msg/KnobCommand.l
Symlinking /home/fu/workspaces/knob_kuka_ws/devel/share/common-lisp/ros/knob_robot_control/msg/_package.lisp
Symlinking /home/fu/workspaces/knob_kuka_ws/devel/share/common-lisp/ros/knob_robot_control/msg/_package_KnobState.lisp
Symlinking /home/fu/workspaces/knob_kuka_ws/devel/share/common-lisp/ros/knob_robot_control/msg/_package_KnobCommand.lisp
Symlinking /home/fu/workspaces/knob_kuka_ws/devel/share/common-lisp/ros/knob_robot_control/msg/knob_robot_control-msg.asd
Symlinking /home/fu/workspaces/knob_kuka_ws/devel/share/common-lisp/ros/knob_robot_control/msg/KnobCommand.lisp
Symlinking /home/fu/workspaces/knob_kuka_ws/devel/share/common-lisp/ros/knob_robot_control/msg/KnobState.lisp
Symlinking /home/fu/workspaces/knob_kuka_ws/devel/share/knob_robot_control/cmake/knob_robot_control-msg-paths.cmake
Symlinking /home/fu/workspaces/knob_kuka_ws/devel/share/knob_robot_control/cmake/knob_robot_control-msg-extras.cmake
Symlinking /home/fu/workspaces/knob_kuka_ws/devel/share/knob_robot_control/cmake/knob_robot_controlConfig.cmake
Symlinking /home/fu/workspaces/knob_kuka_ws/devel/share/knob_robot_control/cmake/knob_robot_controlConfig-version.cmake
Symlinking /home/fu/workspaces/knob_kuka_ws/devel/lib/pkgconfig/knob_robot_control.pc
Symlinking /home/fu/workspaces/knob_kuka_ws/devel/lib/python3/dist-packages/knob_robot_control/__init__.py
Symlinking /home/fu/workspaces/knob_kuka_ws/devel/lib/python3/dist-packages/knob_robot_control/msg/_KnobState.py
Symlinking /home/fu/workspaces/knob_kuka_ws/devel/lib/python3/dist-packages/knob_robot_control/msg/_KnobCommand.py
Symlinking /home/fu/workspaces/knob_kuka_ws/devel/lib/python3/dist-packages/knob_robot_control/msg/__init__.py
Symlinking /home/fu/workspaces/knob_kuka_ws/devel/include/knob_robot_control/KnobCommand.h
Symlinking /home/fu/workspaces/knob_kuka_ws/devel/include/knob_robot_control/KnobState.h
