[35m[1mScanning dependencies of target _knob_robot_control_generate_messages_check_deps_KnobCommand[0m
[  0%] Built target _knob_robot_control_generate_messages_check_deps_KnobCommand
[35m[1mScanning dependencies of target std_msgs_generate_messages_lisp[0m
[  0%] Built target std_msgs_generate_messages_lisp
[35m[1mScanning dependencies of target _knob_robot_control_generate_messages_check_deps_KnobState[0m
[  0%] Built target _knob_robot_control_generate_messages_check_deps_KnobState
[35m[1mScanning dependencies of target std_msgs_generate_messages_py[0m
[  0%] Built target std_msgs_generate_messages_py
[35m[1mScanning dependencies of target std_msgs_generate_messages_nodejs[0m
[  0%] Built target std_msgs_generate_messages_nodejs
[35m[1mScanning dependencies of target std_msgs_generate_messages_eus[0m
[  0%] Built target std_msgs_generate_messages_eus
[35m[1mScanning dependencies of target std_msgs_generate_messages_cpp[0m
[  0%] Built target std_msgs_generate_messages_cpp
[35m[1mScanning dependencies of target knob_robot_control_generate_messages_lisp[0m
[  8%] [34m[1mGenerating Lisp code from knob_robot_control/KnobState.msg[0m
[ 16%] [34m[1mGenerating Lisp code from knob_robot_control/KnobCommand.msg[0m
[ 16%] Built target knob_robot_control_generate_messages_lisp
[35m[1mScanning dependencies of target knob_robot_control_generate_messages_py[0m
[ 25%] [34m[1mGenerating Python from MSG knob_robot_control/KnobState[0m
[ 33%] [34m[1mGenerating Python from MSG knob_robot_control/KnobCommand[0m
[35m[1mScanning dependencies of target knob_robot_control_generate_messages_nodejs[0m
[ 41%] [34m[1mGenerating Javascript code from knob_robot_control/KnobState.msg[0m
[ 50%] [34m[1mGenerating Javascript code from knob_robot_control/KnobCommand.msg[0m
[ 58%] [34m[1mGenerating Python msg __init__.py for knob_robot_control[0m
[ 58%] Built target knob_robot_control_generate_messages_nodejs
[35m[1mScanning dependencies of target knob_robot_control_generate_messages_eus[0m
[ 66%] [34m[1mGenerating EusLisp code from knob_robot_control/KnobState.msg[0m
[35m[1mScanning dependencies of target knob_robot_control_generate_messages_cpp[0m
[ 75%] [34m[1mGenerating C++ code from knob_robot_control/KnobState.msg[0m
[ 83%] [34m[1mGenerating EusLisp code from knob_robot_control/KnobCommand.msg[0m
[ 91%] [34m[1mGenerating EusLisp manifest code for knob_robot_control[0m
[ 91%] Built target knob_robot_control_generate_messages_py
[100%] [34m[1mGenerating C++ code from knob_robot_control/KnobCommand.msg[0m
[100%] Built target knob_robot_control_generate_messages_cpp
[100%] Built target knob_robot_control_generate_messages_eus
[35m[1mScanning dependencies of target knob_robot_control_generate_messages[0m
[100%] Built target knob_robot_control_generate_messages
