Symlinking /home/fu/workspaces/knob_kuka_ws/devel/share/robot_control_constraint_srvs/cmake/robot_control_constraint_srvsConfig-version.cmake
Symlinking /home/fu/workspaces/knob_kuka_ws/devel/share/robot_control_constraint_srvs/cmake/robot_control_constraint_srvs-msg-paths.cmake
Symlinking /home/fu/workspaces/knob_kuka_ws/devel/share/robot_control_constraint_srvs/cmake/robot_control_constraint_srvsConfig.cmake
Symlinking /home/fu/workspaces/knob_kuka_ws/devel/share/robot_control_constraint_srvs/cmake/robot_control_constraint_srvs-msg-extras.cmake
Symlinking /home/fu/workspaces/knob_kuka_ws/devel/share/gennodejs/ros/robot_control_constraint_srvs/_index.js
Symlinking /home/fu/workspaces/knob_kuka_ws/devel/share/gennodejs/ros/robot_control_constraint_srvs/srv/ExecuteTask.js
Symlinking /home/fu/workspaces/knob_kuka_ws/devel/share/gennodejs/ros/robot_control_constraint_srvs/srv/SolveImageConstraints.js
Symlinking /home/fu/workspaces/knob_kuka_ws/devel/share/gennodejs/ros/robot_control_constraint_srvs/srv/SolveConstraintsNullspace.js
Symlinking /home/fu/workspaces/knob_kuka_ws/devel/share/gennodejs/ros/robot_control_constraint_srvs/srv/_index.js
Symlinking /home/fu/workspaces/knob_kuka_ws/devel/share/gennodejs/ros/robot_control_constraint_srvs/srv/SolveConstraints.js
Symlinking /home/fu/workspaces/knob_kuka_ws/devel/share/roseus/ros/robot_control_constraint_srvs/manifest.l
Symlinking /home/fu/workspaces/knob_kuka_ws/devel/share/roseus/ros/robot_control_constraint_srvs/srv/SolveConstraintsNullspace.l
Symlinking /home/fu/workspaces/knob_kuka_ws/devel/share/roseus/ros/robot_control_constraint_srvs/srv/ExecuteTask.l
Symlinking /home/fu/workspaces/knob_kuka_ws/devel/share/roseus/ros/robot_control_constraint_srvs/srv/SolveImageConstraints.l
Symlinking /home/fu/workspaces/knob_kuka_ws/devel/share/roseus/ros/robot_control_constraint_srvs/srv/SolveConstraints.l
Symlinking /home/fu/workspaces/knob_kuka_ws/devel/share/common-lisp/ros/robot_control_constraint_srvs/srv/_package.lisp
Symlinking /home/fu/workspaces/knob_kuka_ws/devel/share/common-lisp/ros/robot_control_constraint_srvs/srv/_package_SolveImageConstraints.lisp
Symlinking /home/fu/workspaces/knob_kuka_ws/devel/share/common-lisp/ros/robot_control_constraint_srvs/srv/SolveConstraints.lisp
Symlinking /home/fu/workspaces/knob_kuka_ws/devel/share/common-lisp/ros/robot_control_constraint_srvs/srv/ExecuteTask.lisp
Symlinking /home/fu/workspaces/knob_kuka_ws/devel/share/common-lisp/ros/robot_control_constraint_srvs/srv/_package_ExecuteTask.lisp
Symlinking /home/fu/workspaces/knob_kuka_ws/devel/share/common-lisp/ros/robot_control_constraint_srvs/srv/robot_control_constraint_srvs-srv.asd
Symlinking /home/fu/workspaces/knob_kuka_ws/devel/share/common-lisp/ros/robot_control_constraint_srvs/srv/_package_SolveConstraints.lisp
Symlinking /home/fu/workspaces/knob_kuka_ws/devel/share/common-lisp/ros/robot_control_constraint_srvs/srv/_package_SolveConstraintsNullspace.lisp
Symlinking /home/fu/workspaces/knob_kuka_ws/devel/share/common-lisp/ros/robot_control_constraint_srvs/srv/SolveImageConstraints.lisp
Symlinking /home/fu/workspaces/knob_kuka_ws/devel/share/common-lisp/ros/robot_control_constraint_srvs/srv/SolveConstraintsNullspace.lisp
Symlinking /home/fu/workspaces/knob_kuka_ws/devel/lib/pkgconfig/robot_control_constraint_srvs.pc
Symlinking /home/fu/workspaces/knob_kuka_ws/devel/lib/python3/dist-packages/robot_control_constraint_srvs/__init__.py
Symlinking /home/fu/workspaces/knob_kuka_ws/devel/lib/python3/dist-packages/robot_control_constraint_srvs/srv/_ExecuteTask.py
Symlinking /home/fu/workspaces/knob_kuka_ws/devel/lib/python3/dist-packages/robot_control_constraint_srvs/srv/_SolveConstraints.py
Symlinking /home/fu/workspaces/knob_kuka_ws/devel/lib/python3/dist-packages/robot_control_constraint_srvs/srv/_SolveImageConstraints.py
Symlinking /home/fu/workspaces/knob_kuka_ws/devel/lib/python3/dist-packages/robot_control_constraint_srvs/srv/__init__.py
Symlinking /home/fu/workspaces/knob_kuka_ws/devel/lib/python3/dist-packages/robot_control_constraint_srvs/srv/_SolveConstraintsNullspace.py
Symlinking /home/fu/workspaces/knob_kuka_ws/devel/include/robot_control_constraint_srvs/SolveConstraintsNullspaceResponse.h
Symlinking /home/fu/workspaces/knob_kuka_ws/devel/include/robot_control_constraint_srvs/ExecuteTask.h
Symlinking /home/fu/workspaces/knob_kuka_ws/devel/include/robot_control_constraint_srvs/ExecuteTaskResponse.h
Symlinking /home/fu/workspaces/knob_kuka_ws/devel/include/robot_control_constraint_srvs/SolveConstraints.h
Symlinking /home/fu/workspaces/knob_kuka_ws/devel/include/robot_control_constraint_srvs/SolveImageConstraintsResponse.h
Symlinking /home/fu/workspaces/knob_kuka_ws/devel/include/robot_control_constraint_srvs/SolveImageConstraintsRequest.h
Symlinking /home/fu/workspaces/knob_kuka_ws/devel/include/robot_control_constraint_srvs/ExecuteTaskRequest.h
Symlinking /home/fu/workspaces/knob_kuka_ws/devel/include/robot_control_constraint_srvs/SolveConstraintsResponse.h
Symlinking /home/fu/workspaces/knob_kuka_ws/devel/include/robot_control_constraint_srvs/SolveConstraintsNullspace.h
Symlinking /home/fu/workspaces/knob_kuka_ws/devel/include/robot_control_constraint_srvs/SolveImageConstraints.h
Symlinking /home/fu/workspaces/knob_kuka_ws/devel/include/robot_control_constraint_srvs/SolveConstraintsRequest.h
Symlinking /home/fu/workspaces/knob_kuka_ws/devel/include/robot_control_constraint_srvs/SolveConstraintsNullspaceRequest.h
