[35m[1mScanning dependencies of target _robot_control_constraint_srvs_generate_messages_check_deps_SolveConstraintsNullspace[0m
[35m[1mScanning dependencies of target robot_control_constraint_msgs_generate_messages_py[0m
[35m[1mScanning dependencies of target std_msgs_generate_messages_py[0m
[35m[1mScanning dependencies of target _robot_control_constraint_srvs_generate_messages_check_deps_SolveConstraints[0m
[35m[1mScanning dependencies of target _robot_control_constraint_srvs_generate_messages_check_deps_ExecuteTask[0m
[35m[1mScanning dependencies of target _robot_control_constraint_srvs_generate_messages_check_deps_SolveImageConstraints[0m
[35m[1mScanning dependencies of target geometry_msgs_generate_messages_py[0m
[35m[1mScanning dependencies of target robot_msgs_generate_messages_py[0m
[  0%] Built target robot_control_constraint_msgs_generate_messages_py
[  0%] Built target geometry_msgs_generate_messages_py
[  0%] Built target std_msgs_generate_messages_py
[  0%] Built target robot_msgs_generate_messages_py
[35m[1mScanning dependencies of target std_msgs_generate_messages_nodejs[0m
[35m[1mScanning dependencies of target robot_control_constraint_msgs_generate_messages_nodejs[0m
[35m[1mScanning dependencies of target robot_msgs_generate_messages_nodejs[0m
[35m[1mScanning dependencies of target geometry_msgs_generate_messages_nodejs[0m
[  0%] Built target _robot_control_constraint_srvs_generate_messages_check_deps_SolveConstraintsNullspace
[  0%] Built target _robot_control_constraint_srvs_generate_messages_check_deps_SolveImageConstraints
[  0%] Built target _robot_control_constraint_srvs_generate_messages_check_deps_SolveConstraints
[  0%] Built target robot_control_constraint_msgs_generate_messages_nodejs
[  0%] Built target _robot_control_constraint_srvs_generate_messages_check_deps_ExecuteTask
[  0%] Built target std_msgs_generate_messages_nodejs
[  0%] Built target robot_msgs_generate_messages_nodejs
[35m[1mScanning dependencies of target std_msgs_generate_messages_lisp[0m
[35m[1mScanning dependencies of target robot_control_constraint_msgs_generate_messages_lisp[0m
[  0%] Built target geometry_msgs_generate_messages_nodejs
[35m[1mScanning dependencies of target geometry_msgs_generate_messages_lisp[0m
[35m[1mScanning dependencies of target std_msgs_generate_messages_cpp[0m
[35m[1mScanning dependencies of target robot_msgs_generate_messages_lisp[0m
[  0%] Built target std_msgs_generate_messages_lisp
[  0%] Built target robot_control_constraint_msgs_generate_messages_lisp
[35m[1mScanning dependencies of target robot_control_constraint_msgs_generate_messages_cpp[0m
[35m[1mScanning dependencies of target robot_msgs_generate_messages_cpp[0m
[35m[1mScanning dependencies of target geometry_msgs_generate_messages_cpp[0m
[  0%] Built target robot_msgs_generate_messages_lisp
[  0%] Built target std_msgs_generate_messages_cpp
[  0%] Built target geometry_msgs_generate_messages_lisp
[35m[1mScanning dependencies of target std_msgs_generate_messages_eus[0m
[  0%] Built target robot_control_constraint_msgs_generate_messages_cpp
[35m[1mScanning dependencies of target robot_control_constraint_msgs_generate_messages_eus[0m
[  0%] Built target geometry_msgs_generate_messages_cpp
[35m[1mScanning dependencies of target robot_msgs_generate_messages_eus[0m
[  0%] Built target robot_msgs_generate_messages_cpp
[  0%] Built target robot_control_constraint_msgs_generate_messages_eus
[35m[1mScanning dependencies of target robot_control_constraint_srvs_generate_messages_py[0m
[35m[1mScanning dependencies of target robot_control_constraint_srvs_generate_messages_lisp[0m
[  0%] Built target std_msgs_generate_messages_eus
[35m[1mScanning dependencies of target geometry_msgs_generate_messages_eus[0m
[  0%] Built target robot_msgs_generate_messages_eus
[35m[1mScanning dependencies of target robot_control_constraint_srvs_generate_messages_nodejs[0m
[  4%] [34m[1mGenerating Lisp code from robot_control_constraint_srvs/ExecuteTask.srv[0m
[  9%] [34m[1mGenerating Python code from SRV robot_control_constraint_srvs/SolveConstraintsNullspace[0m
[ 13%] [34m[1mGenerating Python code from SRV robot_control_constraint_srvs/ExecuteTask[0m
[35m[1mScanning dependencies of target robot_control_constraint_srvs_generate_messages_cpp[0m
[ 18%] [34m[1mGenerating Python code from SRV robot_control_constraint_srvs/SolveConstraints[0m
[ 22%] [34m[1mGenerating Python code from SRV robot_control_constraint_srvs/SolveImageConstraints[0m
[ 27%] [34m[1mGenerating Javascript code from robot_control_constraint_srvs/ExecuteTask.srv[0m
[ 27%] Built target geometry_msgs_generate_messages_eus
[ 31%] [34m[1mGenerating Lisp code from robot_control_constraint_srvs/SolveConstraints.srv[0m
[ 36%] [34m[1mGenerating C++ code from robot_control_constraint_srvs/ExecuteTask.srv[0m
[ 45%] [34m[1mGenerating Javascript code from robot_control_constraint_srvs/SolveConstraints.srv[0m
[ 45%] [34m[1mGenerating Lisp code from robot_control_constraint_srvs/SolveConstraintsNullspace.srv[0m
[ 50%] [34m[1mGenerating Lisp code from robot_control_constraint_srvs/SolveImageConstraints.srv[0m
[ 54%] [34m[1mGenerating Javascript code from robot_control_constraint_srvs/SolveConstraintsNullspace.srv[0m
[ 59%] [34m[1mGenerating Javascript code from robot_control_constraint_srvs/SolveImageConstraints.srv[0m
[ 59%] Built target robot_control_constraint_srvs_generate_messages_lisp
[35m[1mScanning dependencies of target robot_control_constraint_srvs_generate_messages_eus[0m
[ 63%] [34m[1mGenerating EusLisp code from robot_control_constraint_srvs/ExecuteTask.srv[0m
[ 68%] [34m[1mGenerating C++ code from robot_control_constraint_srvs/SolveConstraintsNullspace.srv[0m
[ 72%] [34m[1mGenerating C++ code from robot_control_constraint_srvs/SolveConstraints.srv[0m
[ 77%] [34m[1mGenerating EusLisp code from robot_control_constraint_srvs/SolveConstraints.srv[0m
[ 77%] Built target robot_control_constraint_srvs_generate_messages_nodejs
[ 81%] [34m[1mGenerating C++ code from robot_control_constraint_srvs/SolveImageConstraints.srv[0m
[ 86%] [34m[1mGenerating EusLisp code from robot_control_constraint_srvs/SolveConstraintsNullspace.srv[0m
[ 90%] [34m[1mGenerating EusLisp code from robot_control_constraint_srvs/SolveImageConstraints.srv[0m
[ 95%] [34m[1mGenerating EusLisp manifest code for robot_control_constraint_srvs[0m
[100%] [34m[1mGenerating Python srv __init__.py for robot_control_constraint_srvs[0m
[100%] Built target robot_control_constraint_srvs_generate_messages_cpp
[100%] Built target robot_control_constraint_srvs_generate_messages_py
[100%] Built target robot_control_constraint_srvs_generate_messages_eus
[35m[1mScanning dependencies of target robot_control_constraint_srvs_generate_messages[0m
[100%] Built target robot_control_constraint_srvs_generate_messages
