Symlinking /home/fu/workspaces/knob_kuka_ws/devel/share/world_state_model_msgs/cmake/world_state_model_msgs-msg-extras.cmake
Symlinking /home/fu/workspaces/knob_kuka_ws/devel/share/world_state_model_msgs/cmake/world_state_model_msgsConfig.cmake
Symlinking /home/fu/workspaces/knob_kuka_ws/devel/share/world_state_model_msgs/cmake/world_state_model_msgs-msg-paths.cmake
Symlinking /home/fu/workspaces/knob_kuka_ws/devel/share/world_state_model_msgs/cmake/world_state_model_msgsConfig-version.cmake
Symlinking /home/fu/workspaces/knob_kuka_ws/devel/share/gennodejs/ros/world_state_model_msgs/_index.js
Symlinking /home/fu/workspaces/knob_kuka_ws/devel/share/gennodejs/ros/world_state_model_msgs/msg/Entity.js
Symlinking /home/fu/workspaces/knob_kuka_ws/devel/share/gennodejs/ros/world_state_model_msgs/msg/Entities.js
Symlinking /home/fu/workspaces/knob_kuka_ws/devel/share/gennodejs/ros/world_state_model_msgs/msg/_index.js
Symlinking /home/fu/workspaces/knob_kuka_ws/devel/share/roseus/ros/world_state_model_msgs/manifest.l
Symlinking /home/fu/workspaces/knob_kuka_ws/devel/share/roseus/ros/world_state_model_msgs/msg/Entity.l
Symlinking /home/fu/workspaces/knob_kuka_ws/devel/share/roseus/ros/world_state_model_msgs/msg/Entities.l
Symlinking /home/fu/workspaces/knob_kuka_ws/devel/share/common-lisp/ros/world_state_model_msgs/msg/_package.lisp
Symlinking /home/fu/workspaces/knob_kuka_ws/devel/share/common-lisp/ros/world_state_model_msgs/msg/Entity.lisp
Symlinking /home/fu/workspaces/knob_kuka_ws/devel/share/common-lisp/ros/world_state_model_msgs/msg/_package_Entities.lisp
Symlinking /home/fu/workspaces/knob_kuka_ws/devel/share/common-lisp/ros/world_state_model_msgs/msg/_package_Entity.lisp
Symlinking /home/fu/workspaces/knob_kuka_ws/devel/share/common-lisp/ros/world_state_model_msgs/msg/world_state_model_msgs-msg.asd
Symlinking /home/fu/workspaces/knob_kuka_ws/devel/share/common-lisp/ros/world_state_model_msgs/msg/Entities.lisp
Symlinking /home/fu/workspaces/knob_kuka_ws/devel/lib/pkgconfig/world_state_model_msgs.pc
Symlinking /home/fu/workspaces/knob_kuka_ws/devel/lib/python3/dist-packages/world_state_model_msgs/__init__.py
Symlinking /home/fu/workspaces/knob_kuka_ws/devel/lib/python3/dist-packages/world_state_model_msgs/msg/_Entities.py
Symlinking /home/fu/workspaces/knob_kuka_ws/devel/lib/python3/dist-packages/world_state_model_msgs/msg/_Entity.py
Symlinking /home/fu/workspaces/knob_kuka_ws/devel/lib/python3/dist-packages/world_state_model_msgs/msg/__init__.py
Symlinking /home/fu/workspaces/knob_kuka_ws/devel/include/world_state_model_msgs/Entity.h
Symlinking /home/fu/workspaces/knob_kuka_ws/devel/include/world_state_model_msgs/Entities.h
