[35m[1mScanning dependencies of target _world_state_model_msgs_generate_messages_check_deps_Entities[0m
[35m[1mScanning dependencies of target std_msgs_generate_messages_lisp[0m
[35m[1mScanning dependencies of target geometry_msgs_generate_messages_py[0m
[35m[1mScanning dependencies of target _world_state_model_msgs_generate_messages_check_deps_Entity[0m
[35m[1mScanning dependencies of target std_msgs_generate_messages_py[0m
[35m[1mScanning dependencies of target geometry_msgs_generate_messages_lisp[0m
[35m[1mScanning dependencies of target std_msgs_generate_messages_nodejs[0m
[35m[1mScanning dependencies of target geometry_msgs_generate_messages_nodejs[0m
[  0%] Built target std_msgs_generate_messages_py
[  0%] Built target geometry_msgs_generate_messages_nodejs
[  0%] Built target geometry_msgs_generate_messages_lisp
[  0%] Built target std_msgs_generate_messages_lisp
[  0%] Built target geometry_msgs_generate_messages_py
[  0%] Built target std_msgs_generate_messages_nodejs
[35m[1mScanning dependencies of target std_msgs_generate_messages_cpp[0m
[35m[1mScanning dependencies of target geometry_msgs_generate_messages_cpp[0m
[35m[1mScanning dependencies of target std_msgs_generate_messages_eus[0m
[35m[1mScanning dependencies of target geometry_msgs_generate_messages_eus[0m
[  0%] Built target std_msgs_generate_messages_cpp
[  0%] Built target std_msgs_generate_messages_eus
[  0%] Built target geometry_msgs_generate_messages_cpp
[  0%] Built target _world_state_model_msgs_generate_messages_check_deps_Entities
[  0%] Built target geometry_msgs_generate_messages_eus
[  0%] Built target _world_state_model_msgs_generate_messages_check_deps_Entity
[35m[1mScanning dependencies of target world_state_model_msgs_generate_messages_cpp[0m
[35m[1mScanning dependencies of target world_state_model_msgs_generate_messages_py[0m
[35m[1mScanning dependencies of target world_state_model_msgs_generate_messages_lisp[0m
[35m[1mScanning dependencies of target world_state_model_msgs_generate_messages_nodejs[0m
[35m[1mScanning dependencies of target world_state_model_msgs_generate_messages_eus[0m
[  8%] [34m[1mGenerating C++ code from world_state_model_msgs/Entities.msg[0m
[ 16%] [34m[1mGenerating Python from MSG world_state_model_msgs/Entity[0m
[ 33%] [34m[1mGenerating Python from MSG world_state_model_msgs/Entities[0m
[ 41%] [34m[1mGenerating C++ code from world_state_model_msgs/Entity.msg[0m
[ 25%] [34m[1mGenerating Javascript code from world_state_model_msgs/Entity.msg[0m
[ 50%] [34m[1mGenerating Lisp code from world_state_model_msgs/Entity.msg[0m
[ 58%] [34m[1mGenerating Javascript code from world_state_model_msgs/Entities.msg[0m
[ 66%] [34m[1mGenerating EusLisp code from world_state_model_msgs/Entity.msg[0m
[ 75%] [34m[1mGenerating EusLisp code from world_state_model_msgs/Entities.msg[0m
[ 83%] [34m[1mGenerating Lisp code from world_state_model_msgs/Entities.msg[0m
[ 83%] Built target world_state_model_msgs_generate_messages_nodejs
[ 91%] [34m[1mGenerating EusLisp manifest code for world_state_model_msgs[0m
[ 91%] Built target world_state_model_msgs_generate_messages_lisp
[ 91%] Built target world_state_model_msgs_generate_messages_cpp
[100%] [34m[1mGenerating Python msg __init__.py for world_state_model_msgs[0m
[100%] Built target world_state_model_msgs_generate_messages_py
[100%] Built target world_state_model_msgs_generate_messages_eus
[35m[1mScanning dependencies of target world_state_model_msgs_generate_messages[0m
[100%] Built target world_state_model_msgs_generate_messages
