Symlinking /home/fu/workspaces/knob_kuka_ws/devel/share/gennodejs/ros/semantic_storage_interface_msgs/_index.js
Symlinking /home/fu/workspaces/knob_kuka_ws/devel/share/gennodejs/ros/semantic_storage_interface_msgs/msg/QueryLanguageType.js
Symlinking /home/fu/workspaces/knob_kuka_ws/devel/share/gennodejs/ros/semantic_storage_interface_msgs/msg/WorkCell.js
Symlinking /home/fu/workspaces/knob_kuka_ws/devel/share/gennodejs/ros/semantic_storage_interface_msgs/msg/RosFile.js
Symlinking /home/fu/workspaces/knob_kuka_ws/devel/share/gennodejs/ros/semantic_storage_interface_msgs/msg/_index.js
Symlinking /home/fu/workspaces/knob_kuka_ws/devel/share/roseus/ros/semantic_storage_interface_msgs/manifest.l
Symlinking /home/fu/workspaces/knob_kuka_ws/devel/share/roseus/ros/semantic_storage_interface_msgs/msg/RosFile.l
Symlinking /home/fu/workspaces/knob_kuka_ws/devel/share/roseus/ros/semantic_storage_interface_msgs/msg/WorkCell.l
Symlinking /home/fu/workspaces/knob_kuka_ws/devel/share/roseus/ros/semantic_storage_interface_msgs/msg/QueryLanguageType.l
Symlinking /home/fu/workspaces/knob_kuka_ws/devel/share/common-lisp/ros/semantic_storage_interface_msgs/msg/_package_WorkCell.lisp
Symlinking /home/fu/workspaces/knob_kuka_ws/devel/share/common-lisp/ros/semantic_storage_interface_msgs/msg/_package.lisp
Symlinking /home/fu/workspaces/knob_kuka_ws/devel/share/common-lisp/ros/semantic_storage_interface_msgs/msg/QueryLanguageType.lisp
Symlinking /home/fu/workspaces/knob_kuka_ws/devel/share/common-lisp/ros/semantic_storage_interface_msgs/msg/RosFile.lisp
Symlinking /home/fu/workspaces/knob_kuka_ws/devel/share/common-lisp/ros/semantic_storage_interface_msgs/msg/semantic_storage_interface_msgs-msg.asd
Symlinking /home/fu/workspaces/knob_kuka_ws/devel/share/common-lisp/ros/semantic_storage_interface_msgs/msg/_package_RosFile.lisp
Symlinking /home/fu/workspaces/knob_kuka_ws/devel/share/common-lisp/ros/semantic_storage_interface_msgs/msg/WorkCell.lisp
Symlinking /home/fu/workspaces/knob_kuka_ws/devel/share/common-lisp/ros/semantic_storage_interface_msgs/msg/_package_QueryLanguageType.lisp
Symlinking /home/fu/workspaces/knob_kuka_ws/devel/share/semantic_storage_interface_msgs/cmake/semantic_storage_interface_msgsConfig.cmake
Symlinking /home/fu/workspaces/knob_kuka_ws/devel/share/semantic_storage_interface_msgs/cmake/semantic_storage_interface_msgs-msg-extras.cmake
Symlinking /home/fu/workspaces/knob_kuka_ws/devel/share/semantic_storage_interface_msgs/cmake/semantic_storage_interface_msgsConfig-version.cmake
Symlinking /home/fu/workspaces/knob_kuka_ws/devel/share/semantic_storage_interface_msgs/cmake/semantic_storage_interface_msgs-msg-paths.cmake
Symlinking /home/fu/workspaces/knob_kuka_ws/devel/lib/pkgconfig/semantic_storage_interface_msgs.pc
Symlinking /home/fu/workspaces/knob_kuka_ws/devel/lib/python3/dist-packages/semantic_storage_interface_msgs/__init__.py
Symlinking /home/fu/workspaces/knob_kuka_ws/devel/lib/python3/dist-packages/semantic_storage_interface_msgs/msg/_WorkCell.py
Symlinking /home/fu/workspaces/knob_kuka_ws/devel/lib/python3/dist-packages/semantic_storage_interface_msgs/msg/_RosFile.py
Symlinking /home/fu/workspaces/knob_kuka_ws/devel/lib/python3/dist-packages/semantic_storage_interface_msgs/msg/__init__.py
Symlinking /home/fu/workspaces/knob_kuka_ws/devel/lib/python3/dist-packages/semantic_storage_interface_msgs/msg/_QueryLanguageType.py
Symlinking /home/fu/workspaces/knob_kuka_ws/devel/include/semantic_storage_interface_msgs/QueryLanguageType.h
Symlinking /home/fu/workspaces/knob_kuka_ws/devel/include/semantic_storage_interface_msgs/WorkCell.h
Symlinking /home/fu/workspaces/knob_kuka_ws/devel/include/semantic_storage_interface_msgs/RosFile.h
