Symlinking /home/fu/workspaces/knob_kuka_ws/devel/share/world_state_model_srvs/cmake/world_state_model_srvsConfig.cmake
Symlinking /home/fu/workspaces/knob_kuka_ws/devel/share/world_state_model_srvs/cmake/world_state_model_srvs-msg-paths.cmake
Symlinking /home/fu/workspaces/knob_kuka_ws/devel/share/world_state_model_srvs/cmake/world_state_model_srvs-msg-extras.cmake
Symlinking /home/fu/workspaces/knob_kuka_ws/devel/share/world_state_model_srvs/cmake/world_state_model_srvsConfig-version.cmake
Symlinking /home/fu/workspaces/knob_kuka_ws/devel/share/gennodejs/ros/world_state_model_srvs/_index.js
Symlinking /home/fu/workspaces/knob_kuka_ws/devel/share/gennodejs/ros/world_state_model_srvs/srv/AddObjectDetector.js
Symlinking /home/fu/workspaces/knob_kuka_ws/devel/share/gennodejs/ros/world_state_model_srvs/srv/Associate.js
Symlinking /home/fu/workspaces/knob_kuka_ws/devel/share/gennodejs/ros/world_state_model_srvs/srv/GetEntities.js
Symlinking /home/fu/workspaces/knob_kuka_ws/devel/share/gennodejs/ros/world_state_model_srvs/srv/Reset.js
Symlinking /home/fu/workspaces/knob_kuka_ws/devel/share/gennodejs/ros/world_state_model_srvs/srv/Disassociate.js
Symlinking /home/fu/workspaces/knob_kuka_ws/devel/share/gennodejs/ros/world_state_model_srvs/srv/GetEntity.js
Symlinking /home/fu/workspaces/knob_kuka_ws/devel/share/gennodejs/ros/world_state_model_srvs/srv/LoadWorkcell.js
Symlinking /home/fu/workspaces/knob_kuka_ws/devel/share/gennodejs/ros/world_state_model_srvs/srv/WaitForObjectDetectors.js
Symlinking /home/fu/workspaces/knob_kuka_ws/devel/share/gennodejs/ros/world_state_model_srvs/srv/AddEntity.js
Symlinking /home/fu/workspaces/knob_kuka_ws/devel/share/gennodejs/ros/world_state_model_srvs/srv/GetWorldState.js
Symlinking /home/fu/workspaces/knob_kuka_ws/devel/share/gennodejs/ros/world_state_model_srvs/srv/UpdateEntity.js
Symlinking /home/fu/workspaces/knob_kuka_ws/devel/share/gennodejs/ros/world_state_model_srvs/srv/RemoveEntity.js
Symlinking /home/fu/workspaces/knob_kuka_ws/devel/share/gennodejs/ros/world_state_model_srvs/srv/ClearObjectDetectors.js
Symlinking /home/fu/workspaces/knob_kuka_ws/devel/share/gennodejs/ros/world_state_model_srvs/srv/_index.js
Symlinking /home/fu/workspaces/knob_kuka_ws/devel/share/gennodejs/ros/world_state_model_srvs/srv/RemoveObjectDetector.js
Symlinking /home/fu/workspaces/knob_kuka_ws/devel/share/gennodejs/ros/world_state_model_srvs/srv/UpdateAssociationTransforms.js
Symlinking /home/fu/workspaces/knob_kuka_ws/devel/share/gennodejs/ros/world_state_model_srvs/srv/WaitForMessage.js
Symlinking /home/fu/workspaces/knob_kuka_ws/devel/share/gennodejs/ros/world_state_model_srvs/srv/ListEntities.js
Symlinking /home/fu/workspaces/knob_kuka_ws/devel/share/gennodejs/ros/world_state_model_srvs/srv/GetObjectDetectors.js
Symlinking /home/fu/workspaces/knob_kuka_ws/devel/share/roseus/ros/world_state_model_srvs/manifest.l
Symlinking /home/fu/workspaces/knob_kuka_ws/devel/share/roseus/ros/world_state_model_srvs/srv/UpdateEntity.l
Symlinking /home/fu/workspaces/knob_kuka_ws/devel/share/roseus/ros/world_state_model_srvs/srv/Disassociate.l
Symlinking /home/fu/workspaces/knob_kuka_ws/devel/share/roseus/ros/world_state_model_srvs/srv/UpdateAssociationTransforms.l
Symlinking /home/fu/workspaces/knob_kuka_ws/devel/share/roseus/ros/world_state_model_srvs/srv/GetObjectDetectors.l
Symlinking /home/fu/workspaces/knob_kuka_ws/devel/share/roseus/ros/world_state_model_srvs/srv/ListEntities.l
Symlinking /home/fu/workspaces/knob_kuka_ws/devel/share/roseus/ros/world_state_model_srvs/srv/ClearObjectDetectors.l
Symlinking /home/fu/workspaces/knob_kuka_ws/devel/share/roseus/ros/world_state_model_srvs/srv/AddObjectDetector.l
Symlinking /home/fu/workspaces/knob_kuka_ws/devel/share/roseus/ros/world_state_model_srvs/srv/AddEntity.l
Symlinking /home/fu/workspaces/knob_kuka_ws/devel/share/roseus/ros/world_state_model_srvs/srv/Associate.l
Symlinking /home/fu/workspaces/knob_kuka_ws/devel/share/roseus/ros/world_state_model_srvs/srv/RemoveEntity.l
Symlinking /home/fu/workspaces/knob_kuka_ws/devel/share/roseus/ros/world_state_model_srvs/srv/Reset.l
Symlinking /home/fu/workspaces/knob_kuka_ws/devel/share/roseus/ros/world_state_model_srvs/srv/LoadWorkcell.l
Symlinking /home/fu/workspaces/knob_kuka_ws/devel/share/roseus/ros/world_state_model_srvs/srv/GetEntities.l
Symlinking /home/fu/workspaces/knob_kuka_ws/devel/share/roseus/ros/world_state_model_srvs/srv/GetEntity.l
Symlinking /home/fu/workspaces/knob_kuka_ws/devel/share/roseus/ros/world_state_model_srvs/srv/GetWorldState.l
Symlinking /home/fu/workspaces/knob_kuka_ws/devel/share/roseus/ros/world_state_model_srvs/srv/WaitForMessage.l
Symlinking /home/fu/workspaces/knob_kuka_ws/devel/share/roseus/ros/world_state_model_srvs/srv/WaitForObjectDetectors.l
Symlinking /home/fu/workspaces/knob_kuka_ws/devel/share/roseus/ros/world_state_model_srvs/srv/RemoveObjectDetector.l
Symlinking /home/fu/workspaces/knob_kuka_ws/devel/share/common-lisp/ros/world_state_model_srvs/srv/_package.lisp
Symlinking /home/fu/workspaces/knob_kuka_ws/devel/share/common-lisp/ros/world_state_model_srvs/srv/world_state_model_srvs-srv.asd
Symlinking /home/fu/workspaces/knob_kuka_ws/devel/share/common-lisp/ros/world_state_model_srvs/srv/_package_ListEntities.lisp
Symlinking /home/fu/workspaces/knob_kuka_ws/devel/share/common-lisp/ros/world_state_model_srvs/srv/_package_GetObjectDetectors.lisp
Symlinking /home/fu/workspaces/knob_kuka_ws/devel/share/common-lisp/ros/world_state_model_srvs/srv/_package_Associate.lisp
Symlinking /home/fu/workspaces/knob_kuka_ws/devel/share/common-lisp/ros/world_state_model_srvs/srv/GetWorldState.lisp
Symlinking /home/fu/workspaces/knob_kuka_ws/devel/share/common-lisp/ros/world_state_model_srvs/srv/Reset.lisp
Symlinking /home/fu/workspaces/knob_kuka_ws/devel/share/common-lisp/ros/world_state_model_srvs/srv/_package_WaitForObjectDetectors.lisp
Symlinking /home/fu/workspaces/knob_kuka_ws/devel/share/common-lisp/ros/world_state_model_srvs/srv/_package_Disassociate.lisp
Symlinking /home/fu/workspaces/knob_kuka_ws/devel/share/common-lisp/ros/world_state_model_srvs/srv/RemoveEntity.lisp
Symlinking /home/fu/workspaces/knob_kuka_ws/devel/share/common-lisp/ros/world_state_model_srvs/srv/WaitForMessage.lisp
Symlinking /home/fu/workspaces/knob_kuka_ws/devel/share/common-lisp/ros/world_state_model_srvs/srv/_package_GetWorldState.lisp
Symlinking /home/fu/workspaces/knob_kuka_ws/devel/share/common-lisp/ros/world_state_model_srvs/srv/GetEntity.lisp
Symlinking /home/fu/workspaces/knob_kuka_ws/devel/share/common-lisp/ros/world_state_model_srvs/srv/_package_WaitForMessage.lisp
Symlinking /home/fu/workspaces/knob_kuka_ws/devel/share/common-lisp/ros/world_state_model_srvs/srv/_package_RemoveObjectDetector.lisp
Symlinking /home/fu/workspaces/knob_kuka_ws/devel/share/common-lisp/ros/world_state_model_srvs/srv/RemoveObjectDetector.lisp
Symlinking /home/fu/workspaces/knob_kuka_ws/devel/share/common-lisp/ros/world_state_model_srvs/srv/_package_UpdateEntity.lisp
Symlinking /home/fu/workspaces/knob_kuka_ws/devel/share/common-lisp/ros/world_state_model_srvs/srv/Disassociate.lisp
Symlinking /home/fu/workspaces/knob_kuka_ws/devel/share/common-lisp/ros/world_state_model_srvs/srv/_package_Reset.lisp
Symlinking /home/fu/workspaces/knob_kuka_ws/devel/share/common-lisp/ros/world_state_model_srvs/srv/_package_LoadWorkcell.lisp
Symlinking /home/fu/workspaces/knob_kuka_ws/devel/share/common-lisp/ros/world_state_model_srvs/srv/UpdateEntity.lisp
Symlinking /home/fu/workspaces/knob_kuka_ws/devel/share/common-lisp/ros/world_state_model_srvs/srv/ClearObjectDetectors.lisp
Symlinking /home/fu/workspaces/knob_kuka_ws/devel/share/common-lisp/ros/world_state_model_srvs/srv/UpdateAssociationTransforms.lisp
Symlinking /home/fu/workspaces/knob_kuka_ws/devel/share/common-lisp/ros/world_state_model_srvs/srv/WaitForObjectDetectors.lisp
Symlinking /home/fu/workspaces/knob_kuka_ws/devel/share/common-lisp/ros/world_state_model_srvs/srv/AddEntity.lisp
Symlinking /home/fu/workspaces/knob_kuka_ws/devel/share/common-lisp/ros/world_state_model_srvs/srv/_package_GetEntity.lisp
Symlinking /home/fu/workspaces/knob_kuka_ws/devel/share/common-lisp/ros/world_state_model_srvs/srv/_package_AddObjectDetector.lisp
Symlinking /home/fu/workspaces/knob_kuka_ws/devel/share/common-lisp/ros/world_state_model_srvs/srv/GetObjectDetectors.lisp
Symlinking /home/fu/workspaces/knob_kuka_ws/devel/share/common-lisp/ros/world_state_model_srvs/srv/_package_ClearObjectDetectors.lisp
Symlinking /home/fu/workspaces/knob_kuka_ws/devel/share/common-lisp/ros/world_state_model_srvs/srv/_package_AddEntity.lisp
Symlinking /home/fu/workspaces/knob_kuka_ws/devel/share/common-lisp/ros/world_state_model_srvs/srv/_package_RemoveEntity.lisp
Symlinking /home/fu/workspaces/knob_kuka_ws/devel/share/common-lisp/ros/world_state_model_srvs/srv/AddObjectDetector.lisp
Symlinking /home/fu/workspaces/knob_kuka_ws/devel/share/common-lisp/ros/world_state_model_srvs/srv/ListEntities.lisp
Symlinking /home/fu/workspaces/knob_kuka_ws/devel/share/common-lisp/ros/world_state_model_srvs/srv/Associate.lisp
Symlinking /home/fu/workspaces/knob_kuka_ws/devel/share/common-lisp/ros/world_state_model_srvs/srv/_package_UpdateAssociationTransforms.lisp
Symlinking /home/fu/workspaces/knob_kuka_ws/devel/share/common-lisp/ros/world_state_model_srvs/srv/_package_GetEntities.lisp
Symlinking /home/fu/workspaces/knob_kuka_ws/devel/share/common-lisp/ros/world_state_model_srvs/srv/GetEntities.lisp
Symlinking /home/fu/workspaces/knob_kuka_ws/devel/share/common-lisp/ros/world_state_model_srvs/srv/LoadWorkcell.lisp
Symlinking /home/fu/workspaces/knob_kuka_ws/devel/lib/pkgconfig/world_state_model_srvs.pc
Symlinking /home/fu/workspaces/knob_kuka_ws/devel/lib/python3/dist-packages/world_state_model_srvs/__init__.py
Symlinking /home/fu/workspaces/knob_kuka_ws/devel/lib/python3/dist-packages/world_state_model_srvs/srv/_GetObjectDetectors.py
Symlinking /home/fu/workspaces/knob_kuka_ws/devel/lib/python3/dist-packages/world_state_model_srvs/srv/_GetEntities.py
Symlinking /home/fu/workspaces/knob_kuka_ws/devel/lib/python3/dist-packages/world_state_model_srvs/srv/_WaitForObjectDetectors.py
Symlinking /home/fu/workspaces/knob_kuka_ws/devel/lib/python3/dist-packages/world_state_model_srvs/srv/_RemoveEntity.py
Symlinking /home/fu/workspaces/knob_kuka_ws/devel/lib/python3/dist-packages/world_state_model_srvs/srv/_Reset.py
Symlinking /home/fu/workspaces/knob_kuka_ws/devel/lib/python3/dist-packages/world_state_model_srvs/srv/_UpdateEntity.py
Symlinking /home/fu/workspaces/knob_kuka_ws/devel/lib/python3/dist-packages/world_state_model_srvs/srv/_UpdateAssociationTransforms.py
Symlinking /home/fu/workspaces/knob_kuka_ws/devel/lib/python3/dist-packages/world_state_model_srvs/srv/_ClearObjectDetectors.py
Symlinking /home/fu/workspaces/knob_kuka_ws/devel/lib/python3/dist-packages/world_state_model_srvs/srv/_WaitForMessage.py
Symlinking /home/fu/workspaces/knob_kuka_ws/devel/lib/python3/dist-packages/world_state_model_srvs/srv/_GetWorldState.py
Symlinking /home/fu/workspaces/knob_kuka_ws/devel/lib/python3/dist-packages/world_state_model_srvs/srv/_RemoveObjectDetector.py
Symlinking /home/fu/workspaces/knob_kuka_ws/devel/lib/python3/dist-packages/world_state_model_srvs/srv/_GetEntity.py
Symlinking /home/fu/workspaces/knob_kuka_ws/devel/lib/python3/dist-packages/world_state_model_srvs/srv/_Associate.py
Symlinking /home/fu/workspaces/knob_kuka_ws/devel/lib/python3/dist-packages/world_state_model_srvs/srv/_AddEntity.py
Symlinking /home/fu/workspaces/knob_kuka_ws/devel/lib/python3/dist-packages/world_state_model_srvs/srv/_AddObjectDetector.py
Symlinking /home/fu/workspaces/knob_kuka_ws/devel/lib/python3/dist-packages/world_state_model_srvs/srv/__init__.py
Symlinking /home/fu/workspaces/knob_kuka_ws/devel/lib/python3/dist-packages/world_state_model_srvs/srv/_ListEntities.py
Symlinking /home/fu/workspaces/knob_kuka_ws/devel/lib/python3/dist-packages/world_state_model_srvs/srv/_Disassociate.py
Symlinking /home/fu/workspaces/knob_kuka_ws/devel/lib/python3/dist-packages/world_state_model_srvs/srv/_LoadWorkcell.py
Symlinking /home/fu/workspaces/knob_kuka_ws/devel/include/world_state_model_srvs/ListEntitiesRequest.h
Symlinking /home/fu/workspaces/knob_kuka_ws/devel/include/world_state_model_srvs/ListEntities.h
Symlinking /home/fu/workspaces/knob_kuka_ws/devel/include/world_state_model_srvs/UpdateEntity.h
Symlinking /home/fu/workspaces/knob_kuka_ws/devel/include/world_state_model_srvs/UpdateAssociationTransformsRequest.h
Symlinking /home/fu/workspaces/knob_kuka_ws/devel/include/world_state_model_srvs/AddObjectDetectorRequest.h
Symlinking /home/fu/workspaces/knob_kuka_ws/devel/include/world_state_model_srvs/GetEntitiesRequest.h
Symlinking /home/fu/workspaces/knob_kuka_ws/devel/include/world_state_model_srvs/AssociateResponse.h
Symlinking /home/fu/workspaces/knob_kuka_ws/devel/include/world_state_model_srvs/WaitForObjectDetectors.h
Symlinking /home/fu/workspaces/knob_kuka_ws/devel/include/world_state_model_srvs/AddEntity.h
Symlinking /home/fu/workspaces/knob_kuka_ws/devel/include/world_state_model_srvs/ResetResponse.h
Symlinking /home/fu/workspaces/knob_kuka_ws/devel/include/world_state_model_srvs/DisassociateRequest.h
Symlinking /home/fu/workspaces/knob_kuka_ws/devel/include/world_state_model_srvs/AddObjectDetector.h
Symlinking /home/fu/workspaces/knob_kuka_ws/devel/include/world_state_model_srvs/GetWorldStateRequest.h
Symlinking /home/fu/workspaces/knob_kuka_ws/devel/include/world_state_model_srvs/UpdateEntityResponse.h
Symlinking /home/fu/workspaces/knob_kuka_ws/devel/include/world_state_model_srvs/WaitForObjectDetectorsResponse.h
Symlinking /home/fu/workspaces/knob_kuka_ws/devel/include/world_state_model_srvs/WaitForObjectDetectorsRequest.h
Symlinking /home/fu/workspaces/knob_kuka_ws/devel/include/world_state_model_srvs/ClearObjectDetectorsRequest.h
Symlinking /home/fu/workspaces/knob_kuka_ws/devel/include/world_state_model_srvs/WaitForMessageResponse.h
Symlinking /home/fu/workspaces/knob_kuka_ws/devel/include/world_state_model_srvs/GetWorldState.h
Symlinking /home/fu/workspaces/knob_kuka_ws/devel/include/world_state_model_srvs/GetObjectDetectorsRequest.h
Symlinking /home/fu/workspaces/knob_kuka_ws/devel/include/world_state_model_srvs/LoadWorkcell.h
Symlinking /home/fu/workspaces/knob_kuka_ws/devel/include/world_state_model_srvs/GetWorldStateResponse.h
Symlinking /home/fu/workspaces/knob_kuka_ws/devel/include/world_state_model_srvs/RemoveObjectDetectorRequest.h
Symlinking /home/fu/workspaces/knob_kuka_ws/devel/include/world_state_model_srvs/GetEntitiesResponse.h
Symlinking /home/fu/workspaces/knob_kuka_ws/devel/include/world_state_model_srvs/GetEntityRequest.h
Symlinking /home/fu/workspaces/knob_kuka_ws/devel/include/world_state_model_srvs/WaitForMessage.h
Symlinking /home/fu/workspaces/knob_kuka_ws/devel/include/world_state_model_srvs/ListEntitiesResponse.h
Symlinking /home/fu/workspaces/knob_kuka_ws/devel/include/world_state_model_srvs/WaitForMessageRequest.h
Symlinking /home/fu/workspaces/knob_kuka_ws/devel/include/world_state_model_srvs/AddEntityRequest.h
Symlinking /home/fu/workspaces/knob_kuka_ws/devel/include/world_state_model_srvs/ClearObjectDetectorsResponse.h
Symlinking /home/fu/workspaces/knob_kuka_ws/devel/include/world_state_model_srvs/Disassociate.h
Symlinking /home/fu/workspaces/knob_kuka_ws/devel/include/world_state_model_srvs/UpdateAssociationTransformsResponse.h
Symlinking /home/fu/workspaces/knob_kuka_ws/devel/include/world_state_model_srvs/AssociateRequest.h
Symlinking /home/fu/workspaces/knob_kuka_ws/devel/include/world_state_model_srvs/RemoveObjectDetector.h
Symlinking /home/fu/workspaces/knob_kuka_ws/devel/include/world_state_model_srvs/ClearObjectDetectors.h
Symlinking /home/fu/workspaces/knob_kuka_ws/devel/include/world_state_model_srvs/RemoveEntityResponse.h
Symlinking /home/fu/workspaces/knob_kuka_ws/devel/include/world_state_model_srvs/ResetRequest.h
Symlinking /home/fu/workspaces/knob_kuka_ws/devel/include/world_state_model_srvs/AddEntityResponse.h
Symlinking /home/fu/workspaces/knob_kuka_ws/devel/include/world_state_model_srvs/GetObjectDetectorsResponse.h
Symlinking /home/fu/workspaces/knob_kuka_ws/devel/include/world_state_model_srvs/GetEntities.h
Symlinking /home/fu/workspaces/knob_kuka_ws/devel/include/world_state_model_srvs/DisassociateResponse.h
Symlinking /home/fu/workspaces/knob_kuka_ws/devel/include/world_state_model_srvs/Reset.h
Symlinking /home/fu/workspaces/knob_kuka_ws/devel/include/world_state_model_srvs/GetEntity.h
Symlinking /home/fu/workspaces/knob_kuka_ws/devel/include/world_state_model_srvs/AddObjectDetectorResponse.h
Symlinking /home/fu/workspaces/knob_kuka_ws/devel/include/world_state_model_srvs/RemoveEntity.h
Symlinking /home/fu/workspaces/knob_kuka_ws/devel/include/world_state_model_srvs/RemoveObjectDetectorResponse.h
Symlinking /home/fu/workspaces/knob_kuka_ws/devel/include/world_state_model_srvs/LoadWorkcellResponse.h
Symlinking /home/fu/workspaces/knob_kuka_ws/devel/include/world_state_model_srvs/Associate.h
Symlinking /home/fu/workspaces/knob_kuka_ws/devel/include/world_state_model_srvs/GetEntityResponse.h
Symlinking /home/fu/workspaces/knob_kuka_ws/devel/include/world_state_model_srvs/GetObjectDetectors.h
Symlinking /home/fu/workspaces/knob_kuka_ws/devel/include/world_state_model_srvs/UpdateEntityRequest.h
Symlinking /home/fu/workspaces/knob_kuka_ws/devel/include/world_state_model_srvs/RemoveEntityRequest.h
Symlinking /home/fu/workspaces/knob_kuka_ws/devel/include/world_state_model_srvs/LoadWorkcellRequest.h
Symlinking /home/fu/workspaces/knob_kuka_ws/devel/include/world_state_model_srvs/UpdateAssociationTransforms.h
