[35m[1mScanning dependencies of target _world_state_model_srvs_generate_messages_check_deps_AddEntity[0m
[35m[1mScanning dependencies of target _world_state_model_srvs_generate_messages_check_deps_GetWorldState[0m
[35m[1mScanning dependencies of target _world_state_model_srvs_generate_messages_check_deps_UpdateAssociationTransforms[0m
[35m[1mScanning dependencies of target _world_state_model_srvs_generate_messages_check_deps_WaitForObjectDetectors[0m
[35m[1mScanning dependencies of target _world_state_model_srvs_generate_messages_check_deps_RemoveEntity[0m
[35m[1mScanning dependencies of target _world_state_model_srvs_generate_messages_check_deps_LoadWorkcell[0m
[35m[1mScanning dependencies of target _world_state_model_srvs_generate_messages_check_deps_WaitForMessage[0m
[35m[1mScanning dependencies of target _world_state_model_srvs_generate_messages_check_deps_Reset[0m
[  0%] Built target _world_state_model_srvs_generate_messages_check_deps_GetWorldState
[  0%] Built target _world_state_model_srvs_generate_messages_check_deps_AddEntity
[  0%] Built target _world_state_model_srvs_generate_messages_check_deps_LoadWorkcell
[  0%] Built target _world_state_model_srvs_generate_messages_check_deps_WaitForMessage
[  0%] Built target _world_state_model_srvs_generate_messages_check_deps_UpdateAssociationTransforms
[35m[1mScanning dependencies of target _world_state_model_srvs_generate_messages_check_deps_ListEntities[0m
[  0%] Built target _world_state_model_srvs_generate_messages_check_deps_RemoveEntity
[  0%] Built target _world_state_model_srvs_generate_messages_check_deps_WaitForObjectDetectors
[35m[1mScanning dependencies of target _world_state_model_srvs_generate_messages_check_deps_GetObjectDetectors[0m
[35m[1mScanning dependencies of target _world_state_model_srvs_generate_messages_check_deps_Disassociate[0m
[35m[1mScanning dependencies of target _world_state_model_srvs_generate_messages_check_deps_ClearObjectDetectors[0m
[35m[1mScanning dependencies of target _world_state_model_srvs_generate_messages_check_deps_UpdateEntity[0m
[35m[1mScanning dependencies of target std_msgs_generate_messages_py[0m
[35m[1mScanning dependencies of target _world_state_model_srvs_generate_messages_check_deps_Associate[0m
[  0%] Built target _world_state_model_srvs_generate_messages_check_deps_Reset
[  0%] Built target std_msgs_generate_messages_py
[35m[1mScanning dependencies of target world_state_model_msgs_generate_messages_py[0m
[35m[1mScanning dependencies of target _world_state_model_srvs_generate_messages_check_deps_GetEntities[0m
[  0%] Built target world_state_model_msgs_generate_messages_py
[  0%] Built target _world_state_model_srvs_generate_messages_check_deps_ListEntities
[  0%] Built target _world_state_model_srvs_generate_messages_check_deps_Disassociate
[  0%] Built target _world_state_model_srvs_generate_messages_check_deps_Associate
[  0%] Built target _world_state_model_srvs_generate_messages_check_deps_ClearObjectDetectors
[  0%] Built target _world_state_model_srvs_generate_messages_check_deps_GetObjectDetectors
[  0%] Built target _world_state_model_srvs_generate_messages_check_deps_UpdateEntity
[35m[1mScanning dependencies of target _world_state_model_srvs_generate_messages_check_deps_GetEntity[0m
[35m[1mScanning dependencies of target std_msgs_generate_messages_lisp[0m
[35m[1mScanning dependencies of target std_msgs_generate_messages_nodejs[0m
[35m[1mScanning dependencies of target _world_state_model_srvs_generate_messages_check_deps_AddObjectDetector[0m
[35m[1mScanning dependencies of target world_state_model_msgs_generate_messages_nodejs[0m
[35m[1mScanning dependencies of target world_state_model_msgs_generate_messages_lisp[0m
[35m[1mScanning dependencies of target _world_state_model_srvs_generate_messages_check_deps_RemoveObjectDetector[0m
[  0%] Built target world_state_model_msgs_generate_messages_nodejs
[  0%] Built target std_msgs_generate_messages_nodejs
[  0%] Built target std_msgs_generate_messages_lisp
[  0%] Built target _world_state_model_srvs_generate_messages_check_deps_GetEntities
[35m[1mScanning dependencies of target std_msgs_generate_messages_cpp[0m
[  0%] Built target world_state_model_msgs_generate_messages_lisp
[35m[1mScanning dependencies of target std_msgs_generate_messages_eus[0m
[35m[1mScanning dependencies of target world_state_model_msgs_generate_messages_cpp[0m
[35m[1mScanning dependencies of target world_state_model_msgs_generate_messages_eus[0m
[  0%] Built target std_msgs_generate_messages_cpp
[  0%] Built target world_state_model_msgs_generate_messages_eus
[  0%] Built target world_state_model_msgs_generate_messages_cpp
[  0%] Built target _world_state_model_srvs_generate_messages_check_deps_GetEntity
[  0%] Built target std_msgs_generate_messages_eus
[  0%] Built target _world_state_model_srvs_generate_messages_check_deps_RemoveObjectDetector
[  0%] Built target _world_state_model_srvs_generate_messages_check_deps_AddObjectDetector
[35m[1mScanning dependencies of target world_state_model_srvs_generate_messages_nodejs[0m
[35m[1mScanning dependencies of target world_state_model_srvs_generate_messages_py[0m
[35m[1mScanning dependencies of target world_state_model_srvs_generate_messages_lisp[0m
[35m[1mScanning dependencies of target world_state_model_srvs_generate_messages_eus[0m
[35m[1mScanning dependencies of target world_state_model_srvs_generate_messages_cpp[0m
[  1%] [34m[1mGenerating Python code from SRV world_state_model_srvs/AddObjectDetector[0m
[  2%] [34m[1mGenerating Python code from SRV world_state_model_srvs/ClearObjectDetectors[0m
[  3%] [34m[1mGenerating Python code from SRV world_state_model_srvs/GetObjectDetectors[0m
[  4%] [34m[1mGenerating Python code from SRV world_state_model_srvs/RemoveObjectDetector[0m
[  5%] [34m[1mGenerating Lisp code from world_state_model_srvs/AddObjectDetector.srv[0m
[  6%] [34m[1mGenerating Javascript code from world_state_model_srvs/AddObjectDetector.srv[0m
[  8%] [34m[1mGenerating C++ code from world_state_model_srvs/AddObjectDetector.srv[0m
[  8%] [34m[1mGenerating EusLisp code from world_state_model_srvs/AddObjectDetector.srv[0m
[  9%] [34m[1mGenerating Lisp code from world_state_model_srvs/ClearObjectDetectors.srv[0m
[ 10%] [34m[1mGenerating Javascript code from world_state_model_srvs/ClearObjectDetectors.srv[0m
[ 11%] [34m[1mGenerating EusLisp code from world_state_model_srvs/ClearObjectDetectors.srv[0m
[ 13%] [34m[1mGenerating Lisp code from world_state_model_srvs/GetObjectDetectors.srv[0m
[ 14%] [34m[1mGenerating Python code from SRV world_state_model_srvs/AddEntity[0m
[ 15%] [34m[1mGenerating Lisp code from world_state_model_srvs/RemoveObjectDetector.srv[0m
[ 16%] [34m[1mGenerating Javascript code from world_state_model_srvs/GetObjectDetectors.srv[0m
[ 17%] [34m[1mGenerating C++ code from world_state_model_srvs/ClearObjectDetectors.srv[0m
[ 18%] [34m[1mGenerating Javascript code from world_state_model_srvs/RemoveObjectDetector.srv[0m
[ 19%] [34m[1mGenerating EusLisp code from world_state_model_srvs/GetObjectDetectors.srv[0m
[ 20%] [34m[1mGenerating Javascript code from world_state_model_srvs/AddEntity.srv[0m
[ 21%] [34m[1mGenerating EusLisp code from world_state_model_srvs/RemoveObjectDetector.srv[0m
[ 22%] [34m[1mGenerating Javascript code from world_state_model_srvs/GetEntity.srv[0m
[ 23%] [34m[1mGenerating Javascript code from world_state_model_srvs/UpdateEntity.srv[0m
[ 25%] [34m[1mGenerating Lisp code from world_state_model_srvs/AddEntity.srv[0m
[ 26%] [34m[1mGenerating Javascript code from world_state_model_srvs/GetEntities.srv[0m
[ 27%] [34m[1mGenerating EusLisp code from world_state_model_srvs/AddEntity.srv[0m
[ 28%] [34m[1mGenerating Javascript code from world_state_model_srvs/ListEntities.srv[0m
[ 29%] [34m[1mGenerating C++ code from world_state_model_srvs/GetObjectDetectors.srv[0m
[ 30%] [34m[1mGenerating Python code from SRV world_state_model_srvs/UpdateEntity[0m
[ 31%] [34m[1mGenerating Lisp code from world_state_model_srvs/UpdateEntity.srv[0m
[ 32%] [34m[1mGenerating Python code from SRV world_state_model_srvs/GetEntity[0m
[ 33%] [34m[1mGenerating EusLisp code from world_state_model_srvs/UpdateEntity.srv[0m
[ 34%] [34m[1mGenerating Javascript code from world_state_model_srvs/RemoveEntity.srv[0m
[ 35%] [34m[1mGenerating Javascript code from world_state_model_srvs/Associate.srv[0m
[ 38%] [34m[1mGenerating Lisp code from world_state_model_srvs/GetEntity.srv[0m
[ 38%] [34m[1mGenerating EusLisp code from world_state_model_srvs/GetEntity.srv[0m
[ 39%] [34m[1mGenerating EusLisp code from world_state_model_srvs/ListEntities.srv[0m
[ 40%] [34m[1mGenerating EusLisp code from world_state_model_srvs/GetEntities.srv[0m
[ 41%] [34m[1mGenerating C++ code from world_state_model_srvs/RemoveObjectDetector.srv[0m
[ 42%] [34m[1mGenerating Javascript code from world_state_model_srvs/Disassociate.srv[0m
[ 43%] [34m[1mGenerating Lisp code from world_state_model_srvs/GetEntities.srv[0m
[ 44%] [34m[1mGenerating Javascript code from world_state_model_srvs/Reset.srv[0m
[ 45%] [34m[1mGenerating Python code from SRV world_state_model_srvs/GetEntities[0m
[ 46%] [34m[1mGenerating Javascript code from world_state_model_srvs/LoadWorkcell.srv[0m
[ 47%] [34m[1mGenerating Python code from SRV world_state_model_srvs/ListEntities[0m
[ 48%] [34m[1mGenerating Javascript code from world_state_model_srvs/GetWorldState.srv[0m
[ 50%] [34m[1mGenerating EusLisp code from world_state_model_srvs/RemoveEntity.srv[0m
[ 51%] [34m[1mGenerating Lisp code from world_state_model_srvs/ListEntities.srv[0m
[ 52%] [34m[1mGenerating EusLisp code from world_state_model_srvs/Associate.srv[0m
[ 53%] [34m[1mGenerating Javascript code from world_state_model_srvs/UpdateAssociationTransforms.srv[0m
[ 54%] [34m[1mGenerating Javascript code from world_state_model_srvs/WaitForMessage.srv[0m
[ 55%] [34m[1mGenerating Lisp code from world_state_model_srvs/RemoveEntity.srv[0m
[ 56%] [34m[1mGenerating EusLisp code from world_state_model_srvs/Disassociate.srv[0m
[ 57%] [34m[1mGenerating EusLisp code from world_state_model_srvs/Reset.srv[0m
[ 58%] [34m[1mGenerating Javascript code from world_state_model_srvs/WaitForObjectDetectors.srv[0m
[ 59%] [34m[1mGenerating C++ code from world_state_model_srvs/AddEntity.srv[0m
[ 60%] [34m[1mGenerating EusLisp code from world_state_model_srvs/LoadWorkcell.srv[0m
[ 61%] [34m[1mGenerating EusLisp code from world_state_model_srvs/GetWorldState.srv[0m
[ 63%] [34m[1mGenerating Lisp code from world_state_model_srvs/Associate.srv[0m
[ 64%] [34m[1mGenerating Python code from SRV world_state_model_srvs/RemoveEntity[0m
[ 65%] [34m[1mGenerating C++ code from world_state_model_srvs/UpdateEntity.srv[0m
[ 65%] Built target world_state_model_srvs_generate_messages_nodejs
[ 66%] [34m[1mGenerating EusLisp code from world_state_model_srvs/UpdateAssociationTransforms.srv[0m
[ 67%] [34m[1mGenerating EusLisp code from world_state_model_srvs/WaitForMessage.srv[0m
[ 68%] [34m[1mGenerating Lisp code from world_state_model_srvs/Disassociate.srv[0m
[ 69%] [34m[1mGenerating C++ code from world_state_model_srvs/GetEntity.srv[0m
[ 70%] [34m[1mGenerating EusLisp code from world_state_model_srvs/WaitForObjectDetectors.srv[0m
[ 71%] [34m[1mGenerating C++ code from world_state_model_srvs/GetEntities.srv[0m
[ 72%] [34m[1mGenerating Lisp code from world_state_model_srvs/Reset.srv[0m
[ 73%] [34m[1mGenerating Lisp code from world_state_model_srvs/LoadWorkcell.srv[0m
[ 75%] [34m[1mGenerating EusLisp manifest code for world_state_model_srvs[0m
[ 76%] [34m[1mGenerating Lisp code from world_state_model_srvs/GetWorldState.srv[0m
[ 77%] [34m[1mGenerating Python code from SRV world_state_model_srvs/Associate[0m
[ 78%] [34m[1mGenerating Lisp code from world_state_model_srvs/UpdateAssociationTransforms.srv[0m
[ 79%] [34m[1mGenerating Lisp code from world_state_model_srvs/WaitForMessage.srv[0m
[ 80%] [34m[1mGenerating Python code from SRV world_state_model_srvs/Disassociate[0m
[ 81%] [34m[1mGenerating Lisp code from world_state_model_srvs/WaitForObjectDetectors.srv[0m
[ 82%] [34m[1mGenerating Python code from SRV world_state_model_srvs/Reset[0m
[ 83%] [34m[1mGenerating C++ code from world_state_model_srvs/ListEntities.srv[0m
[ 84%] [34m[1mGenerating Python code from SRV world_state_model_srvs/LoadWorkcell[0m
[ 84%] Built target world_state_model_srvs_generate_messages_lisp
[ 85%] [34m[1mGenerating Python code from SRV world_state_model_srvs/GetWorldState[0m
[ 86%] [34m[1mGenerating C++ code from world_state_model_srvs/RemoveEntity.srv[0m
[ 88%] [34m[1mGenerating Python code from SRV world_state_model_srvs/UpdateAssociationTransforms[0m
[ 89%] [34m[1mGenerating Python code from SRV world_state_model_srvs/WaitForMessage[0m
[ 90%] [34m[1mGenerating C++ code from world_state_model_srvs/Associate.srv[0m
[ 91%] [34m[1mGenerating Python code from SRV world_state_model_srvs/WaitForObjectDetectors[0m
[ 92%] [34m[1mGenerating C++ code from world_state_model_srvs/Disassociate.srv[0m
[ 93%] [34m[1mGenerating C++ code from world_state_model_srvs/Reset.srv[0m
[ 94%] [34m[1mGenerating C++ code from world_state_model_srvs/LoadWorkcell.srv[0m
[ 95%] [34m[1mGenerating C++ code from world_state_model_srvs/GetWorldState.srv[0m
[ 96%] [34m[1mGenerating C++ code from world_state_model_srvs/UpdateAssociationTransforms.srv[0m
[ 97%] [34m[1mGenerating C++ code from world_state_model_srvs/WaitForMessage.srv[0m
[ 98%] [34m[1mGenerating Python srv __init__.py for world_state_model_srvs[0m
[100%] [34m[1mGenerating C++ code from world_state_model_srvs/WaitForObjectDetectors.srv[0m
[100%] Built target world_state_model_srvs_generate_messages_py
[100%] Built target world_state_model_srvs_generate_messages_cpp
[100%] Built target world_state_model_srvs_generate_messages_eus
[35m[1mScanning dependencies of target world_state_model_srvs_generate_messages[0m
[100%] Built target world_state_model_srvs_generate_messages
