Symlinking /home/fu/workspaces/knob_kuka_ws/devel/share/gennodejs/ros/robot_msgs/_index.js
Symlinking /home/fu/workspaces/knob_kuka_ws/devel/share/gennodejs/ros/robot_msgs/msg/MoveType.js
Symlinking /home/fu/workspaces/knob_kuka_ws/devel/share/gennodejs/ros/robot_msgs/msg/Pose.js
Symlinking /home/fu/workspaces/knob_kuka_ws/devel/share/gennodejs/ros/robot_msgs/msg/ConnectionStatus.js
Symlinking /home/fu/workspaces/knob_kuka_ws/devel/share/gennodejs/ros/robot_msgs/msg/ConnectionStatusEnum.js
Symlinking /home/fu/workspaces/knob_kuka_ws/devel/share/gennodejs/ros/robot_msgs/msg/_index.js
Symlinking /home/fu/workspaces/knob_kuka_ws/devel/share/roseus/ros/robot_msgs/manifest.l
Symlinking /home/fu/workspaces/knob_kuka_ws/devel/share/roseus/ros/robot_msgs/msg/MoveType.l
Symlinking /home/fu/workspaces/knob_kuka_ws/devel/share/roseus/ros/robot_msgs/msg/Pose.l
Symlinking /home/fu/workspaces/knob_kuka_ws/devel/share/roseus/ros/robot_msgs/msg/ConnectionStatusEnum.l
Symlinking /home/fu/workspaces/knob_kuka_ws/devel/share/roseus/ros/robot_msgs/msg/ConnectionStatus.l
Symlinking /home/fu/workspaces/knob_kuka_ws/devel/share/common-lisp/ros/robot_msgs/msg/_package.lisp
Symlinking /home/fu/workspaces/knob_kuka_ws/devel/share/common-lisp/ros/robot_msgs/msg/_package_Pose.lisp
Symlinking /home/fu/workspaces/knob_kuka_ws/devel/share/common-lisp/ros/robot_msgs/msg/_package_ConnectionStatus.lisp
Symlinking /home/fu/workspaces/knob_kuka_ws/devel/share/common-lisp/ros/robot_msgs/msg/ConnectionStatusEnum.lisp
Symlinking /home/fu/workspaces/knob_kuka_ws/devel/share/common-lisp/ros/robot_msgs/msg/_package_MoveType.lisp
Symlinking /home/fu/workspaces/knob_kuka_ws/devel/share/common-lisp/ros/robot_msgs/msg/_package_ConnectionStatusEnum.lisp
Symlinking /home/fu/workspaces/knob_kuka_ws/devel/share/common-lisp/ros/robot_msgs/msg/ConnectionStatus.lisp
Symlinking /home/fu/workspaces/knob_kuka_ws/devel/share/common-lisp/ros/robot_msgs/msg/Pose.lisp
Symlinking /home/fu/workspaces/knob_kuka_ws/devel/share/common-lisp/ros/robot_msgs/msg/robot_msgs-msg.asd
Symlinking /home/fu/workspaces/knob_kuka_ws/devel/share/common-lisp/ros/robot_msgs/msg/MoveType.lisp
Symlinking /home/fu/workspaces/knob_kuka_ws/devel/share/robot_msgs/cmake/robot_msgs-msg-paths.cmake
Symlinking /home/fu/workspaces/knob_kuka_ws/devel/share/robot_msgs/cmake/robot_msgsConfig-version.cmake
Symlinking /home/fu/workspaces/knob_kuka_ws/devel/share/robot_msgs/cmake/robot_msgsConfig.cmake
Symlinking /home/fu/workspaces/knob_kuka_ws/devel/share/robot_msgs/cmake/robot_msgs-msg-extras.cmake
Symlinking /home/fu/workspaces/knob_kuka_ws/devel/lib/pkgconfig/robot_msgs.pc
Symlinking /home/fu/workspaces/knob_kuka_ws/devel/lib/python3/dist-packages/robot_msgs/__init__.py
Symlinking /home/fu/workspaces/knob_kuka_ws/devel/lib/python3/dist-packages/robot_msgs/msg/_MoveType.py
Symlinking /home/fu/workspaces/knob_kuka_ws/devel/lib/python3/dist-packages/robot_msgs/msg/_ConnectionStatusEnum.py
Symlinking /home/fu/workspaces/knob_kuka_ws/devel/lib/python3/dist-packages/robot_msgs/msg/__init__.py
Symlinking /home/fu/workspaces/knob_kuka_ws/devel/lib/python3/dist-packages/robot_msgs/msg/_ConnectionStatus.py
Symlinking /home/fu/workspaces/knob_kuka_ws/devel/lib/python3/dist-packages/robot_msgs/msg/_Pose.py
Symlinking /home/fu/workspaces/knob_kuka_ws/devel/include/robot_msgs/ConnectionStatusEnum.h
Symlinking /home/fu/workspaces/knob_kuka_ws/devel/include/robot_msgs/Pose.h
Symlinking /home/fu/workspaces/knob_kuka_ws/devel/include/robot_msgs/ConnectionStatus.h
Symlinking /home/fu/workspaces/knob_kuka_ws/devel/include/robot_msgs/MoveType.h
