Symlinking /home/fu/workspaces/knob_kuka_ws/devel/share/gennodejs/ros/actor_msgs/_index.js
Symlinking /home/fu/workspaces/knob_kuka_ws/devel/share/gennodejs/ros/actor_msgs/msg/Actor.js
Symlinking /home/fu/workspaces/knob_kuka_ws/devel/share/gennodejs/ros/actor_msgs/msg/ActorVec.js
Symlinking /home/fu/workspaces/knob_kuka_ws/devel/share/gennodejs/ros/actor_msgs/msg/ActorTypes.js
Symlinking /home/fu/workspaces/knob_kuka_ws/devel/share/gennodejs/ros/actor_msgs/msg/_index.js
Symlinking /home/fu/workspaces/knob_kuka_ws/devel/share/roseus/ros/actor_msgs/manifest.l
Symlinking /home/fu/workspaces/knob_kuka_ws/devel/share/roseus/ros/actor_msgs/msg/ActorTypes.l
Symlinking /home/fu/workspaces/knob_kuka_ws/devel/share/roseus/ros/actor_msgs/msg/ActorVec.l
Symlinking /home/fu/workspaces/knob_kuka_ws/devel/share/roseus/ros/actor_msgs/msg/Actor.l
Symlinking /home/fu/workspaces/knob_kuka_ws/devel/share/common-lisp/ros/actor_msgs/msg/_package.lisp
Symlinking /home/fu/workspaces/knob_kuka_ws/devel/share/common-lisp/ros/actor_msgs/msg/_package_ActorVec.lisp
Symlinking /home/fu/workspaces/knob_kuka_ws/devel/share/common-lisp/ros/actor_msgs/msg/_package_ActorTypes.lisp
Symlinking /home/fu/workspaces/knob_kuka_ws/devel/share/common-lisp/ros/actor_msgs/msg/_package_Actor.lisp
Symlinking /home/fu/workspaces/knob_kuka_ws/devel/share/common-lisp/ros/actor_msgs/msg/actor_msgs-msg.asd
Symlinking /home/fu/workspaces/knob_kuka_ws/devel/share/common-lisp/ros/actor_msgs/msg/Actor.lisp
Symlinking /home/fu/workspaces/knob_kuka_ws/devel/share/common-lisp/ros/actor_msgs/msg/ActorTypes.lisp
Symlinking /home/fu/workspaces/knob_kuka_ws/devel/share/common-lisp/ros/actor_msgs/msg/ActorVec.lisp
Symlinking /home/fu/workspaces/knob_kuka_ws/devel/share/actor_msgs/cmake/actor_msgsConfig-version.cmake
Symlinking /home/fu/workspaces/knob_kuka_ws/devel/share/actor_msgs/cmake/actor_msgs-msg-extras.cmake
Symlinking /home/fu/workspaces/knob_kuka_ws/devel/share/actor_msgs/cmake/actor_msgsConfig.cmake
Symlinking /home/fu/workspaces/knob_kuka_ws/devel/share/actor_msgs/cmake/actor_msgs-msg-paths.cmake
Symlinking /home/fu/workspaces/knob_kuka_ws/devel/lib/pkgconfig/actor_msgs.pc
Symlinking /home/fu/workspaces/knob_kuka_ws/devel/lib/python3/dist-packages/actor_msgs/__init__.py
Symlinking /home/fu/workspaces/knob_kuka_ws/devel/lib/python3/dist-packages/actor_msgs/msg/_ActorVec.py
Symlinking /home/fu/workspaces/knob_kuka_ws/devel/lib/python3/dist-packages/actor_msgs/msg/_Actor.py
Symlinking /home/fu/workspaces/knob_kuka_ws/devel/lib/python3/dist-packages/actor_msgs/msg/_ActorTypes.py
Symlinking /home/fu/workspaces/knob_kuka_ws/devel/lib/python3/dist-packages/actor_msgs/msg/__init__.py
Symlinking /home/fu/workspaces/knob_kuka_ws/devel/include/actor_msgs/Actor.h
Symlinking /home/fu/workspaces/knob_kuka_ws/devel/include/actor_msgs/ActorVec.h
Symlinking /home/fu/workspaces/knob_kuka_ws/devel/include/actor_msgs/ActorTypes.h
