[35m[1mScanning dependencies of target _actor_msgs_generate_messages_check_deps_ActorVec[0m
[  0%] Built target _actor_msgs_generate_messages_check_deps_ActorVec
[35m[1mScanning dependencies of target std_msgs_generate_messages_eus[0m
[35m[1mScanning dependencies of target _actor_msgs_generate_messages_check_deps_Actor[0m
[  0%] Built target std_msgs_generate_messages_eus
[  0%] Built target _actor_msgs_generate_messages_check_deps_Actor
[35m[1mScanning dependencies of target geometry_msgs_generate_messages_eus[0m
[  0%] Built target geometry_msgs_generate_messages_eus
[35m[1mScanning dependencies of target _actor_msgs_generate_messages_check_deps_ActorTypes[0m
[  0%] Built target _actor_msgs_generate_messages_check_deps_ActorTypes
[35m[1mScanning dependencies of target geometry_msgs_generate_messages_nodejs[0m
[  0%] Built target geometry_msgs_generate_messages_nodejs
[35m[1mScanning dependencies of target std_msgs_generate_messages_nodejs[0m
[  0%] Built target std_msgs_generate_messages_nodejs
[35m[1mScanning dependencies of target geometry_msgs_generate_messages_cpp[0m
[  0%] Built target geometry_msgs_generate_messages_cpp
[35m[1mScanning dependencies of target std_msgs_generate_messages_cpp[0m
[  0%] Built target std_msgs_generate_messages_cpp
[35m[1mScanning dependencies of target geometry_msgs_generate_messages_py[0m
[  0%] Built target geometry_msgs_generate_messages_py
[35m[1mScanning dependencies of target std_msgs_generate_messages_py[0m
[  0%] Built target std_msgs_generate_messages_py
[35m[1mScanning dependencies of target geometry_msgs_generate_messages_lisp[0m
[  0%] Built target geometry_msgs_generate_messages_lisp
[35m[1mScanning dependencies of target std_msgs_generate_messages_lisp[0m
[  0%] Built target std_msgs_generate_messages_lisp
[35m[1mScanning dependencies of target actor_msgs_generate_messages_eus[0m
[  5%] [34m[1mGenerating EusLisp code from actor_msgs/Actor.msg[0m
[ 11%] [34m[1mGenerating EusLisp code from actor_msgs/ActorVec.msg[0m
[ 17%] [34m[1mGenerating EusLisp code from actor_msgs/ActorTypes.msg[0m
[ 23%] [34m[1mGenerating EusLisp manifest code for actor_msgs[0m
[ 23%] Built target actor_msgs_generate_messages_eus
[35m[1mScanning dependencies of target actor_msgs_generate_messages_nodejs[0m
[ 29%] [34m[1mGenerating Javascript code from actor_msgs/Actor.msg[0m
[ 35%] [34m[1mGenerating Javascript code from actor_msgs/ActorVec.msg[0m
[ 41%] [34m[1mGenerating Javascript code from actor_msgs/ActorTypes.msg[0m
[ 41%] Built target actor_msgs_generate_messages_nodejs
[35m[1mScanning dependencies of target actor_msgs_generate_messages_cpp[0m
[ 47%] [34m[1mGenerating C++ code from actor_msgs/Actor.msg[0m
[ 52%] [34m[1mGenerating C++ code from actor_msgs/ActorVec.msg[0m
[ 58%] [34m[1mGenerating C++ code from actor_msgs/ActorTypes.msg[0m
[ 58%] Built target actor_msgs_generate_messages_cpp
[35m[1mScanning dependencies of target actor_msgs_generate_messages_lisp[0m
[35m[1mScanning dependencies of target actor_msgs_generate_messages_py[0m
[ 64%] [34m[1mGenerating Lisp code from actor_msgs/Actor.msg[0m
[ 70%] [34m[1mGenerating Python from MSG actor_msgs/Actor[0m
[ 76%] [34m[1mGenerating Python from MSG actor_msgs/ActorVec[0m
[ 82%] [34m[1mGenerating Lisp code from actor_msgs/ActorVec.msg[0m
[ 88%] [34m[1mGenerating Lisp code from actor_msgs/ActorTypes.msg[0m
[ 88%] Built target actor_msgs_generate_messages_lisp
[ 94%] [34m[1mGenerating Python from MSG actor_msgs/ActorTypes[0m
[100%] [34m[1mGenerating Python msg __init__.py for actor_msgs[0m
[100%] Built target actor_msgs_generate_messages_py
[35m[1mScanning dependencies of target actor_msgs_generate_messages[0m
[100%] Built target actor_msgs_generate_messages
