[  0%] Built target std_msgs_generate_messages_eus
[  0%] Built target _robot_movement_interface_generate_messages_check_deps_CommandList
[  0%] Built target _robot_movement_interface_generate_messages_check_deps_CommandsActionFeedback
[  0%] Built target _robot_movement_interface_generate_messages_check_deps_EulerFrame
[  0%] Built target _robot_movement_interface_generate_messages_check_deps_Command
[  0%] Built target _robot_movement_interface_generate_messages_check_deps_Result
[  0%] Built target _robot_movement_interface_generate_messages_check_deps_CommandsAction
[  0%] Built target actionlib_msgs_generate_messages_eus
[  0%] Built target _robot_movement_interface_generate_messages_check_deps_CommandsResult
[  0%] Built target _robot_movement_interface_generate_messages_check_deps_RobotState
[  0%] Built target _robot_movement_interface_generate_messages_check_deps_CommandsActionGoal
[  0%] Built target _robot_movement_interface_generate_messages_check_deps_CommandsActionResult
[  0%] Built target std_msgs_generate_messages_cpp
[  0%] Built target actionlib_msgs_generate_messages_cpp
[  0%] Built target _robot_movement_interface_generate_messages_check_deps_CommandsFeedback
[  0%] Built target std_msgs_generate_messages_nodejs
[  0%] Built target actionlib_msgs_generate_messages_nodejs
[  0%] Built target _robot_movement_interface_generate_messages_check_deps_CommandsGoal
[  0%] Built target std_msgs_generate_messages_py
[  0%] Built target actionlib_msgs_generate_messages_lisp
[  0%] Built target actionlib_msgs_generate_messages_py
[  0%] Built target std_msgs_generate_messages_lisp
[ 20%] Built target robot_movement_interface_generate_messages_eus
[ 40%] Built target robot_movement_interface_generate_messages_cpp
[ 59%] Built target robot_movement_interface_generate_messages_nodejs
[ 80%] Built target robot_movement_interface_generate_messages_py
[100%] Built target robot_movement_interface_generate_messages_lisp
[100%] Built target robot_movement_interface_generate_messages
