Symlinking /home/fu/workspaces/knob_kuka_ws/devel/share/robot_movement_interface/cmake/robot_movement_interfaceConfig.cmake
Symlinking /home/fu/workspaces/knob_kuka_ws/devel/share/robot_movement_interface/cmake/robot_movement_interface-msg-extras.cmake
Symlinking /home/fu/workspaces/knob_kuka_ws/devel/share/robot_movement_interface/cmake/robot_movement_interfaceConfig-version.cmake
Symlinking /home/fu/workspaces/knob_kuka_ws/devel/share/robot_movement_interface/cmake/robot_movement_interface-msg-paths.cmake
Symlinking /home/fu/workspaces/knob_kuka_ws/devel/share/robot_movement_interface/msg/CommandsAction.msg
Symlinking /home/fu/workspaces/knob_kuka_ws/devel/share/robot_movement_interface/msg/CommandsGoal.msg
Symlinking /home/fu/workspaces/knob_kuka_ws/devel/share/robot_movement_interface/msg/CommandsActionFeedback.msg
Symlinking /home/fu/workspaces/knob_kuka_ws/devel/share/robot_movement_interface/msg/CommandsActionGoal.msg
Symlinking /home/fu/workspaces/knob_kuka_ws/devel/share/robot_movement_interface/msg/CommandsFeedback.msg
Symlinking /home/fu/workspaces/knob_kuka_ws/devel/share/robot_movement_interface/msg/CommandsResult.msg
Symlinking /home/fu/workspaces/knob_kuka_ws/devel/share/robot_movement_interface/msg/CommandsActionResult.msg
Symlinking /home/fu/workspaces/knob_kuka_ws/devel/share/gennodejs/ros/robot_movement_interface/_index.js
Symlinking /home/fu/workspaces/knob_kuka_ws/devel/share/gennodejs/ros/robot_movement_interface/msg/RobotState.js
Symlinking /home/fu/workspaces/knob_kuka_ws/devel/share/gennodejs/ros/robot_movement_interface/msg/CommandsAction.js
Symlinking /home/fu/workspaces/knob_kuka_ws/devel/share/gennodejs/ros/robot_movement_interface/msg/CommandsActionFeedback.js
Symlinking /home/fu/workspaces/knob_kuka_ws/devel/share/gennodejs/ros/robot_movement_interface/msg/Result.js
Symlinking /home/fu/workspaces/knob_kuka_ws/devel/share/gennodejs/ros/robot_movement_interface/msg/CommandsActionResult.js
Symlinking /home/fu/workspaces/knob_kuka_ws/devel/share/gennodejs/ros/robot_movement_interface/msg/CommandList.js
Symlinking /home/fu/workspaces/knob_kuka_ws/devel/share/gennodejs/ros/robot_movement_interface/msg/CommandsResult.js
Symlinking /home/fu/workspaces/knob_kuka_ws/devel/share/gennodejs/ros/robot_movement_interface/msg/CommandsFeedback.js
Symlinking /home/fu/workspaces/knob_kuka_ws/devel/share/gennodejs/ros/robot_movement_interface/msg/Command.js
Symlinking /home/fu/workspaces/knob_kuka_ws/devel/share/gennodejs/ros/robot_movement_interface/msg/_index.js
Symlinking /home/fu/workspaces/knob_kuka_ws/devel/share/gennodejs/ros/robot_movement_interface/msg/CommandsGoal.js
Symlinking /home/fu/workspaces/knob_kuka_ws/devel/share/gennodejs/ros/robot_movement_interface/msg/EulerFrame.js
Symlinking /home/fu/workspaces/knob_kuka_ws/devel/share/gennodejs/ros/robot_movement_interface/msg/CommandsActionGoal.js
Symlinking /home/fu/workspaces/knob_kuka_ws/devel/share/roseus/ros/robot_movement_interface/manifest.l
Symlinking /home/fu/workspaces/knob_kuka_ws/devel/share/roseus/ros/robot_movement_interface/msg/RobotState.l
Symlinking /home/fu/workspaces/knob_kuka_ws/devel/share/roseus/ros/robot_movement_interface/msg/CommandsGoal.l
Symlinking /home/fu/workspaces/knob_kuka_ws/devel/share/roseus/ros/robot_movement_interface/msg/CommandsActionFeedback.l
Symlinking /home/fu/workspaces/knob_kuka_ws/devel/share/roseus/ros/robot_movement_interface/msg/CommandsAction.l
Symlinking /home/fu/workspaces/knob_kuka_ws/devel/share/roseus/ros/robot_movement_interface/msg/CommandsResult.l
Symlinking /home/fu/workspaces/knob_kuka_ws/devel/share/roseus/ros/robot_movement_interface/msg/Result.l
Symlinking /home/fu/workspaces/knob_kuka_ws/devel/share/roseus/ros/robot_movement_interface/msg/CommandsFeedback.l
Symlinking /home/fu/workspaces/knob_kuka_ws/devel/share/roseus/ros/robot_movement_interface/msg/Command.l
Symlinking /home/fu/workspaces/knob_kuka_ws/devel/share/roseus/ros/robot_movement_interface/msg/EulerFrame.l
Symlinking /home/fu/workspaces/knob_kuka_ws/devel/share/roseus/ros/robot_movement_interface/msg/CommandsActionResult.l
Symlinking /home/fu/workspaces/knob_kuka_ws/devel/share/roseus/ros/robot_movement_interface/msg/CommandList.l
Symlinking /home/fu/workspaces/knob_kuka_ws/devel/share/roseus/ros/robot_movement_interface/msg/CommandsActionGoal.l
Symlinking /home/fu/workspaces/knob_kuka_ws/devel/share/common-lisp/ros/robot_movement_interface/msg/_package.lisp
Symlinking /home/fu/workspaces/knob_kuka_ws/devel/share/common-lisp/ros/robot_movement_interface/msg/_package_Command.lisp
Symlinking /home/fu/workspaces/knob_kuka_ws/devel/share/common-lisp/ros/robot_movement_interface/msg/_package_CommandsActionFeedback.lisp
Symlinking /home/fu/workspaces/knob_kuka_ws/devel/share/common-lisp/ros/robot_movement_interface/msg/_package_CommandsActionGoal.lisp
Symlinking /home/fu/workspaces/knob_kuka_ws/devel/share/common-lisp/ros/robot_movement_interface/msg/Command.lisp
Symlinking /home/fu/workspaces/knob_kuka_ws/devel/share/common-lisp/ros/robot_movement_interface/msg/CommandsResult.lisp
Symlinking /home/fu/workspaces/knob_kuka_ws/devel/share/common-lisp/ros/robot_movement_interface/msg/CommandsFeedback.lisp
Symlinking /home/fu/workspaces/knob_kuka_ws/devel/share/common-lisp/ros/robot_movement_interface/msg/CommandsActionResult.lisp
Symlinking /home/fu/workspaces/knob_kuka_ws/devel/share/common-lisp/ros/robot_movement_interface/msg/_package_CommandsResult.lisp
Symlinking /home/fu/workspaces/knob_kuka_ws/devel/share/common-lisp/ros/robot_movement_interface/msg/RobotState.lisp
Symlinking /home/fu/workspaces/knob_kuka_ws/devel/share/common-lisp/ros/robot_movement_interface/msg/CommandsAction.lisp
Symlinking /home/fu/workspaces/knob_kuka_ws/devel/share/common-lisp/ros/robot_movement_interface/msg/_package_RobotState.lisp
Symlinking /home/fu/workspaces/knob_kuka_ws/devel/share/common-lisp/ros/robot_movement_interface/msg/CommandsActionGoal.lisp
Symlinking /home/fu/workspaces/knob_kuka_ws/devel/share/common-lisp/ros/robot_movement_interface/msg/CommandsGoal.lisp
Symlinking /home/fu/workspaces/knob_kuka_ws/devel/share/common-lisp/ros/robot_movement_interface/msg/EulerFrame.lisp
Symlinking /home/fu/workspaces/knob_kuka_ws/devel/share/common-lisp/ros/robot_movement_interface/msg/_package_CommandList.lisp
Symlinking /home/fu/workspaces/knob_kuka_ws/devel/share/common-lisp/ros/robot_movement_interface/msg/_package_CommandsAction.lisp
Symlinking /home/fu/workspaces/knob_kuka_ws/devel/share/common-lisp/ros/robot_movement_interface/msg/_package_EulerFrame.lisp
Symlinking /home/fu/workspaces/knob_kuka_ws/devel/share/common-lisp/ros/robot_movement_interface/msg/CommandList.lisp
Symlinking /home/fu/workspaces/knob_kuka_ws/devel/share/common-lisp/ros/robot_movement_interface/msg/_package_CommandsActionResult.lisp
Symlinking /home/fu/workspaces/knob_kuka_ws/devel/share/common-lisp/ros/robot_movement_interface/msg/CommandsActionFeedback.lisp
Symlinking /home/fu/workspaces/knob_kuka_ws/devel/share/common-lisp/ros/robot_movement_interface/msg/_package_CommandsGoal.lisp
Symlinking /home/fu/workspaces/knob_kuka_ws/devel/share/common-lisp/ros/robot_movement_interface/msg/robot_movement_interface-msg.asd
Symlinking /home/fu/workspaces/knob_kuka_ws/devel/share/common-lisp/ros/robot_movement_interface/msg/Result.lisp
Symlinking /home/fu/workspaces/knob_kuka_ws/devel/share/common-lisp/ros/robot_movement_interface/msg/_package_Result.lisp
Symlinking /home/fu/workspaces/knob_kuka_ws/devel/share/common-lisp/ros/robot_movement_interface/msg/_package_CommandsFeedback.lisp
Symlinking /home/fu/workspaces/knob_kuka_ws/devel/lib/pkgconfig/robot_movement_interface.pc
Symlinking /home/fu/workspaces/knob_kuka_ws/devel/lib/python3/dist-packages/robot_movement_interface/__init__.py
Symlinking /home/fu/workspaces/knob_kuka_ws/devel/lib/python3/dist-packages/robot_movement_interface/msg/_EulerFrame.py
Symlinking /home/fu/workspaces/knob_kuka_ws/devel/lib/python3/dist-packages/robot_movement_interface/msg/_CommandsAction.py
Symlinking /home/fu/workspaces/knob_kuka_ws/devel/lib/python3/dist-packages/robot_movement_interface/msg/_CommandsActionResult.py
Symlinking /home/fu/workspaces/knob_kuka_ws/devel/lib/python3/dist-packages/robot_movement_interface/msg/_Command.py
Symlinking /home/fu/workspaces/knob_kuka_ws/devel/lib/python3/dist-packages/robot_movement_interface/msg/_CommandsActionGoal.py
Symlinking /home/fu/workspaces/knob_kuka_ws/devel/lib/python3/dist-packages/robot_movement_interface/msg/_RobotState.py
Symlinking /home/fu/workspaces/knob_kuka_ws/devel/lib/python3/dist-packages/robot_movement_interface/msg/_Result.py
Symlinking /home/fu/workspaces/knob_kuka_ws/devel/lib/python3/dist-packages/robot_movement_interface/msg/_CommandsResult.py
Symlinking /home/fu/workspaces/knob_kuka_ws/devel/lib/python3/dist-packages/robot_movement_interface/msg/_CommandsGoal.py
Symlinking /home/fu/workspaces/knob_kuka_ws/devel/lib/python3/dist-packages/robot_movement_interface/msg/_CommandsFeedback.py
Symlinking /home/fu/workspaces/knob_kuka_ws/devel/lib/python3/dist-packages/robot_movement_interface/msg/_CommandList.py
Symlinking /home/fu/workspaces/knob_kuka_ws/devel/lib/python3/dist-packages/robot_movement_interface/msg/_CommandsActionFeedback.py
Symlinking /home/fu/workspaces/knob_kuka_ws/devel/lib/python3/dist-packages/robot_movement_interface/msg/__init__.py
Symlinking /home/fu/workspaces/knob_kuka_ws/devel/include/robot_movement_interface/Command.h
Symlinking /home/fu/workspaces/knob_kuka_ws/devel/include/robot_movement_interface/CommandsActionResult.h
Symlinking /home/fu/workspaces/knob_kuka_ws/devel/include/robot_movement_interface/RobotState.h
Symlinking /home/fu/workspaces/knob_kuka_ws/devel/include/robot_movement_interface/CommandList.h
Symlinking /home/fu/workspaces/knob_kuka_ws/devel/include/robot_movement_interface/CommandsActionGoal.h
Symlinking /home/fu/workspaces/knob_kuka_ws/devel/include/robot_movement_interface/CommandsActionFeedback.h
Symlinking /home/fu/workspaces/knob_kuka_ws/devel/include/robot_movement_interface/EulerFrame.h
Symlinking /home/fu/workspaces/knob_kuka_ws/devel/include/robot_movement_interface/CommandsFeedback.h
Symlinking /home/fu/workspaces/knob_kuka_ws/devel/include/robot_movement_interface/Result.h
Symlinking /home/fu/workspaces/knob_kuka_ws/devel/include/robot_movement_interface/CommandsAction.h
Symlinking /home/fu/workspaces/knob_kuka_ws/devel/include/robot_movement_interface/CommandsGoal.h
Symlinking /home/fu/workspaces/knob_kuka_ws/devel/include/robot_movement_interface/CommandsResult.h
