[35m[1mScanning dependencies of target _robot_movement_interface_generate_messages_check_deps_CommandsAction[0m
[  0%] Built target _robot_movement_interface_generate_messages_check_deps_CommandsAction
[35m[1mScanning dependencies of target _robot_movement_interface_generate_messages_check_deps_CommandsActionFeedback[0m
[  0%] Built target _robot_movement_interface_generate_messages_check_deps_CommandsActionFeedback
[35m[1mScanning dependencies of target _robot_movement_interface_generate_messages_check_deps_EulerFrame[0m
[  0%] Built target _robot_movement_interface_generate_messages_check_deps_EulerFrame
[35m[1mScanning dependencies of target _robot_movement_interface_generate_messages_check_deps_Result[0m
[  0%] Built target _robot_movement_interface_generate_messages_check_deps_Result
[35m[1mScanning dependencies of target _robot_movement_interface_generate_messages_check_deps_Command[0m
[  0%] Built target _robot_movement_interface_generate_messages_check_deps_Command
[35m[1mScanning dependencies of target _robot_movement_interface_generate_messages_check_deps_CommandList[0m
[  0%] Built target _robot_movement_interface_generate_messages_check_deps_CommandList
[35m[1mScanning dependencies of target std_msgs_generate_messages_eus[0m
[  0%] Built target std_msgs_generate_messages_eus
[35m[1mScanning dependencies of target _robot_movement_interface_generate_messages_check_deps_CommandsResult[0m
[  0%] Built target _robot_movement_interface_generate_messages_check_deps_CommandsResult
[35m[1mScanning dependencies of target _robot_movement_interface_generate_messages_check_deps_RobotState[0m
[  0%] Built target _robot_movement_interface_generate_messages_check_deps_RobotState
[35m[1mScanning dependencies of target _robot_movement_interface_generate_messages_check_deps_CommandsActionGoal[0m
[  0%] Built target _robot_movement_interface_generate_messages_check_deps_CommandsActionGoal
[35m[1mScanning dependencies of target _robot_movement_interface_generate_messages_check_deps_CommandsActionResult[0m
[  0%] Built target _robot_movement_interface_generate_messages_check_deps_CommandsActionResult
[35m[1mScanning dependencies of target _robot_movement_interface_generate_messages_check_deps_CommandsGoal[0m
[  0%] Built target _robot_movement_interface_generate_messages_check_deps_CommandsGoal
[35m[1mScanning dependencies of target _robot_movement_interface_generate_messages_check_deps_CommandsFeedback[0m
[  0%] Built target _robot_movement_interface_generate_messages_check_deps_CommandsFeedback
[35m[1mScanning dependencies of target actionlib_msgs_generate_messages_eus[0m
[  0%] Built target actionlib_msgs_generate_messages_eus
[35m[1mScanning dependencies of target std_msgs_generate_messages_cpp[0m
[  0%] Built target std_msgs_generate_messages_cpp
[35m[1mScanning dependencies of target actionlib_msgs_generate_messages_cpp[0m
[  0%] Built target actionlib_msgs_generate_messages_cpp
[35m[1mScanning dependencies of target std_msgs_generate_messages_nodejs[0m
[  0%] Built target std_msgs_generate_messages_nodejs
[35m[1mScanning dependencies of target actionlib_msgs_generate_messages_nodejs[0m
[  0%] Built target actionlib_msgs_generate_messages_nodejs
[35m[1mScanning dependencies of target std_msgs_generate_messages_py[0m
[  0%] Built target std_msgs_generate_messages_py
[35m[1mScanning dependencies of target actionlib_msgs_generate_messages_py[0m
[  0%] Built target actionlib_msgs_generate_messages_py
[35m[1mScanning dependencies of target actionlib_msgs_generate_messages_lisp[0m
[  0%] Built target actionlib_msgs_generate_messages_lisp
[35m[1mScanning dependencies of target std_msgs_generate_messages_lisp[0m
[  0%] Built target std_msgs_generate_messages_lisp
[35m[1mScanning dependencies of target robot_movement_interface_generate_messages_eus[0m
[  1%] [34m[1mGenerating EusLisp code from robot_movement_interface/Result.msg[0m
[  3%] [34m[1mGenerating EusLisp code from robot_movement_interface/Command.msg[0m
[  4%] [34m[1mGenerating EusLisp code from robot_movement_interface/CommandList.msg[0m
[  6%] [34m[1mGenerating EusLisp code from robot_movement_interface/EulerFrame.msg[0m
[  8%] [34m[1mGenerating EusLisp code from robot_movement_interface/RobotState.msg[0m
[  9%] [34m[1mGenerating EusLisp code from robot_movement_interface/CommandsAction.msg[0m
[ 11%] [34m[1mGenerating EusLisp code from robot_movement_interface/CommandsActionGoal.msg[0m
[ 12%] [34m[1mGenerating EusLisp code from robot_movement_interface/CommandsActionResult.msg[0m
[ 14%] [34m[1mGenerating EusLisp code from robot_movement_interface/CommandsActionFeedback.msg[0m
[ 16%] [34m[1mGenerating EusLisp code from robot_movement_interface/CommandsGoal.msg[0m
[ 17%] [34m[1mGenerating EusLisp code from robot_movement_interface/CommandsResult.msg[0m
[ 19%] [34m[1mGenerating EusLisp code from robot_movement_interface/CommandsFeedback.msg[0m
[ 20%] [34m[1mGenerating EusLisp manifest code for robot_movement_interface[0m
[ 20%] Built target robot_movement_interface_generate_messages_eus
[35m[1mScanning dependencies of target robot_movement_interface_generate_messages_cpp[0m
[35m[1mScanning dependencies of target robot_movement_interface_generate_messages_nodejs[0m
[ 22%] [34m[1mGenerating C++ code from robot_movement_interface/Result.msg[0m
[ 24%] [34m[1mGenerating Javascript code from robot_movement_interface/Result.msg[0m
[ 25%] [34m[1mGenerating Javascript code from robot_movement_interface/Command.msg[0m
[ 27%] [34m[1mGenerating C++ code from robot_movement_interface/Command.msg[0m
[ 29%] [34m[1mGenerating Javascript code from robot_movement_interface/CommandList.msg[0m
[ 30%] [34m[1mGenerating Javascript code from robot_movement_interface/EulerFrame.msg[0m
[ 32%] [34m[1mGenerating C++ code from robot_movement_interface/CommandList.msg[0m
[ 33%] [34m[1mGenerating Javascript code from robot_movement_interface/RobotState.msg[0m
[ 35%] [34m[1mGenerating Javascript code from robot_movement_interface/CommandsAction.msg[0m
[ 37%] [34m[1mGenerating C++ code from robot_movement_interface/EulerFrame.msg[0m
[ 38%] [34m[1mGenerating Javascript code from robot_movement_interface/CommandsActionGoal.msg[0m
[ 40%] [34m[1mGenerating Javascript code from robot_movement_interface/CommandsActionResult.msg[0m
[ 41%] [34m[1mGenerating C++ code from robot_movement_interface/RobotState.msg[0m
[ 43%] [34m[1mGenerating Javascript code from robot_movement_interface/CommandsActionFeedback.msg[0m
[ 45%] [34m[1mGenerating C++ code from robot_movement_interface/CommandsAction.msg[0m
[ 46%] [34m[1mGenerating Javascript code from robot_movement_interface/CommandsGoal.msg[0m
[ 48%] [34m[1mGenerating Javascript code from robot_movement_interface/CommandsFeedback.msg[0m
[ 50%] [34m[1mGenerating Javascript code from robot_movement_interface/CommandsResult.msg[0m
[ 51%] [34m[1mGenerating C++ code from robot_movement_interface/CommandsActionGoal.msg[0m
[ 51%] Built target robot_movement_interface_generate_messages_nodejs
[35m[1mScanning dependencies of target robot_movement_interface_generate_messages_py[0m
[35m[1mScanning dependencies of target robot_movement_interface_generate_messages_lisp[0m
[ 53%] [34m[1mGenerating Python from MSG robot_movement_interface/Result[0m
[ 54%] [34m[1mGenerating Lisp code from robot_movement_interface/Result.msg[0m
[ 56%] [34m[1mGenerating Lisp code from robot_movement_interface/Command.msg[0m
[ 58%] [34m[1mGenerating C++ code from robot_movement_interface/CommandsActionResult.msg[0m
[ 59%] [34m[1mGenerating Lisp code from robot_movement_interface/CommandList.msg[0m
[ 61%] [34m[1mGenerating Python from MSG robot_movement_interface/Command[0m
[ 62%] [34m[1mGenerating Lisp code from robot_movement_interface/EulerFrame.msg[0m
[ 64%] [34m[1mGenerating C++ code from robot_movement_interface/CommandsActionFeedback.msg[0m
[ 66%] [34m[1mGenerating Lisp code from robot_movement_interface/RobotState.msg[0m
[ 67%] [34m[1mGenerating C++ code from robot_movement_interface/CommandsGoal.msg[0m
[ 69%] [34m[1mGenerating Lisp code from robot_movement_interface/CommandsAction.msg[0m
[ 70%] [34m[1mGenerating Python from MSG robot_movement_interface/CommandList[0m
[ 72%] [34m[1mGenerating Lisp code from robot_movement_interface/CommandsActionGoal.msg[0m
[ 74%] [34m[1mGenerating C++ code from robot_movement_interface/CommandsResult.msg[0m
[ 75%] [34m[1mGenerating Lisp code from robot_movement_interface/CommandsActionResult.msg[0m
[ 77%] [34m[1mGenerating Python from MSG robot_movement_interface/EulerFrame[0m
[ 79%] [34m[1mGenerating Lisp code from robot_movement_interface/CommandsActionFeedback.msg[0m
[ 80%] [34m[1mGenerating C++ code from robot_movement_interface/CommandsFeedback.msg[0m
[ 82%] [34m[1mGenerating Lisp code from robot_movement_interface/CommandsGoal.msg[0m
[ 83%] [34m[1mGenerating Python from MSG robot_movement_interface/RobotState[0m
[ 85%] [34m[1mGenerating Lisp code from robot_movement_interface/CommandsResult.msg[0m
[ 85%] Built target robot_movement_interface_generate_messages_cpp
[ 87%] [34m[1mGenerating Lisp code from robot_movement_interface/CommandsFeedback.msg[0m
[ 88%] [34m[1mGenerating Python from MSG robot_movement_interface/CommandsAction[0m
[ 88%] Built target robot_movement_interface_generate_messages_lisp
[ 90%] [34m[1mGenerating Python from MSG robot_movement_interface/CommandsActionGoal[0m
[ 91%] [34m[1mGenerating Python from MSG robot_movement_interface/CommandsActionResult[0m
[ 93%] [34m[1mGenerating Python from MSG robot_movement_interface/CommandsActionFeedback[0m
[ 95%] [34m[1mGenerating Python from MSG robot_movement_interface/CommandsGoal[0m
[ 96%] [34m[1mGenerating Python from MSG robot_movement_interface/CommandsResult[0m
[ 98%] [34m[1mGenerating Python from MSG robot_movement_interface/CommandsFeedback[0m
[100%] [34m[1mGenerating Python msg __init__.py for robot_movement_interface[0m
[100%] Built target robot_movement_interface_generate_messages_py
[35m[1mScanning dependencies of target robot_movement_interface_generate_messages[0m
[100%] Built target robot_movement_interface_generate_messages
