Linked: (/home/fu/workspaces/knob_kuka_ws/devel/.private/robot_movement_interface/share/robot_movement_interface/cmake/robot_movement_interfaceConfig.cmake, /home/fu/workspaces/knob_kuka_ws/devel/share/robot_movement_interface/cmake/robot_movement_interfaceConfig.cmake)
Linked: (/home/fu/workspaces/knob_kuka_ws/devel/.private/robot_movement_interface/share/robot_movement_interface/cmake/robot_movement_interface-msg-extras.cmake, /home/fu/workspaces/knob_kuka_ws/devel/share/robot_movement_interface/cmake/robot_movement_interface-msg-extras.cmake)
Linked: (/home/fu/workspaces/knob_kuka_ws/devel/.private/robot_movement_interface/share/robot_movement_interface/cmake/robot_movement_interfaceConfig-version.cmake, /home/fu/workspaces/knob_kuka_ws/devel/share/robot_movement_interface/cmake/robot_movement_interfaceConfig-version.cmake)
Linked: (/home/fu/workspaces/knob_kuka_ws/devel/.private/robot_movement_interface/share/robot_movement_interface/cmake/robot_movement_interface-msg-paths.cmake, /home/fu/workspaces/knob_kuka_ws/devel/share/robot_movement_interface/cmake/robot_movement_interface-msg-paths.cmake)
Linked: (/home/fu/workspaces/knob_kuka_ws/devel/.private/robot_movement_interface/share/robot_movement_interface/msg/CommandsAction.msg, /home/fu/workspaces/knob_kuka_ws/devel/share/robot_movement_interface/msg/CommandsAction.msg)
Linked: (/home/fu/workspaces/knob_kuka_ws/devel/.private/robot_movement_interface/share/robot_movement_interface/msg/CommandsGoal.msg, /home/fu/workspaces/knob_kuka_ws/devel/share/robot_movement_interface/msg/CommandsGoal.msg)
Linked: (/home/fu/workspaces/knob_kuka_ws/devel/.private/robot_movement_interface/share/robot_movement_interface/msg/CommandsActionFeedback.msg, /home/fu/workspaces/knob_kuka_ws/devel/share/robot_movement_interface/msg/CommandsActionFeedback.msg)
Linked: (/home/fu/workspaces/knob_kuka_ws/devel/.private/robot_movement_interface/share/robot_movement_interface/msg/CommandsActionGoal.msg, /home/fu/workspaces/knob_kuka_ws/devel/share/robot_movement_interface/msg/CommandsActionGoal.msg)
Linked: (/home/fu/workspaces/knob_kuka_ws/devel/.private/robot_movement_interface/share/robot_movement_interface/msg/CommandsFeedback.msg, /home/fu/workspaces/knob_kuka_ws/devel/share/robot_movement_interface/msg/CommandsFeedback.msg)
Linked: (/home/fu/workspaces/knob_kuka_ws/devel/.private/robot_movement_interface/share/robot_movement_interface/msg/CommandsResult.msg, /home/fu/workspaces/knob_kuka_ws/devel/share/robot_movement_interface/msg/CommandsResult.msg)
Linked: (/home/fu/workspaces/knob_kuka_ws/devel/.private/robot_movement_interface/share/robot_movement_interface/msg/CommandsActionResult.msg, /home/fu/workspaces/knob_kuka_ws/devel/share/robot_movement_interface/msg/CommandsActionResult.msg)
Linked: (/home/fu/workspaces/knob_kuka_ws/devel/.private/robot_movement_interface/share/gennodejs/ros/robot_movement_interface/_index.js, /home/fu/workspaces/knob_kuka_ws/devel/share/gennodejs/ros/robot_movement_interface/_index.js)
Linked: (/home/fu/workspaces/knob_kuka_ws/devel/.private/robot_movement_interface/share/gennodejs/ros/robot_movement_interface/msg/RobotState.js, /home/fu/workspaces/knob_kuka_ws/devel/share/gennodejs/ros/robot_movement_interface/msg/RobotState.js)
Linked: (/home/fu/workspaces/knob_kuka_ws/devel/.private/robot_movement_interface/share/gennodejs/ros/robot_movement_interface/msg/CommandsAction.js, /home/fu/workspaces/knob_kuka_ws/devel/share/gennodejs/ros/robot_movement_interface/msg/CommandsAction.js)
Linked: (/home/fu/workspaces/knob_kuka_ws/devel/.private/robot_movement_interface/share/gennodejs/ros/robot_movement_interface/msg/CommandsActionFeedback.js, /home/fu/workspaces/knob_kuka_ws/devel/share/gennodejs/ros/robot_movement_interface/msg/CommandsActionFeedback.js)
Linked: (/home/fu/workspaces/knob_kuka_ws/devel/.private/robot_movement_interface/share/gennodejs/ros/robot_movement_interface/msg/Result.js, /home/fu/workspaces/knob_kuka_ws/devel/share/gennodejs/ros/robot_movement_interface/msg/Result.js)
Linked: (/home/fu/workspaces/knob_kuka_ws/devel/.private/robot_movement_interface/share/gennodejs/ros/robot_movement_interface/msg/CommandsActionResult.js, /home/fu/workspaces/knob_kuka_ws/devel/share/gennodejs/ros/robot_movement_interface/msg/CommandsActionResult.js)
Linked: (/home/fu/workspaces/knob_kuka_ws/devel/.private/robot_movement_interface/share/gennodejs/ros/robot_movement_interface/msg/CommandList.js, /home/fu/workspaces/knob_kuka_ws/devel/share/gennodejs/ros/robot_movement_interface/msg/CommandList.js)
Linked: (/home/fu/workspaces/knob_kuka_ws/devel/.private/robot_movement_interface/share/gennodejs/ros/robot_movement_interface/msg/CommandsResult.js, /home/fu/workspaces/knob_kuka_ws/devel/share/gennodejs/ros/robot_movement_interface/msg/CommandsResult.js)
Linked: (/home/fu/workspaces/knob_kuka_ws/devel/.private/robot_movement_interface/share/gennodejs/ros/robot_movement_interface/msg/CommandsFeedback.js, /home/fu/workspaces/knob_kuka_ws/devel/share/gennodejs/ros/robot_movement_interface/msg/CommandsFeedback.js)
Linked: (/home/fu/workspaces/knob_kuka_ws/devel/.private/robot_movement_interface/share/gennodejs/ros/robot_movement_interface/msg/Command.js, /home/fu/workspaces/knob_kuka_ws/devel/share/gennodejs/ros/robot_movement_interface/msg/Command.js)
Linked: (/home/fu/workspaces/knob_kuka_ws/devel/.private/robot_movement_interface/share/gennodejs/ros/robot_movement_interface/msg/_index.js, /home/fu/workspaces/knob_kuka_ws/devel/share/gennodejs/ros/robot_movement_interface/msg/_index.js)
Linked: (/home/fu/workspaces/knob_kuka_ws/devel/.private/robot_movement_interface/share/gennodejs/ros/robot_movement_interface/msg/CommandsGoal.js, /home/fu/workspaces/knob_kuka_ws/devel/share/gennodejs/ros/robot_movement_interface/msg/CommandsGoal.js)
Linked: (/home/fu/workspaces/knob_kuka_ws/devel/.private/robot_movement_interface/share/gennodejs/ros/robot_movement_interface/msg/EulerFrame.js, /home/fu/workspaces/knob_kuka_ws/devel/share/gennodejs/ros/robot_movement_interface/msg/EulerFrame.js)
Linked: (/home/fu/workspaces/knob_kuka_ws/devel/.private/robot_movement_interface/share/gennodejs/ros/robot_movement_interface/msg/CommandsActionGoal.js, /home/fu/workspaces/knob_kuka_ws/devel/share/gennodejs/ros/robot_movement_interface/msg/CommandsActionGoal.js)
Linked: (/home/fu/workspaces/knob_kuka_ws/devel/.private/robot_movement_interface/share/roseus/ros/robot_movement_interface/manifest.l, /home/fu/workspaces/knob_kuka_ws/devel/share/roseus/ros/robot_movement_interface/manifest.l)
Linked: (/home/fu/workspaces/knob_kuka_ws/devel/.private/robot_movement_interface/share/roseus/ros/robot_movement_interface/msg/RobotState.l, /home/fu/workspaces/knob_kuka_ws/devel/share/roseus/ros/robot_movement_interface/msg/RobotState.l)
Linked: (/home/fu/workspaces/knob_kuka_ws/devel/.private/robot_movement_interface/share/roseus/ros/robot_movement_interface/msg/CommandsGoal.l, /home/fu/workspaces/knob_kuka_ws/devel/share/roseus/ros/robot_movement_interface/msg/CommandsGoal.l)
Linked: (/home/fu/workspaces/knob_kuka_ws/devel/.private/robot_movement_interface/share/roseus/ros/robot_movement_interface/msg/CommandsActionFeedback.l, /home/fu/workspaces/knob_kuka_ws/devel/share/roseus/ros/robot_movement_interface/msg/CommandsActionFeedback.l)
Linked: (/home/fu/workspaces/knob_kuka_ws/devel/.private/robot_movement_interface/share/roseus/ros/robot_movement_interface/msg/CommandsAction.l, /home/fu/workspaces/knob_kuka_ws/devel/share/roseus/ros/robot_movement_interface/msg/CommandsAction.l)
Linked: (/home/fu/workspaces/knob_kuka_ws/devel/.private/robot_movement_interface/share/roseus/ros/robot_movement_interface/msg/CommandsResult.l, /home/fu/workspaces/knob_kuka_ws/devel/share/roseus/ros/robot_movement_interface/msg/CommandsResult.l)
Linked: (/home/fu/workspaces/knob_kuka_ws/devel/.private/robot_movement_interface/share/roseus/ros/robot_movement_interface/msg/Result.l, /home/fu/workspaces/knob_kuka_ws/devel/share/roseus/ros/robot_movement_interface/msg/Result.l)
Linked: (/home/fu/workspaces/knob_kuka_ws/devel/.private/robot_movement_interface/share/roseus/ros/robot_movement_interface/msg/CommandsFeedback.l, /home/fu/workspaces/knob_kuka_ws/devel/share/roseus/ros/robot_movement_interface/msg/CommandsFeedback.l)
Linked: (/home/fu/workspaces/knob_kuka_ws/devel/.private/robot_movement_interface/share/roseus/ros/robot_movement_interface/msg/Command.l, /home/fu/workspaces/knob_kuka_ws/devel/share/roseus/ros/robot_movement_interface/msg/Command.l)
Linked: (/home/fu/workspaces/knob_kuka_ws/devel/.private/robot_movement_interface/share/roseus/ros/robot_movement_interface/msg/EulerFrame.l, /home/fu/workspaces/knob_kuka_ws/devel/share/roseus/ros/robot_movement_interface/msg/EulerFrame.l)
Linked: (/home/fu/workspaces/knob_kuka_ws/devel/.private/robot_movement_interface/share/roseus/ros/robot_movement_interface/msg/CommandsActionResult.l, /home/fu/workspaces/knob_kuka_ws/devel/share/roseus/ros/robot_movement_interface/msg/CommandsActionResult.l)
Linked: (/home/fu/workspaces/knob_kuka_ws/devel/.private/robot_movement_interface/share/roseus/ros/robot_movement_interface/msg/CommandList.l, /home/fu/workspaces/knob_kuka_ws/devel/share/roseus/ros/robot_movement_interface/msg/CommandList.l)
Linked: (/home/fu/workspaces/knob_kuka_ws/devel/.private/robot_movement_interface/share/roseus/ros/robot_movement_interface/msg/CommandsActionGoal.l, /home/fu/workspaces/knob_kuka_ws/devel/share/roseus/ros/robot_movement_interface/msg/CommandsActionGoal.l)
Linked: (/home/fu/workspaces/knob_kuka_ws/devel/.private/robot_movement_interface/share/common-lisp/ros/robot_movement_interface/msg/_package.lisp, /home/fu/workspaces/knob_kuka_ws/devel/share/common-lisp/ros/robot_movement_interface/msg/_package.lisp)
Linked: (/home/fu/workspaces/knob_kuka_ws/devel/.private/robot_movement_interface/share/common-lisp/ros/robot_movement_interface/msg/_package_Command.lisp, /home/fu/workspaces/knob_kuka_ws/devel/share/common-lisp/ros/robot_movement_interface/msg/_package_Command.lisp)
Linked: (/home/fu/workspaces/knob_kuka_ws/devel/.private/robot_movement_interface/share/common-lisp/ros/robot_movement_interface/msg/_package_CommandsActionFeedback.lisp, /home/fu/workspaces/knob_kuka_ws/devel/share/common-lisp/ros/robot_movement_interface/msg/_package_CommandsActionFeedback.lisp)
Linked: (/home/fu/workspaces/knob_kuka_ws/devel/.private/robot_movement_interface/share/common-lisp/ros/robot_movement_interface/msg/_package_CommandsActionGoal.lisp, /home/fu/workspaces/knob_kuka_ws/devel/share/common-lisp/ros/robot_movement_interface/msg/_package_CommandsActionGoal.lisp)
Linked: (/home/fu/workspaces/knob_kuka_ws/devel/.private/robot_movement_interface/share/common-lisp/ros/robot_movement_interface/msg/Command.lisp, /home/fu/workspaces/knob_kuka_ws/devel/share/common-lisp/ros/robot_movement_interface/msg/Command.lisp)
Linked: (/home/fu/workspaces/knob_kuka_ws/devel/.private/robot_movement_interface/share/common-lisp/ros/robot_movement_interface/msg/CommandsResult.lisp, /home/fu/workspaces/knob_kuka_ws/devel/share/common-lisp/ros/robot_movement_interface/msg/CommandsResult.lisp)
Linked: (/home/fu/workspaces/knob_kuka_ws/devel/.private/robot_movement_interface/share/common-lisp/ros/robot_movement_interface/msg/CommandsFeedback.lisp, /home/fu/workspaces/knob_kuka_ws/devel/share/common-lisp/ros/robot_movement_interface/msg/CommandsFeedback.lisp)
Linked: (/home/fu/workspaces/knob_kuka_ws/devel/.private/robot_movement_interface/share/common-lisp/ros/robot_movement_interface/msg/CommandsActionResult.lisp, /home/fu/workspaces/knob_kuka_ws/devel/share/common-lisp/ros/robot_movement_interface/msg/CommandsActionResult.lisp)
Linked: (/home/fu/workspaces/knob_kuka_ws/devel/.private/robot_movement_interface/share/common-lisp/ros/robot_movement_interface/msg/_package_CommandsResult.lisp, /home/fu/workspaces/knob_kuka_ws/devel/share/common-lisp/ros/robot_movement_interface/msg/_package_CommandsResult.lisp)
Linked: (/home/fu/workspaces/knob_kuka_ws/devel/.private/robot_movement_interface/share/common-lisp/ros/robot_movement_interface/msg/RobotState.lisp, /home/fu/workspaces/knob_kuka_ws/devel/share/common-lisp/ros/robot_movement_interface/msg/RobotState.lisp)
Linked: (/home/fu/workspaces/knob_kuka_ws/devel/.private/robot_movement_interface/share/common-lisp/ros/robot_movement_interface/msg/CommandsAction.lisp, /home/fu/workspaces/knob_kuka_ws/devel/share/common-lisp/ros/robot_movement_interface/msg/CommandsAction.lisp)
Linked: (/home/fu/workspaces/knob_kuka_ws/devel/.private/robot_movement_interface/share/common-lisp/ros/robot_movement_interface/msg/_package_RobotState.lisp, /home/fu/workspaces/knob_kuka_ws/devel/share/common-lisp/ros/robot_movement_interface/msg/_package_RobotState.lisp)
Linked: (/home/fu/workspaces/knob_kuka_ws/devel/.private/robot_movement_interface/share/common-lisp/ros/robot_movement_interface/msg/CommandsActionGoal.lisp, /home/fu/workspaces/knob_kuka_ws/devel/share/common-lisp/ros/robot_movement_interface/msg/CommandsActionGoal.lisp)
Linked: (/home/fu/workspaces/knob_kuka_ws/devel/.private/robot_movement_interface/share/common-lisp/ros/robot_movement_interface/msg/CommandsGoal.lisp, /home/fu/workspaces/knob_kuka_ws/devel/share/common-lisp/ros/robot_movement_interface/msg/CommandsGoal.lisp)
Linked: (/home/fu/workspaces/knob_kuka_ws/devel/.private/robot_movement_interface/share/common-lisp/ros/robot_movement_interface/msg/EulerFrame.lisp, /home/fu/workspaces/knob_kuka_ws/devel/share/common-lisp/ros/robot_movement_interface/msg/EulerFrame.lisp)
Linked: (/home/fu/workspaces/knob_kuka_ws/devel/.private/robot_movement_interface/share/common-lisp/ros/robot_movement_interface/msg/_package_CommandList.lisp, /home/fu/workspaces/knob_kuka_ws/devel/share/common-lisp/ros/robot_movement_interface/msg/_package_CommandList.lisp)
Linked: (/home/fu/workspaces/knob_kuka_ws/devel/.private/robot_movement_interface/share/common-lisp/ros/robot_movement_interface/msg/_package_CommandsAction.lisp, /home/fu/workspaces/knob_kuka_ws/devel/share/common-lisp/ros/robot_movement_interface/msg/_package_CommandsAction.lisp)
Linked: (/home/fu/workspaces/knob_kuka_ws/devel/.private/robot_movement_interface/share/common-lisp/ros/robot_movement_interface/msg/_package_EulerFrame.lisp, /home/fu/workspaces/knob_kuka_ws/devel/share/common-lisp/ros/robot_movement_interface/msg/_package_EulerFrame.lisp)
Linked: (/home/fu/workspaces/knob_kuka_ws/devel/.private/robot_movement_interface/share/common-lisp/ros/robot_movement_interface/msg/CommandList.lisp, /home/fu/workspaces/knob_kuka_ws/devel/share/common-lisp/ros/robot_movement_interface/msg/CommandList.lisp)
Linked: (/home/fu/workspaces/knob_kuka_ws/devel/.private/robot_movement_interface/share/common-lisp/ros/robot_movement_interface/msg/_package_CommandsActionResult.lisp, /home/fu/workspaces/knob_kuka_ws/devel/share/common-lisp/ros/robot_movement_interface/msg/_package_CommandsActionResult.lisp)
Linked: (/home/fu/workspaces/knob_kuka_ws/devel/.private/robot_movement_interface/share/common-lisp/ros/robot_movement_interface/msg/CommandsActionFeedback.lisp, /home/fu/workspaces/knob_kuka_ws/devel/share/common-lisp/ros/robot_movement_interface/msg/CommandsActionFeedback.lisp)
Linked: (/home/fu/workspaces/knob_kuka_ws/devel/.private/robot_movement_interface/share/common-lisp/ros/robot_movement_interface/msg/_package_CommandsGoal.lisp, /home/fu/workspaces/knob_kuka_ws/devel/share/common-lisp/ros/robot_movement_interface/msg/_package_CommandsGoal.lisp)
Linked: (/home/fu/workspaces/knob_kuka_ws/devel/.private/robot_movement_interface/share/common-lisp/ros/robot_movement_interface/msg/robot_movement_interface-msg.asd, /home/fu/workspaces/knob_kuka_ws/devel/share/common-lisp/ros/robot_movement_interface/msg/robot_movement_interface-msg.asd)
Linked: (/home/fu/workspaces/knob_kuka_ws/devel/.private/robot_movement_interface/share/common-lisp/ros/robot_movement_interface/msg/Result.lisp, /home/fu/workspaces/knob_kuka_ws/devel/share/common-lisp/ros/robot_movement_interface/msg/Result.lisp)
Linked: (/home/fu/workspaces/knob_kuka_ws/devel/.private/robot_movement_interface/share/common-lisp/ros/robot_movement_interface/msg/_package_Result.lisp, /home/fu/workspaces/knob_kuka_ws/devel/share/common-lisp/ros/robot_movement_interface/msg/_package_Result.lisp)
Linked: (/home/fu/workspaces/knob_kuka_ws/devel/.private/robot_movement_interface/share/common-lisp/ros/robot_movement_interface/msg/_package_CommandsFeedback.lisp, /home/fu/workspaces/knob_kuka_ws/devel/share/common-lisp/ros/robot_movement_interface/msg/_package_CommandsFeedback.lisp)
Linked: (/home/fu/workspaces/knob_kuka_ws/devel/.private/robot_movement_interface/lib/pkgconfig/robot_movement_interface.pc, /home/fu/workspaces/knob_kuka_ws/devel/lib/pkgconfig/robot_movement_interface.pc)
Linked: (/home/fu/workspaces/knob_kuka_ws/devel/.private/robot_movement_interface/lib/python3/dist-packages/robot_movement_interface/__init__.py, /home/fu/workspaces/knob_kuka_ws/devel/lib/python3/dist-packages/robot_movement_interface/__init__.py)
Linked: (/home/fu/workspaces/knob_kuka_ws/devel/.private/robot_movement_interface/lib/python3/dist-packages/robot_movement_interface/msg/_EulerFrame.py, /home/fu/workspaces/knob_kuka_ws/devel/lib/python3/dist-packages/robot_movement_interface/msg/_EulerFrame.py)
Linked: (/home/fu/workspaces/knob_kuka_ws/devel/.private/robot_movement_interface/lib/python3/dist-packages/robot_movement_interface/msg/_CommandsAction.py, /home/fu/workspaces/knob_kuka_ws/devel/lib/python3/dist-packages/robot_movement_interface/msg/_CommandsAction.py)
Linked: (/home/fu/workspaces/knob_kuka_ws/devel/.private/robot_movement_interface/lib/python3/dist-packages/robot_movement_interface/msg/_CommandsActionResult.py, /home/fu/workspaces/knob_kuka_ws/devel/lib/python3/dist-packages/robot_movement_interface/msg/_CommandsActionResult.py)
Linked: (/home/fu/workspaces/knob_kuka_ws/devel/.private/robot_movement_interface/lib/python3/dist-packages/robot_movement_interface/msg/_Command.py, /home/fu/workspaces/knob_kuka_ws/devel/lib/python3/dist-packages/robot_movement_interface/msg/_Command.py)
Linked: (/home/fu/workspaces/knob_kuka_ws/devel/.private/robot_movement_interface/lib/python3/dist-packages/robot_movement_interface/msg/_CommandsActionGoal.py, /home/fu/workspaces/knob_kuka_ws/devel/lib/python3/dist-packages/robot_movement_interface/msg/_CommandsActionGoal.py)
Linked: (/home/fu/workspaces/knob_kuka_ws/devel/.private/robot_movement_interface/lib/python3/dist-packages/robot_movement_interface/msg/_RobotState.py, /home/fu/workspaces/knob_kuka_ws/devel/lib/python3/dist-packages/robot_movement_interface/msg/_RobotState.py)
Linked: (/home/fu/workspaces/knob_kuka_ws/devel/.private/robot_movement_interface/lib/python3/dist-packages/robot_movement_interface/msg/_Result.py, /home/fu/workspaces/knob_kuka_ws/devel/lib/python3/dist-packages/robot_movement_interface/msg/_Result.py)
Linked: (/home/fu/workspaces/knob_kuka_ws/devel/.private/robot_movement_interface/lib/python3/dist-packages/robot_movement_interface/msg/_CommandsResult.py, /home/fu/workspaces/knob_kuka_ws/devel/lib/python3/dist-packages/robot_movement_interface/msg/_CommandsResult.py)
Linked: (/home/fu/workspaces/knob_kuka_ws/devel/.private/robot_movement_interface/lib/python3/dist-packages/robot_movement_interface/msg/_CommandsGoal.py, /home/fu/workspaces/knob_kuka_ws/devel/lib/python3/dist-packages/robot_movement_interface/msg/_CommandsGoal.py)
Linked: (/home/fu/workspaces/knob_kuka_ws/devel/.private/robot_movement_interface/lib/python3/dist-packages/robot_movement_interface/msg/_CommandsFeedback.py, /home/fu/workspaces/knob_kuka_ws/devel/lib/python3/dist-packages/robot_movement_interface/msg/_CommandsFeedback.py)
Linked: (/home/fu/workspaces/knob_kuka_ws/devel/.private/robot_movement_interface/lib/python3/dist-packages/robot_movement_interface/msg/_CommandList.py, /home/fu/workspaces/knob_kuka_ws/devel/lib/python3/dist-packages/robot_movement_interface/msg/_CommandList.py)
Linked: (/home/fu/workspaces/knob_kuka_ws/devel/.private/robot_movement_interface/lib/python3/dist-packages/robot_movement_interface/msg/_CommandsActionFeedback.py, /home/fu/workspaces/knob_kuka_ws/devel/lib/python3/dist-packages/robot_movement_interface/msg/_CommandsActionFeedback.py)
Linked: (/home/fu/workspaces/knob_kuka_ws/devel/.private/robot_movement_interface/lib/python3/dist-packages/robot_movement_interface/msg/__init__.py, /home/fu/workspaces/knob_kuka_ws/devel/lib/python3/dist-packages/robot_movement_interface/msg/__init__.py)
Linked: (/home/fu/workspaces/knob_kuka_ws/devel/.private/robot_movement_interface/include/robot_movement_interface/Command.h, /home/fu/workspaces/knob_kuka_ws/devel/include/robot_movement_interface/Command.h)
Linked: (/home/fu/workspaces/knob_kuka_ws/devel/.private/robot_movement_interface/include/robot_movement_interface/CommandsActionResult.h, /home/fu/workspaces/knob_kuka_ws/devel/include/robot_movement_interface/CommandsActionResult.h)
Linked: (/home/fu/workspaces/knob_kuka_ws/devel/.private/robot_movement_interface/include/robot_movement_interface/RobotState.h, /home/fu/workspaces/knob_kuka_ws/devel/include/robot_movement_interface/RobotState.h)
Linked: (/home/fu/workspaces/knob_kuka_ws/devel/.private/robot_movement_interface/include/robot_movement_interface/CommandList.h, /home/fu/workspaces/knob_kuka_ws/devel/include/robot_movement_interface/CommandList.h)
Linked: (/home/fu/workspaces/knob_kuka_ws/devel/.private/robot_movement_interface/include/robot_movement_interface/CommandsActionGoal.h, /home/fu/workspaces/knob_kuka_ws/devel/include/robot_movement_interface/CommandsActionGoal.h)
Linked: (/home/fu/workspaces/knob_kuka_ws/devel/.private/robot_movement_interface/include/robot_movement_interface/CommandsActionFeedback.h, /home/fu/workspaces/knob_kuka_ws/devel/include/robot_movement_interface/CommandsActionFeedback.h)
Linked: (/home/fu/workspaces/knob_kuka_ws/devel/.private/robot_movement_interface/include/robot_movement_interface/EulerFrame.h, /home/fu/workspaces/knob_kuka_ws/devel/include/robot_movement_interface/EulerFrame.h)
Linked: (/home/fu/workspaces/knob_kuka_ws/devel/.private/robot_movement_interface/include/robot_movement_interface/CommandsFeedback.h, /home/fu/workspaces/knob_kuka_ws/devel/include/robot_movement_interface/CommandsFeedback.h)
Linked: (/home/fu/workspaces/knob_kuka_ws/devel/.private/robot_movement_interface/include/robot_movement_interface/Result.h, /home/fu/workspaces/knob_kuka_ws/devel/include/robot_movement_interface/Result.h)
Linked: (/home/fu/workspaces/knob_kuka_ws/devel/.private/robot_movement_interface/include/robot_movement_interface/CommandsAction.h, /home/fu/workspaces/knob_kuka_ws/devel/include/robot_movement_interface/CommandsAction.h)
Linked: (/home/fu/workspaces/knob_kuka_ws/devel/.private/robot_movement_interface/include/robot_movement_interface/CommandsGoal.h, /home/fu/workspaces/knob_kuka_ws/devel/include/robot_movement_interface/CommandsGoal.h)
Linked: (/home/fu/workspaces/knob_kuka_ws/devel/.private/robot_movement_interface/include/robot_movement_interface/CommandsResult.h, /home/fu/workspaces/knob_kuka_ws/devel/include/robot_movement_interface/CommandsResult.h)
