Symlinking /home/fu/workspaces/knob_kuka_ws/devel/share/gennodejs/ros/middleware_msgs/_index.js
Symlinking /home/fu/workspaces/knob_kuka_ws/devel/share/gennodejs/ros/middleware_msgs/msg/StatusLevelsEnum.js
Symlinking /home/fu/workspaces/knob_kuka_ws/devel/share/gennodejs/ros/middleware_msgs/msg/Status.js
Symlinking /home/fu/workspaces/knob_kuka_ws/devel/share/gennodejs/ros/middleware_msgs/msg/_index.js
Symlinking /home/fu/workspaces/knob_kuka_ws/devel/share/roseus/ros/middleware_msgs/manifest.l
Symlinking /home/fu/workspaces/knob_kuka_ws/devel/share/roseus/ros/middleware_msgs/msg/StatusLevelsEnum.l
Symlinking /home/fu/workspaces/knob_kuka_ws/devel/share/roseus/ros/middleware_msgs/msg/Status.l
Symlinking /home/fu/workspaces/knob_kuka_ws/devel/share/common-lisp/ros/middleware_msgs/msg/_package.lisp
Symlinking /home/fu/workspaces/knob_kuka_ws/devel/share/common-lisp/ros/middleware_msgs/msg/StatusLevelsEnum.lisp
Symlinking /home/fu/workspaces/knob_kuka_ws/devel/share/common-lisp/ros/middleware_msgs/msg/_package_StatusLevelsEnum.lisp
Symlinking /home/fu/workspaces/knob_kuka_ws/devel/share/common-lisp/ros/middleware_msgs/msg/Status.lisp
Symlinking /home/fu/workspaces/knob_kuka_ws/devel/share/common-lisp/ros/middleware_msgs/msg/middleware_msgs-msg.asd
Symlinking /home/fu/workspaces/knob_kuka_ws/devel/share/common-lisp/ros/middleware_msgs/msg/_package_Status.lisp
Symlinking /home/fu/workspaces/knob_kuka_ws/devel/share/middleware_msgs/cmake/middleware_msgsConfig-version.cmake
Symlinking /home/fu/workspaces/knob_kuka_ws/devel/share/middleware_msgs/cmake/middleware_msgs-msg-paths.cmake
Symlinking /home/fu/workspaces/knob_kuka_ws/devel/share/middleware_msgs/cmake/middleware_msgs-msg-extras.cmake
Symlinking /home/fu/workspaces/knob_kuka_ws/devel/share/middleware_msgs/cmake/middleware_msgsConfig.cmake
Symlinking /home/fu/workspaces/knob_kuka_ws/devel/lib/pkgconfig/middleware_msgs.pc
Symlinking /home/fu/workspaces/knob_kuka_ws/devel/lib/python3/dist-packages/middleware_msgs/__init__.py
Symlinking /home/fu/workspaces/knob_kuka_ws/devel/lib/python3/dist-packages/middleware_msgs/msg/_StatusLevelsEnum.py
Symlinking /home/fu/workspaces/knob_kuka_ws/devel/lib/python3/dist-packages/middleware_msgs/msg/__init__.py
Symlinking /home/fu/workspaces/knob_kuka_ws/devel/lib/python3/dist-packages/middleware_msgs/msg/_Status.py
Symlinking /home/fu/workspaces/knob_kuka_ws/devel/include/middleware_msgs/Status.h
Symlinking /home/fu/workspaces/knob_kuka_ws/devel/include/middleware_msgs/StatusLevelsEnum.h
