[35m[1mScanning dependencies of target _middleware_msgs_generate_messages_check_deps_Status[0m
[  0%] Built target _middleware_msgs_generate_messages_check_deps_Status
[35m[1mScanning dependencies of target std_msgs_generate_messages_eus[0m
[  0%] Built target std_msgs_generate_messages_eus
[35m[1mScanning dependencies of target _middleware_msgs_generate_messages_check_deps_StatusLevelsEnum[0m
[  0%] Built target _middleware_msgs_generate_messages_check_deps_StatusLevelsEnum
[35m[1mScanning dependencies of target std_msgs_generate_messages_lisp[0m
[  0%] Built target std_msgs_generate_messages_lisp
[35m[1mScanning dependencies of target std_msgs_generate_messages_py[0m
[  0%] Built target std_msgs_generate_messages_py
[35m[1mScanning dependencies of target std_msgs_generate_messages_cpp[0m
[35m[1mScanning dependencies of target std_msgs_generate_messages_nodejs[0m
[  0%] Built target std_msgs_generate_messages_nodejs
[  0%] Built target std_msgs_generate_messages_cpp
[35m[1mScanning dependencies of target middleware_msgs_generate_messages_eus[0m
[  8%] [34m[1mGenerating EusLisp code from middleware_msgs/Status.msg[0m
[ 16%] [34m[1mGenerating EusLisp code from middleware_msgs/StatusLevelsEnum.msg[0m
[ 25%] [34m[1mGenerating EusLisp manifest code for middleware_msgs[0m
[ 25%] Built target middleware_msgs_generate_messages_eus
[35m[1mScanning dependencies of target middleware_msgs_generate_messages_lisp[0m
[ 33%] [34m[1mGenerating Lisp code from middleware_msgs/Status.msg[0m
[ 41%] [34m[1mGenerating Lisp code from middleware_msgs/StatusLevelsEnum.msg[0m
[ 41%] Built target middleware_msgs_generate_messages_lisp
[35m[1mScanning dependencies of target middleware_msgs_generate_messages_py[0m
[ 50%] [34m[1mGenerating Python from MSG middleware_msgs/Status[0m
[35m[1mScanning dependencies of target middleware_msgs_generate_messages_cpp[0m
[ 58%] [34m[1mGenerating C++ code from middleware_msgs/Status.msg[0m
[ 66%] [34m[1mGenerating Python from MSG middleware_msgs/StatusLevelsEnum[0m
[ 75%] [34m[1mGenerating C++ code from middleware_msgs/StatusLevelsEnum.msg[0m
[ 75%] Built target middleware_msgs_generate_messages_cpp
[ 83%] [34m[1mGenerating Python msg __init__.py for middleware_msgs[0m
[35m[1mScanning dependencies of target middleware_msgs_generate_messages_nodejs[0m
[ 91%] [34m[1mGenerating Javascript code from middleware_msgs/Status.msg[0m
[100%] [34m[1mGenerating Javascript code from middleware_msgs/StatusLevelsEnum.msg[0m
[100%] Built target middleware_msgs_generate_messages_py
[100%] Built target middleware_msgs_generate_messages_nodejs
[35m[1mScanning dependencies of target middleware_msgs_generate_messages[0m
[100%] Built target middleware_msgs_generate_messages
