Symlinking /home/fu/workspaces/knob_kuka_ws/devel/share/fir_sme_gripper_msgs/cmake/fir_sme_gripper_msgs-msg-extras.cmake
Symlinking /home/fu/workspaces/knob_kuka_ws/devel/share/fir_sme_gripper_msgs/cmake/fir_sme_gripper_msgs-msg-paths.cmake
Symlinking /home/fu/workspaces/knob_kuka_ws/devel/share/fir_sme_gripper_msgs/cmake/fir_sme_gripper_msgsConfig.cmake
Symlinking /home/fu/workspaces/knob_kuka_ws/devel/share/fir_sme_gripper_msgs/cmake/fir_sme_gripper_msgsConfig-version.cmake
Symlinking /home/fu/workspaces/knob_kuka_ws/devel/share/gennodejs/ros/fir_sme_gripper_msgs/_index.js
Symlinking /home/fu/workspaces/knob_kuka_ws/devel/share/gennodejs/ros/fir_sme_gripper_msgs/msg/Command.js
Symlinking /home/fu/workspaces/knob_kuka_ws/devel/share/gennodejs/ros/fir_sme_gripper_msgs/msg/_index.js
Symlinking /home/fu/workspaces/knob_kuka_ws/devel/share/gennodejs/ros/fir_sme_gripper_msgs/msg/State.js
Symlinking /home/fu/workspaces/knob_kuka_ws/devel/share/roseus/ros/fir_sme_gripper_msgs/manifest.l
Symlinking /home/fu/workspaces/knob_kuka_ws/devel/share/roseus/ros/fir_sme_gripper_msgs/msg/State.l
Symlinking /home/fu/workspaces/knob_kuka_ws/devel/share/roseus/ros/fir_sme_gripper_msgs/msg/Command.l
Symlinking /home/fu/workspaces/knob_kuka_ws/devel/share/common-lisp/ros/fir_sme_gripper_msgs/msg/_package.lisp
Symlinking /home/fu/workspaces/knob_kuka_ws/devel/share/common-lisp/ros/fir_sme_gripper_msgs/msg/_package_Command.lisp
Symlinking /home/fu/workspaces/knob_kuka_ws/devel/share/common-lisp/ros/fir_sme_gripper_msgs/msg/Command.lisp
Symlinking /home/fu/workspaces/knob_kuka_ws/devel/share/common-lisp/ros/fir_sme_gripper_msgs/msg/fir_sme_gripper_msgs-msg.asd
Symlinking /home/fu/workspaces/knob_kuka_ws/devel/share/common-lisp/ros/fir_sme_gripper_msgs/msg/State.lisp
Symlinking /home/fu/workspaces/knob_kuka_ws/devel/share/common-lisp/ros/fir_sme_gripper_msgs/msg/_package_State.lisp
Symlinking /home/fu/workspaces/knob_kuka_ws/devel/lib/pkgconfig/fir_sme_gripper_msgs.pc
Symlinking /home/fu/workspaces/knob_kuka_ws/devel/lib/python3/dist-packages/fir_sme_gripper_msgs/__init__.py
Symlinking /home/fu/workspaces/knob_kuka_ws/devel/lib/python3/dist-packages/fir_sme_gripper_msgs/msg/_State.py
Symlinking /home/fu/workspaces/knob_kuka_ws/devel/lib/python3/dist-packages/fir_sme_gripper_msgs/msg/_Command.py
Symlinking /home/fu/workspaces/knob_kuka_ws/devel/lib/python3/dist-packages/fir_sme_gripper_msgs/msg/__init__.py
Symlinking /home/fu/workspaces/knob_kuka_ws/devel/include/fir_sme_gripper_msgs/Command.h
Symlinking /home/fu/workspaces/knob_kuka_ws/devel/include/fir_sme_gripper_msgs/State.h
