[35m[1mScanning dependencies of target _fir_sme_gripper_msgs_generate_messages_check_deps_State[0m
[  0%] Built target _fir_sme_gripper_msgs_generate_messages_check_deps_State
[35m[1mScanning dependencies of target std_msgs_generate_messages_lisp[0m
[  0%] Built target std_msgs_generate_messages_lisp
[35m[1mScanning dependencies of target _fir_sme_gripper_msgs_generate_messages_check_deps_Command[0m
[  0%] Built target _fir_sme_gripper_msgs_generate_messages_check_deps_Command
[35m[1mScanning dependencies of target std_msgs_generate_messages_nodejs[0m
[  0%] Built target std_msgs_generate_messages_nodejs
[35m[1mScanning dependencies of target std_msgs_generate_messages_cpp[0m
[  0%] Built target std_msgs_generate_messages_cpp
[35m[1mScanning dependencies of target std_msgs_generate_messages_eus[0m
[  0%] Built target std_msgs_generate_messages_eus
[35m[1mScanning dependencies of target std_msgs_generate_messages_py[0m
[  0%] Built target std_msgs_generate_messages_py
[35m[1mScanning dependencies of target fir_sme_gripper_msgs_generate_messages_lisp[0m
[  8%] [34m[1mGenerating Lisp code from fir_sme_gripper_msgs/Command.msg[0m
[ 16%] [34m[1mGenerating Lisp code from fir_sme_gripper_msgs/State.msg[0m
[ 16%] Built target fir_sme_gripper_msgs_generate_messages_lisp
[35m[1mScanning dependencies of target fir_sme_gripper_msgs_generate_messages_nodejs[0m
[ 25%] [34m[1mGenerating Javascript code from fir_sme_gripper_msgs/Command.msg[0m
[ 33%] [34m[1mGenerating Javascript code from fir_sme_gripper_msgs/State.msg[0m
[ 33%] Built target fir_sme_gripper_msgs_generate_messages_nodejs
[35m[1mScanning dependencies of target fir_sme_gripper_msgs_generate_messages_cpp[0m
[ 41%] [34m[1mGenerating C++ code from fir_sme_gripper_msgs/Command.msg[0m
[35m[1mScanning dependencies of target fir_sme_gripper_msgs_generate_messages_eus[0m
[ 50%] [34m[1mGenerating C++ code from fir_sme_gripper_msgs/State.msg[0m
[ 58%] [34m[1mGenerating EusLisp code from fir_sme_gripper_msgs/Command.msg[0m
[ 58%] Built target fir_sme_gripper_msgs_generate_messages_cpp
[ 75%] [34m[1mGenerating EusLisp manifest code for fir_sme_gripper_msgs[0m
[ 66%] [34m[1mGenerating EusLisp code from fir_sme_gripper_msgs/State.msg[0m
[ 75%] Built target fir_sme_gripper_msgs_generate_messages_eus
[35m[1mScanning dependencies of target fir_sme_gripper_msgs_generate_messages_py[0m
[ 83%] [34m[1mGenerating Python from MSG fir_sme_gripper_msgs/Command[0m
[ 91%] [34m[1mGenerating Python from MSG fir_sme_gripper_msgs/State[0m
[100%] [34m[1mGenerating Python msg __init__.py for fir_sme_gripper_msgs[0m
[100%] Built target fir_sme_gripper_msgs_generate_messages_py
[35m[1mScanning dependencies of target fir_sme_gripper_msgs_generate_messages[0m
[100%] Built target fir_sme_gripper_msgs_generate_messages
