Symlinking /home/fu/workspaces/knob_kuka_ws/devel/share/gennodejs/ros/control_core_msgs/_index.js
Symlinking /home/fu/workspaces/knob_kuka_ws/devel/share/gennodejs/ros/control_core_msgs/msg/LinearStateStamped.js
Symlinking /home/fu/workspaces/knob_kuka_ws/devel/share/gennodejs/ros/control_core_msgs/msg/AngularStateStamped.js
Symlinking /home/fu/workspaces/knob_kuka_ws/devel/share/gennodejs/ros/control_core_msgs/msg/CartesianState.js
Symlinking /home/fu/workspaces/knob_kuka_ws/devel/share/gennodejs/ros/control_core_msgs/msg/CartesianStateStamped.js
Symlinking /home/fu/workspaces/knob_kuka_ws/devel/share/gennodejs/ros/control_core_msgs/msg/CartesianStateTrajectory.js
Symlinking /home/fu/workspaces/knob_kuka_ws/devel/share/gennodejs/ros/control_core_msgs/msg/LinearStateTrajectory.js
Symlinking /home/fu/workspaces/knob_kuka_ws/devel/share/gennodejs/ros/control_core_msgs/msg/JointStateStamped.js
Symlinking /home/fu/workspaces/knob_kuka_ws/devel/share/gennodejs/ros/control_core_msgs/msg/JointState.js
Symlinking /home/fu/workspaces/knob_kuka_ws/devel/share/gennodejs/ros/control_core_msgs/msg/LinearState.js
Symlinking /home/fu/workspaces/knob_kuka_ws/devel/share/gennodejs/ros/control_core_msgs/msg/VectorStamped.js
Symlinking /home/fu/workspaces/knob_kuka_ws/devel/share/gennodejs/ros/control_core_msgs/msg/_index.js
Symlinking /home/fu/workspaces/knob_kuka_ws/devel/share/gennodejs/ros/control_core_msgs/msg/JointStateTrajectory.js
Symlinking /home/fu/workspaces/knob_kuka_ws/devel/share/gennodejs/ros/control_core_msgs/msg/Vector.js
Symlinking /home/fu/workspaces/knob_kuka_ws/devel/share/gennodejs/ros/control_core_msgs/msg/AngularState.js
Symlinking /home/fu/workspaces/knob_kuka_ws/devel/share/control_core_msgs/cmake/control_core_msgsConfig.cmake
Symlinking /home/fu/workspaces/knob_kuka_ws/devel/share/control_core_msgs/cmake/control_core_msgs-msg-paths.cmake
Symlinking /home/fu/workspaces/knob_kuka_ws/devel/share/control_core_msgs/cmake/control_core_msgsConfig-version.cmake
Symlinking /home/fu/workspaces/knob_kuka_ws/devel/share/control_core_msgs/cmake/control_core_msgs-msg-extras.cmake
Symlinking /home/fu/workspaces/knob_kuka_ws/devel/share/roseus/ros/control_core_msgs/manifest.l
Symlinking /home/fu/workspaces/knob_kuka_ws/devel/share/roseus/ros/control_core_msgs/msg/Vector.l
Symlinking /home/fu/workspaces/knob_kuka_ws/devel/share/roseus/ros/control_core_msgs/msg/VectorStamped.l
Symlinking /home/fu/workspaces/knob_kuka_ws/devel/share/roseus/ros/control_core_msgs/msg/LinearStateTrajectory.l
Symlinking /home/fu/workspaces/knob_kuka_ws/devel/share/roseus/ros/control_core_msgs/msg/LinearState.l
Symlinking /home/fu/workspaces/knob_kuka_ws/devel/share/roseus/ros/control_core_msgs/msg/JointState.l
Symlinking /home/fu/workspaces/knob_kuka_ws/devel/share/roseus/ros/control_core_msgs/msg/CartesianState.l
Symlinking /home/fu/workspaces/knob_kuka_ws/devel/share/roseus/ros/control_core_msgs/msg/JointStateStamped.l
Symlinking /home/fu/workspaces/knob_kuka_ws/devel/share/roseus/ros/control_core_msgs/msg/CartesianStateTrajectory.l
Symlinking /home/fu/workspaces/knob_kuka_ws/devel/share/roseus/ros/control_core_msgs/msg/JointStateTrajectory.l
Symlinking /home/fu/workspaces/knob_kuka_ws/devel/share/roseus/ros/control_core_msgs/msg/CartesianStateStamped.l
Symlinking /home/fu/workspaces/knob_kuka_ws/devel/share/roseus/ros/control_core_msgs/msg/LinearStateStamped.l
Symlinking /home/fu/workspaces/knob_kuka_ws/devel/share/roseus/ros/control_core_msgs/msg/AngularState.l
Symlinking /home/fu/workspaces/knob_kuka_ws/devel/share/roseus/ros/control_core_msgs/msg/AngularStateStamped.l
Symlinking /home/fu/workspaces/knob_kuka_ws/devel/share/common-lisp/ros/control_core_msgs/msg/_package.lisp
Symlinking /home/fu/workspaces/knob_kuka_ws/devel/share/common-lisp/ros/control_core_msgs/msg/JointState.lisp
Symlinking /home/fu/workspaces/knob_kuka_ws/devel/share/common-lisp/ros/control_core_msgs/msg/Vector.lisp
Symlinking /home/fu/workspaces/knob_kuka_ws/devel/share/common-lisp/ros/control_core_msgs/msg/_package_CartesianStateTrajectory.lisp
Symlinking /home/fu/workspaces/knob_kuka_ws/devel/share/common-lisp/ros/control_core_msgs/msg/JointStateTrajectory.lisp
Symlinking /home/fu/workspaces/knob_kuka_ws/devel/share/common-lisp/ros/control_core_msgs/msg/CartesianStateStamped.lisp
Symlinking /home/fu/workspaces/knob_kuka_ws/devel/share/common-lisp/ros/control_core_msgs/msg/_package_Vector.lisp
Symlinking /home/fu/workspaces/knob_kuka_ws/devel/share/common-lisp/ros/control_core_msgs/msg/CartesianState.lisp
Symlinking /home/fu/workspaces/knob_kuka_ws/devel/share/common-lisp/ros/control_core_msgs/msg/_package_LinearState.lisp
Symlinking /home/fu/workspaces/knob_kuka_ws/devel/share/common-lisp/ros/control_core_msgs/msg/VectorStamped.lisp
Symlinking /home/fu/workspaces/knob_kuka_ws/devel/share/common-lisp/ros/control_core_msgs/msg/_package_JointStateTrajectory.lisp
Symlinking /home/fu/workspaces/knob_kuka_ws/devel/share/common-lisp/ros/control_core_msgs/msg/CartesianStateTrajectory.lisp
Symlinking /home/fu/workspaces/knob_kuka_ws/devel/share/common-lisp/ros/control_core_msgs/msg/AngularStateStamped.lisp
Symlinking /home/fu/workspaces/knob_kuka_ws/devel/share/common-lisp/ros/control_core_msgs/msg/control_core_msgs-msg.asd
Symlinking /home/fu/workspaces/knob_kuka_ws/devel/share/common-lisp/ros/control_core_msgs/msg/LinearStateTrajectory.lisp
Symlinking /home/fu/workspaces/knob_kuka_ws/devel/share/common-lisp/ros/control_core_msgs/msg/_package_CartesianStateStamped.lisp
Symlinking /home/fu/workspaces/knob_kuka_ws/devel/share/common-lisp/ros/control_core_msgs/msg/LinearState.lisp
Symlinking /home/fu/workspaces/knob_kuka_ws/devel/share/common-lisp/ros/control_core_msgs/msg/_package_JointState.lisp
Symlinking /home/fu/workspaces/knob_kuka_ws/devel/share/common-lisp/ros/control_core_msgs/msg/_package_JointStateStamped.lisp
Symlinking /home/fu/workspaces/knob_kuka_ws/devel/share/common-lisp/ros/control_core_msgs/msg/_package_VectorStamped.lisp
Symlinking /home/fu/workspaces/knob_kuka_ws/devel/share/common-lisp/ros/control_core_msgs/msg/AngularState.lisp
Symlinking /home/fu/workspaces/knob_kuka_ws/devel/share/common-lisp/ros/control_core_msgs/msg/_package_CartesianState.lisp
Symlinking /home/fu/workspaces/knob_kuka_ws/devel/share/common-lisp/ros/control_core_msgs/msg/_package_LinearStateStamped.lisp
Symlinking /home/fu/workspaces/knob_kuka_ws/devel/share/common-lisp/ros/control_core_msgs/msg/JointStateStamped.lisp
Symlinking /home/fu/workspaces/knob_kuka_ws/devel/share/common-lisp/ros/control_core_msgs/msg/_package_AngularStateStamped.lisp
Symlinking /home/fu/workspaces/knob_kuka_ws/devel/share/common-lisp/ros/control_core_msgs/msg/_package_AngularState.lisp
Symlinking /home/fu/workspaces/knob_kuka_ws/devel/share/common-lisp/ros/control_core_msgs/msg/_package_LinearStateTrajectory.lisp
Symlinking /home/fu/workspaces/knob_kuka_ws/devel/share/common-lisp/ros/control_core_msgs/msg/LinearStateStamped.lisp
Symlinking /home/fu/workspaces/knob_kuka_ws/devel/lib/pkgconfig/control_core_msgs.pc
Symlinking /home/fu/workspaces/knob_kuka_ws/devel/lib/python3/dist-packages/control_core_msgs/__init__.py
Symlinking /home/fu/workspaces/knob_kuka_ws/devel/lib/python3/dist-packages/control_core_msgs/msg/_LinearStateTrajectory.py
Symlinking /home/fu/workspaces/knob_kuka_ws/devel/lib/python3/dist-packages/control_core_msgs/msg/_JointState.py
Symlinking /home/fu/workspaces/knob_kuka_ws/devel/lib/python3/dist-packages/control_core_msgs/msg/_CartesianStateStamped.py
Symlinking /home/fu/workspaces/knob_kuka_ws/devel/lib/python3/dist-packages/control_core_msgs/msg/_AngularState.py
Symlinking /home/fu/workspaces/knob_kuka_ws/devel/lib/python3/dist-packages/control_core_msgs/msg/_AngularStateStamped.py
Symlinking /home/fu/workspaces/knob_kuka_ws/devel/lib/python3/dist-packages/control_core_msgs/msg/_VectorStamped.py
Symlinking /home/fu/workspaces/knob_kuka_ws/devel/lib/python3/dist-packages/control_core_msgs/msg/_LinearState.py
Symlinking /home/fu/workspaces/knob_kuka_ws/devel/lib/python3/dist-packages/control_core_msgs/msg/_Vector.py
Symlinking /home/fu/workspaces/knob_kuka_ws/devel/lib/python3/dist-packages/control_core_msgs/msg/_LinearStateStamped.py
Symlinking /home/fu/workspaces/knob_kuka_ws/devel/lib/python3/dist-packages/control_core_msgs/msg/_CartesianState.py
Symlinking /home/fu/workspaces/knob_kuka_ws/devel/lib/python3/dist-packages/control_core_msgs/msg/_JointStateStamped.py
Symlinking /home/fu/workspaces/knob_kuka_ws/devel/lib/python3/dist-packages/control_core_msgs/msg/__init__.py
Symlinking /home/fu/workspaces/knob_kuka_ws/devel/lib/python3/dist-packages/control_core_msgs/msg/_JointStateTrajectory.py
Symlinking /home/fu/workspaces/knob_kuka_ws/devel/lib/python3/dist-packages/control_core_msgs/msg/_CartesianStateTrajectory.py
Symlinking /home/fu/workspaces/knob_kuka_ws/devel/include/control_core_msgs/LinearStateStamped.h
Symlinking /home/fu/workspaces/knob_kuka_ws/devel/include/control_core_msgs/AngularState.h
Symlinking /home/fu/workspaces/knob_kuka_ws/devel/include/control_core_msgs/Vector.h
Symlinking /home/fu/workspaces/knob_kuka_ws/devel/include/control_core_msgs/AngularStateStamped.h
Symlinking /home/fu/workspaces/knob_kuka_ws/devel/include/control_core_msgs/JointState.h
Symlinking /home/fu/workspaces/knob_kuka_ws/devel/include/control_core_msgs/VectorStamped.h
Symlinking /home/fu/workspaces/knob_kuka_ws/devel/include/control_core_msgs/CartesianState.h
Symlinking /home/fu/workspaces/knob_kuka_ws/devel/include/control_core_msgs/JointStateTrajectory.h
Symlinking /home/fu/workspaces/knob_kuka_ws/devel/include/control_core_msgs/LinearState.h
Symlinking /home/fu/workspaces/knob_kuka_ws/devel/include/control_core_msgs/JointStateStamped.h
Symlinking /home/fu/workspaces/knob_kuka_ws/devel/include/control_core_msgs/LinearStateTrajectory.h
Symlinking /home/fu/workspaces/knob_kuka_ws/devel/include/control_core_msgs/CartesianStateStamped.h
Symlinking /home/fu/workspaces/knob_kuka_ws/devel/include/control_core_msgs/CartesianStateTrajectory.h
