[35m[1mScanning dependencies of target geometry_msgs_generate_messages_eus[0m
[  0%] Built target geometry_msgs_generate_messages_eus
[35m[1mScanning dependencies of target _control_core_msgs_generate_messages_check_deps_VectorStamped[0m
[  0%] Built target _control_core_msgs_generate_messages_check_deps_VectorStamped
[35m[1mScanning dependencies of target _control_core_msgs_generate_messages_check_deps_Vector[0m
[  0%] Built target _control_core_msgs_generate_messages_check_deps_Vector
[35m[1mScanning dependencies of target _control_core_msgs_generate_messages_check_deps_LinearStateTrajectory[0m
[  0%] Built target _control_core_msgs_generate_messages_check_deps_LinearStateTrajectory
[35m[1mScanning dependencies of target _control_core_msgs_generate_messages_check_deps_LinearStateStamped[0m
[  0%] Built target _control_core_msgs_generate_messages_check_deps_LinearStateStamped
[35m[1mScanning dependencies of target _control_core_msgs_generate_messages_check_deps_LinearState[0m
[  0%] Built target _control_core_msgs_generate_messages_check_deps_LinearState
[35m[1mScanning dependencies of target _control_core_msgs_generate_messages_check_deps_JointStateTrajectory[0m
[  0%] Built target _control_core_msgs_generate_messages_check_deps_JointStateTrajectory
[35m[1mScanning dependencies of target _control_core_msgs_generate_messages_check_deps_JointStateStamped[0m
[  0%] Built target _control_core_msgs_generate_messages_check_deps_JointStateStamped
[35m[1mScanning dependencies of target _control_core_msgs_generate_messages_check_deps_JointState[0m
[  0%] Built target _control_core_msgs_generate_messages_check_deps_JointState
[35m[1mScanning dependencies of target _control_core_msgs_generate_messages_check_deps_CartesianStateStamped[0m
[  0%] Built target _control_core_msgs_generate_messages_check_deps_CartesianStateStamped
[35m[1mScanning dependencies of target _control_core_msgs_generate_messages_check_deps_CartesianState[0m
[  0%] Built target _control_core_msgs_generate_messages_check_deps_CartesianState
[35m[1mScanning dependencies of target _control_core_msgs_generate_messages_check_deps_CartesianStateTrajectory[0m
[  0%] Built target _control_core_msgs_generate_messages_check_deps_CartesianStateTrajectory
[35m[1mScanning dependencies of target std_msgs_generate_messages_eus[0m
[  0%] Built target std_msgs_generate_messages_eus
[35m[1mScanning dependencies of target _control_core_msgs_generate_messages_check_deps_AngularStateStamped[0m
[  0%] Built target _control_core_msgs_generate_messages_check_deps_AngularStateStamped
[35m[1mScanning dependencies of target _control_core_msgs_generate_messages_check_deps_AngularState[0m
[  0%] Built target _control_core_msgs_generate_messages_check_deps_AngularState
[35m[1mScanning dependencies of target std_msgs_generate_messages_nodejs[0m
[  0%] Built target std_msgs_generate_messages_nodejs
[35m[1mScanning dependencies of target geometry_msgs_generate_messages_nodejs[0m
[  0%] Built target geometry_msgs_generate_messages_nodejs
[35m[1mScanning dependencies of target std_msgs_generate_messages_cpp[0m
[  0%] Built target std_msgs_generate_messages_cpp
[35m[1mScanning dependencies of target geometry_msgs_generate_messages_cpp[0m
[35m[1mScanning dependencies of target std_msgs_generate_messages_py[0m
[  0%] Built target geometry_msgs_generate_messages_cpp
[  0%] Built target std_msgs_generate_messages_py
[35m[1mScanning dependencies of target geometry_msgs_generate_messages_py[0m
[35m[1mScanning dependencies of target geometry_msgs_generate_messages_lisp[0m
[  0%] Built target geometry_msgs_generate_messages_lisp
[  0%] Built target geometry_msgs_generate_messages_py
[35m[1mScanning dependencies of target std_msgs_generate_messages_lisp[0m
[35m[1mScanning dependencies of target control_core_msgs_generate_messages_eus[0m
[  0%] Built target std_msgs_generate_messages_lisp
[  1%] [34m[1mGenerating EusLisp code from control_core_msgs/AngularState.msg[0m
[35m[1mScanning dependencies of target control_core_msgs_generate_messages_nodejs[0m
[  2%] [34m[1mGenerating Javascript code from control_core_msgs/AngularState.msg[0m
[  4%] [34m[1mGenerating Javascript code from control_core_msgs/AngularStateStamped.msg[0m
[  5%] [34m[1mGenerating EusLisp code from control_core_msgs/AngularStateStamped.msg[0m
[  7%] [34m[1mGenerating Javascript code from control_core_msgs/CartesianState.msg[0m
[  8%] [34m[1mGenerating Javascript code from control_core_msgs/CartesianStateStamped.msg[0m
[ 10%] [34m[1mGenerating EusLisp code from control_core_msgs/CartesianState.msg[0m
[ 11%] [34m[1mGenerating Javascript code from control_core_msgs/CartesianStateTrajectory.msg[0m
[ 13%] [34m[1mGenerating EusLisp code from control_core_msgs/CartesianStateStamped.msg[0m
[ 14%] [34m[1mGenerating Javascript code from control_core_msgs/JointState.msg[0m
[ 16%] [34m[1mGenerating EusLisp code from control_core_msgs/CartesianStateTrajectory.msg[0m
[ 17%] [34m[1mGenerating Javascript code from control_core_msgs/JointStateStamped.msg[0m
[ 19%] [34m[1mGenerating Javascript code from control_core_msgs/JointStateTrajectory.msg[0m
[ 20%] [34m[1mGenerating Javascript code from control_core_msgs/LinearState.msg[0m
[ 22%] [34m[1mGenerating Javascript code from control_core_msgs/LinearStateStamped.msg[0m
[ 23%] [34m[1mGenerating EusLisp code from control_core_msgs/JointState.msg[0m
[ 25%] [34m[1mGenerating EusLisp code from control_core_msgs/JointStateStamped.msg[0m
[ 26%] [34m[1mGenerating Javascript code from control_core_msgs/LinearStateTrajectory.msg[0m
[ 28%] [34m[1mGenerating EusLisp code from control_core_msgs/JointStateTrajectory.msg[0m
[ 29%] [34m[1mGenerating Javascript code from control_core_msgs/Vector.msg[0m
[ 31%] [34m[1mGenerating EusLisp code from control_core_msgs/LinearState.msg[0m
[ 32%] [34m[1mGenerating EusLisp code from control_core_msgs/LinearStateStamped.msg[0m
[ 34%] [34m[1mGenerating Javascript code from control_core_msgs/VectorStamped.msg[0m
[ 35%] [34m[1mGenerating EusLisp code from control_core_msgs/LinearStateTrajectory.msg[0m
[ 37%] [34m[1mGenerating EusLisp code from control_core_msgs/Vector.msg[0m
[ 37%] Built target control_core_msgs_generate_messages_nodejs
[35m[1mScanning dependencies of target control_core_msgs_generate_messages_cpp[0m
[ 38%] [34m[1mGenerating C++ code from control_core_msgs/AngularState.msg[0m
[ 40%] [34m[1mGenerating EusLisp code from control_core_msgs/VectorStamped.msg[0m
[ 41%] [34m[1mGenerating C++ code from control_core_msgs/AngularStateStamped.msg[0m
[ 43%] [34m[1mGenerating EusLisp manifest code for control_core_msgs[0m
[ 44%] [34m[1mGenerating C++ code from control_core_msgs/CartesianState.msg[0m
[35m[1mScanning dependencies of target control_core_msgs_generate_messages_py[0m
[ 46%] [34m[1mGenerating Python from MSG control_core_msgs/AngularState[0m
[ 47%] [34m[1mGenerating Python from MSG control_core_msgs/AngularStateStamped[0m
[ 49%] [34m[1mGenerating C++ code from control_core_msgs/CartesianStateStamped.msg[0m
[ 50%] [34m[1mGenerating C++ code from control_core_msgs/CartesianStateTrajectory.msg[0m
[ 52%] [34m[1mGenerating C++ code from control_core_msgs/JointState.msg[0m
[ 53%] [34m[1mGenerating C++ code from control_core_msgs/JointStateStamped.msg[0m
[ 55%] [34m[1mGenerating Python from MSG control_core_msgs/CartesianState[0m
[ 56%] [34m[1mGenerating C++ code from control_core_msgs/JointStateTrajectory.msg[0m
[ 58%] [34m[1mGenerating C++ code from control_core_msgs/LinearState.msg[0m
[ 59%] [34m[1mGenerating C++ code from control_core_msgs/LinearStateStamped.msg[0m
[ 61%] [34m[1mGenerating C++ code from control_core_msgs/LinearStateTrajectory.msg[0m
[ 62%] [34m[1mGenerating Python from MSG control_core_msgs/CartesianStateTrajectory[0m
[ 64%] [34m[1mGenerating Python from MSG control_core_msgs/CartesianStateStamped[0m
[ 65%] [34m[1mGenerating C++ code from control_core_msgs/Vector.msg[0m
[ 67%] [34m[1mGenerating C++ code from control_core_msgs/VectorStamped.msg[0m
[ 68%] [34m[1mGenerating Python from MSG control_core_msgs/JointState[0m
[35m[1mScanning dependencies of target control_core_msgs_generate_messages_lisp[0m
[ 68%] Built target control_core_msgs_generate_messages_eus
[ 70%] [34m[1mGenerating Lisp code from control_core_msgs/AngularState.msg[0m
[ 71%] [34m[1mGenerating Python from MSG control_core_msgs/JointStateStamped[0m
[ 73%] [34m[1mGenerating Lisp code from control_core_msgs/AngularStateStamped.msg[0m
[ 73%] Built target control_core_msgs_generate_messages_cpp
[ 74%] [34m[1mGenerating Python from MSG control_core_msgs/JointStateTrajectory[0m
[ 76%] [34m[1mGenerating Lisp code from control_core_msgs/CartesianState.msg[0m
[ 77%] [34m[1mGenerating Lisp code from control_core_msgs/CartesianStateStamped.msg[0m
[ 79%] [34m[1mGenerating Lisp code from control_core_msgs/CartesianStateTrajectory.msg[0m
[ 80%] [34m[1mGenerating Python from MSG control_core_msgs/LinearState[0m
[ 82%] [34m[1mGenerating Lisp code from control_core_msgs/JointStateStamped.msg[0m
[ 83%] [34m[1mGenerating Lisp code from control_core_msgs/JointState.msg[0m
[ 85%] [34m[1mGenerating Lisp code from control_core_msgs/JointStateTrajectory.msg[0m
[ 86%] [34m[1mGenerating Python from MSG control_core_msgs/LinearStateStamped[0m
[ 88%] [34m[1mGenerating Lisp code from control_core_msgs/LinearState.msg[0m
[ 89%] [34m[1mGenerating Python from MSG control_core_msgs/LinearStateTrajectory[0m
[ 91%] [34m[1mGenerating Lisp code from control_core_msgs/LinearStateStamped.msg[0m
[ 92%] [34m[1mGenerating Python from MSG control_core_msgs/VectorStamped[0m
[ 94%] [34m[1mGenerating Python from MSG control_core_msgs/Vector[0m
[ 95%] [34m[1mGenerating Lisp code from control_core_msgs/LinearStateTrajectory.msg[0m
[ 97%] [34m[1mGenerating Lisp code from control_core_msgs/Vector.msg[0m
[ 98%] [34m[1mGenerating Lisp code from control_core_msgs/VectorStamped.msg[0m
[ 98%] Built target control_core_msgs_generate_messages_lisp
[100%] [34m[1mGenerating Python msg __init__.py for control_core_msgs[0m
[100%] Built target control_core_msgs_generate_messages_py
[35m[1mScanning dependencies of target control_core_msgs_generate_messages[0m
[100%] Built target control_core_msgs_generate_messages
