Linked: (/home/fu/workspaces/knob_kuka_ws/devel/.private/control_core_msgs/share/gennodejs/ros/control_core_msgs/_index.js, /home/fu/workspaces/knob_kuka_ws/devel/share/gennodejs/ros/control_core_msgs/_index.js)
Linked: (/home/fu/workspaces/knob_kuka_ws/devel/.private/control_core_msgs/share/gennodejs/ros/control_core_msgs/msg/LinearStateStamped.js, /home/fu/workspaces/knob_kuka_ws/devel/share/gennodejs/ros/control_core_msgs/msg/LinearStateStamped.js)
Linked: (/home/fu/workspaces/knob_kuka_ws/devel/.private/control_core_msgs/share/gennodejs/ros/control_core_msgs/msg/AngularStateStamped.js, /home/fu/workspaces/knob_kuka_ws/devel/share/gennodejs/ros/control_core_msgs/msg/AngularStateStamped.js)
Linked: (/home/fu/workspaces/knob_kuka_ws/devel/.private/control_core_msgs/share/gennodejs/ros/control_core_msgs/msg/CartesianState.js, /home/fu/workspaces/knob_kuka_ws/devel/share/gennodejs/ros/control_core_msgs/msg/CartesianState.js)
Linked: (/home/fu/workspaces/knob_kuka_ws/devel/.private/control_core_msgs/share/gennodejs/ros/control_core_msgs/msg/CartesianStateStamped.js, /home/fu/workspaces/knob_kuka_ws/devel/share/gennodejs/ros/control_core_msgs/msg/CartesianStateStamped.js)
Linked: (/home/fu/workspaces/knob_kuka_ws/devel/.private/control_core_msgs/share/gennodejs/ros/control_core_msgs/msg/CartesianStateTrajectory.js, /home/fu/workspaces/knob_kuka_ws/devel/share/gennodejs/ros/control_core_msgs/msg/CartesianStateTrajectory.js)
Linked: (/home/fu/workspaces/knob_kuka_ws/devel/.private/control_core_msgs/share/gennodejs/ros/control_core_msgs/msg/LinearStateTrajectory.js, /home/fu/workspaces/knob_kuka_ws/devel/share/gennodejs/ros/control_core_msgs/msg/LinearStateTrajectory.js)
Linked: (/home/fu/workspaces/knob_kuka_ws/devel/.private/control_core_msgs/share/gennodejs/ros/control_core_msgs/msg/JointStateStamped.js, /home/fu/workspaces/knob_kuka_ws/devel/share/gennodejs/ros/control_core_msgs/msg/JointStateStamped.js)
Linked: (/home/fu/workspaces/knob_kuka_ws/devel/.private/control_core_msgs/share/gennodejs/ros/control_core_msgs/msg/JointState.js, /home/fu/workspaces/knob_kuka_ws/devel/share/gennodejs/ros/control_core_msgs/msg/JointState.js)
Linked: (/home/fu/workspaces/knob_kuka_ws/devel/.private/control_core_msgs/share/gennodejs/ros/control_core_msgs/msg/LinearState.js, /home/fu/workspaces/knob_kuka_ws/devel/share/gennodejs/ros/control_core_msgs/msg/LinearState.js)
Linked: (/home/fu/workspaces/knob_kuka_ws/devel/.private/control_core_msgs/share/gennodejs/ros/control_core_msgs/msg/VectorStamped.js, /home/fu/workspaces/knob_kuka_ws/devel/share/gennodejs/ros/control_core_msgs/msg/VectorStamped.js)
Linked: (/home/fu/workspaces/knob_kuka_ws/devel/.private/control_core_msgs/share/gennodejs/ros/control_core_msgs/msg/_index.js, /home/fu/workspaces/knob_kuka_ws/devel/share/gennodejs/ros/control_core_msgs/msg/_index.js)
Linked: (/home/fu/workspaces/knob_kuka_ws/devel/.private/control_core_msgs/share/gennodejs/ros/control_core_msgs/msg/JointStateTrajectory.js, /home/fu/workspaces/knob_kuka_ws/devel/share/gennodejs/ros/control_core_msgs/msg/JointStateTrajectory.js)
Linked: (/home/fu/workspaces/knob_kuka_ws/devel/.private/control_core_msgs/share/gennodejs/ros/control_core_msgs/msg/Vector.js, /home/fu/workspaces/knob_kuka_ws/devel/share/gennodejs/ros/control_core_msgs/msg/Vector.js)
Linked: (/home/fu/workspaces/knob_kuka_ws/devel/.private/control_core_msgs/share/gennodejs/ros/control_core_msgs/msg/AngularState.js, /home/fu/workspaces/knob_kuka_ws/devel/share/gennodejs/ros/control_core_msgs/msg/AngularState.js)
Linked: (/home/fu/workspaces/knob_kuka_ws/devel/.private/control_core_msgs/share/control_core_msgs/cmake/control_core_msgsConfig.cmake, /home/fu/workspaces/knob_kuka_ws/devel/share/control_core_msgs/cmake/control_core_msgsConfig.cmake)
Linked: (/home/fu/workspaces/knob_kuka_ws/devel/.private/control_core_msgs/share/control_core_msgs/cmake/control_core_msgs-msg-paths.cmake, /home/fu/workspaces/knob_kuka_ws/devel/share/control_core_msgs/cmake/control_core_msgs-msg-paths.cmake)
Linked: (/home/fu/workspaces/knob_kuka_ws/devel/.private/control_core_msgs/share/control_core_msgs/cmake/control_core_msgsConfig-version.cmake, /home/fu/workspaces/knob_kuka_ws/devel/share/control_core_msgs/cmake/control_core_msgsConfig-version.cmake)
Linked: (/home/fu/workspaces/knob_kuka_ws/devel/.private/control_core_msgs/share/control_core_msgs/cmake/control_core_msgs-msg-extras.cmake, /home/fu/workspaces/knob_kuka_ws/devel/share/control_core_msgs/cmake/control_core_msgs-msg-extras.cmake)
Linked: (/home/fu/workspaces/knob_kuka_ws/devel/.private/control_core_msgs/share/roseus/ros/control_core_msgs/manifest.l, /home/fu/workspaces/knob_kuka_ws/devel/share/roseus/ros/control_core_msgs/manifest.l)
Linked: (/home/fu/workspaces/knob_kuka_ws/devel/.private/control_core_msgs/share/roseus/ros/control_core_msgs/msg/Vector.l, /home/fu/workspaces/knob_kuka_ws/devel/share/roseus/ros/control_core_msgs/msg/Vector.l)
Linked: (/home/fu/workspaces/knob_kuka_ws/devel/.private/control_core_msgs/share/roseus/ros/control_core_msgs/msg/VectorStamped.l, /home/fu/workspaces/knob_kuka_ws/devel/share/roseus/ros/control_core_msgs/msg/VectorStamped.l)
Linked: (/home/fu/workspaces/knob_kuka_ws/devel/.private/control_core_msgs/share/roseus/ros/control_core_msgs/msg/LinearStateTrajectory.l, /home/fu/workspaces/knob_kuka_ws/devel/share/roseus/ros/control_core_msgs/msg/LinearStateTrajectory.l)
Linked: (/home/fu/workspaces/knob_kuka_ws/devel/.private/control_core_msgs/share/roseus/ros/control_core_msgs/msg/LinearState.l, /home/fu/workspaces/knob_kuka_ws/devel/share/roseus/ros/control_core_msgs/msg/LinearState.l)
Linked: (/home/fu/workspaces/knob_kuka_ws/devel/.private/control_core_msgs/share/roseus/ros/control_core_msgs/msg/JointState.l, /home/fu/workspaces/knob_kuka_ws/devel/share/roseus/ros/control_core_msgs/msg/JointState.l)
Linked: (/home/fu/workspaces/knob_kuka_ws/devel/.private/control_core_msgs/share/roseus/ros/control_core_msgs/msg/CartesianState.l, /home/fu/workspaces/knob_kuka_ws/devel/share/roseus/ros/control_core_msgs/msg/CartesianState.l)
Linked: (/home/fu/workspaces/knob_kuka_ws/devel/.private/control_core_msgs/share/roseus/ros/control_core_msgs/msg/JointStateStamped.l, /home/fu/workspaces/knob_kuka_ws/devel/share/roseus/ros/control_core_msgs/msg/JointStateStamped.l)
Linked: (/home/fu/workspaces/knob_kuka_ws/devel/.private/control_core_msgs/share/roseus/ros/control_core_msgs/msg/CartesianStateTrajectory.l, /home/fu/workspaces/knob_kuka_ws/devel/share/roseus/ros/control_core_msgs/msg/CartesianStateTrajectory.l)
Linked: (/home/fu/workspaces/knob_kuka_ws/devel/.private/control_core_msgs/share/roseus/ros/control_core_msgs/msg/JointStateTrajectory.l, /home/fu/workspaces/knob_kuka_ws/devel/share/roseus/ros/control_core_msgs/msg/JointStateTrajectory.l)
Linked: (/home/fu/workspaces/knob_kuka_ws/devel/.private/control_core_msgs/share/roseus/ros/control_core_msgs/msg/CartesianStateStamped.l, /home/fu/workspaces/knob_kuka_ws/devel/share/roseus/ros/control_core_msgs/msg/CartesianStateStamped.l)
Linked: (/home/fu/workspaces/knob_kuka_ws/devel/.private/control_core_msgs/share/roseus/ros/control_core_msgs/msg/LinearStateStamped.l, /home/fu/workspaces/knob_kuka_ws/devel/share/roseus/ros/control_core_msgs/msg/LinearStateStamped.l)
Linked: (/home/fu/workspaces/knob_kuka_ws/devel/.private/control_core_msgs/share/roseus/ros/control_core_msgs/msg/AngularState.l, /home/fu/workspaces/knob_kuka_ws/devel/share/roseus/ros/control_core_msgs/msg/AngularState.l)
Linked: (/home/fu/workspaces/knob_kuka_ws/devel/.private/control_core_msgs/share/roseus/ros/control_core_msgs/msg/AngularStateStamped.l, /home/fu/workspaces/knob_kuka_ws/devel/share/roseus/ros/control_core_msgs/msg/AngularStateStamped.l)
Linked: (/home/fu/workspaces/knob_kuka_ws/devel/.private/control_core_msgs/share/common-lisp/ros/control_core_msgs/msg/_package.lisp, /home/fu/workspaces/knob_kuka_ws/devel/share/common-lisp/ros/control_core_msgs/msg/_package.lisp)
Linked: (/home/fu/workspaces/knob_kuka_ws/devel/.private/control_core_msgs/share/common-lisp/ros/control_core_msgs/msg/JointState.lisp, /home/fu/workspaces/knob_kuka_ws/devel/share/common-lisp/ros/control_core_msgs/msg/JointState.lisp)
Linked: (/home/fu/workspaces/knob_kuka_ws/devel/.private/control_core_msgs/share/common-lisp/ros/control_core_msgs/msg/Vector.lisp, /home/fu/workspaces/knob_kuka_ws/devel/share/common-lisp/ros/control_core_msgs/msg/Vector.lisp)
Linked: (/home/fu/workspaces/knob_kuka_ws/devel/.private/control_core_msgs/share/common-lisp/ros/control_core_msgs/msg/_package_CartesianStateTrajectory.lisp, /home/fu/workspaces/knob_kuka_ws/devel/share/common-lisp/ros/control_core_msgs/msg/_package_CartesianStateTrajectory.lisp)
Linked: (/home/fu/workspaces/knob_kuka_ws/devel/.private/control_core_msgs/share/common-lisp/ros/control_core_msgs/msg/JointStateTrajectory.lisp, /home/fu/workspaces/knob_kuka_ws/devel/share/common-lisp/ros/control_core_msgs/msg/JointStateTrajectory.lisp)
Linked: (/home/fu/workspaces/knob_kuka_ws/devel/.private/control_core_msgs/share/common-lisp/ros/control_core_msgs/msg/CartesianStateStamped.lisp, /home/fu/workspaces/knob_kuka_ws/devel/share/common-lisp/ros/control_core_msgs/msg/CartesianStateStamped.lisp)
Linked: (/home/fu/workspaces/knob_kuka_ws/devel/.private/control_core_msgs/share/common-lisp/ros/control_core_msgs/msg/_package_Vector.lisp, /home/fu/workspaces/knob_kuka_ws/devel/share/common-lisp/ros/control_core_msgs/msg/_package_Vector.lisp)
Linked: (/home/fu/workspaces/knob_kuka_ws/devel/.private/control_core_msgs/share/common-lisp/ros/control_core_msgs/msg/CartesianState.lisp, /home/fu/workspaces/knob_kuka_ws/devel/share/common-lisp/ros/control_core_msgs/msg/CartesianState.lisp)
Linked: (/home/fu/workspaces/knob_kuka_ws/devel/.private/control_core_msgs/share/common-lisp/ros/control_core_msgs/msg/_package_LinearState.lisp, /home/fu/workspaces/knob_kuka_ws/devel/share/common-lisp/ros/control_core_msgs/msg/_package_LinearState.lisp)
Linked: (/home/fu/workspaces/knob_kuka_ws/devel/.private/control_core_msgs/share/common-lisp/ros/control_core_msgs/msg/VectorStamped.lisp, /home/fu/workspaces/knob_kuka_ws/devel/share/common-lisp/ros/control_core_msgs/msg/VectorStamped.lisp)
Linked: (/home/fu/workspaces/knob_kuka_ws/devel/.private/control_core_msgs/share/common-lisp/ros/control_core_msgs/msg/_package_JointStateTrajectory.lisp, /home/fu/workspaces/knob_kuka_ws/devel/share/common-lisp/ros/control_core_msgs/msg/_package_JointStateTrajectory.lisp)
Linked: (/home/fu/workspaces/knob_kuka_ws/devel/.private/control_core_msgs/share/common-lisp/ros/control_core_msgs/msg/CartesianStateTrajectory.lisp, /home/fu/workspaces/knob_kuka_ws/devel/share/common-lisp/ros/control_core_msgs/msg/CartesianStateTrajectory.lisp)
Linked: (/home/fu/workspaces/knob_kuka_ws/devel/.private/control_core_msgs/share/common-lisp/ros/control_core_msgs/msg/AngularStateStamped.lisp, /home/fu/workspaces/knob_kuka_ws/devel/share/common-lisp/ros/control_core_msgs/msg/AngularStateStamped.lisp)
Linked: (/home/fu/workspaces/knob_kuka_ws/devel/.private/control_core_msgs/share/common-lisp/ros/control_core_msgs/msg/control_core_msgs-msg.asd, /home/fu/workspaces/knob_kuka_ws/devel/share/common-lisp/ros/control_core_msgs/msg/control_core_msgs-msg.asd)
Linked: (/home/fu/workspaces/knob_kuka_ws/devel/.private/control_core_msgs/share/common-lisp/ros/control_core_msgs/msg/LinearStateTrajectory.lisp, /home/fu/workspaces/knob_kuka_ws/devel/share/common-lisp/ros/control_core_msgs/msg/LinearStateTrajectory.lisp)
Linked: (/home/fu/workspaces/knob_kuka_ws/devel/.private/control_core_msgs/share/common-lisp/ros/control_core_msgs/msg/_package_CartesianStateStamped.lisp, /home/fu/workspaces/knob_kuka_ws/devel/share/common-lisp/ros/control_core_msgs/msg/_package_CartesianStateStamped.lisp)
Linked: (/home/fu/workspaces/knob_kuka_ws/devel/.private/control_core_msgs/share/common-lisp/ros/control_core_msgs/msg/LinearState.lisp, /home/fu/workspaces/knob_kuka_ws/devel/share/common-lisp/ros/control_core_msgs/msg/LinearState.lisp)
Linked: (/home/fu/workspaces/knob_kuka_ws/devel/.private/control_core_msgs/share/common-lisp/ros/control_core_msgs/msg/_package_JointState.lisp, /home/fu/workspaces/knob_kuka_ws/devel/share/common-lisp/ros/control_core_msgs/msg/_package_JointState.lisp)
Linked: (/home/fu/workspaces/knob_kuka_ws/devel/.private/control_core_msgs/share/common-lisp/ros/control_core_msgs/msg/_package_JointStateStamped.lisp, /home/fu/workspaces/knob_kuka_ws/devel/share/common-lisp/ros/control_core_msgs/msg/_package_JointStateStamped.lisp)
Linked: (/home/fu/workspaces/knob_kuka_ws/devel/.private/control_core_msgs/share/common-lisp/ros/control_core_msgs/msg/_package_VectorStamped.lisp, /home/fu/workspaces/knob_kuka_ws/devel/share/common-lisp/ros/control_core_msgs/msg/_package_VectorStamped.lisp)
Linked: (/home/fu/workspaces/knob_kuka_ws/devel/.private/control_core_msgs/share/common-lisp/ros/control_core_msgs/msg/AngularState.lisp, /home/fu/workspaces/knob_kuka_ws/devel/share/common-lisp/ros/control_core_msgs/msg/AngularState.lisp)
Linked: (/home/fu/workspaces/knob_kuka_ws/devel/.private/control_core_msgs/share/common-lisp/ros/control_core_msgs/msg/_package_CartesianState.lisp, /home/fu/workspaces/knob_kuka_ws/devel/share/common-lisp/ros/control_core_msgs/msg/_package_CartesianState.lisp)
Linked: (/home/fu/workspaces/knob_kuka_ws/devel/.private/control_core_msgs/share/common-lisp/ros/control_core_msgs/msg/_package_LinearStateStamped.lisp, /home/fu/workspaces/knob_kuka_ws/devel/share/common-lisp/ros/control_core_msgs/msg/_package_LinearStateStamped.lisp)
Linked: (/home/fu/workspaces/knob_kuka_ws/devel/.private/control_core_msgs/share/common-lisp/ros/control_core_msgs/msg/JointStateStamped.lisp, /home/fu/workspaces/knob_kuka_ws/devel/share/common-lisp/ros/control_core_msgs/msg/JointStateStamped.lisp)
Linked: (/home/fu/workspaces/knob_kuka_ws/devel/.private/control_core_msgs/share/common-lisp/ros/control_core_msgs/msg/_package_AngularStateStamped.lisp, /home/fu/workspaces/knob_kuka_ws/devel/share/common-lisp/ros/control_core_msgs/msg/_package_AngularStateStamped.lisp)
Linked: (/home/fu/workspaces/knob_kuka_ws/devel/.private/control_core_msgs/share/common-lisp/ros/control_core_msgs/msg/_package_AngularState.lisp, /home/fu/workspaces/knob_kuka_ws/devel/share/common-lisp/ros/control_core_msgs/msg/_package_AngularState.lisp)
Linked: (/home/fu/workspaces/knob_kuka_ws/devel/.private/control_core_msgs/share/common-lisp/ros/control_core_msgs/msg/_package_LinearStateTrajectory.lisp, /home/fu/workspaces/knob_kuka_ws/devel/share/common-lisp/ros/control_core_msgs/msg/_package_LinearStateTrajectory.lisp)
Linked: (/home/fu/workspaces/knob_kuka_ws/devel/.private/control_core_msgs/share/common-lisp/ros/control_core_msgs/msg/LinearStateStamped.lisp, /home/fu/workspaces/knob_kuka_ws/devel/share/common-lisp/ros/control_core_msgs/msg/LinearStateStamped.lisp)
Linked: (/home/fu/workspaces/knob_kuka_ws/devel/.private/control_core_msgs/lib/pkgconfig/control_core_msgs.pc, /home/fu/workspaces/knob_kuka_ws/devel/lib/pkgconfig/control_core_msgs.pc)
Linked: (/home/fu/workspaces/knob_kuka_ws/devel/.private/control_core_msgs/lib/python3/dist-packages/control_core_msgs/__init__.py, /home/fu/workspaces/knob_kuka_ws/devel/lib/python3/dist-packages/control_core_msgs/__init__.py)
Linked: (/home/fu/workspaces/knob_kuka_ws/devel/.private/control_core_msgs/lib/python3/dist-packages/control_core_msgs/msg/_LinearStateTrajectory.py, /home/fu/workspaces/knob_kuka_ws/devel/lib/python3/dist-packages/control_core_msgs/msg/_LinearStateTrajectory.py)
Linked: (/home/fu/workspaces/knob_kuka_ws/devel/.private/control_core_msgs/lib/python3/dist-packages/control_core_msgs/msg/_JointState.py, /home/fu/workspaces/knob_kuka_ws/devel/lib/python3/dist-packages/control_core_msgs/msg/_JointState.py)
Linked: (/home/fu/workspaces/knob_kuka_ws/devel/.private/control_core_msgs/lib/python3/dist-packages/control_core_msgs/msg/_CartesianStateStamped.py, /home/fu/workspaces/knob_kuka_ws/devel/lib/python3/dist-packages/control_core_msgs/msg/_CartesianStateStamped.py)
Linked: (/home/fu/workspaces/knob_kuka_ws/devel/.private/control_core_msgs/lib/python3/dist-packages/control_core_msgs/msg/_AngularState.py, /home/fu/workspaces/knob_kuka_ws/devel/lib/python3/dist-packages/control_core_msgs/msg/_AngularState.py)
Linked: (/home/fu/workspaces/knob_kuka_ws/devel/.private/control_core_msgs/lib/python3/dist-packages/control_core_msgs/msg/_AngularStateStamped.py, /home/fu/workspaces/knob_kuka_ws/devel/lib/python3/dist-packages/control_core_msgs/msg/_AngularStateStamped.py)
Linked: (/home/fu/workspaces/knob_kuka_ws/devel/.private/control_core_msgs/lib/python3/dist-packages/control_core_msgs/msg/_VectorStamped.py, /home/fu/workspaces/knob_kuka_ws/devel/lib/python3/dist-packages/control_core_msgs/msg/_VectorStamped.py)
Linked: (/home/fu/workspaces/knob_kuka_ws/devel/.private/control_core_msgs/lib/python3/dist-packages/control_core_msgs/msg/_LinearState.py, /home/fu/workspaces/knob_kuka_ws/devel/lib/python3/dist-packages/control_core_msgs/msg/_LinearState.py)
Linked: (/home/fu/workspaces/knob_kuka_ws/devel/.private/control_core_msgs/lib/python3/dist-packages/control_core_msgs/msg/_Vector.py, /home/fu/workspaces/knob_kuka_ws/devel/lib/python3/dist-packages/control_core_msgs/msg/_Vector.py)
Linked: (/home/fu/workspaces/knob_kuka_ws/devel/.private/control_core_msgs/lib/python3/dist-packages/control_core_msgs/msg/_LinearStateStamped.py, /home/fu/workspaces/knob_kuka_ws/devel/lib/python3/dist-packages/control_core_msgs/msg/_LinearStateStamped.py)
Linked: (/home/fu/workspaces/knob_kuka_ws/devel/.private/control_core_msgs/lib/python3/dist-packages/control_core_msgs/msg/_CartesianState.py, /home/fu/workspaces/knob_kuka_ws/devel/lib/python3/dist-packages/control_core_msgs/msg/_CartesianState.py)
Linked: (/home/fu/workspaces/knob_kuka_ws/devel/.private/control_core_msgs/lib/python3/dist-packages/control_core_msgs/msg/_JointStateStamped.py, /home/fu/workspaces/knob_kuka_ws/devel/lib/python3/dist-packages/control_core_msgs/msg/_JointStateStamped.py)
Linked: (/home/fu/workspaces/knob_kuka_ws/devel/.private/control_core_msgs/lib/python3/dist-packages/control_core_msgs/msg/__init__.py, /home/fu/workspaces/knob_kuka_ws/devel/lib/python3/dist-packages/control_core_msgs/msg/__init__.py)
Linked: (/home/fu/workspaces/knob_kuka_ws/devel/.private/control_core_msgs/lib/python3/dist-packages/control_core_msgs/msg/_JointStateTrajectory.py, /home/fu/workspaces/knob_kuka_ws/devel/lib/python3/dist-packages/control_core_msgs/msg/_JointStateTrajectory.py)
Linked: (/home/fu/workspaces/knob_kuka_ws/devel/.private/control_core_msgs/lib/python3/dist-packages/control_core_msgs/msg/_CartesianStateTrajectory.py, /home/fu/workspaces/knob_kuka_ws/devel/lib/python3/dist-packages/control_core_msgs/msg/_CartesianStateTrajectory.py)
Linked: (/home/fu/workspaces/knob_kuka_ws/devel/.private/control_core_msgs/include/control_core_msgs/LinearStateStamped.h, /home/fu/workspaces/knob_kuka_ws/devel/include/control_core_msgs/LinearStateStamped.h)
Linked: (/home/fu/workspaces/knob_kuka_ws/devel/.private/control_core_msgs/include/control_core_msgs/AngularState.h, /home/fu/workspaces/knob_kuka_ws/devel/include/control_core_msgs/AngularState.h)
Linked: (/home/fu/workspaces/knob_kuka_ws/devel/.private/control_core_msgs/include/control_core_msgs/Vector.h, /home/fu/workspaces/knob_kuka_ws/devel/include/control_core_msgs/Vector.h)
Linked: (/home/fu/workspaces/knob_kuka_ws/devel/.private/control_core_msgs/include/control_core_msgs/AngularStateStamped.h, /home/fu/workspaces/knob_kuka_ws/devel/include/control_core_msgs/AngularStateStamped.h)
Linked: (/home/fu/workspaces/knob_kuka_ws/devel/.private/control_core_msgs/include/control_core_msgs/JointState.h, /home/fu/workspaces/knob_kuka_ws/devel/include/control_core_msgs/JointState.h)
Linked: (/home/fu/workspaces/knob_kuka_ws/devel/.private/control_core_msgs/include/control_core_msgs/VectorStamped.h, /home/fu/workspaces/knob_kuka_ws/devel/include/control_core_msgs/VectorStamped.h)
Linked: (/home/fu/workspaces/knob_kuka_ws/devel/.private/control_core_msgs/include/control_core_msgs/CartesianState.h, /home/fu/workspaces/knob_kuka_ws/devel/include/control_core_msgs/CartesianState.h)
Linked: (/home/fu/workspaces/knob_kuka_ws/devel/.private/control_core_msgs/include/control_core_msgs/JointStateTrajectory.h, /home/fu/workspaces/knob_kuka_ws/devel/include/control_core_msgs/JointStateTrajectory.h)
Linked: (/home/fu/workspaces/knob_kuka_ws/devel/.private/control_core_msgs/include/control_core_msgs/LinearState.h, /home/fu/workspaces/knob_kuka_ws/devel/include/control_core_msgs/LinearState.h)
Linked: (/home/fu/workspaces/knob_kuka_ws/devel/.private/control_core_msgs/include/control_core_msgs/JointStateStamped.h, /home/fu/workspaces/knob_kuka_ws/devel/include/control_core_msgs/JointStateStamped.h)
Linked: (/home/fu/workspaces/knob_kuka_ws/devel/.private/control_core_msgs/include/control_core_msgs/LinearStateTrajectory.h, /home/fu/workspaces/knob_kuka_ws/devel/include/control_core_msgs/LinearStateTrajectory.h)
Linked: (/home/fu/workspaces/knob_kuka_ws/devel/.private/control_core_msgs/include/control_core_msgs/CartesianStateStamped.h, /home/fu/workspaces/knob_kuka_ws/devel/include/control_core_msgs/CartesianStateStamped.h)
Linked: (/home/fu/workspaces/knob_kuka_ws/devel/.private/control_core_msgs/include/control_core_msgs/CartesianStateTrajectory.h, /home/fu/workspaces/knob_kuka_ws/devel/include/control_core_msgs/CartesianStateTrajectory.h)
