Symlinking /home/fu/workspaces/knob_kuka_ws/devel/share/gennodejs/ros/semantic_storage_interface_srvs/_index.js
Symlinking /home/fu/workspaces/knob_kuka_ws/devel/share/gennodejs/ros/semantic_storage_interface_srvs/srv/GetBlob.js
Symlinking /home/fu/workspaces/knob_kuka_ws/devel/share/gennodejs/ros/semantic_storage_interface_srvs/srv/QueryWorkcells.js
Symlinking /home/fu/workspaces/knob_kuka_ws/devel/share/gennodejs/ros/semantic_storage_interface_srvs/srv/UpdateKb.js
Symlinking /home/fu/workspaces/knob_kuka_ws/devel/share/gennodejs/ros/semantic_storage_interface_srvs/srv/QueryObjects.js
Symlinking /home/fu/workspaces/knob_kuka_ws/devel/share/gennodejs/ros/semantic_storage_interface_srvs/srv/GetObject.js
Symlinking /home/fu/workspaces/knob_kuka_ws/devel/share/gennodejs/ros/semantic_storage_interface_srvs/srv/QueryKb.js
Symlinking /home/fu/workspaces/knob_kuka_ws/devel/share/gennodejs/ros/semantic_storage_interface_srvs/srv/SetObject.js
Symlinking /home/fu/workspaces/knob_kuka_ws/devel/share/gennodejs/ros/semantic_storage_interface_srvs/srv/SetWorkcell.js
Symlinking /home/fu/workspaces/knob_kuka_ws/devel/share/gennodejs/ros/semantic_storage_interface_srvs/srv/GetKb.js
Symlinking /home/fu/workspaces/knob_kuka_ws/devel/share/gennodejs/ros/semantic_storage_interface_srvs/srv/QueryPlans.js
Symlinking /home/fu/workspaces/knob_kuka_ws/devel/share/gennodejs/ros/semantic_storage_interface_srvs/srv/ClearBlobStore.js
Symlinking /home/fu/workspaces/knob_kuka_ws/devel/share/gennodejs/ros/semantic_storage_interface_srvs/srv/SetPlanBlob.js
Symlinking /home/fu/workspaces/knob_kuka_ws/devel/share/gennodejs/ros/semantic_storage_interface_srvs/srv/DeleteWorkcell.js
Symlinking /home/fu/workspaces/knob_kuka_ws/devel/share/gennodejs/ros/semantic_storage_interface_srvs/srv/ConvertCADModel.js
Symlinking /home/fu/workspaces/knob_kuka_ws/devel/share/gennodejs/ros/semantic_storage_interface_srvs/srv/SetObjectBlob.js
Symlinking /home/fu/workspaces/knob_kuka_ws/devel/share/gennodejs/ros/semantic_storage_interface_srvs/srv/UpdateObject.js
Symlinking /home/fu/workspaces/knob_kuka_ws/devel/share/gennodejs/ros/semantic_storage_interface_srvs/srv/DeleteBlob.js
Symlinking /home/fu/workspaces/knob_kuka_ws/devel/share/gennodejs/ros/semantic_storage_interface_srvs/srv/UpdateBlob.js
Symlinking /home/fu/workspaces/knob_kuka_ws/devel/share/gennodejs/ros/semantic_storage_interface_srvs/srv/_index.js
Symlinking /home/fu/workspaces/knob_kuka_ws/devel/share/gennodejs/ros/semantic_storage_interface_srvs/srv/ClearAll.js
Symlinking /home/fu/workspaces/knob_kuka_ws/devel/share/gennodejs/ros/semantic_storage_interface_srvs/srv/DeleteKb.js
Symlinking /home/fu/workspaces/knob_kuka_ws/devel/share/gennodejs/ros/semantic_storage_interface_srvs/srv/SetWorkcellBlob.js
Symlinking /home/fu/workspaces/knob_kuka_ws/devel/share/gennodejs/ros/semantic_storage_interface_srvs/srv/UpdatePlan.js
Symlinking /home/fu/workspaces/knob_kuka_ws/devel/share/gennodejs/ros/semantic_storage_interface_srvs/srv/UpdateWorkcell.js
Symlinking /home/fu/workspaces/knob_kuka_ws/devel/share/gennodejs/ros/semantic_storage_interface_srvs/srv/SetPlan.js
Symlinking /home/fu/workspaces/knob_kuka_ws/devel/share/gennodejs/ros/semantic_storage_interface_srvs/srv/DeleteObject.js
Symlinking /home/fu/workspaces/knob_kuka_ws/devel/share/gennodejs/ros/semantic_storage_interface_srvs/srv/DeletePlan.js
Symlinking /home/fu/workspaces/knob_kuka_ws/devel/share/gennodejs/ros/semantic_storage_interface_srvs/srv/SetKb.js
Symlinking /home/fu/workspaces/knob_kuka_ws/devel/share/gennodejs/ros/semantic_storage_interface_srvs/srv/GetWorkcell.js
Symlinking /home/fu/workspaces/knob_kuka_ws/devel/share/gennodejs/ros/semantic_storage_interface_srvs/srv/SetBlob.js
Symlinking /home/fu/workspaces/knob_kuka_ws/devel/share/gennodejs/ros/semantic_storage_interface_srvs/srv/GetPlan.js
Symlinking /home/fu/workspaces/knob_kuka_ws/devel/share/gennodejs/ros/semantic_storage_interface_srvs/srv/SetKbBlob.js
Symlinking /home/fu/workspaces/knob_kuka_ws/devel/share/gennodejs/ros/semantic_storage_interface_srvs/srv/ClearSemanticRepo.js
Symlinking /home/fu/workspaces/knob_kuka_ws/devel/share/roseus/ros/semantic_storage_interface_srvs/manifest.l
Symlinking /home/fu/workspaces/knob_kuka_ws/devel/share/roseus/ros/semantic_storage_interface_srvs/srv/UpdatePlan.l
Symlinking /home/fu/workspaces/knob_kuka_ws/devel/share/roseus/ros/semantic_storage_interface_srvs/srv/QueryKb.l
Symlinking /home/fu/workspaces/knob_kuka_ws/devel/share/roseus/ros/semantic_storage_interface_srvs/srv/GetBlob.l
Symlinking /home/fu/workspaces/knob_kuka_ws/devel/share/roseus/ros/semantic_storage_interface_srvs/srv/GetObject.l
Symlinking /home/fu/workspaces/knob_kuka_ws/devel/share/roseus/ros/semantic_storage_interface_srvs/srv/QueryObjects.l
Symlinking /home/fu/workspaces/knob_kuka_ws/devel/share/roseus/ros/semantic_storage_interface_srvs/srv/DeletePlan.l
Symlinking /home/fu/workspaces/knob_kuka_ws/devel/share/roseus/ros/semantic_storage_interface_srvs/srv/QueryWorkcells.l
Symlinking /home/fu/workspaces/knob_kuka_ws/devel/share/roseus/ros/semantic_storage_interface_srvs/srv/ClearAll.l
Symlinking /home/fu/workspaces/knob_kuka_ws/devel/share/roseus/ros/semantic_storage_interface_srvs/srv/UpdateBlob.l
Symlinking /home/fu/workspaces/knob_kuka_ws/devel/share/roseus/ros/semantic_storage_interface_srvs/srv/ConvertCADModel.l
Symlinking /home/fu/workspaces/knob_kuka_ws/devel/share/roseus/ros/semantic_storage_interface_srvs/srv/SetKb.l
Symlinking /home/fu/workspaces/knob_kuka_ws/devel/share/roseus/ros/semantic_storage_interface_srvs/srv/DeleteWorkcell.l
Symlinking /home/fu/workspaces/knob_kuka_ws/devel/share/roseus/ros/semantic_storage_interface_srvs/srv/SetKbBlob.l
Symlinking /home/fu/workspaces/knob_kuka_ws/devel/share/roseus/ros/semantic_storage_interface_srvs/srv/QueryPlans.l
Symlinking /home/fu/workspaces/knob_kuka_ws/devel/share/roseus/ros/semantic_storage_interface_srvs/srv/SetWorkcellBlob.l
Symlinking /home/fu/workspaces/knob_kuka_ws/devel/share/roseus/ros/semantic_storage_interface_srvs/srv/UpdateWorkcell.l
Symlinking /home/fu/workspaces/knob_kuka_ws/devel/share/roseus/ros/semantic_storage_interface_srvs/srv/SetObjectBlob.l
Symlinking /home/fu/workspaces/knob_kuka_ws/devel/share/roseus/ros/semantic_storage_interface_srvs/srv/DeleteBlob.l
Symlinking /home/fu/workspaces/knob_kuka_ws/devel/share/roseus/ros/semantic_storage_interface_srvs/srv/SetWorkcell.l
Symlinking /home/fu/workspaces/knob_kuka_ws/devel/share/roseus/ros/semantic_storage_interface_srvs/srv/ClearBlobStore.l
Symlinking /home/fu/workspaces/knob_kuka_ws/devel/share/roseus/ros/semantic_storage_interface_srvs/srv/GetKb.l
Symlinking /home/fu/workspaces/knob_kuka_ws/devel/share/roseus/ros/semantic_storage_interface_srvs/srv/DeleteKb.l
Symlinking /home/fu/workspaces/knob_kuka_ws/devel/share/roseus/ros/semantic_storage_interface_srvs/srv/SetObject.l
Symlinking /home/fu/workspaces/knob_kuka_ws/devel/share/roseus/ros/semantic_storage_interface_srvs/srv/SetPlanBlob.l
Symlinking /home/fu/workspaces/knob_kuka_ws/devel/share/roseus/ros/semantic_storage_interface_srvs/srv/ClearSemanticRepo.l
Symlinking /home/fu/workspaces/knob_kuka_ws/devel/share/roseus/ros/semantic_storage_interface_srvs/srv/SetPlan.l
Symlinking /home/fu/workspaces/knob_kuka_ws/devel/share/roseus/ros/semantic_storage_interface_srvs/srv/GetWorkcell.l
Symlinking /home/fu/workspaces/knob_kuka_ws/devel/share/roseus/ros/semantic_storage_interface_srvs/srv/DeleteObject.l
Symlinking /home/fu/workspaces/knob_kuka_ws/devel/share/roseus/ros/semantic_storage_interface_srvs/srv/UpdateKb.l
Symlinking /home/fu/workspaces/knob_kuka_ws/devel/share/roseus/ros/semantic_storage_interface_srvs/srv/SetBlob.l
Symlinking /home/fu/workspaces/knob_kuka_ws/devel/share/roseus/ros/semantic_storage_interface_srvs/srv/GetPlan.l
Symlinking /home/fu/workspaces/knob_kuka_ws/devel/share/roseus/ros/semantic_storage_interface_srvs/srv/UpdateObject.l
Symlinking /home/fu/workspaces/knob_kuka_ws/devel/share/common-lisp/ros/semantic_storage_interface_srvs/srv/_package_DeleteObject.lisp
Symlinking /home/fu/workspaces/knob_kuka_ws/devel/share/common-lisp/ros/semantic_storage_interface_srvs/srv/_package.lisp
Symlinking /home/fu/workspaces/knob_kuka_ws/devel/share/common-lisp/ros/semantic_storage_interface_srvs/srv/SetPlanBlob.lisp
Symlinking /home/fu/workspaces/knob_kuka_ws/devel/share/common-lisp/ros/semantic_storage_interface_srvs/srv/_package_DeletePlan.lisp
Symlinking /home/fu/workspaces/knob_kuka_ws/devel/share/common-lisp/ros/semantic_storage_interface_srvs/srv/GetBlob.lisp
Symlinking /home/fu/workspaces/knob_kuka_ws/devel/share/common-lisp/ros/semantic_storage_interface_srvs/srv/_package_SetBlob.lisp
Symlinking /home/fu/workspaces/knob_kuka_ws/devel/share/common-lisp/ros/semantic_storage_interface_srvs/srv/_package_UpdatePlan.lisp
Symlinking /home/fu/workspaces/knob_kuka_ws/devel/share/common-lisp/ros/semantic_storage_interface_srvs/srv/_package_GetObject.lisp
Symlinking /home/fu/workspaces/knob_kuka_ws/devel/share/common-lisp/ros/semantic_storage_interface_srvs/srv/GetKb.lisp
Symlinking /home/fu/workspaces/knob_kuka_ws/devel/share/common-lisp/ros/semantic_storage_interface_srvs/srv/_package_SetObjectBlob.lisp
Symlinking /home/fu/workspaces/knob_kuka_ws/devel/share/common-lisp/ros/semantic_storage_interface_srvs/srv/_package_QueryObjects.lisp
Symlinking /home/fu/workspaces/knob_kuka_ws/devel/share/common-lisp/ros/semantic_storage_interface_srvs/srv/_package_ConvertCADModel.lisp
Symlinking /home/fu/workspaces/knob_kuka_ws/devel/share/common-lisp/ros/semantic_storage_interface_srvs/srv/_package_UpdateBlob.lisp
Symlinking /home/fu/workspaces/knob_kuka_ws/devel/share/common-lisp/ros/semantic_storage_interface_srvs/srv/UpdateObject.lisp
Symlinking /home/fu/workspaces/knob_kuka_ws/devel/share/common-lisp/ros/semantic_storage_interface_srvs/srv/GetObject.lisp
Symlinking /home/fu/workspaces/knob_kuka_ws/devel/share/common-lisp/ros/semantic_storage_interface_srvs/srv/_package_SetPlanBlob.lisp
Symlinking /home/fu/workspaces/knob_kuka_ws/devel/share/common-lisp/ros/semantic_storage_interface_srvs/srv/SetObjectBlob.lisp
Symlinking /home/fu/workspaces/knob_kuka_ws/devel/share/common-lisp/ros/semantic_storage_interface_srvs/srv/_package_GetBlob.lisp
Symlinking /home/fu/workspaces/knob_kuka_ws/devel/share/common-lisp/ros/semantic_storage_interface_srvs/srv/_package_DeleteKb.lisp
Symlinking /home/fu/workspaces/knob_kuka_ws/devel/share/common-lisp/ros/semantic_storage_interface_srvs/srv/_package_SetObject.lisp
Symlinking /home/fu/workspaces/knob_kuka_ws/devel/share/common-lisp/ros/semantic_storage_interface_srvs/srv/_package_GetKb.lisp
Symlinking /home/fu/workspaces/knob_kuka_ws/devel/share/common-lisp/ros/semantic_storage_interface_srvs/srv/ConvertCADModel.lisp
Symlinking /home/fu/workspaces/knob_kuka_ws/devel/share/common-lisp/ros/semantic_storage_interface_srvs/srv/UpdateKb.lisp
Symlinking /home/fu/workspaces/knob_kuka_ws/devel/share/common-lisp/ros/semantic_storage_interface_srvs/srv/_package_UpdateKb.lisp
Symlinking /home/fu/workspaces/knob_kuka_ws/devel/share/common-lisp/ros/semantic_storage_interface_srvs/srv/GetPlan.lisp
Symlinking /home/fu/workspaces/knob_kuka_ws/devel/share/common-lisp/ros/semantic_storage_interface_srvs/srv/_package_SetWorkcellBlob.lisp
Symlinking /home/fu/workspaces/knob_kuka_ws/devel/share/common-lisp/ros/semantic_storage_interface_srvs/srv/UpdatePlan.lisp
Symlinking /home/fu/workspaces/knob_kuka_ws/devel/share/common-lisp/ros/semantic_storage_interface_srvs/srv/_package_GetWorkcell.lisp
Symlinking /home/fu/workspaces/knob_kuka_ws/devel/share/common-lisp/ros/semantic_storage_interface_srvs/srv/QueryKb.lisp
Symlinking /home/fu/workspaces/knob_kuka_ws/devel/share/common-lisp/ros/semantic_storage_interface_srvs/srv/_package_QueryKb.lisp
Symlinking /home/fu/workspaces/knob_kuka_ws/devel/share/common-lisp/ros/semantic_storage_interface_srvs/srv/DeletePlan.lisp
Symlinking /home/fu/workspaces/knob_kuka_ws/devel/share/common-lisp/ros/semantic_storage_interface_srvs/srv/semantic_storage_interface_srvs-srv.asd
Symlinking /home/fu/workspaces/knob_kuka_ws/devel/share/common-lisp/ros/semantic_storage_interface_srvs/srv/SetKbBlob.lisp
Symlinking /home/fu/workspaces/knob_kuka_ws/devel/share/common-lisp/ros/semantic_storage_interface_srvs/srv/_package_ClearSemanticRepo.lisp
Symlinking /home/fu/workspaces/knob_kuka_ws/devel/share/common-lisp/ros/semantic_storage_interface_srvs/srv/UpdateWorkcell.lisp
Symlinking /home/fu/workspaces/knob_kuka_ws/devel/share/common-lisp/ros/semantic_storage_interface_srvs/srv/UpdateBlob.lisp
Symlinking /home/fu/workspaces/knob_kuka_ws/devel/share/common-lisp/ros/semantic_storage_interface_srvs/srv/SetKb.lisp
Symlinking /home/fu/workspaces/knob_kuka_ws/devel/share/common-lisp/ros/semantic_storage_interface_srvs/srv/SetBlob.lisp
Symlinking /home/fu/workspaces/knob_kuka_ws/devel/share/common-lisp/ros/semantic_storage_interface_srvs/srv/_package_UpdateWorkcell.lisp
Symlinking /home/fu/workspaces/knob_kuka_ws/devel/share/common-lisp/ros/semantic_storage_interface_srvs/srv/_package_QueryPlans.lisp
Symlinking /home/fu/workspaces/knob_kuka_ws/devel/share/common-lisp/ros/semantic_storage_interface_srvs/srv/QueryObjects.lisp
Symlinking /home/fu/workspaces/knob_kuka_ws/devel/share/common-lisp/ros/semantic_storage_interface_srvs/srv/GetWorkcell.lisp
Symlinking /home/fu/workspaces/knob_kuka_ws/devel/share/common-lisp/ros/semantic_storage_interface_srvs/srv/DeleteObject.lisp
Symlinking /home/fu/workspaces/knob_kuka_ws/devel/share/common-lisp/ros/semantic_storage_interface_srvs/srv/_package_SetKbBlob.lisp
Symlinking /home/fu/workspaces/knob_kuka_ws/devel/share/common-lisp/ros/semantic_storage_interface_srvs/srv/QueryWorkcells.lisp
Symlinking /home/fu/workspaces/knob_kuka_ws/devel/share/common-lisp/ros/semantic_storage_interface_srvs/srv/_package_SetWorkcell.lisp
Symlinking /home/fu/workspaces/knob_kuka_ws/devel/share/common-lisp/ros/semantic_storage_interface_srvs/srv/_package_UpdateObject.lisp
Symlinking /home/fu/workspaces/knob_kuka_ws/devel/share/common-lisp/ros/semantic_storage_interface_srvs/srv/_package_SetKb.lisp
Symlinking /home/fu/workspaces/knob_kuka_ws/devel/share/common-lisp/ros/semantic_storage_interface_srvs/srv/_package_DeleteWorkcell.lisp
Symlinking /home/fu/workspaces/knob_kuka_ws/devel/share/common-lisp/ros/semantic_storage_interface_srvs/srv/_package_GetPlan.lisp
Symlinking /home/fu/workspaces/knob_kuka_ws/devel/share/common-lisp/ros/semantic_storage_interface_srvs/srv/DeleteBlob.lisp
Symlinking /home/fu/workspaces/knob_kuka_ws/devel/share/common-lisp/ros/semantic_storage_interface_srvs/srv/_package_QueryWorkcells.lisp
Symlinking /home/fu/workspaces/knob_kuka_ws/devel/share/common-lisp/ros/semantic_storage_interface_srvs/srv/SetPlan.lisp
Symlinking /home/fu/workspaces/knob_kuka_ws/devel/share/common-lisp/ros/semantic_storage_interface_srvs/srv/SetObject.lisp
Symlinking /home/fu/workspaces/knob_kuka_ws/devel/share/common-lisp/ros/semantic_storage_interface_srvs/srv/_package_ClearAll.lisp
Symlinking /home/fu/workspaces/knob_kuka_ws/devel/share/common-lisp/ros/semantic_storage_interface_srvs/srv/DeleteKb.lisp
Symlinking /home/fu/workspaces/knob_kuka_ws/devel/share/common-lisp/ros/semantic_storage_interface_srvs/srv/ClearBlobStore.lisp
Symlinking /home/fu/workspaces/knob_kuka_ws/devel/share/common-lisp/ros/semantic_storage_interface_srvs/srv/QueryPlans.lisp
Symlinking /home/fu/workspaces/knob_kuka_ws/devel/share/common-lisp/ros/semantic_storage_interface_srvs/srv/DeleteWorkcell.lisp
Symlinking /home/fu/workspaces/knob_kuka_ws/devel/share/common-lisp/ros/semantic_storage_interface_srvs/srv/_package_DeleteBlob.lisp
Symlinking /home/fu/workspaces/knob_kuka_ws/devel/share/common-lisp/ros/semantic_storage_interface_srvs/srv/SetWorkcellBlob.lisp
Symlinking /home/fu/workspaces/knob_kuka_ws/devel/share/common-lisp/ros/semantic_storage_interface_srvs/srv/ClearAll.lisp
Symlinking /home/fu/workspaces/knob_kuka_ws/devel/share/common-lisp/ros/semantic_storage_interface_srvs/srv/_package_SetPlan.lisp
Symlinking /home/fu/workspaces/knob_kuka_ws/devel/share/common-lisp/ros/semantic_storage_interface_srvs/srv/_package_ClearBlobStore.lisp
Symlinking /home/fu/workspaces/knob_kuka_ws/devel/share/common-lisp/ros/semantic_storage_interface_srvs/srv/ClearSemanticRepo.lisp
Symlinking /home/fu/workspaces/knob_kuka_ws/devel/share/common-lisp/ros/semantic_storage_interface_srvs/srv/SetWorkcell.lisp
Symlinking /home/fu/workspaces/knob_kuka_ws/devel/share/semantic_storage_interface_srvs/cmake/semantic_storage_interface_srvsConfig-version.cmake
Symlinking /home/fu/workspaces/knob_kuka_ws/devel/share/semantic_storage_interface_srvs/cmake/semantic_storage_interface_srvs-msg-extras.cmake
Symlinking /home/fu/workspaces/knob_kuka_ws/devel/share/semantic_storage_interface_srvs/cmake/semantic_storage_interface_srvs-msg-paths.cmake
Symlinking /home/fu/workspaces/knob_kuka_ws/devel/share/semantic_storage_interface_srvs/cmake/semantic_storage_interface_srvsConfig.cmake
Symlinking /home/fu/workspaces/knob_kuka_ws/devel/lib/pkgconfig/semantic_storage_interface_srvs.pc
Symlinking /home/fu/workspaces/knob_kuka_ws/devel/lib/python3/dist-packages/semantic_storage_interface_srvs/__init__.py
Symlinking /home/fu/workspaces/knob_kuka_ws/devel/lib/python3/dist-packages/semantic_storage_interface_srvs/srv/_SetKb.py
Symlinking /home/fu/workspaces/knob_kuka_ws/devel/lib/python3/dist-packages/semantic_storage_interface_srvs/srv/_DeleteObject.py
Symlinking /home/fu/workspaces/knob_kuka_ws/devel/lib/python3/dist-packages/semantic_storage_interface_srvs/srv/_UpdateObject.py
Symlinking /home/fu/workspaces/knob_kuka_ws/devel/lib/python3/dist-packages/semantic_storage_interface_srvs/srv/_UpdateKb.py
Symlinking /home/fu/workspaces/knob_kuka_ws/devel/lib/python3/dist-packages/semantic_storage_interface_srvs/srv/_GetPlan.py
Symlinking /home/fu/workspaces/knob_kuka_ws/devel/lib/python3/dist-packages/semantic_storage_interface_srvs/srv/_QueryWorkcells.py
Symlinking /home/fu/workspaces/knob_kuka_ws/devel/lib/python3/dist-packages/semantic_storage_interface_srvs/srv/_SetWorkcell.py
Symlinking /home/fu/workspaces/knob_kuka_ws/devel/lib/python3/dist-packages/semantic_storage_interface_srvs/srv/_GetWorkcell.py
Symlinking /home/fu/workspaces/knob_kuka_ws/devel/lib/python3/dist-packages/semantic_storage_interface_srvs/srv/_UpdatePlan.py
Symlinking /home/fu/workspaces/knob_kuka_ws/devel/lib/python3/dist-packages/semantic_storage_interface_srvs/srv/_UpdateWorkcell.py
Symlinking /home/fu/workspaces/knob_kuka_ws/devel/lib/python3/dist-packages/semantic_storage_interface_srvs/srv/_DeleteWorkcell.py
Symlinking /home/fu/workspaces/knob_kuka_ws/devel/lib/python3/dist-packages/semantic_storage_interface_srvs/srv/_ClearAll.py
Symlinking /home/fu/workspaces/knob_kuka_ws/devel/lib/python3/dist-packages/semantic_storage_interface_srvs/srv/_UpdateBlob.py
Symlinking /home/fu/workspaces/knob_kuka_ws/devel/lib/python3/dist-packages/semantic_storage_interface_srvs/srv/_QueryPlans.py
Symlinking /home/fu/workspaces/knob_kuka_ws/devel/lib/python3/dist-packages/semantic_storage_interface_srvs/srv/_QueryObjects.py
Symlinking /home/fu/workspaces/knob_kuka_ws/devel/lib/python3/dist-packages/semantic_storage_interface_srvs/srv/_SetPlanBlob.py
Symlinking /home/fu/workspaces/knob_kuka_ws/devel/lib/python3/dist-packages/semantic_storage_interface_srvs/srv/_ConvertCADModel.py
Symlinking /home/fu/workspaces/knob_kuka_ws/devel/lib/python3/dist-packages/semantic_storage_interface_srvs/srv/_DeleteBlob.py
Symlinking /home/fu/workspaces/knob_kuka_ws/devel/lib/python3/dist-packages/semantic_storage_interface_srvs/srv/_GetKb.py
Symlinking /home/fu/workspaces/knob_kuka_ws/devel/lib/python3/dist-packages/semantic_storage_interface_srvs/srv/_GetObject.py
Symlinking /home/fu/workspaces/knob_kuka_ws/devel/lib/python3/dist-packages/semantic_storage_interface_srvs/srv/_SetWorkcellBlob.py
Symlinking /home/fu/workspaces/knob_kuka_ws/devel/lib/python3/dist-packages/semantic_storage_interface_srvs/srv/_SetPlan.py
Symlinking /home/fu/workspaces/knob_kuka_ws/devel/lib/python3/dist-packages/semantic_storage_interface_srvs/srv/_GetBlob.py
Symlinking /home/fu/workspaces/knob_kuka_ws/devel/lib/python3/dist-packages/semantic_storage_interface_srvs/srv/_DeletePlan.py
Symlinking /home/fu/workspaces/knob_kuka_ws/devel/lib/python3/dist-packages/semantic_storage_interface_srvs/srv/_ClearBlobStore.py
Symlinking /home/fu/workspaces/knob_kuka_ws/devel/lib/python3/dist-packages/semantic_storage_interface_srvs/srv/_SetObject.py
Symlinking /home/fu/workspaces/knob_kuka_ws/devel/lib/python3/dist-packages/semantic_storage_interface_srvs/srv/_ClearSemanticRepo.py
Symlinking /home/fu/workspaces/knob_kuka_ws/devel/lib/python3/dist-packages/semantic_storage_interface_srvs/srv/__init__.py
Symlinking /home/fu/workspaces/knob_kuka_ws/devel/lib/python3/dist-packages/semantic_storage_interface_srvs/srv/_QueryKb.py
Symlinking /home/fu/workspaces/knob_kuka_ws/devel/lib/python3/dist-packages/semantic_storage_interface_srvs/srv/_SetBlob.py
Symlinking /home/fu/workspaces/knob_kuka_ws/devel/lib/python3/dist-packages/semantic_storage_interface_srvs/srv/_SetKbBlob.py
Symlinking /home/fu/workspaces/knob_kuka_ws/devel/lib/python3/dist-packages/semantic_storage_interface_srvs/srv/_SetObjectBlob.py
Symlinking /home/fu/workspaces/knob_kuka_ws/devel/lib/python3/dist-packages/semantic_storage_interface_srvs/srv/_DeleteKb.py
Symlinking /home/fu/workspaces/knob_kuka_ws/devel/include/semantic_storage_interface_srvs/DeleteKbRequest.h
Symlinking /home/fu/workspaces/knob_kuka_ws/devel/include/semantic_storage_interface_srvs/UpdateKbRequest.h
Symlinking /home/fu/workspaces/knob_kuka_ws/devel/include/semantic_storage_interface_srvs/UpdateObjectRequest.h
Symlinking /home/fu/workspaces/knob_kuka_ws/devel/include/semantic_storage_interface_srvs/SetKbBlob.h
Symlinking /home/fu/workspaces/knob_kuka_ws/devel/include/semantic_storage_interface_srvs/UpdateWorkcellRequest.h
Symlinking /home/fu/workspaces/knob_kuka_ws/devel/include/semantic_storage_interface_srvs/QueryKbRequest.h
Symlinking /home/fu/workspaces/knob_kuka_ws/devel/include/semantic_storage_interface_srvs/DeleteObjectResponse.h
Symlinking /home/fu/workspaces/knob_kuka_ws/devel/include/semantic_storage_interface_srvs/SetObject.h
Symlinking /home/fu/workspaces/knob_kuka_ws/devel/include/semantic_storage_interface_srvs/QueryWorkcellsRequest.h
Symlinking /home/fu/workspaces/knob_kuka_ws/devel/include/semantic_storage_interface_srvs/GetBlob.h
Symlinking /home/fu/workspaces/knob_kuka_ws/devel/include/semantic_storage_interface_srvs/SetPlanResponse.h
Symlinking /home/fu/workspaces/knob_kuka_ws/devel/include/semantic_storage_interface_srvs/DeleteWorkcellRequest.h
Symlinking /home/fu/workspaces/knob_kuka_ws/devel/include/semantic_storage_interface_srvs/DeleteWorkcellResponse.h
Symlinking /home/fu/workspaces/knob_kuka_ws/devel/include/semantic_storage_interface_srvs/GetObject.h
Symlinking /home/fu/workspaces/knob_kuka_ws/devel/include/semantic_storage_interface_srvs/ClearBlobStore.h
Symlinking /home/fu/workspaces/knob_kuka_ws/devel/include/semantic_storage_interface_srvs/SetPlanBlobResponse.h
Symlinking /home/fu/workspaces/knob_kuka_ws/devel/include/semantic_storage_interface_srvs/SetKbResponse.h
Symlinking /home/fu/workspaces/knob_kuka_ws/devel/include/semantic_storage_interface_srvs/SetPlanBlobRequest.h
Symlinking /home/fu/workspaces/knob_kuka_ws/devel/include/semantic_storage_interface_srvs/ClearBlobStoreRequest.h
Symlinking /home/fu/workspaces/knob_kuka_ws/devel/include/semantic_storage_interface_srvs/UpdateWorkcellResponse.h
Symlinking /home/fu/workspaces/knob_kuka_ws/devel/include/semantic_storage_interface_srvs/GetWorkcellRequest.h
Symlinking /home/fu/workspaces/knob_kuka_ws/devel/include/semantic_storage_interface_srvs/GetWorkcell.h
Symlinking /home/fu/workspaces/knob_kuka_ws/devel/include/semantic_storage_interface_srvs/ClearSemanticRepo.h
Symlinking /home/fu/workspaces/knob_kuka_ws/devel/include/semantic_storage_interface_srvs/SetObjectRequest.h
Symlinking /home/fu/workspaces/knob_kuka_ws/devel/include/semantic_storage_interface_srvs/GetPlan.h
Symlinking /home/fu/workspaces/knob_kuka_ws/devel/include/semantic_storage_interface_srvs/SetPlanBlob.h
Symlinking /home/fu/workspaces/knob_kuka_ws/devel/include/semantic_storage_interface_srvs/SetWorkcellBlobRequest.h
Symlinking /home/fu/workspaces/knob_kuka_ws/devel/include/semantic_storage_interface_srvs/GetPlanResponse.h
Symlinking /home/fu/workspaces/knob_kuka_ws/devel/include/semantic_storage_interface_srvs/SetObjectBlobResponse.h
Symlinking /home/fu/workspaces/knob_kuka_ws/devel/include/semantic_storage_interface_srvs/DeletePlanRequest.h
Symlinking /home/fu/workspaces/knob_kuka_ws/devel/include/semantic_storage_interface_srvs/QueryObjectsResponse.h
Symlinking /home/fu/workspaces/knob_kuka_ws/devel/include/semantic_storage_interface_srvs/SetPlan.h
Symlinking /home/fu/workspaces/knob_kuka_ws/devel/include/semantic_storage_interface_srvs/UpdateBlobRequest.h
Symlinking /home/fu/workspaces/knob_kuka_ws/devel/include/semantic_storage_interface_srvs/QueryObjectsRequest.h
Symlinking /home/fu/workspaces/knob_kuka_ws/devel/include/semantic_storage_interface_srvs/UpdateBlob.h
Symlinking /home/fu/workspaces/knob_kuka_ws/devel/include/semantic_storage_interface_srvs/UpdateKbResponse.h
Symlinking /home/fu/workspaces/knob_kuka_ws/devel/include/semantic_storage_interface_srvs/DeleteKb.h
Symlinking /home/fu/workspaces/knob_kuka_ws/devel/include/semantic_storage_interface_srvs/ClearSemanticRepoRequest.h
Symlinking /home/fu/workspaces/knob_kuka_ws/devel/include/semantic_storage_interface_srvs/DeleteKbResponse.h
Symlinking /home/fu/workspaces/knob_kuka_ws/devel/include/semantic_storage_interface_srvs/UpdateBlobResponse.h
Symlinking /home/fu/workspaces/knob_kuka_ws/devel/include/semantic_storage_interface_srvs/SetObjectBlob.h
Symlinking /home/fu/workspaces/knob_kuka_ws/devel/include/semantic_storage_interface_srvs/DeleteObject.h
Symlinking /home/fu/workspaces/knob_kuka_ws/devel/include/semantic_storage_interface_srvs/UpdateKb.h
Symlinking /home/fu/workspaces/knob_kuka_ws/devel/include/semantic_storage_interface_srvs/DeletePlanResponse.h
Symlinking /home/fu/workspaces/knob_kuka_ws/devel/include/semantic_storage_interface_srvs/UpdatePlanRequest.h
Symlinking /home/fu/workspaces/knob_kuka_ws/devel/include/semantic_storage_interface_srvs/UpdateObject.h
Symlinking /home/fu/workspaces/knob_kuka_ws/devel/include/semantic_storage_interface_srvs/DeleteBlobRequest.h
Symlinking /home/fu/workspaces/knob_kuka_ws/devel/include/semantic_storage_interface_srvs/ClearAllRequest.h
Symlinking /home/fu/workspaces/knob_kuka_ws/devel/include/semantic_storage_interface_srvs/UpdateWorkcell.h
Symlinking /home/fu/workspaces/knob_kuka_ws/devel/include/semantic_storage_interface_srvs/SetObjectResponse.h
Symlinking /home/fu/workspaces/knob_kuka_ws/devel/include/semantic_storage_interface_srvs/QueryWorkcells.h
Symlinking /home/fu/workspaces/knob_kuka_ws/devel/include/semantic_storage_interface_srvs/DeleteWorkcell.h
Symlinking /home/fu/workspaces/knob_kuka_ws/devel/include/semantic_storage_interface_srvs/UpdateObjectResponse.h
Symlinking /home/fu/workspaces/knob_kuka_ws/devel/include/semantic_storage_interface_srvs/QueryWorkcellsResponse.h
Symlinking /home/fu/workspaces/knob_kuka_ws/devel/include/semantic_storage_interface_srvs/ConvertCADModel.h
Symlinking /home/fu/workspaces/knob_kuka_ws/devel/include/semantic_storage_interface_srvs/QueryKb.h
Symlinking /home/fu/workspaces/knob_kuka_ws/devel/include/semantic_storage_interface_srvs/ClearAll.h
Symlinking /home/fu/workspaces/knob_kuka_ws/devel/include/semantic_storage_interface_srvs/DeletePlan.h
Symlinking /home/fu/workspaces/knob_kuka_ws/devel/include/semantic_storage_interface_srvs/ClearAllResponse.h
Symlinking /home/fu/workspaces/knob_kuka_ws/devel/include/semantic_storage_interface_srvs/GetObjectResponse.h
Symlinking /home/fu/workspaces/knob_kuka_ws/devel/include/semantic_storage_interface_srvs/SetBlob.h
Symlinking /home/fu/workspaces/knob_kuka_ws/devel/include/semantic_storage_interface_srvs/QueryPlans.h
Symlinking /home/fu/workspaces/knob_kuka_ws/devel/include/semantic_storage_interface_srvs/ClearSemanticRepoResponse.h
Symlinking /home/fu/workspaces/knob_kuka_ws/devel/include/semantic_storage_interface_srvs/SetKbBlobResponse.h
Symlinking /home/fu/workspaces/knob_kuka_ws/devel/include/semantic_storage_interface_srvs/SetBlobRequest.h
Symlinking /home/fu/workspaces/knob_kuka_ws/devel/include/semantic_storage_interface_srvs/SetKb.h
Symlinking /home/fu/workspaces/knob_kuka_ws/devel/include/semantic_storage_interface_srvs/SetObjectBlobRequest.h
Symlinking /home/fu/workspaces/knob_kuka_ws/devel/include/semantic_storage_interface_srvs/SetPlanRequest.h
Symlinking /home/fu/workspaces/knob_kuka_ws/devel/include/semantic_storage_interface_srvs/UpdatePlanResponse.h
Symlinking /home/fu/workspaces/knob_kuka_ws/devel/include/semantic_storage_interface_srvs/GetObjectRequest.h
Symlinking /home/fu/workspaces/knob_kuka_ws/devel/include/semantic_storage_interface_srvs/ClearBlobStoreResponse.h
Symlinking /home/fu/workspaces/knob_kuka_ws/devel/include/semantic_storage_interface_srvs/GetKbRequest.h
Symlinking /home/fu/workspaces/knob_kuka_ws/devel/include/semantic_storage_interface_srvs/QueryPlansRequest.h
Symlinking /home/fu/workspaces/knob_kuka_ws/devel/include/semantic_storage_interface_srvs/GetKbResponse.h
Symlinking /home/fu/workspaces/knob_kuka_ws/devel/include/semantic_storage_interface_srvs/SetBlobResponse.h
Symlinking /home/fu/workspaces/knob_kuka_ws/devel/include/semantic_storage_interface_srvs/SetKbBlobRequest.h
Symlinking /home/fu/workspaces/knob_kuka_ws/devel/include/semantic_storage_interface_srvs/SetWorkcellBlob.h
Symlinking /home/fu/workspaces/knob_kuka_ws/devel/include/semantic_storage_interface_srvs/ConvertCADModelResponse.h
Symlinking /home/fu/workspaces/knob_kuka_ws/devel/include/semantic_storage_interface_srvs/SetWorkcell.h
Symlinking /home/fu/workspaces/knob_kuka_ws/devel/include/semantic_storage_interface_srvs/ConvertCADModelRequest.h
Symlinking /home/fu/workspaces/knob_kuka_ws/devel/include/semantic_storage_interface_srvs/DeleteObjectRequest.h
Symlinking /home/fu/workspaces/knob_kuka_ws/devel/include/semantic_storage_interface_srvs/GetBlobRequest.h
Symlinking /home/fu/workspaces/knob_kuka_ws/devel/include/semantic_storage_interface_srvs/SetWorkcellRequest.h
Symlinking /home/fu/workspaces/knob_kuka_ws/devel/include/semantic_storage_interface_srvs/UpdatePlan.h
Symlinking /home/fu/workspaces/knob_kuka_ws/devel/include/semantic_storage_interface_srvs/GetKb.h
Symlinking /home/fu/workspaces/knob_kuka_ws/devel/include/semantic_storage_interface_srvs/DeleteBlob.h
Symlinking /home/fu/workspaces/knob_kuka_ws/devel/include/semantic_storage_interface_srvs/DeleteBlobResponse.h
Symlinking /home/fu/workspaces/knob_kuka_ws/devel/include/semantic_storage_interface_srvs/SetWorkcellBlobResponse.h
Symlinking /home/fu/workspaces/knob_kuka_ws/devel/include/semantic_storage_interface_srvs/QueryObjects.h
Symlinking /home/fu/workspaces/knob_kuka_ws/devel/include/semantic_storage_interface_srvs/GetWorkcellResponse.h
Symlinking /home/fu/workspaces/knob_kuka_ws/devel/include/semantic_storage_interface_srvs/SetWorkcellResponse.h
Symlinking /home/fu/workspaces/knob_kuka_ws/devel/include/semantic_storage_interface_srvs/QueryKbResponse.h
Symlinking /home/fu/workspaces/knob_kuka_ws/devel/include/semantic_storage_interface_srvs/SetKbRequest.h
Symlinking /home/fu/workspaces/knob_kuka_ws/devel/include/semantic_storage_interface_srvs/GetPlanRequest.h
Symlinking /home/fu/workspaces/knob_kuka_ws/devel/include/semantic_storage_interface_srvs/GetBlobResponse.h
Symlinking /home/fu/workspaces/knob_kuka_ws/devel/include/semantic_storage_interface_srvs/QueryPlansResponse.h
