[35m[1mScanning dependencies of target _semantic_storage_interface_srvs_generate_messages_check_deps_QueryObjects[0m
[35m[1mScanning dependencies of target _semantic_storage_interface_srvs_generate_messages_check_deps_GetBlob[0m
[35m[1mScanning dependencies of target _semantic_storage_interface_srvs_generate_messages_check_deps_UpdateObject[0m
[35m[1mScanning dependencies of target _semantic_storage_interface_srvs_generate_messages_check_deps_DeleteBlob[0m
[35m[1mScanning dependencies of target _semantic_storage_interface_srvs_generate_messages_check_deps_GetPlan[0m
[35m[1mScanning dependencies of target _semantic_storage_interface_srvs_generate_messages_check_deps_UpdateKb[0m
[35m[1mScanning dependencies of target _semantic_storage_interface_srvs_generate_messages_check_deps_SetBlob[0m
[35m[1mScanning dependencies of target _semantic_storage_interface_srvs_generate_messages_check_deps_QueryKb[0m
[  0%] Built target _semantic_storage_interface_srvs_generate_messages_check_deps_DeleteBlob
[  0%] Built target _semantic_storage_interface_srvs_generate_messages_check_deps_QueryObjects
[  0%] Built target _semantic_storage_interface_srvs_generate_messages_check_deps_GetBlob
[  0%] Built target _semantic_storage_interface_srvs_generate_messages_check_deps_UpdateObject
[  0%] Built target _semantic_storage_interface_srvs_generate_messages_check_deps_GetPlan
[  0%] Built target _semantic_storage_interface_srvs_generate_messages_check_deps_UpdateKb
[35m[1mScanning dependencies of target _semantic_storage_interface_srvs_generate_messages_check_deps_UpdateWorkcell[0m
[35m[1mScanning dependencies of target semantic_storage_interface_msgs_generate_messages_py[0m
[35m[1mScanning dependencies of target _semantic_storage_interface_srvs_generate_messages_check_deps_DeleteKb[0m
[  0%] Built target _semantic_storage_interface_srvs_generate_messages_check_deps_SetBlob
[35m[1mScanning dependencies of target _semantic_storage_interface_srvs_generate_messages_check_deps_ClearSemanticRepo[0m
[35m[1mScanning dependencies of target _semantic_storage_interface_srvs_generate_messages_check_deps_DeleteWorkcell[0m
[35m[1mScanning dependencies of target _semantic_storage_interface_srvs_generate_messages_check_deps_ClearBlobStore[0m
[  0%] Built target _semantic_storage_interface_srvs_generate_messages_check_deps_QueryKb
[  0%] Built target semantic_storage_interface_msgs_generate_messages_py
[35m[1mScanning dependencies of target _semantic_storage_interface_srvs_generate_messages_check_deps_GetWorkcell[0m
[35m[1mScanning dependencies of target _semantic_storage_interface_srvs_generate_messages_check_deps_QueryWorkcells[0m
[35m[1mScanning dependencies of target _semantic_storage_interface_srvs_generate_messages_check_deps_ClearAll[0m
[  0%] Built target _semantic_storage_interface_srvs_generate_messages_check_deps_UpdateWorkcell
[  0%] Built target _semantic_storage_interface_srvs_generate_messages_check_deps_DeleteKb
[  0%] Built target _semantic_storage_interface_srvs_generate_messages_check_deps_DeleteWorkcell
[35m[1mScanning dependencies of target _semantic_storage_interface_srvs_generate_messages_check_deps_SetPlanBlob[0m
[35m[1mScanning dependencies of target _semantic_storage_interface_srvs_generate_messages_check_deps_SetObjectBlob[0m
[  0%] Built target _semantic_storage_interface_srvs_generate_messages_check_deps_ClearBlobStore
[35m[1mScanning dependencies of target _semantic_storage_interface_srvs_generate_messages_check_deps_SetPlan[0m
[  0%] Built target _semantic_storage_interface_srvs_generate_messages_check_deps_GetWorkcell
[  0%] Built target _semantic_storage_interface_srvs_generate_messages_check_deps_ClearSemanticRepo
[35m[1mScanning dependencies of target _semantic_storage_interface_srvs_generate_messages_check_deps_SetKbBlob[0m
[  0%] Built target _semantic_storage_interface_srvs_generate_messages_check_deps_ClearAll
[  0%] Built target _semantic_storage_interface_srvs_generate_messages_check_deps_QueryWorkcells
[35m[1mScanning dependencies of target _semantic_storage_interface_srvs_generate_messages_check_deps_SetWorkcell[0m
[35m[1mScanning dependencies of target _semantic_storage_interface_srvs_generate_messages_check_deps_GetObject[0m
[  0%] Built target _semantic_storage_interface_srvs_generate_messages_check_deps_SetPlanBlob
[  0%] Built target _semantic_storage_interface_srvs_generate_messages_check_deps_SetObjectBlob
[35m[1mScanning dependencies of target _semantic_storage_interface_srvs_generate_messages_check_deps_SetWorkcellBlob[0m
[35m[1mScanning dependencies of target _semantic_storage_interface_srvs_generate_messages_check_deps_SetKb[0m
[35m[1mScanning dependencies of target _semantic_storage_interface_srvs_generate_messages_check_deps_SetObject[0m
[35m[1mScanning dependencies of target _semantic_storage_interface_srvs_generate_messages_check_deps_UpdateBlob[0m
[  0%] Built target _semantic_storage_interface_srvs_generate_messages_check_deps_SetPlan
[35m[1mScanning dependencies of target _semantic_storage_interface_srvs_generate_messages_check_deps_ConvertCADModel[0m
[  0%] Built target _semantic_storage_interface_srvs_generate_messages_check_deps_SetWorkcell
[  0%] Built target _semantic_storage_interface_srvs_generate_messages_check_deps_SetKbBlob
[  0%] Built target _semantic_storage_interface_srvs_generate_messages_check_deps_GetObject
[35m[1mScanning dependencies of target std_msgs_generate_messages_py[0m
[  0%] Built target _semantic_storage_interface_srvs_generate_messages_check_deps_SetWorkcellBlob
[35m[1mScanning dependencies of target _semantic_storage_interface_srvs_generate_messages_check_deps_DeleteObject[0m
[35m[1mScanning dependencies of target _semantic_storage_interface_srvs_generate_messages_check_deps_UpdatePlan[0m
[  0%] Built target _semantic_storage_interface_srvs_generate_messages_check_deps_SetKb
[  0%] Built target _semantic_storage_interface_srvs_generate_messages_check_deps_SetObject
[  0%] Built target _semantic_storage_interface_srvs_generate_messages_check_deps_UpdateBlob
[  0%] Built target std_msgs_generate_messages_py
[35m[1mScanning dependencies of target _semantic_storage_interface_srvs_generate_messages_check_deps_QueryPlans[0m
[35m[1mScanning dependencies of target _semantic_storage_interface_srvs_generate_messages_check_deps_GetKb[0m
[35m[1mScanning dependencies of target _semantic_storage_interface_srvs_generate_messages_check_deps_DeletePlan[0m
[35m[1mScanning dependencies of target std_msgs_generate_messages_nodejs[0m
[35m[1mScanning dependencies of target semantic_storage_interface_msgs_generate_messages_nodejs[0m
[  0%] Built target std_msgs_generate_messages_nodejs
[  0%] Built target semantic_storage_interface_msgs_generate_messages_nodejs
[  0%] Built target _semantic_storage_interface_srvs_generate_messages_check_deps_ConvertCADModel
[35m[1mScanning dependencies of target std_msgs_generate_messages_eus[0m
[35m[1mScanning dependencies of target semantic_storage_interface_msgs_generate_messages_eus[0m
[35m[1mScanning dependencies of target semantic_storage_interface_msgs_generate_messages_lisp[0m
[  0%] Built target _semantic_storage_interface_srvs_generate_messages_check_deps_DeleteObject
[  0%] Built target _semantic_storage_interface_srvs_generate_messages_check_deps_UpdatePlan
[  0%] Built target _semantic_storage_interface_srvs_generate_messages_check_deps_DeletePlan
[  0%] Built target std_msgs_generate_messages_eus
[  0%] Built target semantic_storage_interface_msgs_generate_messages_eus
[  0%] Built target _semantic_storage_interface_srvs_generate_messages_check_deps_QueryPlans
[35m[1mScanning dependencies of target semantic_storage_interface_msgs_generate_messages_cpp[0m
[  0%] Built target semantic_storage_interface_msgs_generate_messages_lisp
[35m[1mScanning dependencies of target std_msgs_generate_messages_cpp[0m
[35m[1mScanning dependencies of target std_msgs_generate_messages_lisp[0m
[  0%] Built target _semantic_storage_interface_srvs_generate_messages_check_deps_GetKb
[  0%] Built target semantic_storage_interface_msgs_generate_messages_cpp
[  0%] Built target std_msgs_generate_messages_cpp
[  0%] Built target std_msgs_generate_messages_lisp
[35m[1mScanning dependencies of target semantic_storage_interface_srvs_generate_messages_nodejs[0m
[35m[1mScanning dependencies of target semantic_storage_interface_srvs_generate_messages_py[0m
[35m[1mScanning dependencies of target semantic_storage_interface_srvs_generate_messages_lisp[0m
[35m[1mScanning dependencies of target semantic_storage_interface_srvs_generate_messages_cpp[0m
[35m[1mScanning dependencies of target semantic_storage_interface_srvs_generate_messages_eus[0m
[  0%] [34m[1mGenerating Python code from SRV semantic_storage_interface_srvs/DeleteObject[0m
[  1%] [34m[1mGenerating Python code from SRV semantic_storage_interface_srvs/DeletePlan[0m
[  2%] [34m[1mGenerating Javascript code from semantic_storage_interface_srvs/DeleteBlob.srv[0m
[  3%] [34m[1mGenerating Python code from SRV semantic_storage_interface_srvs/DeleteBlob[0m
[  3%] [34m[1mGenerating Javascript code from semantic_storage_interface_srvs/DeleteObject.srv[0m
[  4%] [34m[1mGenerating Lisp code from semantic_storage_interface_srvs/DeleteBlob.srv[0m
[  5%] [34m[1mGenerating EusLisp code from semantic_storage_interface_srvs/DeleteBlob.srv[0m
[  6%] [34m[1mGenerating C++ code from semantic_storage_interface_srvs/DeleteBlob.srv[0m
[  7%] [34m[1mGenerating Lisp code from semantic_storage_interface_srvs/DeleteObject.srv[0m
[  7%] [34m[1mGenerating Python code from SRV semantic_storage_interface_srvs/DeleteKb[0m
[  8%] [34m[1mGenerating Javascript code from semantic_storage_interface_srvs/DeletePlan.srv[0m
[  8%] [34m[1mGenerating EusLisp code from semantic_storage_interface_srvs/DeleteObject.srv[0m
[  8%] [34m[1mGenerating Lisp code from semantic_storage_interface_srvs/DeletePlan.srv[0m
[  9%] [34m[1mGenerating EusLisp code from semantic_storage_interface_srvs/DeletePlan.srv[0m
[  9%] [34m[1mGenerating EusLisp code from semantic_storage_interface_srvs/DeleteKb.srv[0m
[ 10%] [34m[1mGenerating Javascript code from semantic_storage_interface_srvs/DeleteKb.srv[0m
[ 10%] [34m[1mGenerating C++ code from semantic_storage_interface_srvs/DeleteObject.srv[0m
[ 11%] [34m[1mGenerating Lisp code from semantic_storage_interface_srvs/DeleteKb.srv[0m
[ 12%] [34m[1mGenerating EusLisp code from semantic_storage_interface_srvs/DeleteWorkcell.srv[0m
[ 12%] [34m[1mGenerating Lisp code from semantic_storage_interface_srvs/DeleteWorkcell.srv[0m
[ 13%] [34m[1mGenerating EusLisp code from semantic_storage_interface_srvs/GetBlob.srv[0m
[ 13%] [34m[1mGenerating Javascript code from semantic_storage_interface_srvs/DeleteWorkcell.srv[0m
[ 14%] [34m[1mGenerating Javascript code from semantic_storage_interface_srvs/GetBlob.srv[0m
[ 15%] [34m[1mGenerating Python code from SRV semantic_storage_interface_srvs/DeleteWorkcell[0m
[ 16%] [34m[1mGenerating Lisp code from semantic_storage_interface_srvs/GetBlob.srv[0m
[ 16%] [34m[1mGenerating Javascript code from semantic_storage_interface_srvs/GetObject.srv[0m
[ 17%] [34m[1mGenerating C++ code from semantic_storage_interface_srvs/DeletePlan.srv[0m
[ 18%] [34m[1mGenerating Javascript code from semantic_storage_interface_srvs/GetPlan.srv[0m
[ 19%] [34m[1mGenerating Lisp code from semantic_storage_interface_srvs/GetObject.srv[0m
[ 20%] [34m[1mGenerating Javascript code from semantic_storage_interface_srvs/GetKb.srv[0m
[ 21%] [34m[1mGenerating C++ code from semantic_storage_interface_srvs/DeleteKb.srv[0m
[ 21%] [34m[1mGenerating EusLisp code from semantic_storage_interface_srvs/GetObject.srv[0m
[ 22%] [34m[1mGenerating Python code from SRV semantic_storage_interface_srvs/GetBlob[0m
[ 22%] [34m[1mGenerating Javascript code from semantic_storage_interface_srvs/GetWorkcell.srv[0m
[ 22%] [34m[1mGenerating C++ code from semantic_storage_interface_srvs/DeleteWorkcell.srv[0m
[ 22%] [34m[1mGenerating Lisp code from semantic_storage_interface_srvs/GetPlan.srv[0m
[ 23%] [34m[1mGenerating Javascript code from semantic_storage_interface_srvs/QueryObjects.srv[0m
[ 25%] [34m[1mGenerating Lisp code from semantic_storage_interface_srvs/GetKb.srv[0m
[ 26%] [34m[1mGenerating EusLisp code from semantic_storage_interface_srvs/GetPlan.srv[0m
[ 26%] [34m[1mGenerating Javascript code from semantic_storage_interface_srvs/QueryPlans.srv[0m
[ 26%] [34m[1mGenerating Lisp code from semantic_storage_interface_srvs/GetWorkcell.srv[0m
[ 27%] [34m[1mGenerating Javascript code from semantic_storage_interface_srvs/QueryKb.srv[0m
[ 28%] [34m[1mGenerating Lisp code from semantic_storage_interface_srvs/QueryObjects.srv[0m
[ 29%] [34m[1mGenerating Javascript code from semantic_storage_interface_srvs/QueryWorkcells.srv[0m
[ 29%] [34m[1mGenerating Javascript code from semantic_storage_interface_srvs/SetBlob.srv[0m
[ 29%] [34m[1mGenerating EusLisp code from semantic_storage_interface_srvs/GetKb.srv[0m
[ 30%] [34m[1mGenerating Lisp code from semantic_storage_interface_srvs/QueryPlans.srv[0m
[ 30%] [34m[1mGenerating Python code from SRV semantic_storage_interface_srvs/GetObject[0m
[ 30%] [34m[1mGenerating C++ code from semantic_storage_interface_srvs/GetObject.srv[0m
[ 31%] [34m[1mGenerating C++ code from semantic_storage_interface_srvs/GetBlob.srv[0m
[ 32%] [34m[1mGenerating C++ code from semantic_storage_interface_srvs/GetPlan.srv[0m
[ 33%] [34m[1mGenerating Javascript code from semantic_storage_interface_srvs/SetObject.srv[0m
[ 33%] [34m[1mGenerating Javascript code from semantic_storage_interface_srvs/SetObjectBlob.srv[0m
[ 34%] [34m[1mGenerating Javascript code from semantic_storage_interface_srvs/SetPlan.srv[0m
[ 35%] [34m[1mGenerating Python code from SRV semantic_storage_interface_srvs/GetPlan[0m
[ 36%] [34m[1mGenerating Lisp code from semantic_storage_interface_srvs/QueryKb.srv[0m
[ 36%] [34m[1mGenerating EusLisp code from semantic_storage_interface_srvs/GetWorkcell.srv[0m
[ 37%] [34m[1mGenerating Lisp code from semantic_storage_interface_srvs/QueryWorkcells.srv[0m
[ 37%] [34m[1mGenerating Javascript code from semantic_storage_interface_srvs/SetPlanBlob.srv[0m
[ 37%] [34m[1mGenerating Lisp code from semantic_storage_interface_srvs/SetBlob.srv[0m
[ 38%] [34m[1mGenerating Javascript code from semantic_storage_interface_srvs/SetKb.srv[0m
[ 39%] [34m[1mGenerating Javascript code from semantic_storage_interface_srvs/SetKbBlob.srv[0m
[ 40%] [34m[1mGenerating C++ code from semantic_storage_interface_srvs/GetKb.srv[0m
[ 40%] [34m[1mGenerating Javascript code from semantic_storage_interface_srvs/SetWorkcell.srv[0m
[ 41%] [34m[1mGenerating Javascript code from semantic_storage_interface_srvs/SetWorkcellBlob.srv[0m
[ 42%] [34m[1mGenerating Lisp code from semantic_storage_interface_srvs/SetObject.srv[0m
[ 42%] [34m[1mGenerating C++ code from semantic_storage_interface_srvs/GetWorkcell.srv[0m
[ 43%] [34m[1mGenerating EusLisp code from semantic_storage_interface_srvs/QueryObjects.srv[0m
[ 43%] [34m[1mGenerating Python code from SRV semantic_storage_interface_srvs/GetKb[0m
[ 44%] [34m[1mGenerating C++ code from semantic_storage_interface_srvs/QueryObjects.srv[0m
[ 44%] [34m[1mGenerating C++ code from semantic_storage_interface_srvs/QueryPlans.srv[0m
[ 44%] [34m[1mGenerating Javascript code from semantic_storage_interface_srvs/UpdateBlob.srv[0m
[ 44%] [34m[1mGenerating Lisp code from semantic_storage_interface_srvs/SetObjectBlob.srv[0m
[ 45%] [34m[1mGenerating Javascript code from semantic_storage_interface_srvs/UpdateObject.srv[0m
[ 46%] [34m[1mGenerating Lisp code from semantic_storage_interface_srvs/SetPlan.srv[0m
[ 46%] [34m[1mGenerating EusLisp code from semantic_storage_interface_srvs/QueryPlans.srv[0m
[ 47%] [34m[1mGenerating Javascript code from semantic_storage_interface_srvs/UpdatePlan.srv[0m
[ 47%] [34m[1mGenerating Javascript code from semantic_storage_interface_srvs/UpdateKb.srv[0m
[ 48%] [34m[1mGenerating Lisp code from semantic_storage_interface_srvs/SetPlanBlob.srv[0m
[ 50%] [34m[1mGenerating C++ code from semantic_storage_interface_srvs/QueryKb.srv[0m
[ 50%] [34m[1mGenerating C++ code from semantic_storage_interface_srvs/QueryWorkcells.srv[0m
[ 52%] [34m[1mGenerating Python code from SRV semantic_storage_interface_srvs/GetWorkcell[0m
[ 52%] [34m[1mGenerating EusLisp code from semantic_storage_interface_srvs/QueryKb.srv[0m
[ 53%] [34m[1mGenerating C++ code from semantic_storage_interface_srvs/SetBlob.srv[0m
[ 54%] [34m[1mGenerating Javascript code from semantic_storage_interface_srvs/UpdateWorkcell.srv[0m
[ 54%] [34m[1mGenerating Javascript code from semantic_storage_interface_srvs/ConvertCADModel.srv[0m
[ 54%] [34m[1mGenerating Lisp code from semantic_storage_interface_srvs/SetKb.srv[0m
[ 54%] [34m[1mGenerating EusLisp code from semantic_storage_interface_srvs/QueryWorkcells.srv[0m
[ 55%] [34m[1mGenerating Javascript code from semantic_storage_interface_srvs/ClearAll.srv[0m
[ 56%] [34m[1mGenerating Lisp code from semantic_storage_interface_srvs/SetKbBlob.srv[0m
[ 57%] [34m[1mGenerating Javascript code from semantic_storage_interface_srvs/ClearBlobStore.srv[0m
[ 57%] [34m[1mGenerating Javascript code from semantic_storage_interface_srvs/ClearSemanticRepo.srv[0m
[ 58%] [34m[1mGenerating C++ code from semantic_storage_interface_srvs/SetObject.srv[0m
[ 58%] [34m[1mGenerating C++ code from semantic_storage_interface_srvs/SetObjectBlob.srv[0m
[ 59%] [34m[1mGenerating EusLisp code from semantic_storage_interface_srvs/SetBlob.srv[0m
[ 60%] [34m[1mGenerating C++ code from semantic_storage_interface_srvs/SetPlan.srv[0m
[ 60%] [34m[1mGenerating Lisp code from semantic_storage_interface_srvs/SetWorkcell.srv[0m
[ 61%] [34m[1mGenerating Python code from SRV semantic_storage_interface_srvs/QueryObjects[0m
[ 61%] [34m[1mGenerating C++ code from semantic_storage_interface_srvs/SetPlanBlob.srv[0m
[ 61%] Built target semantic_storage_interface_srvs_generate_messages_nodejs
[ 62%] [34m[1mGenerating C++ code from semantic_storage_interface_srvs/SetKb.srv[0m
[ 63%] [34m[1mGenerating Lisp code from semantic_storage_interface_srvs/SetWorkcellBlob.srv[0m
[ 64%] [34m[1mGenerating Lisp code from semantic_storage_interface_srvs/UpdateBlob.srv[0m
[ 64%] [34m[1mGenerating EusLisp code from semantic_storage_interface_srvs/SetObject.srv[0m
[ 65%] [34m[1mGenerating C++ code from semantic_storage_interface_srvs/SetKbBlob.srv[0m
[ 66%] [34m[1mGenerating EusLisp code from semantic_storage_interface_srvs/SetObjectBlob.srv[0m
[ 66%] [34m[1mGenerating Python code from SRV semantic_storage_interface_srvs/QueryPlans[0m
[ 67%] [34m[1mGenerating EusLisp code from semantic_storage_interface_srvs/SetPlan.srv[0m
[ 67%] [34m[1mGenerating Lisp code from semantic_storage_interface_srvs/UpdateObject.srv[0m
[ 67%] [34m[1mGenerating EusLisp code from semantic_storage_interface_srvs/SetPlanBlob.srv[0m
[ 68%] [34m[1mGenerating Lisp code from semantic_storage_interface_srvs/UpdatePlan.srv[0m
[ 69%] [34m[1mGenerating EusLisp code from semantic_storage_interface_srvs/SetKb.srv[0m
[ 69%] [34m[1mGenerating C++ code from semantic_storage_interface_srvs/SetWorkcell.srv[0m
[ 69%] [34m[1mGenerating Lisp code from semantic_storage_interface_srvs/UpdateKb.srv[0m
[ 69%] [34m[1mGenerating EusLisp code from semantic_storage_interface_srvs/SetKbBlob.srv[0m
[ 70%] [34m[1mGenerating Lisp code from semantic_storage_interface_srvs/UpdateWorkcell.srv[0m
[ 71%] [34m[1mGenerating C++ code from semantic_storage_interface_srvs/SetWorkcellBlob.srv[0m
[ 72%] [34m[1mGenerating Lisp code from semantic_storage_interface_srvs/ConvertCADModel.srv[0m
[ 73%] [34m[1mGenerating EusLisp code from semantic_storage_interface_srvs/SetWorkcell.srv[0m
[ 75%] [34m[1mGenerating Python code from SRV semantic_storage_interface_srvs/QueryKb[0m
[ 76%] [34m[1mGenerating EusLisp code from semantic_storage_interface_srvs/SetWorkcellBlob.srv[0m
[ 76%] [34m[1mGenerating Lisp code from semantic_storage_interface_srvs/ClearAll.srv[0m
[ 76%] [34m[1mGenerating EusLisp code from semantic_storage_interface_srvs/UpdateBlob.srv[0m
[ 77%] [34m[1mGenerating Lisp code from semantic_storage_interface_srvs/ClearBlobStore.srv[0m
[ 77%] [34m[1mGenerating C++ code from semantic_storage_interface_srvs/UpdateBlob.srv[0m
[ 77%] [34m[1mGenerating Lisp code from semantic_storage_interface_srvs/ClearSemanticRepo.srv[0m
[ 78%] [34m[1mGenerating C++ code from semantic_storage_interface_srvs/UpdateObject.srv[0m
[ 79%] [34m[1mGenerating EusLisp code from semantic_storage_interface_srvs/UpdateObject.srv[0m
[ 79%] [34m[1mGenerating EusLisp code from semantic_storage_interface_srvs/UpdatePlan.srv[0m
[ 79%] [34m[1mGenerating Python code from SRV semantic_storage_interface_srvs/QueryWorkcells[0m
[ 80%] [34m[1mGenerating EusLisp code from semantic_storage_interface_srvs/UpdateKb.srv[0m
[ 80%] Built target semantic_storage_interface_srvs_generate_messages_lisp
[ 81%] [34m[1mGenerating EusLisp code from semantic_storage_interface_srvs/UpdateWorkcell.srv[0m
[ 81%] [34m[1mGenerating EusLisp code from semantic_storage_interface_srvs/ConvertCADModel.srv[0m
[ 82%] [34m[1mGenerating C++ code from semantic_storage_interface_srvs/UpdatePlan.srv[0m
[ 83%] [34m[1mGenerating EusLisp code from semantic_storage_interface_srvs/ClearAll.srv[0m
[ 83%] [34m[1mGenerating EusLisp code from semantic_storage_interface_srvs/ClearBlobStore.srv[0m
[ 84%] [34m[1mGenerating EusLisp code from semantic_storage_interface_srvs/ClearSemanticRepo.srv[0m
[ 84%] [34m[1mGenerating EusLisp manifest code for semantic_storage_interface_srvs[0m
[ 84%] [34m[1mGenerating C++ code from semantic_storage_interface_srvs/UpdateKb.srv[0m
[ 86%] [34m[1mGenerating Python code from SRV semantic_storage_interface_srvs/SetBlob[0m
[ 86%] [34m[1mGenerating C++ code from semantic_storage_interface_srvs/UpdateWorkcell.srv[0m
[ 86%] [34m[1mGenerating C++ code from semantic_storage_interface_srvs/ConvertCADModel.srv[0m
[ 87%] [34m[1mGenerating C++ code from semantic_storage_interface_srvs/ClearAll.srv[0m
[ 88%] [34m[1mGenerating C++ code from semantic_storage_interface_srvs/ClearSemanticRepo.srv[0m
[ 88%] [34m[1mGenerating C++ code from semantic_storage_interface_srvs/ClearBlobStore.srv[0m
[ 89%] [34m[1mGenerating Python code from SRV semantic_storage_interface_srvs/SetObject[0m
[ 89%] [34m[1mGenerating Python code from SRV semantic_storage_interface_srvs/SetObjectBlob[0m
[ 90%] [34m[1mGenerating Python code from SRV semantic_storage_interface_srvs/SetPlan[0m
[ 91%] [34m[1mGenerating Python code from SRV semantic_storage_interface_srvs/SetKb[0m
[ 91%] [34m[1mGenerating Python code from SRV semantic_storage_interface_srvs/SetPlanBlob[0m
[ 91%] [34m[1mGenerating Python code from SRV semantic_storage_interface_srvs/SetKbBlob[0m
[ 91%] Built target semantic_storage_interface_srvs_generate_messages_cpp
[ 92%] [34m[1mGenerating Python code from SRV semantic_storage_interface_srvs/SetWorkcell[0m
[ 93%] [34m[1mGenerating Python code from SRV semantic_storage_interface_srvs/SetWorkcellBlob[0m
[ 93%] [34m[1mGenerating Python code from SRV semantic_storage_interface_srvs/UpdateBlob[0m
[ 94%] [34m[1mGenerating Python code from SRV semantic_storage_interface_srvs/UpdateObject[0m
[ 94%] [34m[1mGenerating Python code from SRV semantic_storage_interface_srvs/UpdatePlan[0m
[ 95%] [34m[1mGenerating Python code from SRV semantic_storage_interface_srvs/UpdateKb[0m
[ 95%] [34m[1mGenerating Python code from SRV semantic_storage_interface_srvs/ConvertCADModel[0m
[ 96%] [34m[1mGenerating Python code from SRV semantic_storage_interface_srvs/UpdateWorkcell[0m
[ 97%] [34m[1mGenerating Python code from SRV semantic_storage_interface_srvs/ClearAll[0m
[ 97%] [34m[1mGenerating Python code from SRV semantic_storage_interface_srvs/ClearBlobStore[0m
[ 98%] [34m[1mGenerating Python code from SRV semantic_storage_interface_srvs/ClearSemanticRepo[0m
[ 98%] Built target semantic_storage_interface_srvs_generate_messages_eus
[100%] [34m[1mGenerating Python srv __init__.py for semantic_storage_interface_srvs[0m
[100%] Built target semantic_storage_interface_srvs_generate_messages_py
[35m[1mScanning dependencies of target semantic_storage_interface_srvs_generate_messages[0m
[100%] Built target semantic_storage_interface_srvs_generate_messages
