Symlinking /home/fu/workspaces/knob_kuka_ws/devel/share/gennodejs/ros/collision_checker_srvs/_index.js
Symlinking /home/fu/workspaces/knob_kuka_ws/devel/share/gennodejs/ros/collision_checker_srvs/srv/GenerateShapeService.js
Symlinking /home/fu/workspaces/knob_kuka_ws/devel/share/gennodejs/ros/collision_checker_srvs/srv/_index.js
Symlinking /home/fu/workspaces/knob_kuka_ws/devel/share/gennodejs/ros/collision_checker_srvs/srv/CollisionCheckerService.js
Symlinking /home/fu/workspaces/knob_kuka_ws/devel/share/roseus/ros/collision_checker_srvs/manifest.l
Symlinking /home/fu/workspaces/knob_kuka_ws/devel/share/roseus/ros/collision_checker_srvs/srv/CollisionCheckerService.l
Symlinking /home/fu/workspaces/knob_kuka_ws/devel/share/roseus/ros/collision_checker_srvs/srv/GenerateShapeService.l
Symlinking /home/fu/workspaces/knob_kuka_ws/devel/share/common-lisp/ros/collision_checker_srvs/srv/_package.lisp
Symlinking /home/fu/workspaces/knob_kuka_ws/devel/share/common-lisp/ros/collision_checker_srvs/srv/_package_GenerateShapeService.lisp
Symlinking /home/fu/workspaces/knob_kuka_ws/devel/share/common-lisp/ros/collision_checker_srvs/srv/_package_CollisionCheckerService.lisp
Symlinking /home/fu/workspaces/knob_kuka_ws/devel/share/common-lisp/ros/collision_checker_srvs/srv/GenerateShapeService.lisp
Symlinking /home/fu/workspaces/knob_kuka_ws/devel/share/common-lisp/ros/collision_checker_srvs/srv/collision_checker_srvs-srv.asd
Symlinking /home/fu/workspaces/knob_kuka_ws/devel/share/common-lisp/ros/collision_checker_srvs/srv/CollisionCheckerService.lisp
Symlinking /home/fu/workspaces/knob_kuka_ws/devel/share/collision_checker_srvs/cmake/collision_checker_srvsConfig-version.cmake
Symlinking /home/fu/workspaces/knob_kuka_ws/devel/share/collision_checker_srvs/cmake/collision_checker_srvs-msg-paths.cmake
Symlinking /home/fu/workspaces/knob_kuka_ws/devel/share/collision_checker_srvs/cmake/collision_checker_srvs-msg-extras.cmake
Symlinking /home/fu/workspaces/knob_kuka_ws/devel/share/collision_checker_srvs/cmake/collision_checker_srvsConfig.cmake
Symlinking /home/fu/workspaces/knob_kuka_ws/devel/lib/pkgconfig/collision_checker_srvs.pc
Symlinking /home/fu/workspaces/knob_kuka_ws/devel/lib/python3/dist-packages/collision_checker_srvs/__init__.py
Symlinking /home/fu/workspaces/knob_kuka_ws/devel/lib/python3/dist-packages/collision_checker_srvs/srv/_CollisionCheckerService.py
Symlinking /home/fu/workspaces/knob_kuka_ws/devel/lib/python3/dist-packages/collision_checker_srvs/srv/_GenerateShapeService.py
Symlinking /home/fu/workspaces/knob_kuka_ws/devel/lib/python3/dist-packages/collision_checker_srvs/srv/__init__.py
Symlinking /home/fu/workspaces/knob_kuka_ws/devel/include/collision_checker_srvs/GenerateShapeServiceResponse.h
Symlinking /home/fu/workspaces/knob_kuka_ws/devel/include/collision_checker_srvs/GenerateShapeServiceRequest.h
Symlinking /home/fu/workspaces/knob_kuka_ws/devel/include/collision_checker_srvs/CollisionCheckerServiceRequest.h
Symlinking /home/fu/workspaces/knob_kuka_ws/devel/include/collision_checker_srvs/CollisionCheckerServiceResponse.h
Symlinking /home/fu/workspaces/knob_kuka_ws/devel/include/collision_checker_srvs/CollisionCheckerService.h
Symlinking /home/fu/workspaces/knob_kuka_ws/devel/include/collision_checker_srvs/GenerateShapeService.h
