[35m[1mScanning dependencies of target geometry_msgs_generate_messages_lisp[0m
[35m[1mScanning dependencies of target geometry_msgs_generate_messages_nodejs[0m
[35m[1mScanning dependencies of target _collision_checker_srvs_generate_messages_check_deps_GenerateShapeService[0m
[35m[1mScanning dependencies of target _collision_checker_srvs_generate_messages_check_deps_CollisionCheckerService[0m
[35m[1mScanning dependencies of target std_msgs_generate_messages_lisp[0m
[35m[1mScanning dependencies of target std_msgs_generate_messages_eus[0m
[35m[1mScanning dependencies of target std_msgs_generate_messages_nodejs[0m
[35m[1mScanning dependencies of target geometry_msgs_generate_messages_eus[0m
[  0%] Built target std_msgs_generate_messages_eus
[  0%] Built target geometry_msgs_generate_messages_lisp
[  0%] Built target geometry_msgs_generate_messages_nodejs
[  0%] Built target std_msgs_generate_messages_lisp
[  0%] Built target std_msgs_generate_messages_nodejs
[  0%] Built target geometry_msgs_generate_messages_eus
[35m[1mScanning dependencies of target geometry_msgs_generate_messages_cpp[0m
[35m[1mScanning dependencies of target std_msgs_generate_messages_py[0m
[35m[1mScanning dependencies of target std_msgs_generate_messages_cpp[0m
[35m[1mScanning dependencies of target geometry_msgs_generate_messages_py[0m
[  0%] Built target std_msgs_generate_messages_cpp
[  0%] Built target geometry_msgs_generate_messages_cpp
[  0%] Built target std_msgs_generate_messages_py
[  0%] Built target geometry_msgs_generate_messages_py
[  0%] Built target _collision_checker_srvs_generate_messages_check_deps_CollisionCheckerService
[  0%] Built target _collision_checker_srvs_generate_messages_check_deps_GenerateShapeService
[35m[1mScanning dependencies of target collision_checker_srvs_generate_messages_lisp[0m
[35m[1mScanning dependencies of target collision_checker_srvs_generate_messages_nodejs[0m
[35m[1mScanning dependencies of target collision_checker_srvs_generate_messages_py[0m
[35m[1mScanning dependencies of target collision_checker_srvs_generate_messages_eus[0m
[35m[1mScanning dependencies of target collision_checker_srvs_generate_messages_cpp[0m
[  8%] [34m[1mGenerating Lisp code from collision_checker_srvs/CollisionCheckerService.srv[0m
[ 16%] [34m[1mGenerating Python code from SRV collision_checker_srvs/CollisionCheckerService[0m
[ 25%] [34m[1mGenerating Lisp code from collision_checker_srvs/GenerateShapeService.srv[0m
[ 33%] [34m[1mGenerating Python code from SRV collision_checker_srvs/GenerateShapeService[0m
[ 41%] [34m[1mGenerating Javascript code from collision_checker_srvs/GenerateShapeService.srv[0m
[ 50%] [34m[1mGenerating Javascript code from collision_checker_srvs/CollisionCheckerService.srv[0m
[ 58%] [34m[1mGenerating EusLisp code from collision_checker_srvs/CollisionCheckerService.srv[0m
[ 66%] [34m[1mGenerating C++ code from collision_checker_srvs/CollisionCheckerService.srv[0m
[ 75%] [34m[1mGenerating C++ code from collision_checker_srvs/GenerateShapeService.srv[0m
[ 75%] Built target collision_checker_srvs_generate_messages_nodejs
[ 83%] [34m[1mGenerating EusLisp code from collision_checker_srvs/GenerateShapeService.srv[0m
[ 83%] Built target collision_checker_srvs_generate_messages_lisp
[ 91%] [34m[1mGenerating EusLisp manifest code for collision_checker_srvs[0m
[100%] [34m[1mGenerating Python srv __init__.py for collision_checker_srvs[0m
[100%] Built target collision_checker_srvs_generate_messages_cpp
[100%] Built target collision_checker_srvs_generate_messages_py
[100%] Built target collision_checker_srvs_generate_messages_eus
[35m[1mScanning dependencies of target collision_checker_srvs_generate_messages[0m
[100%] Built target collision_checker_srvs_generate_messages
