Symlinking /home/fu/workspaces/knob_kuka_ws/devel/share/gennodejs/ros/device_msgs/_index.js
Symlinking /home/fu/workspaces/knob_kuka_ws/devel/share/gennodejs/ros/device_msgs/msg/Status.js
Symlinking /home/fu/workspaces/knob_kuka_ws/devel/share/gennodejs/ros/device_msgs/msg/GripperStatus.js
Symlinking /home/fu/workspaces/knob_kuka_ws/devel/share/gennodejs/ros/device_msgs/msg/_index.js
Symlinking /home/fu/workspaces/knob_kuka_ws/devel/share/gennodejs/ros/device_msgs/msg/Mode.js
Symlinking /home/fu/workspaces/knob_kuka_ws/devel/share/device_msgs/cmake/device_msgsConfig.cmake
Symlinking /home/fu/workspaces/knob_kuka_ws/devel/share/device_msgs/cmake/device_msgs-msg-paths.cmake
Symlinking /home/fu/workspaces/knob_kuka_ws/devel/share/device_msgs/cmake/device_msgs-msg-extras.cmake
Symlinking /home/fu/workspaces/knob_kuka_ws/devel/share/device_msgs/cmake/device_msgsConfig-version.cmake
Symlinking /home/fu/workspaces/knob_kuka_ws/devel/share/roseus/ros/device_msgs/manifest.l
Symlinking /home/fu/workspaces/knob_kuka_ws/devel/share/roseus/ros/device_msgs/msg/Mode.l
Symlinking /home/fu/workspaces/knob_kuka_ws/devel/share/roseus/ros/device_msgs/msg/GripperStatus.l
Symlinking /home/fu/workspaces/knob_kuka_ws/devel/share/roseus/ros/device_msgs/msg/Status.l
Symlinking /home/fu/workspaces/knob_kuka_ws/devel/share/common-lisp/ros/device_msgs/msg/_package.lisp
Symlinking /home/fu/workspaces/knob_kuka_ws/devel/share/common-lisp/ros/device_msgs/msg/GripperStatus.lisp
Symlinking /home/fu/workspaces/knob_kuka_ws/devel/share/common-lisp/ros/device_msgs/msg/_package_Mode.lisp
Symlinking /home/fu/workspaces/knob_kuka_ws/devel/share/common-lisp/ros/device_msgs/msg/Status.lisp
Symlinking /home/fu/workspaces/knob_kuka_ws/devel/share/common-lisp/ros/device_msgs/msg/_package_GripperStatus.lisp
Symlinking /home/fu/workspaces/knob_kuka_ws/devel/share/common-lisp/ros/device_msgs/msg/_package_Status.lisp
Symlinking /home/fu/workspaces/knob_kuka_ws/devel/share/common-lisp/ros/device_msgs/msg/Mode.lisp
Symlinking /home/fu/workspaces/knob_kuka_ws/devel/share/common-lisp/ros/device_msgs/msg/device_msgs-msg.asd
Symlinking /home/fu/workspaces/knob_kuka_ws/devel/lib/pkgconfig/device_msgs.pc
Symlinking /home/fu/workspaces/knob_kuka_ws/devel/lib/python3/dist-packages/device_msgs/__init__.py
Symlinking /home/fu/workspaces/knob_kuka_ws/devel/lib/python3/dist-packages/device_msgs/msg/_GripperStatus.py
Symlinking /home/fu/workspaces/knob_kuka_ws/devel/lib/python3/dist-packages/device_msgs/msg/__init__.py
Symlinking /home/fu/workspaces/knob_kuka_ws/devel/lib/python3/dist-packages/device_msgs/msg/_Status.py
Symlinking /home/fu/workspaces/knob_kuka_ws/devel/lib/python3/dist-packages/device_msgs/msg/_Mode.py
Symlinking /home/fu/workspaces/knob_kuka_ws/devel/include/device_msgs/GripperStatus.h
Symlinking /home/fu/workspaces/knob_kuka_ws/devel/include/device_msgs/Status.h
Symlinking /home/fu/workspaces/knob_kuka_ws/devel/include/device_msgs/Mode.h
