[35m[1mScanning dependencies of target _process_im_msgs_generate_messages_check_deps_DualArmAssemblyAirEndPoseParameters[0m
[  0%] Built target _process_im_msgs_generate_messages_check_deps_DualArmAssemblyAirEndPoseParameters
[35m[1mScanning dependencies of target _process_im_msgs_generate_messages_check_deps_DualArmPlaceParameters[0m
[  0%] Built target _process_im_msgs_generate_messages_check_deps_DualArmPlaceParameters
[35m[1mScanning dependencies of target _process_im_msgs_generate_messages_check_deps_PostCond[0m
[  0%] Built target _process_im_msgs_generate_messages_check_deps_PostCond
[35m[1mScanning dependencies of target std_msgs_generate_messages_cpp[0m
[  0%] Built target std_msgs_generate_messages_cpp
[35m[1mScanning dependencies of target _process_im_msgs_generate_messages_check_deps_PushDownParameters[0m
[  0%] Built target _process_im_msgs_generate_messages_check_deps_PushDownParameters
[35m[1mScanning dependencies of target _process_im_msgs_generate_messages_check_deps_DualArmPushParameters[0m
[  0%] Built target _process_im_msgs_generate_messages_check_deps_DualArmPushParameters
[35m[1mScanning dependencies of target _process_im_msgs_generate_messages_check_deps_PreCond[0m
[  0%] Built target _process_im_msgs_generate_messages_check_deps_PreCond
[35m[1mScanning dependencies of target _process_im_msgs_generate_messages_check_deps_GraspParameters[0m
[  0%] Built target _process_im_msgs_generate_messages_check_deps_GraspParameters
[35m[1mScanning dependencies of target _process_im_msgs_generate_messages_check_deps_Info[0m
[  0%] Built target _process_im_msgs_generate_messages_check_deps_Info
[35m[1mScanning dependencies of target _process_im_msgs_generate_messages_check_deps_SawParameters[0m
[  0%] Built target _process_im_msgs_generate_messages_check_deps_SawParameters
[35m[1mScanning dependencies of target _process_im_msgs_generate_messages_check_deps_PickPlaceApproachEndPoseParameters[0m
[  0%] Built target _process_im_msgs_generate_messages_check_deps_PickPlaceApproachEndPoseParameters
[35m[1mScanning dependencies of target _process_im_msgs_generate_messages_check_deps_DualArmMoveParameters[0m
[  0%] Built target _process_im_msgs_generate_messages_check_deps_DualArmMoveParameters
[35m[1mScanning dependencies of target _process_im_msgs_generate_messages_check_deps_PickPlaceApproachEndPoseRequestParameters[0m
[  0%] Built target _process_im_msgs_generate_messages_check_deps_PickPlaceApproachEndPoseRequestParameters
[35m[1mScanning dependencies of target geometry_msgs_generate_messages_cpp[0m
[  0%] Built target geometry_msgs_generate_messages_cpp
[35m[1mScanning dependencies of target _process_im_msgs_generate_messages_check_deps_MoveParameters[0m
[  0%] Built target _process_im_msgs_generate_messages_check_deps_MoveParameters
[35m[1mScanning dependencies of target _process_im_msgs_generate_messages_check_deps_WeldSeamParameters[0m
[  0%] Built target _process_im_msgs_generate_messages_check_deps_WeldSeamParameters
[35m[1mScanning dependencies of target _process_im_msgs_generate_messages_check_deps_TaskRequestParameters[0m
[  0%] Built target _process_im_msgs_generate_messages_check_deps_TaskRequestParameters
[35m[1mScanning dependencies of target _process_im_msgs_generate_messages_check_deps_DualArmPickPlaceApproachEndPoseParameters[0m
[  0%] Built target _process_im_msgs_generate_messages_check_deps_DualArmPickPlaceApproachEndPoseParameters
[35m[1mScanning dependencies of target _process_im_msgs_generate_messages_check_deps_SubTask[0m
[  0%] Built target _process_im_msgs_generate_messages_check_deps_SubTask
[35m[1mScanning dependencies of target _process_im_msgs_generate_messages_check_deps_Process[0m
[  0%] Built target _process_im_msgs_generate_messages_check_deps_Process
[35m[1mScanning dependencies of target _process_im_msgs_generate_messages_check_deps_DualArmAssemblyGroundEndPoseParameters[0m
[  0%] Built target _process_im_msgs_generate_messages_check_deps_DualArmAssemblyGroundEndPoseParameters
[35m[1mScanning dependencies of target _process_im_msgs_generate_messages_check_deps_DomainTypes[0m
[  0%] Built target _process_im_msgs_generate_messages_check_deps_DomainTypes
[35m[1mScanning dependencies of target _process_im_msgs_generate_messages_check_deps_Task[0m
[  0%] Built target _process_im_msgs_generate_messages_check_deps_Task
[35m[1mScanning dependencies of target _process_im_msgs_generate_messages_check_deps_PickPlaceParameters[0m
[  0%] Built target _process_im_msgs_generate_messages_check_deps_PickPlaceParameters
[35m[1mScanning dependencies of target _process_im_msgs_generate_messages_check_deps_DualArmPickPlaceEndPoseParameters[0m
[  0%] Built target _process_im_msgs_generate_messages_check_deps_DualArmPickPlaceEndPoseParameters
[35m[1mScanning dependencies of target _process_im_msgs_generate_messages_check_deps_SubTaskParameters[0m
[  0%] Built target _process_im_msgs_generate_messages_check_deps_SubTaskParameters
[35m[1mScanning dependencies of target _process_im_msgs_generate_messages_check_deps_WeldSpotParameters[0m
[  0%] Built target _process_im_msgs_generate_messages_check_deps_WeldSpotParameters
[35m[1mScanning dependencies of target _process_im_msgs_generate_messages_check_deps_MoveToActorParameters[0m
[  0%] Built target _process_im_msgs_generate_messages_check_deps_MoveToActorParameters
[35m[1mScanning dependencies of target _process_im_msgs_generate_messages_check_deps_PlaceParameters[0m
[  0%] Built target _process_im_msgs_generate_messages_check_deps_PlaceParameters
[35m[1mScanning dependencies of target _process_im_msgs_generate_messages_check_deps_PickPlaceEndPoseRequestParameters[0m
[  0%] Built target _process_im_msgs_generate_messages_check_deps_PickPlaceEndPoseRequestParameters
[35m[1mScanning dependencies of target _process_im_msgs_generate_messages_check_deps_DualArmGraspParameters[0m
[  0%] Built target _process_im_msgs_generate_messages_check_deps_DualArmGraspParameters
[35m[1mScanning dependencies of target _process_im_msgs_generate_messages_check_deps_DualArmPickPlaceParameters[0m
[  0%] Built target _process_im_msgs_generate_messages_check_deps_DualArmPickPlaceParameters
[35m[1mScanning dependencies of target _process_im_msgs_generate_messages_check_deps_PickPlaceEndPoseParameters[0m
[  0%] Built target _process_im_msgs_generate_messages_check_deps_PickPlaceEndPoseParameters
[35m[1mScanning dependencies of target _process_im_msgs_generate_messages_check_deps_NailParameters[0m
[35m[1mScanning dependencies of target _process_im_msgs_generate_messages_check_deps_TaskParameters[0m
[  0%] Built target _process_im_msgs_generate_messages_check_deps_NailParameters
[  0%] Built target _process_im_msgs_generate_messages_check_deps_TaskParameters
[35m[1mScanning dependencies of target _process_im_msgs_generate_messages_check_deps_SubTaskTypes[0m
[  0%] Built target _process_im_msgs_generate_messages_check_deps_SubTaskTypes
[35m[1mScanning dependencies of target _process_im_msgs_generate_messages_check_deps_DualArmMoveActorParameters[0m
[  0%] Built target _process_im_msgs_generate_messages_check_deps_DualArmMoveActorParameters
[35m[1mScanning dependencies of target std_msgs_generate_messages_py[0m
[  0%] Built target std_msgs_generate_messages_py
[35m[1mScanning dependencies of target geometry_msgs_generate_messages_py[0m
[35m[1mScanning dependencies of target std_msgs_generate_messages_nodejs[0m
[  0%] Built target geometry_msgs_generate_messages_py
[  0%] Built target std_msgs_generate_messages_nodejs
[35m[1mScanning dependencies of target geometry_msgs_generate_messages_nodejs[0m
[  0%] Built target geometry_msgs_generate_messages_nodejs
[35m[1mScanning dependencies of target geometry_msgs_generate_messages_eus[0m
[  0%] Built target geometry_msgs_generate_messages_eus
[35m[1mScanning dependencies of target std_msgs_generate_messages_eus[0m
[  0%] Built target std_msgs_generate_messages_eus
[35m[1mScanning dependencies of target std_msgs_generate_messages_lisp[0m
[  0%] Built target std_msgs_generate_messages_lisp
[35m[1mScanning dependencies of target geometry_msgs_generate_messages_lisp[0m
[  0%] Built target geometry_msgs_generate_messages_lisp
[35m[1mScanning dependencies of target process_im_msgs_generate_messages_cpp[0m
[  0%] [34m[1mGenerating C++ code from process_im_msgs/Info.msg[0m
[  1%] [34m[1mGenerating C++ code from process_im_msgs/PostCond.msg[0m
[  1%] [34m[1mGenerating C++ code from process_im_msgs/PreCond.msg[0m
[  2%] [34m[1mGenerating C++ code from process_im_msgs/SubTask.msg[0m
[  3%] [34m[1mGenerating C++ code from process_im_msgs/Task.msg[0m
[  3%] [34m[1mGenerating C++ code from process_im_msgs/Process.msg[0m
[  4%] [34m[1mGenerating C++ code from process_im_msgs/DomainTypes.msg[0m
[  4%] [34m[1mGenerating C++ code from process_im_msgs/GraspParameters.msg[0m
[  5%] [34m[1mGenerating C++ code from process_im_msgs/SubTaskParameters.msg[0m
[  5%] [34m[1mGenerating C++ code from process_im_msgs/WeldSpotParameters.msg[0m
[  6%] [34m[1mGenerating C++ code from process_im_msgs/MoveParameters.msg[0m
[  6%] [34m[1mGenerating C++ code from process_im_msgs/MoveToActorParameters.msg[0m
[  7%] [34m[1mGenerating C++ code from process_im_msgs/TaskParameters.msg[0m
[  7%] [34m[1mGenerating C++ code from process_im_msgs/PlaceParameters.msg[0m
[  8%] [34m[1mGenerating C++ code from process_im_msgs/PickPlaceParameters.msg[0m
[  8%] [34m[1mGenerating C++ code from process_im_msgs/PickPlaceEndPoseParameters.msg[0m
[  9%] [34m[1mGenerating C++ code from process_im_msgs/PickPlaceApproachEndPoseParameters.msg[0m
[ 10%] [34m[1mGenerating C++ code from process_im_msgs/TaskRequestParameters.msg[0m
[ 10%] [34m[1mGenerating C++ code from process_im_msgs/PickPlaceEndPoseRequestParameters.msg[0m
[ 11%] [34m[1mGenerating C++ code from process_im_msgs/PickPlaceApproachEndPoseRequestParameters.msg[0m
[ 11%] [34m[1mGenerating C++ code from process_im_msgs/PushDownParameters.msg[0m
[ 12%] [34m[1mGenerating C++ code from process_im_msgs/WeldSeamParameters.msg[0m
[ 12%] [34m[1mGenerating C++ code from process_im_msgs/NailParameters.msg[0m
[ 13%] [34m[1mGenerating C++ code from process_im_msgs/SawParameters.msg[0m
[ 13%] [34m[1mGenerating C++ code from process_im_msgs/SubTaskTypes.msg[0m
[ 14%] [34m[1mGenerating C++ code from process_im_msgs/DualArmMoveParameters.msg[0m
[ 14%] [34m[1mGenerating C++ code from process_im_msgs/DualArmMoveActorParameters.msg[0m
[ 15%] [34m[1mGenerating C++ code from process_im_msgs/DualArmGraspParameters.msg[0m
[ 16%] [34m[1mGenerating C++ code from process_im_msgs/DualArmPlaceParameters.msg[0m
[ 16%] [34m[1mGenerating C++ code from process_im_msgs/DualArmPickPlaceParameters.msg[0m
[ 17%] [34m[1mGenerating C++ code from process_im_msgs/DualArmPickPlaceEndPoseParameters.msg[0m
[ 17%] [34m[1mGenerating C++ code from process_im_msgs/DualArmPickPlaceApproachEndPoseParameters.msg[0m
[ 18%] [34m[1mGenerating C++ code from process_im_msgs/DualArmAssemblyAirEndPoseParameters.msg[0m
[ 18%] [34m[1mGenerating C++ code from process_im_msgs/DualArmAssemblyGroundEndPoseParameters.msg[0m
[ 19%] [34m[1mGenerating C++ code from process_im_msgs/DualArmPushParameters.msg[0m
[ 19%] Built target process_im_msgs_generate_messages_cpp
[35m[1mScanning dependencies of target process_im_msgs_generate_messages_py[0m
[ 20%] [34m[1mGenerating Python from MSG process_im_msgs/Info[0m
[ 20%] [34m[1mGenerating Python from MSG process_im_msgs/PostCond[0m
[ 21%] [34m[1mGenerating Python from MSG process_im_msgs/PreCond[0m
[ 21%] [34m[1mGenerating Python from MSG process_im_msgs/SubTask[0m
[ 22%] [34m[1mGenerating Python from MSG process_im_msgs/Task[0m
[ 22%] [34m[1mGenerating Python from MSG process_im_msgs/Process[0m
[ 23%] [34m[1mGenerating Python from MSG process_im_msgs/DomainTypes[0m
[ 23%] [34m[1mGenerating Python from MSG process_im_msgs/GraspParameters[0m
[ 25%] [34m[1mGenerating Python from MSG process_im_msgs/SubTaskParameters[0m
[35m[1mScanning dependencies of target process_im_msgs_generate_messages_nodejs[0m
[ 26%] [34m[1mGenerating Javascript code from process_im_msgs/Info.msg[0m
[ 26%] [34m[1mGenerating Javascript code from process_im_msgs/PostCond.msg[0m
[ 26%] [34m[1mGenerating Python from MSG process_im_msgs/WeldSpotParameters[0m
[ 27%] [34m[1mGenerating Javascript code from process_im_msgs/PreCond.msg[0m
[ 27%] [34m[1mGenerating Javascript code from process_im_msgs/SubTask.msg[0m
[ 28%] [34m[1mGenerating Python from MSG process_im_msgs/MoveParameters[0m
[ 29%] [34m[1mGenerating Javascript code from process_im_msgs/Task.msg[0m
[ 29%] [34m[1mGenerating Javascript code from process_im_msgs/Process.msg[0m
[ 30%] [34m[1mGenerating Javascript code from process_im_msgs/DomainTypes.msg[0m
[ 31%] [34m[1mGenerating Python from MSG process_im_msgs/MoveToActorParameters[0m
[ 31%] [34m[1mGenerating Javascript code from process_im_msgs/GraspParameters.msg[0m
[ 32%] [34m[1mGenerating Javascript code from process_im_msgs/SubTaskParameters.msg[0m
[ 32%] [34m[1mGenerating Python from MSG process_im_msgs/TaskParameters[0m
[ 33%] [34m[1mGenerating Javascript code from process_im_msgs/WeldSpotParameters.msg[0m
[ 33%] [34m[1mGenerating Javascript code from process_im_msgs/MoveParameters.msg[0m
[ 34%] [34m[1mGenerating Javascript code from process_im_msgs/MoveToActorParameters.msg[0m
[ 35%] [34m[1mGenerating Python from MSG process_im_msgs/PlaceParameters[0m
[ 35%] [34m[1mGenerating Javascript code from process_im_msgs/TaskParameters.msg[0m
[ 35%] [34m[1mGenerating Python from MSG process_im_msgs/PickPlaceParameters[0m
[ 36%] [34m[1mGenerating Javascript code from process_im_msgs/PlaceParameters.msg[0m
[ 37%] [34m[1mGenerating Python from MSG process_im_msgs/PickPlaceEndPoseParameters[0m
[ 37%] [34m[1mGenerating Javascript code from process_im_msgs/PickPlaceParameters.msg[0m
[ 37%] [34m[1mGenerating Python from MSG process_im_msgs/PickPlaceApproachEndPoseParameters[0m
[ 38%] [34m[1mGenerating Javascript code from process_im_msgs/PickPlaceEndPoseParameters.msg[0m
[ 38%] [34m[1mGenerating Javascript code from process_im_msgs/PickPlaceApproachEndPoseParameters.msg[0m
[ 39%] [34m[1mGenerating Python from MSG process_im_msgs/TaskRequestParameters[0m
[ 40%] [34m[1mGenerating Javascript code from process_im_msgs/TaskRequestParameters.msg[0m
[ 40%] [34m[1mGenerating Javascript code from process_im_msgs/PickPlaceEndPoseRequestParameters.msg[0m
[ 40%] [34m[1mGenerating Python from MSG process_im_msgs/PickPlaceEndPoseRequestParameters[0m
[ 41%] [34m[1mGenerating Javascript code from process_im_msgs/PickPlaceApproachEndPoseRequestParameters.msg[0m
[ 41%] [34m[1mGenerating Javascript code from process_im_msgs/PushDownParameters.msg[0m
[ 42%] [34m[1mGenerating Javascript code from process_im_msgs/WeldSeamParameters.msg[0m
[ 43%] [34m[1mGenerating Python from MSG process_im_msgs/PickPlaceApproachEndPoseRequestParameters[0m
[ 44%] [34m[1mGenerating Javascript code from process_im_msgs/NailParameters.msg[0m
[ 44%] [34m[1mGenerating Javascript code from process_im_msgs/SawParameters.msg[0m
[ 44%] [34m[1mGenerating Python from MSG process_im_msgs/PushDownParameters[0m
[ 45%] [34m[1mGenerating Javascript code from process_im_msgs/SubTaskTypes.msg[0m
[ 45%] [34m[1mGenerating Javascript code from process_im_msgs/DualArmMoveParameters.msg[0m
[ 46%] [34m[1mGenerating Python from MSG process_im_msgs/WeldSeamParameters[0m
[ 47%] [34m[1mGenerating Javascript code from process_im_msgs/DualArmMoveActorParameters.msg[0m
[ 47%] [34m[1mGenerating Javascript code from process_im_msgs/DualArmGraspParameters.msg[0m
[ 48%] [34m[1mGenerating Javascript code from process_im_msgs/DualArmPlaceParameters.msg[0m
[ 48%] [34m[1mGenerating Python from MSG process_im_msgs/NailParameters[0m
[ 48%] [34m[1mGenerating Javascript code from process_im_msgs/DualArmPickPlaceParameters.msg[0m
[ 50%] [34m[1mGenerating Javascript code from process_im_msgs/DualArmPickPlaceEndPoseParameters.msg[0m
[ 51%] [34m[1mGenerating Python from MSG process_im_msgs/SawParameters[0m
[ 51%] [34m[1mGenerating Javascript code from process_im_msgs/DualArmPickPlaceApproachEndPoseParameters.msg[0m
[ 52%] [34m[1mGenerating Javascript code from process_im_msgs/DualArmAssemblyAirEndPoseParameters.msg[0m
[ 53%] [34m[1mGenerating Javascript code from process_im_msgs/DualArmAssemblyGroundEndPoseParameters.msg[0m
[ 54%] [34m[1mGenerating Python from MSG process_im_msgs/SubTaskTypes[0m
[ 54%] [34m[1mGenerating Javascript code from process_im_msgs/DualArmPushParameters.msg[0m
[ 54%] Built target process_im_msgs_generate_messages_nodejs
[35m[1mScanning dependencies of target process_im_msgs_generate_messages_eus[0m
[ 54%] [34m[1mGenerating Python from MSG process_im_msgs/DualArmMoveParameters[0m
[ 54%] [34m[1mGenerating EusLisp code from process_im_msgs/Info.msg[0m
[ 55%] [34m[1mGenerating EusLisp code from process_im_msgs/PostCond.msg[0m
[ 56%] [34m[1mGenerating Python from MSG process_im_msgs/DualArmMoveActorParameters[0m
[ 56%] [34m[1mGenerating EusLisp code from process_im_msgs/PreCond.msg[0m
[ 56%] [34m[1mGenerating Python from MSG process_im_msgs/DualArmGraspParameters[0m
[ 57%] [34m[1mGenerating EusLisp code from process_im_msgs/SubTask.msg[0m
[ 57%] [34m[1mGenerating EusLisp code from process_im_msgs/Task.msg[0m
[ 58%] [34m[1mGenerating Python from MSG process_im_msgs/DualArmPlaceParameters[0m
[ 59%] [34m[1mGenerating EusLisp code from process_im_msgs/Process.msg[0m
[ 60%] [34m[1mGenerating EusLisp code from process_im_msgs/DomainTypes.msg[0m
[ 60%] [34m[1mGenerating Python from MSG process_im_msgs/DualArmPickPlaceParameters[0m
[ 60%] [34m[1mGenerating EusLisp code from process_im_msgs/GraspParameters.msg[0m
[ 61%] [34m[1mGenerating EusLisp code from process_im_msgs/SubTaskParameters.msg[0m
[ 62%] [34m[1mGenerating Python from MSG process_im_msgs/DualArmPickPlaceEndPoseParameters[0m
[ 62%] [34m[1mGenerating EusLisp code from process_im_msgs/WeldSpotParameters.msg[0m
[ 62%] [34m[1mGenerating Python from MSG process_im_msgs/DualArmPickPlaceApproachEndPoseParameters[0m
[ 63%] [34m[1mGenerating EusLisp code from process_im_msgs/MoveParameters.msg[0m
[ 63%] [34m[1mGenerating EusLisp code from process_im_msgs/MoveToActorParameters.msg[0m
[ 64%] [34m[1mGenerating Python from MSG process_im_msgs/DualArmAssemblyAirEndPoseParameters[0m
[ 65%] [34m[1mGenerating EusLisp code from process_im_msgs/TaskParameters.msg[0m
[ 65%] [34m[1mGenerating EusLisp code from process_im_msgs/PlaceParameters.msg[0m
[ 65%] [34m[1mGenerating Python from MSG process_im_msgs/DualArmAssemblyGroundEndPoseParameters[0m
[ 66%] [34m[1mGenerating EusLisp code from process_im_msgs/PickPlaceParameters.msg[0m
[ 67%] [34m[1mGenerating Python from MSG process_im_msgs/DualArmPushParameters[0m
[ 67%] [34m[1mGenerating EusLisp code from process_im_msgs/PickPlaceEndPoseParameters.msg[0m
[ 68%] [34m[1mGenerating EusLisp code from process_im_msgs/PickPlaceApproachEndPoseParameters.msg[0m
[ 69%] [34m[1mGenerating Python msg __init__.py for process_im_msgs[0m
[ 69%] [34m[1mGenerating EusLisp code from process_im_msgs/TaskRequestParameters.msg[0m
[ 69%] Built target process_im_msgs_generate_messages_py
[35m[1mScanning dependencies of target process_im_msgs_generate_messages_lisp[0m
[ 70%] [34m[1mGenerating EusLisp code from process_im_msgs/PickPlaceEndPoseRequestParameters.msg[0m
[ 71%] [34m[1mGenerating Lisp code from process_im_msgs/Info.msg[0m
[ 71%] [34m[1mGenerating Lisp code from process_im_msgs/PostCond.msg[0m
[ 72%] [34m[1mGenerating EusLisp code from process_im_msgs/PickPlaceApproachEndPoseRequestParameters.msg[0m
[ 73%] [34m[1mGenerating Lisp code from process_im_msgs/PreCond.msg[0m
[ 73%] [34m[1mGenerating EusLisp code from process_im_msgs/PushDownParameters.msg[0m
[ 73%] [34m[1mGenerating Lisp code from process_im_msgs/SubTask.msg[0m
[ 75%] [34m[1mGenerating EusLisp code from process_im_msgs/WeldSeamParameters.msg[0m
[ 76%] [34m[1mGenerating Lisp code from process_im_msgs/Task.msg[0m
[ 76%] [34m[1mGenerating Lisp code from process_im_msgs/Process.msg[0m
[ 76%] [34m[1mGenerating EusLisp code from process_im_msgs/NailParameters.msg[0m
[ 77%] [34m[1mGenerating Lisp code from process_im_msgs/DomainTypes.msg[0m
[ 78%] [34m[1mGenerating Lisp code from process_im_msgs/GraspParameters.msg[0m
[ 79%] [34m[1mGenerating EusLisp code from process_im_msgs/SawParameters.msg[0m
[ 79%] [34m[1mGenerating Lisp code from process_im_msgs/SubTaskParameters.msg[0m
[ 80%] [34m[1mGenerating Lisp code from process_im_msgs/WeldSpotParameters.msg[0m
[ 80%] [34m[1mGenerating EusLisp code from process_im_msgs/SubTaskTypes.msg[0m
[ 80%] [34m[1mGenerating Lisp code from process_im_msgs/MoveParameters.msg[0m
[ 81%] [34m[1mGenerating EusLisp code from process_im_msgs/DualArmMoveParameters.msg[0m
[ 82%] [34m[1mGenerating Lisp code from process_im_msgs/MoveToActorParameters.msg[0m
[ 82%] [34m[1mGenerating EusLisp code from process_im_msgs/DualArmMoveActorParameters.msg[0m
[ 82%] [34m[1mGenerating Lisp code from process_im_msgs/TaskParameters.msg[0m
[ 83%] [34m[1mGenerating EusLisp code from process_im_msgs/DualArmGraspParameters.msg[0m
[ 83%] [34m[1mGenerating EusLisp code from process_im_msgs/DualArmPlaceParameters.msg[0m
[ 84%] [34m[1mGenerating Lisp code from process_im_msgs/PlaceParameters.msg[0m
[ 85%] [34m[1mGenerating EusLisp code from process_im_msgs/DualArmPickPlaceParameters.msg[0m
[ 85%] [34m[1mGenerating Lisp code from process_im_msgs/PickPlaceParameters.msg[0m
[ 86%] [34m[1mGenerating Lisp code from process_im_msgs/PickPlaceEndPoseParameters.msg[0m
[ 87%] [34m[1mGenerating EusLisp code from process_im_msgs/DualArmPickPlaceEndPoseParameters.msg[0m
[ 87%] [34m[1mGenerating Lisp code from process_im_msgs/PickPlaceApproachEndPoseParameters.msg[0m
[ 87%] [34m[1mGenerating EusLisp code from process_im_msgs/DualArmPickPlaceApproachEndPoseParameters.msg[0m
[ 88%] [34m[1mGenerating Lisp code from process_im_msgs/TaskRequestParameters.msg[0m
[ 88%] [34m[1mGenerating Lisp code from process_im_msgs/PickPlaceEndPoseRequestParameters.msg[0m
[ 89%] [34m[1mGenerating EusLisp code from process_im_msgs/DualArmAssemblyAirEndPoseParameters.msg[0m
[ 90%] [34m[1mGenerating Lisp code from process_im_msgs/PickPlaceApproachEndPoseRequestParameters.msg[0m
[ 91%] [34m[1mGenerating Lisp code from process_im_msgs/PushDownParameters.msg[0m
[ 91%] [34m[1mGenerating EusLisp code from process_im_msgs/DualArmAssemblyGroundEndPoseParameters.msg[0m
[ 91%] [34m[1mGenerating Lisp code from process_im_msgs/WeldSeamParameters.msg[0m
[ 92%] [34m[1mGenerating EusLisp code from process_im_msgs/DualArmPushParameters.msg[0m
[ 93%] [34m[1mGenerating Lisp code from process_im_msgs/NailParameters.msg[0m
[ 93%] [34m[1mGenerating Lisp code from process_im_msgs/SawParameters.msg[0m
[ 93%] [34m[1mGenerating EusLisp manifest code for process_im_msgs[0m
[ 94%] [34m[1mGenerating Lisp code from process_im_msgs/SubTaskTypes.msg[0m
[ 94%] [34m[1mGenerating Lisp code from process_im_msgs/DualArmMoveParameters.msg[0m
[ 95%] [34m[1mGenerating Lisp code from process_im_msgs/DualArmMoveActorParameters.msg[0m
[ 95%] [34m[1mGenerating Lisp code from process_im_msgs/DualArmGraspParameters.msg[0m
[ 96%] [34m[1mGenerating Lisp code from process_im_msgs/DualArmPlaceParameters.msg[0m
[ 96%] [34m[1mGenerating Lisp code from process_im_msgs/DualArmPickPlaceParameters.msg[0m
[ 97%] [34m[1mGenerating Lisp code from process_im_msgs/DualArmPickPlaceEndPoseParameters.msg[0m
[ 98%] [34m[1mGenerating Lisp code from process_im_msgs/DualArmPickPlaceApproachEndPoseParameters.msg[0m
[ 98%] [34m[1mGenerating Lisp code from process_im_msgs/DualArmAssemblyAirEndPoseParameters.msg[0m
[100%] Built target process_im_msgs_generate_messages_eus
[100%] [34m[1mGenerating Lisp code from process_im_msgs/DualArmAssemblyGroundEndPoseParameters.msg[0m
[100%] [34m[1mGenerating Lisp code from process_im_msgs/DualArmPushParameters.msg[0m
[100%] Built target process_im_msgs_generate_messages_lisp
[35m[1mScanning dependencies of target process_im_msgs_generate_messages[0m
[100%] Built target process_im_msgs_generate_messages
