Symlinking /home/fu/workspaces/knob_kuka_ws/devel/share/gennodejs/ros/process_im_msgs/_index.js
Symlinking /home/fu/workspaces/knob_kuka_ws/devel/share/gennodejs/ros/process_im_msgs/msg/DualArmMoveParameters.js
Symlinking /home/fu/workspaces/knob_kuka_ws/devel/share/gennodejs/ros/process_im_msgs/msg/DualArmPickPlaceParameters.js
Symlinking /home/fu/workspaces/knob_kuka_ws/devel/share/gennodejs/ros/process_im_msgs/msg/PickPlaceApproachEndPoseRequestParameters.js
Symlinking /home/fu/workspaces/knob_kuka_ws/devel/share/gennodejs/ros/process_im_msgs/msg/DualArmPickPlaceApproachEndPoseParameters.js
Symlinking /home/fu/workspaces/knob_kuka_ws/devel/share/gennodejs/ros/process_im_msgs/msg/TaskParameters.js
Symlinking /home/fu/workspaces/knob_kuka_ws/devel/share/gennodejs/ros/process_im_msgs/msg/DualArmPushParameters.js
Symlinking /home/fu/workspaces/knob_kuka_ws/devel/share/gennodejs/ros/process_im_msgs/msg/SubTaskTypes.js
Symlinking /home/fu/workspaces/knob_kuka_ws/devel/share/gennodejs/ros/process_im_msgs/msg/PostCond.js
Symlinking /home/fu/workspaces/knob_kuka_ws/devel/share/gennodejs/ros/process_im_msgs/msg/SubTask.js
Symlinking /home/fu/workspaces/knob_kuka_ws/devel/share/gennodejs/ros/process_im_msgs/msg/PreCond.js
Symlinking /home/fu/workspaces/knob_kuka_ws/devel/share/gennodejs/ros/process_im_msgs/msg/PickPlaceApproachEndPoseParameters.js
Symlinking /home/fu/workspaces/knob_kuka_ws/devel/share/gennodejs/ros/process_im_msgs/msg/PickPlaceEndPoseRequestParameters.js
Symlinking /home/fu/workspaces/knob_kuka_ws/devel/share/gennodejs/ros/process_im_msgs/msg/MoveToActorParameters.js
Symlinking /home/fu/workspaces/knob_kuka_ws/devel/share/gennodejs/ros/process_im_msgs/msg/NailParameters.js
Symlinking /home/fu/workspaces/knob_kuka_ws/devel/share/gennodejs/ros/process_im_msgs/msg/Task.js
Symlinking /home/fu/workspaces/knob_kuka_ws/devel/share/gennodejs/ros/process_im_msgs/msg/DualArmPlaceParameters.js
Symlinking /home/fu/workspaces/knob_kuka_ws/devel/share/gennodejs/ros/process_im_msgs/msg/PickPlaceEndPoseParameters.js
Symlinking /home/fu/workspaces/knob_kuka_ws/devel/share/gennodejs/ros/process_im_msgs/msg/DualArmAssemblyGroundEndPoseParameters.js
Symlinking /home/fu/workspaces/knob_kuka_ws/devel/share/gennodejs/ros/process_im_msgs/msg/PickPlaceParameters.js
Symlinking /home/fu/workspaces/knob_kuka_ws/devel/share/gennodejs/ros/process_im_msgs/msg/GraspParameters.js
Symlinking /home/fu/workspaces/knob_kuka_ws/devel/share/gennodejs/ros/process_im_msgs/msg/PushDownParameters.js
Symlinking /home/fu/workspaces/knob_kuka_ws/devel/share/gennodejs/ros/process_im_msgs/msg/MoveParameters.js
Symlinking /home/fu/workspaces/knob_kuka_ws/devel/share/gennodejs/ros/process_im_msgs/msg/DualArmMoveActorParameters.js
Symlinking /home/fu/workspaces/knob_kuka_ws/devel/share/gennodejs/ros/process_im_msgs/msg/WeldSeamParameters.js
Symlinking /home/fu/workspaces/knob_kuka_ws/devel/share/gennodejs/ros/process_im_msgs/msg/WeldSpotParameters.js
Symlinking /home/fu/workspaces/knob_kuka_ws/devel/share/gennodejs/ros/process_im_msgs/msg/_index.js
Symlinking /home/fu/workspaces/knob_kuka_ws/devel/share/gennodejs/ros/process_im_msgs/msg/SubTaskParameters.js
Symlinking /home/fu/workspaces/knob_kuka_ws/devel/share/gennodejs/ros/process_im_msgs/msg/DomainTypes.js
Symlinking /home/fu/workspaces/knob_kuka_ws/devel/share/gennodejs/ros/process_im_msgs/msg/SawParameters.js
Symlinking /home/fu/workspaces/knob_kuka_ws/devel/share/gennodejs/ros/process_im_msgs/msg/DualArmPickPlaceEndPoseParameters.js
Symlinking /home/fu/workspaces/knob_kuka_ws/devel/share/gennodejs/ros/process_im_msgs/msg/Process.js
Symlinking /home/fu/workspaces/knob_kuka_ws/devel/share/gennodejs/ros/process_im_msgs/msg/Info.js
Symlinking /home/fu/workspaces/knob_kuka_ws/devel/share/gennodejs/ros/process_im_msgs/msg/TaskRequestParameters.js
Symlinking /home/fu/workspaces/knob_kuka_ws/devel/share/gennodejs/ros/process_im_msgs/msg/PlaceParameters.js
Symlinking /home/fu/workspaces/knob_kuka_ws/devel/share/gennodejs/ros/process_im_msgs/msg/DualArmGraspParameters.js
Symlinking /home/fu/workspaces/knob_kuka_ws/devel/share/gennodejs/ros/process_im_msgs/msg/DualArmAssemblyAirEndPoseParameters.js
Symlinking /home/fu/workspaces/knob_kuka_ws/devel/share/process_im_msgs/cmake/process_im_msgsConfig-version.cmake
Symlinking /home/fu/workspaces/knob_kuka_ws/devel/share/process_im_msgs/cmake/process_im_msgs-msg-extras.cmake
Symlinking /home/fu/workspaces/knob_kuka_ws/devel/share/process_im_msgs/cmake/process_im_msgsConfig.cmake
Symlinking /home/fu/workspaces/knob_kuka_ws/devel/share/process_im_msgs/cmake/process_im_msgs-msg-paths.cmake
Symlinking /home/fu/workspaces/knob_kuka_ws/devel/share/roseus/ros/process_im_msgs/manifest.l
Symlinking /home/fu/workspaces/knob_kuka_ws/devel/share/roseus/ros/process_im_msgs/msg/SubTask.l
Symlinking /home/fu/workspaces/knob_kuka_ws/devel/share/roseus/ros/process_im_msgs/msg/DualArmGraspParameters.l
Symlinking /home/fu/workspaces/knob_kuka_ws/devel/share/roseus/ros/process_im_msgs/msg/DualArmMoveActorParameters.l
Symlinking /home/fu/workspaces/knob_kuka_ws/devel/share/roseus/ros/process_im_msgs/msg/SawParameters.l
Symlinking /home/fu/workspaces/knob_kuka_ws/devel/share/roseus/ros/process_im_msgs/msg/MoveParameters.l
Symlinking /home/fu/workspaces/knob_kuka_ws/devel/share/roseus/ros/process_im_msgs/msg/MoveToActorParameters.l
Symlinking /home/fu/workspaces/knob_kuka_ws/devel/share/roseus/ros/process_im_msgs/msg/DualArmAssemblyAirEndPoseParameters.l
Symlinking /home/fu/workspaces/knob_kuka_ws/devel/share/roseus/ros/process_im_msgs/msg/PushDownParameters.l
Symlinking /home/fu/workspaces/knob_kuka_ws/devel/share/roseus/ros/process_im_msgs/msg/TaskParameters.l
Symlinking /home/fu/workspaces/knob_kuka_ws/devel/share/roseus/ros/process_im_msgs/msg/DualArmMoveParameters.l
Symlinking /home/fu/workspaces/knob_kuka_ws/devel/share/roseus/ros/process_im_msgs/msg/Process.l
Symlinking /home/fu/workspaces/knob_kuka_ws/devel/share/roseus/ros/process_im_msgs/msg/Task.l
Symlinking /home/fu/workspaces/knob_kuka_ws/devel/share/roseus/ros/process_im_msgs/msg/DomainTypes.l
Symlinking /home/fu/workspaces/knob_kuka_ws/devel/share/roseus/ros/process_im_msgs/msg/PickPlaceApproachEndPoseRequestParameters.l
Symlinking /home/fu/workspaces/knob_kuka_ws/devel/share/roseus/ros/process_im_msgs/msg/Info.l
Symlinking /home/fu/workspaces/knob_kuka_ws/devel/share/roseus/ros/process_im_msgs/msg/TaskRequestParameters.l
Symlinking /home/fu/workspaces/knob_kuka_ws/devel/share/roseus/ros/process_im_msgs/msg/PickPlaceApproachEndPoseParameters.l
Symlinking /home/fu/workspaces/knob_kuka_ws/devel/share/roseus/ros/process_im_msgs/msg/NailParameters.l
Symlinking /home/fu/workspaces/knob_kuka_ws/devel/share/roseus/ros/process_im_msgs/msg/DualArmPickPlaceEndPoseParameters.l
Symlinking /home/fu/workspaces/knob_kuka_ws/devel/share/roseus/ros/process_im_msgs/msg/DualArmPushParameters.l
Symlinking /home/fu/workspaces/knob_kuka_ws/devel/share/roseus/ros/process_im_msgs/msg/GraspParameters.l
Symlinking /home/fu/workspaces/knob_kuka_ws/devel/share/roseus/ros/process_im_msgs/msg/PostCond.l
Symlinking /home/fu/workspaces/knob_kuka_ws/devel/share/roseus/ros/process_im_msgs/msg/DualArmPlaceParameters.l
Symlinking /home/fu/workspaces/knob_kuka_ws/devel/share/roseus/ros/process_im_msgs/msg/WeldSpotParameters.l
Symlinking /home/fu/workspaces/knob_kuka_ws/devel/share/roseus/ros/process_im_msgs/msg/WeldSeamParameters.l
Symlinking /home/fu/workspaces/knob_kuka_ws/devel/share/roseus/ros/process_im_msgs/msg/SubTaskTypes.l
Symlinking /home/fu/workspaces/knob_kuka_ws/devel/share/roseus/ros/process_im_msgs/msg/SubTaskParameters.l
Symlinking /home/fu/workspaces/knob_kuka_ws/devel/share/roseus/ros/process_im_msgs/msg/PlaceParameters.l
Symlinking /home/fu/workspaces/knob_kuka_ws/devel/share/roseus/ros/process_im_msgs/msg/PickPlaceEndPoseParameters.l
Symlinking /home/fu/workspaces/knob_kuka_ws/devel/share/roseus/ros/process_im_msgs/msg/DualArmAssemblyGroundEndPoseParameters.l
Symlinking /home/fu/workspaces/knob_kuka_ws/devel/share/roseus/ros/process_im_msgs/msg/PickPlaceParameters.l
Symlinking /home/fu/workspaces/knob_kuka_ws/devel/share/roseus/ros/process_im_msgs/msg/DualArmPickPlaceApproachEndPoseParameters.l
Symlinking /home/fu/workspaces/knob_kuka_ws/devel/share/roseus/ros/process_im_msgs/msg/PickPlaceEndPoseRequestParameters.l
Symlinking /home/fu/workspaces/knob_kuka_ws/devel/share/roseus/ros/process_im_msgs/msg/DualArmPickPlaceParameters.l
Symlinking /home/fu/workspaces/knob_kuka_ws/devel/share/roseus/ros/process_im_msgs/msg/PreCond.l
Symlinking /home/fu/workspaces/knob_kuka_ws/devel/share/common-lisp/ros/process_im_msgs/msg/_package.lisp
Symlinking /home/fu/workspaces/knob_kuka_ws/devel/share/common-lisp/ros/process_im_msgs/msg/MoveToActorParameters.lisp
Symlinking /home/fu/workspaces/knob_kuka_ws/devel/share/common-lisp/ros/process_im_msgs/msg/_package_PickPlaceEndPoseRequestParameters.lisp
Symlinking /home/fu/workspaces/knob_kuka_ws/devel/share/common-lisp/ros/process_im_msgs/msg/_package_PickPlaceEndPoseParameters.lisp
Symlinking /home/fu/workspaces/knob_kuka_ws/devel/share/common-lisp/ros/process_im_msgs/msg/DualArmAssemblyGroundEndPoseParameters.lisp
Symlinking /home/fu/workspaces/knob_kuka_ws/devel/share/common-lisp/ros/process_im_msgs/msg/PickPlaceParameters.lisp
Symlinking /home/fu/workspaces/knob_kuka_ws/devel/share/common-lisp/ros/process_im_msgs/msg/SubTaskTypes.lisp
Symlinking /home/fu/workspaces/knob_kuka_ws/devel/share/common-lisp/ros/process_im_msgs/msg/DualArmGraspParameters.lisp
Symlinking /home/fu/workspaces/knob_kuka_ws/devel/share/common-lisp/ros/process_im_msgs/msg/_package_DualArmAssemblyGroundEndPoseParameters.lisp
Symlinking /home/fu/workspaces/knob_kuka_ws/devel/share/common-lisp/ros/process_im_msgs/msg/_package_DualArmGraspParameters.lisp
Symlinking /home/fu/workspaces/knob_kuka_ws/devel/share/common-lisp/ros/process_im_msgs/msg/DualArmPickPlaceEndPoseParameters.lisp
Symlinking /home/fu/workspaces/knob_kuka_ws/devel/share/common-lisp/ros/process_im_msgs/msg/DualArmAssemblyAirEndPoseParameters.lisp
Symlinking /home/fu/workspaces/knob_kuka_ws/devel/share/common-lisp/ros/process_im_msgs/msg/_package_WeldSeamParameters.lisp
Symlinking /home/fu/workspaces/knob_kuka_ws/devel/share/common-lisp/ros/process_im_msgs/msg/MoveParameters.lisp
Symlinking /home/fu/workspaces/knob_kuka_ws/devel/share/common-lisp/ros/process_im_msgs/msg/_package_NailParameters.lisp
Symlinking /home/fu/workspaces/knob_kuka_ws/devel/share/common-lisp/ros/process_im_msgs/msg/_package_PickPlaceApproachEndPoseRequestParameters.lisp
Symlinking /home/fu/workspaces/knob_kuka_ws/devel/share/common-lisp/ros/process_im_msgs/msg/DomainTypes.lisp
Symlinking /home/fu/workspaces/knob_kuka_ws/devel/share/common-lisp/ros/process_im_msgs/msg/SawParameters.lisp
Symlinking /home/fu/workspaces/knob_kuka_ws/devel/share/common-lisp/ros/process_im_msgs/msg/NailParameters.lisp
Symlinking /home/fu/workspaces/knob_kuka_ws/devel/share/common-lisp/ros/process_im_msgs/msg/DualArmPickPlaceApproachEndPoseParameters.lisp
Symlinking /home/fu/workspaces/knob_kuka_ws/devel/share/common-lisp/ros/process_im_msgs/msg/_package_DualArmPickPlaceEndPoseParameters.lisp
Symlinking /home/fu/workspaces/knob_kuka_ws/devel/share/common-lisp/ros/process_im_msgs/msg/_package_DualArmMoveParameters.lisp
Symlinking /home/fu/workspaces/knob_kuka_ws/devel/share/common-lisp/ros/process_im_msgs/msg/_package_TaskParameters.lisp
Symlinking /home/fu/workspaces/knob_kuka_ws/devel/share/common-lisp/ros/process_im_msgs/msg/_package_Task.lisp
Symlinking /home/fu/workspaces/knob_kuka_ws/devel/share/common-lisp/ros/process_im_msgs/msg/_package_MoveToActorParameters.lisp
Symlinking /home/fu/workspaces/knob_kuka_ws/devel/share/common-lisp/ros/process_im_msgs/msg/_package_PostCond.lisp
Symlinking /home/fu/workspaces/knob_kuka_ws/devel/share/common-lisp/ros/process_im_msgs/msg/_package_TaskRequestParameters.lisp
Symlinking /home/fu/workspaces/knob_kuka_ws/devel/share/common-lisp/ros/process_im_msgs/msg/DualArmPickPlaceParameters.lisp
Symlinking /home/fu/workspaces/knob_kuka_ws/devel/share/common-lisp/ros/process_im_msgs/msg/PreCond.lisp
Symlinking /home/fu/workspaces/knob_kuka_ws/devel/share/common-lisp/ros/process_im_msgs/msg/WeldSpotParameters.lisp
Symlinking /home/fu/workspaces/knob_kuka_ws/devel/share/common-lisp/ros/process_im_msgs/msg/_package_PreCond.lisp
Symlinking /home/fu/workspaces/knob_kuka_ws/devel/share/common-lisp/ros/process_im_msgs/msg/_package_Info.lisp
Symlinking /home/fu/workspaces/knob_kuka_ws/devel/share/common-lisp/ros/process_im_msgs/msg/_package_DomainTypes.lisp
Symlinking /home/fu/workspaces/knob_kuka_ws/devel/share/common-lisp/ros/process_im_msgs/msg/TaskParameters.lisp
Symlinking /home/fu/workspaces/knob_kuka_ws/devel/share/common-lisp/ros/process_im_msgs/msg/DualArmPushParameters.lisp
Symlinking /home/fu/workspaces/knob_kuka_ws/devel/share/common-lisp/ros/process_im_msgs/msg/Info.lisp
Symlinking /home/fu/workspaces/knob_kuka_ws/devel/share/common-lisp/ros/process_im_msgs/msg/Process.lisp
Symlinking /home/fu/workspaces/knob_kuka_ws/devel/share/common-lisp/ros/process_im_msgs/msg/PickPlaceEndPoseParameters.lisp
Symlinking /home/fu/workspaces/knob_kuka_ws/devel/share/common-lisp/ros/process_im_msgs/msg/process_im_msgs-msg.asd
Symlinking /home/fu/workspaces/knob_kuka_ws/devel/share/common-lisp/ros/process_im_msgs/msg/Task.lisp
Symlinking /home/fu/workspaces/knob_kuka_ws/devel/share/common-lisp/ros/process_im_msgs/msg/_package_SubTaskParameters.lisp
Symlinking /home/fu/workspaces/knob_kuka_ws/devel/share/common-lisp/ros/process_im_msgs/msg/DualArmMoveParameters.lisp
Symlinking /home/fu/workspaces/knob_kuka_ws/devel/share/common-lisp/ros/process_im_msgs/msg/_package_PlaceParameters.lisp
Symlinking /home/fu/workspaces/knob_kuka_ws/devel/share/common-lisp/ros/process_im_msgs/msg/PickPlaceEndPoseRequestParameters.lisp
Symlinking /home/fu/workspaces/knob_kuka_ws/devel/share/common-lisp/ros/process_im_msgs/msg/PostCond.lisp
Symlinking /home/fu/workspaces/knob_kuka_ws/devel/share/common-lisp/ros/process_im_msgs/msg/_package_Process.lisp
Symlinking /home/fu/workspaces/knob_kuka_ws/devel/share/common-lisp/ros/process_im_msgs/msg/PlaceParameters.lisp
Symlinking /home/fu/workspaces/knob_kuka_ws/devel/share/common-lisp/ros/process_im_msgs/msg/PickPlaceApproachEndPoseRequestParameters.lisp
Symlinking /home/fu/workspaces/knob_kuka_ws/devel/share/common-lisp/ros/process_im_msgs/msg/TaskRequestParameters.lisp
Symlinking /home/fu/workspaces/knob_kuka_ws/devel/share/common-lisp/ros/process_im_msgs/msg/_package_DualArmPickPlaceParameters.lisp
Symlinking /home/fu/workspaces/knob_kuka_ws/devel/share/common-lisp/ros/process_im_msgs/msg/_package_DualArmPlaceParameters.lisp
Symlinking /home/fu/workspaces/knob_kuka_ws/devel/share/common-lisp/ros/process_im_msgs/msg/_package_SubTask.lisp
Symlinking /home/fu/workspaces/knob_kuka_ws/devel/share/common-lisp/ros/process_im_msgs/msg/_package_PickPlaceApproachEndPoseParameters.lisp
Symlinking /home/fu/workspaces/knob_kuka_ws/devel/share/common-lisp/ros/process_im_msgs/msg/_package_PushDownParameters.lisp
Symlinking /home/fu/workspaces/knob_kuka_ws/devel/share/common-lisp/ros/process_im_msgs/msg/SubTask.lisp
Symlinking /home/fu/workspaces/knob_kuka_ws/devel/share/common-lisp/ros/process_im_msgs/msg/_package_WeldSpotParameters.lisp
Symlinking /home/fu/workspaces/knob_kuka_ws/devel/share/common-lisp/ros/process_im_msgs/msg/WeldSeamParameters.lisp
Symlinking /home/fu/workspaces/knob_kuka_ws/devel/share/common-lisp/ros/process_im_msgs/msg/_package_MoveParameters.lisp
Symlinking /home/fu/workspaces/knob_kuka_ws/devel/share/common-lisp/ros/process_im_msgs/msg/SubTaskParameters.lisp
Symlinking /home/fu/workspaces/knob_kuka_ws/devel/share/common-lisp/ros/process_im_msgs/msg/_package_DualArmPushParameters.lisp
Symlinking /home/fu/workspaces/knob_kuka_ws/devel/share/common-lisp/ros/process_im_msgs/msg/DualArmPlaceParameters.lisp
Symlinking /home/fu/workspaces/knob_kuka_ws/devel/share/common-lisp/ros/process_im_msgs/msg/_package_DualArmMoveActorParameters.lisp
Symlinking /home/fu/workspaces/knob_kuka_ws/devel/share/common-lisp/ros/process_im_msgs/msg/_package_DualArmAssemblyAirEndPoseParameters.lisp
Symlinking /home/fu/workspaces/knob_kuka_ws/devel/share/common-lisp/ros/process_im_msgs/msg/_package_GraspParameters.lisp
Symlinking /home/fu/workspaces/knob_kuka_ws/devel/share/common-lisp/ros/process_im_msgs/msg/_package_DualArmPickPlaceApproachEndPoseParameters.lisp
Symlinking /home/fu/workspaces/knob_kuka_ws/devel/share/common-lisp/ros/process_im_msgs/msg/DualArmMoveActorParameters.lisp
Symlinking /home/fu/workspaces/knob_kuka_ws/devel/share/common-lisp/ros/process_im_msgs/msg/GraspParameters.lisp
Symlinking /home/fu/workspaces/knob_kuka_ws/devel/share/common-lisp/ros/process_im_msgs/msg/PickPlaceApproachEndPoseParameters.lisp
Symlinking /home/fu/workspaces/knob_kuka_ws/devel/share/common-lisp/ros/process_im_msgs/msg/_package_SubTaskTypes.lisp
Symlinking /home/fu/workspaces/knob_kuka_ws/devel/share/common-lisp/ros/process_im_msgs/msg/PushDownParameters.lisp
Symlinking /home/fu/workspaces/knob_kuka_ws/devel/share/common-lisp/ros/process_im_msgs/msg/_package_PickPlaceParameters.lisp
Symlinking /home/fu/workspaces/knob_kuka_ws/devel/share/common-lisp/ros/process_im_msgs/msg/_package_SawParameters.lisp
Symlinking /home/fu/workspaces/knob_kuka_ws/devel/lib/pkgconfig/process_im_msgs.pc
Symlinking /home/fu/workspaces/knob_kuka_ws/devel/lib/python3/dist-packages/process_im_msgs/__init__.py
Symlinking /home/fu/workspaces/knob_kuka_ws/devel/lib/python3/dist-packages/process_im_msgs/msg/_DualArmPickPlaceEndPoseParameters.py
Symlinking /home/fu/workspaces/knob_kuka_ws/devel/lib/python3/dist-packages/process_im_msgs/msg/_DualArmGraspParameters.py
Symlinking /home/fu/workspaces/knob_kuka_ws/devel/lib/python3/dist-packages/process_im_msgs/msg/_WeldSpotParameters.py
Symlinking /home/fu/workspaces/knob_kuka_ws/devel/lib/python3/dist-packages/process_im_msgs/msg/_DualArmPlaceParameters.py
Symlinking /home/fu/workspaces/knob_kuka_ws/devel/lib/python3/dist-packages/process_im_msgs/msg/_GraspParameters.py
Symlinking /home/fu/workspaces/knob_kuka_ws/devel/lib/python3/dist-packages/process_im_msgs/msg/_DomainTypes.py
Symlinking /home/fu/workspaces/knob_kuka_ws/devel/lib/python3/dist-packages/process_im_msgs/msg/_SubTaskParameters.py
Symlinking /home/fu/workspaces/knob_kuka_ws/devel/lib/python3/dist-packages/process_im_msgs/msg/_SubTaskTypes.py
Symlinking /home/fu/workspaces/knob_kuka_ws/devel/lib/python3/dist-packages/process_im_msgs/msg/_DualArmAssemblyAirEndPoseParameters.py
Symlinking /home/fu/workspaces/knob_kuka_ws/devel/lib/python3/dist-packages/process_im_msgs/msg/_Task.py
Symlinking /home/fu/workspaces/knob_kuka_ws/devel/lib/python3/dist-packages/process_im_msgs/msg/_Process.py
Symlinking /home/fu/workspaces/knob_kuka_ws/devel/lib/python3/dist-packages/process_im_msgs/msg/_PickPlaceApproachEndPoseRequestParameters.py
Symlinking /home/fu/workspaces/knob_kuka_ws/devel/lib/python3/dist-packages/process_im_msgs/msg/_PickPlaceEndPoseParameters.py
Symlinking /home/fu/workspaces/knob_kuka_ws/devel/lib/python3/dist-packages/process_im_msgs/msg/_MoveParameters.py
Symlinking /home/fu/workspaces/knob_kuka_ws/devel/lib/python3/dist-packages/process_im_msgs/msg/_MoveToActorParameters.py
Symlinking /home/fu/workspaces/knob_kuka_ws/devel/lib/python3/dist-packages/process_im_msgs/msg/_DualArmMoveActorParameters.py
Symlinking /home/fu/workspaces/knob_kuka_ws/devel/lib/python3/dist-packages/process_im_msgs/msg/_PlaceParameters.py
Symlinking /home/fu/workspaces/knob_kuka_ws/devel/lib/python3/dist-packages/process_im_msgs/msg/_DualArmPickPlaceApproachEndPoseParameters.py
Symlinking /home/fu/workspaces/knob_kuka_ws/devel/lib/python3/dist-packages/process_im_msgs/msg/_Info.py
Symlinking /home/fu/workspaces/knob_kuka_ws/devel/lib/python3/dist-packages/process_im_msgs/msg/_PostCond.py
Symlinking /home/fu/workspaces/knob_kuka_ws/devel/lib/python3/dist-packages/process_im_msgs/msg/_TaskParameters.py
Symlinking /home/fu/workspaces/knob_kuka_ws/devel/lib/python3/dist-packages/process_im_msgs/msg/_DualArmPickPlaceParameters.py
Symlinking /home/fu/workspaces/knob_kuka_ws/devel/lib/python3/dist-packages/process_im_msgs/msg/_DualArmAssemblyGroundEndPoseParameters.py
Symlinking /home/fu/workspaces/knob_kuka_ws/devel/lib/python3/dist-packages/process_im_msgs/msg/_NailParameters.py
Symlinking /home/fu/workspaces/knob_kuka_ws/devel/lib/python3/dist-packages/process_im_msgs/msg/_TaskRequestParameters.py
Symlinking /home/fu/workspaces/knob_kuka_ws/devel/lib/python3/dist-packages/process_im_msgs/msg/_DualArmMoveParameters.py
Symlinking /home/fu/workspaces/knob_kuka_ws/devel/lib/python3/dist-packages/process_im_msgs/msg/_PickPlaceEndPoseRequestParameters.py
Symlinking /home/fu/workspaces/knob_kuka_ws/devel/lib/python3/dist-packages/process_im_msgs/msg/_SawParameters.py
Symlinking /home/fu/workspaces/knob_kuka_ws/devel/lib/python3/dist-packages/process_im_msgs/msg/__init__.py
Symlinking /home/fu/workspaces/knob_kuka_ws/devel/lib/python3/dist-packages/process_im_msgs/msg/_SubTask.py
Symlinking /home/fu/workspaces/knob_kuka_ws/devel/lib/python3/dist-packages/process_im_msgs/msg/_PushDownParameters.py
Symlinking /home/fu/workspaces/knob_kuka_ws/devel/lib/python3/dist-packages/process_im_msgs/msg/_PickPlaceApproachEndPoseParameters.py
Symlinking /home/fu/workspaces/knob_kuka_ws/devel/lib/python3/dist-packages/process_im_msgs/msg/_DualArmPushParameters.py
Symlinking /home/fu/workspaces/knob_kuka_ws/devel/lib/python3/dist-packages/process_im_msgs/msg/_WeldSeamParameters.py
Symlinking /home/fu/workspaces/knob_kuka_ws/devel/lib/python3/dist-packages/process_im_msgs/msg/_PreCond.py
Symlinking /home/fu/workspaces/knob_kuka_ws/devel/lib/python3/dist-packages/process_im_msgs/msg/_PickPlaceParameters.py
Symlinking /home/fu/workspaces/knob_kuka_ws/devel/include/process_im_msgs/NailParameters.h
Symlinking /home/fu/workspaces/knob_kuka_ws/devel/include/process_im_msgs/Info.h
Symlinking /home/fu/workspaces/knob_kuka_ws/devel/include/process_im_msgs/PickPlaceApproachEndPoseRequestParameters.h
Symlinking /home/fu/workspaces/knob_kuka_ws/devel/include/process_im_msgs/SubTaskTypes.h
Symlinking /home/fu/workspaces/knob_kuka_ws/devel/include/process_im_msgs/TaskRequestParameters.h
Symlinking /home/fu/workspaces/knob_kuka_ws/devel/include/process_im_msgs/PickPlaceEndPoseRequestParameters.h
Symlinking /home/fu/workspaces/knob_kuka_ws/devel/include/process_im_msgs/MoveParameters.h
Symlinking /home/fu/workspaces/knob_kuka_ws/devel/include/process_im_msgs/PickPlaceApproachEndPoseParameters.h
Symlinking /home/fu/workspaces/knob_kuka_ws/devel/include/process_im_msgs/PickPlaceParameters.h
Symlinking /home/fu/workspaces/knob_kuka_ws/devel/include/process_im_msgs/PickPlaceEndPoseParameters.h
Symlinking /home/fu/workspaces/knob_kuka_ws/devel/include/process_im_msgs/Process.h
Symlinking /home/fu/workspaces/knob_kuka_ws/devel/include/process_im_msgs/TaskParameters.h
Symlinking /home/fu/workspaces/knob_kuka_ws/devel/include/process_im_msgs/DomainTypes.h
Symlinking /home/fu/workspaces/knob_kuka_ws/devel/include/process_im_msgs/SawParameters.h
Symlinking /home/fu/workspaces/knob_kuka_ws/devel/include/process_im_msgs/DualArmAssemblyAirEndPoseParameters.h
Symlinking /home/fu/workspaces/knob_kuka_ws/devel/include/process_im_msgs/DualArmGraspParameters.h
Symlinking /home/fu/workspaces/knob_kuka_ws/devel/include/process_im_msgs/PostCond.h
Symlinking /home/fu/workspaces/knob_kuka_ws/devel/include/process_im_msgs/SubTaskParameters.h
Symlinking /home/fu/workspaces/knob_kuka_ws/devel/include/process_im_msgs/DualArmMoveParameters.h
Symlinking /home/fu/workspaces/knob_kuka_ws/devel/include/process_im_msgs/WeldSpotParameters.h
Symlinking /home/fu/workspaces/knob_kuka_ws/devel/include/process_im_msgs/DualArmPickPlaceEndPoseParameters.h
Symlinking /home/fu/workspaces/knob_kuka_ws/devel/include/process_im_msgs/DualArmPushParameters.h
Symlinking /home/fu/workspaces/knob_kuka_ws/devel/include/process_im_msgs/GraspParameters.h
Symlinking /home/fu/workspaces/knob_kuka_ws/devel/include/process_im_msgs/PushDownParameters.h
Symlinking /home/fu/workspaces/knob_kuka_ws/devel/include/process_im_msgs/DualArmPickPlaceParameters.h
Symlinking /home/fu/workspaces/knob_kuka_ws/devel/include/process_im_msgs/PlaceParameters.h
Symlinking /home/fu/workspaces/knob_kuka_ws/devel/include/process_im_msgs/WeldSeamParameters.h
Symlinking /home/fu/workspaces/knob_kuka_ws/devel/include/process_im_msgs/SubTask.h
Symlinking /home/fu/workspaces/knob_kuka_ws/devel/include/process_im_msgs/DualArmMoveActorParameters.h
Symlinking /home/fu/workspaces/knob_kuka_ws/devel/include/process_im_msgs/DualArmAssemblyGroundEndPoseParameters.h
Symlinking /home/fu/workspaces/knob_kuka_ws/devel/include/process_im_msgs/DualArmPlaceParameters.h
Symlinking /home/fu/workspaces/knob_kuka_ws/devel/include/process_im_msgs/MoveToActorParameters.h
Symlinking /home/fu/workspaces/knob_kuka_ws/devel/include/process_im_msgs/Task.h
Symlinking /home/fu/workspaces/knob_kuka_ws/devel/include/process_im_msgs/PreCond.h
Symlinking /home/fu/workspaces/knob_kuka_ws/devel/include/process_im_msgs/DualArmPickPlaceApproachEndPoseParameters.h
